[3.113s] Invoking command in '/home/jetson/ANI717_Robotics/robot_ws/build/robot_app': AMENT_PREFIX_PATH=/home/jetson/ANI717_Robotics/robot_ws/install/ros2_twist_message_to_robot_motion:/home/jetson/ANI717_Robotics/robot_ws/install/ros2_save_camera_image:/home/jetson/ANI717_Robotics/robot_ws/install/ros2_gamepad_to_twist_message:/home/jetson/ANI717_Robotics/robot_ws/install/ros2_deep_learning_to_twist_message:/home/jetson/ANI717_Robotics/robot_ws/install/ros2_csi_camera_publish:${AMENT_PREFIX_PATH} PYTHONPATH=/home/jetson/ANI717_Robotics/robot_ws/install/robot_app/lib/python3.8/site-packages:/home/jetson/ANI717_Robotics/robot_ws/build/ros2_twist_message_to_robot_motion:/home/jetson/ANI717_Robotics/robot_ws/install/ros2_twist_message_to_robot_motion/lib/python3.8/site-packages:/home/jetson/ANI717_Robotics/robot_ws/build/ros2_save_camera_image:/home/jetson/ANI717_Robotics/robot_ws/install/ros2_save_camera_image/lib/python3.8/site-packages:/home/jetson/ANI717_Robotics/robot_ws/build/ros2_gamepad_to_twist_message:/home/jetson/ANI717_Robotics/robot_ws/install/ros2_gamepad_to_twist_message/lib/python3.8/site-packages:/home/jetson/ANI717_Robotics/robot_ws/build/ros2_deep_learning_to_twist_message:/home/jetson/ANI717_Robotics/robot_ws/install/ros2_deep_learning_to_twist_message/lib/python3.8/site-packages:/home/jetson/ANI717_Robotics/robot_ws/build/ros2_csi_camera_publish:/home/jetson/ANI717_Robotics/robot_ws/install/ros2_csi_camera_publish/lib/python3.8/site-packages:${PYTHONPATH} /usr/bin/python3 setup.py develop --prefix /home/jetson/ANI717_Robotics/robot_ws/install/robot_app --editable --build-directory /home/jetson/ANI717_Robotics/robot_ws/build/robot_app/build --no-deps install_data --install-dir /home/jetson/ANI717_Robotics/robot_ws/install/robot_app
[4.298s] running develop
[5.011s] running egg_info
[5.012s] creating robot_app.egg-info
[5.012s] writing robot_app.egg-info/PKG-INFO
[5.013s] writing dependency_links to robot_app.egg-info/dependency_links.txt
[5.013s] writing entry points to robot_app.egg-info/entry_points.txt
[5.014s] writing requirements to robot_app.egg-info/requires.txt
[5.014s] writing top-level names to robot_app.egg-info/top_level.txt
[5.019s] writing manifest file 'robot_app.egg-info/SOURCES.txt'
[5.025s] reading manifest file 'robot_app.egg-info/SOURCES.txt'
[5.027s] writing manifest file 'robot_app.egg-info/SOURCES.txt'
[5.183s] running build_ext
[5.184s] Creating /home/jetson/ANI717_Robotics/robot_ws/install/robot_app/lib/python3.8/site-packages/robot-app.egg-link (link to .)
[5.187s] 
[5.188s] Installed /home/jetson/ANI717_Robotics/robot_ws/build/robot_app
[5.188s] running install_data
[5.189s] creating /home/jetson/ANI717_Robotics/robot_ws/install/robot_app/share/ament_index
[5.189s] creating /home/jetson/ANI717_Robotics/robot_ws/install/robot_app/share/ament_index/resource_index
[5.190s] creating /home/jetson/ANI717_Robotics/robot_ws/install/robot_app/share/ament_index/resource_index/packages
[5.190s] copying resource/robot_app -> /home/jetson/ANI717_Robotics/robot_ws/install/robot_app/share/ament_index/resource_index/packages
[5.191s] copying package.xml -> /home/jetson/ANI717_Robotics/robot_ws/install/robot_app/share/robot_app
[5.191s] creating /home/jetson/ANI717_Robotics/robot_ws/install/robot_app/share/robot_app/launch
[5.191s] copying launch/gamepad_launch.py -> /home/jetson/ANI717_Robotics/robot_ws/install/robot_app/share/robot_app/launch
[5.192s] copying launch/autonomous_launch.py -> /home/jetson/ANI717_Robotics/robot_ws/install/robot_app/share/robot_app/launch
[5.315s] Invoked command in '/home/jetson/ANI717_Robotics/robot_ws/build/robot_app' returned '0': AMENT_PREFIX_PATH=/home/jetson/ANI717_Robotics/robot_ws/install/ros2_twist_message_to_robot_motion:/home/jetson/ANI717_Robotics/robot_ws/install/ros2_save_camera_image:/home/jetson/ANI717_Robotics/robot_ws/install/ros2_gamepad_to_twist_message:/home/jetson/ANI717_Robotics/robot_ws/install/ros2_deep_learning_to_twist_message:/home/jetson/ANI717_Robotics/robot_ws/install/ros2_csi_camera_publish:${AMENT_PREFIX_PATH} PYTHONPATH=/home/jetson/ANI717_Robotics/robot_ws/install/robot_app/lib/python3.8/site-packages:/home/jetson/ANI717_Robotics/robot_ws/build/ros2_twist_message_to_robot_motion:/home/jetson/ANI717_Robotics/robot_ws/install/ros2_twist_message_to_robot_motion/lib/python3.8/site-packages:/home/jetson/ANI717_Robotics/robot_ws/build/ros2_save_camera_image:/home/jetson/ANI717_Robotics/robot_ws/install/ros2_save_camera_image/lib/python3.8/site-packages:/home/jetson/ANI717_Robotics/robot_ws/build/ros2_gamepad_to_twist_message:/home/jetson/ANI717_Robotics/robot_ws/install/ros2_gamepad_to_twist_message/lib/python3.8/site-packages:/home/jetson/ANI717_Robotics/robot_ws/build/ros2_deep_learning_to_twist_message:/home/jetson/ANI717_Robotics/robot_ws/install/ros2_deep_learning_to_twist_message/lib/python3.8/site-packages:/home/jetson/ANI717_Robotics/robot_ws/build/ros2_csi_camera_publish:/home/jetson/ANI717_Robotics/robot_ws/install/ros2_csi_camera_publish/lib/python3.8/site-packages:${PYTHONPATH} /usr/bin/python3 setup.py develop --prefix /home/jetson/ANI717_Robotics/robot_ws/install/robot_app --editable --build-directory /home/jetson/ANI717_Robotics/robot_ws/build/robot_app/build --no-deps install_data --install-dir /home/jetson/ANI717_Robotics/robot_ws/install/robot_app
