[7.033s] Invoking command in '/home/jetson/ANI717_Robotics/robot_ws/build/ros2_gamepad_to_twist_message': PYTHONPATH=/home/jetson/ANI717_Robotics/robot_ws/install/ros2_gamepad_to_twist_message/lib/python3.8/site-packages:${PYTHONPATH} /usr/bin/python3 setup.py develop --prefix /home/jetson/ANI717_Robotics/robot_ws/install/ros2_gamepad_to_twist_message --editable --build-directory /home/jetson/ANI717_Robotics/robot_ws/build/ros2_gamepad_to_twist_message/build --no-deps install_data --install-dir /home/jetson/ANI717_Robotics/robot_ws/install/ros2_gamepad_to_twist_message
[8.377s] running develop
[9.150s] running egg_info
[9.151s] creating ros2_gamepad_to_twist_message.egg-info
[9.152s] writing ros2_gamepad_to_twist_message.egg-info/PKG-INFO
[9.152s] writing dependency_links to ros2_gamepad_to_twist_message.egg-info/dependency_links.txt
[9.153s] writing entry points to ros2_gamepad_to_twist_message.egg-info/entry_points.txt
[9.153s] writing requirements to ros2_gamepad_to_twist_message.egg-info/requires.txt
[9.154s] writing top-level names to ros2_gamepad_to_twist_message.egg-info/top_level.txt
[9.159s] writing manifest file 'ros2_gamepad_to_twist_message.egg-info/SOURCES.txt'
[9.166s] reading manifest file 'ros2_gamepad_to_twist_message.egg-info/SOURCES.txt'
[9.169s] writing manifest file 'ros2_gamepad_to_twist_message.egg-info/SOURCES.txt'
[9.344s] running build_ext
[9.345s] Creating /home/jetson/ANI717_Robotics/robot_ws/install/ros2_gamepad_to_twist_message/lib/python3.8/site-packages/ros2-gamepad-to-twist-message.egg-link (link to .)
[9.349s] Installing logitech script to /home/jetson/ANI717_Robotics/robot_ws/install/ros2_gamepad_to_twist_message/lib/ros2_gamepad_to_twist_message
[9.349s] Installing waveshare script to /home/jetson/ANI717_Robotics/robot_ws/install/ros2_gamepad_to_twist_message/lib/ros2_gamepad_to_twist_message
[9.350s] 
[9.351s] Installed /home/jetson/ANI717_Robotics/robot_ws/build/ros2_gamepad_to_twist_message
[9.351s] running install_data
[9.352s] creating /home/jetson/ANI717_Robotics/robot_ws/install/ros2_gamepad_to_twist_message/share/ament_index
[9.352s] creating /home/jetson/ANI717_Robotics/robot_ws/install/ros2_gamepad_to_twist_message/share/ament_index/resource_index
[9.353s] creating /home/jetson/ANI717_Robotics/robot_ws/install/ros2_gamepad_to_twist_message/share/ament_index/resource_index/packages
[9.353s] copying resource/ros2_gamepad_to_twist_message -> /home/jetson/ANI717_Robotics/robot_ws/install/ros2_gamepad_to_twist_message/share/ament_index/resource_index/packages
[9.355s] copying package.xml -> /home/jetson/ANI717_Robotics/robot_ws/install/ros2_gamepad_to_twist_message/share/ros2_gamepad_to_twist_message
[9.355s] copying settings.json -> /home/jetson/ANI717_Robotics/robot_ws/install/ros2_gamepad_to_twist_message/share/ros2_gamepad_to_twist_message
[9.356s] creating /home/jetson/ANI717_Robotics/robot_ws/install/ros2_gamepad_to_twist_message/share/ros2_gamepad_to_twist_message/launch
[9.356s] copying launch/launch.py -> /home/jetson/ANI717_Robotics/robot_ws/install/ros2_gamepad_to_twist_message/share/ros2_gamepad_to_twist_message/launch
[9.510s] Invoked command in '/home/jetson/ANI717_Robotics/robot_ws/build/ros2_gamepad_to_twist_message' returned '0': PYTHONPATH=/home/jetson/ANI717_Robotics/robot_ws/install/ros2_gamepad_to_twist_message/lib/python3.8/site-packages:${PYTHONPATH} /usr/bin/python3 setup.py develop --prefix /home/jetson/ANI717_Robotics/robot_ws/install/ros2_gamepad_to_twist_message --editable --build-directory /home/jetson/ANI717_Robotics/robot_ws/build/ros2_gamepad_to_twist_message/build --no-deps install_data --install-dir /home/jetson/ANI717_Robotics/robot_ws/install/ros2_gamepad_to_twist_message
