[0.591s] DEBUG:colcon:Command line arguments: ['/usr/bin/colcon', 'build', '--symlink-install']
[0.591s] DEBUG:colcon:Parsed command line arguments: Namespace(allow_overriding=[], ament_cmake_args=None, base_paths=['.'], build_base='build', catkin_cmake_args=None, catkin_skip_building_tests=False, cmake_args=None, cmake_clean_cache=False, cmake_clean_first=False, cmake_force_configure=False, cmake_target=None, cmake_target_skip_unavailable=False, continue_on_error=False, event_handlers=None, executor='parallel', ignore_user_meta=False, install_base='install', log_base=None, log_level=None, main=<bound method BuildVerb.main of <colcon_core.verb.build.BuildVerb object at 0x7f911b97c0>>, merge_install=False, metas=['./colcon.meta'], packages_above=None, packages_above_and_dependencies=None, packages_above_depth=None, packages_end=None, packages_ignore=None, packages_ignore_regex=None, packages_select=None, packages_select_build_failed=False, packages_select_by_dep=None, packages_select_regex=None, packages_select_test_failures=False, packages_skip=None, packages_skip_build_finished=False, packages_skip_by_dep=None, packages_skip_regex=None, packages_skip_test_passed=False, packages_skip_up_to=None, packages_start=None, packages_up_to=None, packages_up_to_regex=None, parallel_workers=4, paths=None, symlink_install=True, test_result_base=None, verb_extension=<colcon_core.verb.build.BuildVerb object at 0x7f911b97c0>, verb_name='build', verb_parser=<colcon_defaults.argument_parser.defaults.DefaultArgumentsDecorator object at 0x7f911b9d30>)
[0.679s] Level 1:colcon.colcon_core.package_discovery:discover_packages(colcon_meta) check parameters
[0.680s] Level 1:colcon.colcon_core.package_discovery:discover_packages(recursive) check parameters
[0.680s] Level 1:colcon.colcon_core.package_discovery:discover_packages(ignore) check parameters
[0.680s] Level 1:colcon.colcon_core.package_discovery:discover_packages(path) check parameters
[0.680s] Level 1:colcon.colcon_core.package_discovery:discover_packages(colcon_meta) discover
[0.680s] Level 1:colcon.colcon_core.package_discovery:discover_packages(recursive) discover
[0.680s] INFO:colcon.colcon_core.package_discovery:Crawling recursively for packages in '/home/jetson/ANI717_Robotics/robot_ws'
[0.681s] Level 1:colcon.colcon_core.package_identification:_identify(.) by extensions ['ignore', 'ignore_ament_install']
[0.681s] Level 1:colcon.colcon_core.package_identification:_identify(.) by extension 'ignore'
[0.681s] Level 1:colcon.colcon_core.package_identification:_identify(.) by extension 'ignore_ament_install'
[0.682s] Level 1:colcon.colcon_core.package_identification:_identify(.) by extensions ['colcon_pkg']
[0.682s] Level 1:colcon.colcon_core.package_identification:_identify(.) by extension 'colcon_pkg'
[0.682s] Level 1:colcon.colcon_core.package_identification:_identify(.) by extensions ['colcon_meta']
[0.682s] Level 1:colcon.colcon_core.package_identification:_identify(.) by extension 'colcon_meta'
[0.682s] Level 1:colcon.colcon_core.package_identification:_identify(.) by extensions ['ros']
[0.682s] Level 1:colcon.colcon_core.package_identification:_identify(.) by extension 'ros'
[0.730s] Level 1:colcon.colcon_core.package_identification:_identify(.) by extensions ['cmake', 'python']
[0.731s] Level 1:colcon.colcon_core.package_identification:_identify(.) by extension 'cmake'
[0.731s] Level 1:colcon.colcon_core.package_identification:_identify(.) by extension 'python'
[0.731s] Level 1:colcon.colcon_core.package_identification:_identify(.) by extensions ['python_setup_py']
[0.731s] Level 1:colcon.colcon_core.package_identification:_identify(.) by extension 'python_setup_py'
[0.732s] Level 1:colcon.colcon_core.package_identification:_identify(build) by extensions ['ignore', 'ignore_ament_install']
[0.732s] Level 1:colcon.colcon_core.package_identification:_identify(build) by extension 'ignore'
[0.732s] Level 1:colcon.colcon_core.package_identification:_identify(build) ignored
[0.733s] Level 1:colcon.colcon_core.package_identification:_identify(install) by extensions ['ignore', 'ignore_ament_install']
[0.733s] Level 1:colcon.colcon_core.package_identification:_identify(install) by extension 'ignore'
[0.733s] Level 1:colcon.colcon_core.package_identification:_identify(install) ignored
[0.734s] Level 1:colcon.colcon_core.package_identification:_identify(log) by extensions ['ignore', 'ignore_ament_install']
[0.734s] Level 1:colcon.colcon_core.package_identification:_identify(log) by extension 'ignore'
[0.734s] Level 1:colcon.colcon_core.package_identification:_identify(log) ignored
[0.735s] Level 1:colcon.colcon_core.package_identification:_identify(src) by extensions ['ignore', 'ignore_ament_install']
[0.735s] Level 1:colcon.colcon_core.package_identification:_identify(src) by extension 'ignore'
[0.735s] Level 1:colcon.colcon_core.package_identification:_identify(src) by extension 'ignore_ament_install'
[0.735s] Level 1:colcon.colcon_core.package_identification:_identify(src) by extensions ['colcon_pkg']
[0.735s] Level 1:colcon.colcon_core.package_identification:_identify(src) by extension 'colcon_pkg'
[0.736s] Level 1:colcon.colcon_core.package_identification:_identify(src) by extensions ['colcon_meta']
[0.736s] Level 1:colcon.colcon_core.package_identification:_identify(src) by extension 'colcon_meta'
[0.736s] Level 1:colcon.colcon_core.package_identification:_identify(src) by extensions ['ros']
[0.736s] Level 1:colcon.colcon_core.package_identification:_identify(src) by extension 'ros'
[0.737s] Level 1:colcon.colcon_core.package_identification:_identify(src) by extensions ['cmake', 'python']
[0.737s] Level 1:colcon.colcon_core.package_identification:_identify(src) by extension 'cmake'
[0.737s] Level 1:colcon.colcon_core.package_identification:_identify(src) by extension 'python'
[0.737s] Level 1:colcon.colcon_core.package_identification:_identify(src) by extensions ['python_setup_py']
[0.737s] Level 1:colcon.colcon_core.package_identification:_identify(src) by extension 'python_setup_py'
[0.738s] Level 1:colcon.colcon_core.package_identification:_identify(src/robot_app) by extensions ['ignore', 'ignore_ament_install']
[0.738s] Level 1:colcon.colcon_core.package_identification:_identify(src/robot_app) by extension 'ignore'
[0.738s] Level 1:colcon.colcon_core.package_identification:_identify(src/robot_app) by extension 'ignore_ament_install'
[0.738s] Level 1:colcon.colcon_core.package_identification:_identify(src/robot_app) by extensions ['colcon_pkg']
[0.738s] Level 1:colcon.colcon_core.package_identification:_identify(src/robot_app) by extension 'colcon_pkg'
[0.739s] Level 1:colcon.colcon_core.package_identification:_identify(src/robot_app) by extensions ['colcon_meta']
[0.739s] Level 1:colcon.colcon_core.package_identification:_identify(src/robot_app) by extension 'colcon_meta'
[0.739s] Level 1:colcon.colcon_core.package_identification:_identify(src/robot_app) by extensions ['ros']
[0.739s] Level 1:colcon.colcon_core.package_identification:_identify(src/robot_app) by extension 'ros'
[0.751s] DEBUG:colcon.colcon_core.package_identification:Package 'src/robot_app' with type 'ros.ament_python' and name 'robot_app'
[0.751s] Level 1:colcon.colcon_core.package_identification:_identify(src/ros2_csi_camera_publish) by extensions ['ignore', 'ignore_ament_install']
[0.752s] Level 1:colcon.colcon_core.package_identification:_identify(src/ros2_csi_camera_publish) by extension 'ignore'
[0.752s] Level 1:colcon.colcon_core.package_identification:_identify(src/ros2_csi_camera_publish) by extension 'ignore_ament_install'
[0.752s] Level 1:colcon.colcon_core.package_identification:_identify(src/ros2_csi_camera_publish) by extensions ['colcon_pkg']
[0.752s] Level 1:colcon.colcon_core.package_identification:_identify(src/ros2_csi_camera_publish) by extension 'colcon_pkg'
[0.752s] Level 1:colcon.colcon_core.package_identification:_identify(src/ros2_csi_camera_publish) by extensions ['colcon_meta']
[0.753s] Level 1:colcon.colcon_core.package_identification:_identify(src/ros2_csi_camera_publish) by extension 'colcon_meta'
[0.753s] Level 1:colcon.colcon_core.package_identification:_identify(src/ros2_csi_camera_publish) by extensions ['ros']
[0.753s] Level 1:colcon.colcon_core.package_identification:_identify(src/ros2_csi_camera_publish) by extension 'ros'
[0.756s] DEBUG:colcon.colcon_core.package_identification:Package 'src/ros2_csi_camera_publish' with type 'ros.ament_python' and name 'ros2_csi_camera_publish'
[0.757s] Level 1:colcon.colcon_core.package_identification:_identify(src/ros2_deep_learning_to_twist_message) by extensions ['ignore', 'ignore_ament_install']
[0.757s] Level 1:colcon.colcon_core.package_identification:_identify(src/ros2_deep_learning_to_twist_message) by extension 'ignore'
[0.757s] Level 1:colcon.colcon_core.package_identification:_identify(src/ros2_deep_learning_to_twist_message) by extension 'ignore_ament_install'
[0.758s] Level 1:colcon.colcon_core.package_identification:_identify(src/ros2_deep_learning_to_twist_message) by extensions ['colcon_pkg']
[0.758s] Level 1:colcon.colcon_core.package_identification:_identify(src/ros2_deep_learning_to_twist_message) by extension 'colcon_pkg'
[0.758s] Level 1:colcon.colcon_core.package_identification:_identify(src/ros2_deep_learning_to_twist_message) by extensions ['colcon_meta']
[0.758s] Level 1:colcon.colcon_core.package_identification:_identify(src/ros2_deep_learning_to_twist_message) by extension 'colcon_meta'
[0.758s] Level 1:colcon.colcon_core.package_identification:_identify(src/ros2_deep_learning_to_twist_message) by extensions ['ros']
[0.758s] Level 1:colcon.colcon_core.package_identification:_identify(src/ros2_deep_learning_to_twist_message) by extension 'ros'
[0.762s] DEBUG:colcon.colcon_core.package_identification:Package 'src/ros2_deep_learning_to_twist_message' with type 'ros.ament_python' and name 'ros2_deep_learning_to_twist_message'
[0.762s] Level 1:colcon.colcon_core.package_identification:_identify(src/ros2_gamepad_to_twist_message) by extensions ['ignore', 'ignore_ament_install']
[0.763s] Level 1:colcon.colcon_core.package_identification:_identify(src/ros2_gamepad_to_twist_message) by extension 'ignore'
[0.763s] Level 1:colcon.colcon_core.package_identification:_identify(src/ros2_gamepad_to_twist_message) by extension 'ignore_ament_install'
[0.763s] Level 1:colcon.colcon_core.package_identification:_identify(src/ros2_gamepad_to_twist_message) by extensions ['colcon_pkg']
[0.763s] Level 1:colcon.colcon_core.package_identification:_identify(src/ros2_gamepad_to_twist_message) by extension 'colcon_pkg'
[0.763s] Level 1:colcon.colcon_core.package_identification:_identify(src/ros2_gamepad_to_twist_message) by extensions ['colcon_meta']
[0.764s] Level 1:colcon.colcon_core.package_identification:_identify(src/ros2_gamepad_to_twist_message) by extension 'colcon_meta'
[0.764s] Level 1:colcon.colcon_core.package_identification:_identify(src/ros2_gamepad_to_twist_message) by extensions ['ros']
[0.764s] Level 1:colcon.colcon_core.package_identification:_identify(src/ros2_gamepad_to_twist_message) by extension 'ros'
[0.767s] DEBUG:colcon.colcon_core.package_identification:Package 'src/ros2_gamepad_to_twist_message' with type 'ros.ament_python' and name 'ros2_gamepad_to_twist_message'
[0.767s] Level 1:colcon.colcon_core.package_identification:_identify(src/ros2_save_camera_image) by extensions ['ignore', 'ignore_ament_install']
[0.768s] Level 1:colcon.colcon_core.package_identification:_identify(src/ros2_save_camera_image) by extension 'ignore'
[0.768s] Level 1:colcon.colcon_core.package_identification:_identify(src/ros2_save_camera_image) by extension 'ignore_ament_install'
[0.768s] Level 1:colcon.colcon_core.package_identification:_identify(src/ros2_save_camera_image) by extensions ['colcon_pkg']
[0.768s] Level 1:colcon.colcon_core.package_identification:_identify(src/ros2_save_camera_image) by extension 'colcon_pkg'
[0.768s] Level 1:colcon.colcon_core.package_identification:_identify(src/ros2_save_camera_image) by extensions ['colcon_meta']
[0.768s] Level 1:colcon.colcon_core.package_identification:_identify(src/ros2_save_camera_image) by extension 'colcon_meta'
[0.769s] Level 1:colcon.colcon_core.package_identification:_identify(src/ros2_save_camera_image) by extensions ['ros']
[0.769s] Level 1:colcon.colcon_core.package_identification:_identify(src/ros2_save_camera_image) by extension 'ros'
[0.772s] DEBUG:colcon.colcon_core.package_identification:Package 'src/ros2_save_camera_image' with type 'ros.ament_python' and name 'ros2_save_camera_image'
[0.772s] Level 1:colcon.colcon_core.package_identification:_identify(src/ros2_twist_message_to_robot_motion) by extensions ['ignore', 'ignore_ament_install']
[0.773s] Level 1:colcon.colcon_core.package_identification:_identify(src/ros2_twist_message_to_robot_motion) by extension 'ignore'
[0.773s] Level 1:colcon.colcon_core.package_identification:_identify(src/ros2_twist_message_to_robot_motion) by extension 'ignore_ament_install'
[0.773s] Level 1:colcon.colcon_core.package_identification:_identify(src/ros2_twist_message_to_robot_motion) by extensions ['colcon_pkg']
[0.773s] Level 1:colcon.colcon_core.package_identification:_identify(src/ros2_twist_message_to_robot_motion) by extension 'colcon_pkg'
[0.774s] Level 1:colcon.colcon_core.package_identification:_identify(src/ros2_twist_message_to_robot_motion) by extensions ['colcon_meta']
[0.774s] Level 1:colcon.colcon_core.package_identification:_identify(src/ros2_twist_message_to_robot_motion) by extension 'colcon_meta'
[0.774s] Level 1:colcon.colcon_core.package_identification:_identify(src/ros2_twist_message_to_robot_motion) by extensions ['ros']
[0.774s] Level 1:colcon.colcon_core.package_identification:_identify(src/ros2_twist_message_to_robot_motion) by extension 'ros'
[0.777s] DEBUG:colcon.colcon_core.package_identification:Package 'src/ros2_twist_message_to_robot_motion' with type 'ros.ament_python' and name 'ros2_twist_message_to_robot_motion'
[0.777s] Level 1:colcon.colcon_core.package_discovery:discover_packages(recursive) using defaults
[0.778s] Level 1:colcon.colcon_core.package_discovery:discover_packages(ignore) discover
[0.778s] Level 1:colcon.colcon_core.package_discovery:discover_packages(ignore) using defaults
[0.778s] Level 1:colcon.colcon_core.package_discovery:discover_packages(path) discover
[0.778s] Level 1:colcon.colcon_core.package_discovery:discover_packages(path) using defaults
[0.874s] Level 1:colcon.colcon_core.package_discovery:discover_packages(prefix_path) check parameters
[0.874s] Level 1:colcon.colcon_core.package_discovery:discover_packages(prefix_path) discover
[0.884s] DEBUG:colcon.colcon_installed_package_information.package_discovery:Found 6 installed packages in /home/jetson/ANI717_Robotics/robot_ws/install
[0.915s] DEBUG:colcon.colcon_installed_package_information.package_discovery:Found 306 installed packages in /home/jetson/ros2_foxy/ros2-linux
[0.966s] Level 1:colcon.colcon_core.package_discovery:discover_packages(prefix_path) using defaults
[1.071s] Level 5:colcon.colcon_core.verb:set package 'ros2_csi_camera_publish' build argument 'cmake_args' from command line to 'None'
[1.072s] Level 5:colcon.colcon_core.verb:set package 'ros2_csi_camera_publish' build argument 'cmake_target' from command line to 'None'
[1.072s] Level 5:colcon.colcon_core.verb:set package 'ros2_csi_camera_publish' build argument 'cmake_target_skip_unavailable' from command line to 'False'
[1.072s] Level 5:colcon.colcon_core.verb:set package 'ros2_csi_camera_publish' build argument 'cmake_clean_cache' from command line to 'False'
[1.072s] Level 5:colcon.colcon_core.verb:set package 'ros2_csi_camera_publish' build argument 'cmake_clean_first' from command line to 'False'
[1.072s] Level 5:colcon.colcon_core.verb:set package 'ros2_csi_camera_publish' build argument 'cmake_force_configure' from command line to 'False'
[1.072s] Level 5:colcon.colcon_core.verb:set package 'ros2_csi_camera_publish' build argument 'ament_cmake_args' from command line to 'None'
[1.072s] Level 5:colcon.colcon_core.verb:set package 'ros2_csi_camera_publish' build argument 'catkin_cmake_args' from command line to 'None'
[1.072s] Level 5:colcon.colcon_core.verb:set package 'ros2_csi_camera_publish' build argument 'catkin_skip_building_tests' from command line to 'False'
[1.073s] DEBUG:colcon.colcon_core.verb:Building package 'ros2_csi_camera_publish' with the following arguments: {'ament_cmake_args': None, 'build_base': '/home/jetson/ANI717_Robotics/robot_ws/build/ros2_csi_camera_publish', 'catkin_cmake_args': None, 'catkin_skip_building_tests': False, 'cmake_args': None, 'cmake_clean_cache': False, 'cmake_clean_first': False, 'cmake_force_configure': False, 'cmake_target': None, 'cmake_target_skip_unavailable': False, 'install_base': '/home/jetson/ANI717_Robotics/robot_ws/install/ros2_csi_camera_publish', 'merge_install': False, 'path': '/home/jetson/ANI717_Robotics/robot_ws/src/ros2_csi_camera_publish', 'symlink_install': True, 'test_result_base': None}
[1.076s] Level 5:colcon.colcon_core.verb:set package 'ros2_deep_learning_to_twist_message' build argument 'cmake_args' from command line to 'None'
[1.076s] Level 5:colcon.colcon_core.verb:set package 'ros2_deep_learning_to_twist_message' build argument 'cmake_target' from command line to 'None'
[1.077s] Level 5:colcon.colcon_core.verb:set package 'ros2_deep_learning_to_twist_message' build argument 'cmake_target_skip_unavailable' from command line to 'False'
[1.077s] Level 5:colcon.colcon_core.verb:set package 'ros2_deep_learning_to_twist_message' build argument 'cmake_clean_cache' from command line to 'False'
[1.077s] Level 5:colcon.colcon_core.verb:set package 'ros2_deep_learning_to_twist_message' build argument 'cmake_clean_first' from command line to 'False'
[1.077s] Level 5:colcon.colcon_core.verb:set package 'ros2_deep_learning_to_twist_message' build argument 'cmake_force_configure' from command line to 'False'
[1.077s] Level 5:colcon.colcon_core.verb:set package 'ros2_deep_learning_to_twist_message' build argument 'ament_cmake_args' from command line to 'None'
[1.077s] Level 5:colcon.colcon_core.verb:set package 'ros2_deep_learning_to_twist_message' build argument 'catkin_cmake_args' from command line to 'None'
[1.077s] Level 5:colcon.colcon_core.verb:set package 'ros2_deep_learning_to_twist_message' build argument 'catkin_skip_building_tests' from command line to 'False'
[1.078s] DEBUG:colcon.colcon_core.verb:Building package 'ros2_deep_learning_to_twist_message' with the following arguments: {'ament_cmake_args': None, 'build_base': '/home/jetson/ANI717_Robotics/robot_ws/build/ros2_deep_learning_to_twist_message', 'catkin_cmake_args': None, 'catkin_skip_building_tests': False, 'cmake_args': None, 'cmake_clean_cache': False, 'cmake_clean_first': False, 'cmake_force_configure': False, 'cmake_target': None, 'cmake_target_skip_unavailable': False, 'install_base': '/home/jetson/ANI717_Robotics/robot_ws/install/ros2_deep_learning_to_twist_message', 'merge_install': False, 'path': '/home/jetson/ANI717_Robotics/robot_ws/src/ros2_deep_learning_to_twist_message', 'symlink_install': True, 'test_result_base': None}
[1.081s] Level 5:colcon.colcon_core.verb:set package 'ros2_gamepad_to_twist_message' build argument 'cmake_args' from command line to 'None'
[1.081s] Level 5:colcon.colcon_core.verb:set package 'ros2_gamepad_to_twist_message' build argument 'cmake_target' from command line to 'None'
[1.081s] Level 5:colcon.colcon_core.verb:set package 'ros2_gamepad_to_twist_message' build argument 'cmake_target_skip_unavailable' from command line to 'False'
[1.081s] Level 5:colcon.colcon_core.verb:set package 'ros2_gamepad_to_twist_message' build argument 'cmake_clean_cache' from command line to 'False'
[1.081s] Level 5:colcon.colcon_core.verb:set package 'ros2_gamepad_to_twist_message' build argument 'cmake_clean_first' from command line to 'False'
[1.082s] Level 5:colcon.colcon_core.verb:set package 'ros2_gamepad_to_twist_message' build argument 'cmake_force_configure' from command line to 'False'
[1.082s] Level 5:colcon.colcon_core.verb:set package 'ros2_gamepad_to_twist_message' build argument 'ament_cmake_args' from command line to 'None'
[1.082s] Level 5:colcon.colcon_core.verb:set package 'ros2_gamepad_to_twist_message' build argument 'catkin_cmake_args' from command line to 'None'
[1.082s] Level 5:colcon.colcon_core.verb:set package 'ros2_gamepad_to_twist_message' build argument 'catkin_skip_building_tests' from command line to 'False'
[1.082s] DEBUG:colcon.colcon_core.verb:Building package 'ros2_gamepad_to_twist_message' with the following arguments: {'ament_cmake_args': None, 'build_base': '/home/jetson/ANI717_Robotics/robot_ws/build/ros2_gamepad_to_twist_message', 'catkin_cmake_args': None, 'catkin_skip_building_tests': False, 'cmake_args': None, 'cmake_clean_cache': False, 'cmake_clean_first': False, 'cmake_force_configure': False, 'cmake_target': None, 'cmake_target_skip_unavailable': False, 'install_base': '/home/jetson/ANI717_Robotics/robot_ws/install/ros2_gamepad_to_twist_message', 'merge_install': False, 'path': '/home/jetson/ANI717_Robotics/robot_ws/src/ros2_gamepad_to_twist_message', 'symlink_install': True, 'test_result_base': None}
[1.086s] Level 5:colcon.colcon_core.verb:set package 'ros2_save_camera_image' build argument 'cmake_args' from command line to 'None'
[1.086s] Level 5:colcon.colcon_core.verb:set package 'ros2_save_camera_image' build argument 'cmake_target' from command line to 'None'
[1.086s] Level 5:colcon.colcon_core.verb:set package 'ros2_save_camera_image' build argument 'cmake_target_skip_unavailable' from command line to 'False'
[1.086s] Level 5:colcon.colcon_core.verb:set package 'ros2_save_camera_image' build argument 'cmake_clean_cache' from command line to 'False'
[1.086s] Level 5:colcon.colcon_core.verb:set package 'ros2_save_camera_image' build argument 'cmake_clean_first' from command line to 'False'
[1.086s] Level 5:colcon.colcon_core.verb:set package 'ros2_save_camera_image' build argument 'cmake_force_configure' from command line to 'False'
[1.086s] Level 5:colcon.colcon_core.verb:set package 'ros2_save_camera_image' build argument 'ament_cmake_args' from command line to 'None'
[1.086s] Level 5:colcon.colcon_core.verb:set package 'ros2_save_camera_image' build argument 'catkin_cmake_args' from command line to 'None'
[1.087s] Level 5:colcon.colcon_core.verb:set package 'ros2_save_camera_image' build argument 'catkin_skip_building_tests' from command line to 'False'
[1.087s] DEBUG:colcon.colcon_core.verb:Building package 'ros2_save_camera_image' with the following arguments: {'ament_cmake_args': None, 'build_base': '/home/jetson/ANI717_Robotics/robot_ws/build/ros2_save_camera_image', 'catkin_cmake_args': None, 'catkin_skip_building_tests': False, 'cmake_args': None, 'cmake_clean_cache': False, 'cmake_clean_first': False, 'cmake_force_configure': False, 'cmake_target': None, 'cmake_target_skip_unavailable': False, 'install_base': '/home/jetson/ANI717_Robotics/robot_ws/install/ros2_save_camera_image', 'merge_install': False, 'path': '/home/jetson/ANI717_Robotics/robot_ws/src/ros2_save_camera_image', 'symlink_install': True, 'test_result_base': None}
[1.090s] Level 5:colcon.colcon_core.verb:set package 'ros2_twist_message_to_robot_motion' build argument 'cmake_args' from command line to 'None'
[1.090s] Level 5:colcon.colcon_core.verb:set package 'ros2_twist_message_to_robot_motion' build argument 'cmake_target' from command line to 'None'
[1.090s] Level 5:colcon.colcon_core.verb:set package 'ros2_twist_message_to_robot_motion' build argument 'cmake_target_skip_unavailable' from command line to 'False'
[1.090s] Level 5:colcon.colcon_core.verb:set package 'ros2_twist_message_to_robot_motion' build argument 'cmake_clean_cache' from command line to 'False'
[1.091s] Level 5:colcon.colcon_core.verb:set package 'ros2_twist_message_to_robot_motion' build argument 'cmake_clean_first' from command line to 'False'
[1.091s] Level 5:colcon.colcon_core.verb:set package 'ros2_twist_message_to_robot_motion' build argument 'cmake_force_configure' from command line to 'False'
[1.091s] Level 5:colcon.colcon_core.verb:set package 'ros2_twist_message_to_robot_motion' build argument 'ament_cmake_args' from command line to 'None'
[1.091s] Level 5:colcon.colcon_core.verb:set package 'ros2_twist_message_to_robot_motion' build argument 'catkin_cmake_args' from command line to 'None'
[1.091s] Level 5:colcon.colcon_core.verb:set package 'ros2_twist_message_to_robot_motion' build argument 'catkin_skip_building_tests' from command line to 'False'
[1.091s] DEBUG:colcon.colcon_core.verb:Building package 'ros2_twist_message_to_robot_motion' with the following arguments: {'ament_cmake_args': None, 'build_base': '/home/jetson/ANI717_Robotics/robot_ws/build/ros2_twist_message_to_robot_motion', 'catkin_cmake_args': None, 'catkin_skip_building_tests': False, 'cmake_args': None, 'cmake_clean_cache': False, 'cmake_clean_first': False, 'cmake_force_configure': False, 'cmake_target': None, 'cmake_target_skip_unavailable': False, 'install_base': '/home/jetson/ANI717_Robotics/robot_ws/install/ros2_twist_message_to_robot_motion', 'merge_install': False, 'path': '/home/jetson/ANI717_Robotics/robot_ws/src/ros2_twist_message_to_robot_motion', 'symlink_install': True, 'test_result_base': None}
[1.095s] Level 5:colcon.colcon_core.verb:set package 'robot_app' build argument 'cmake_args' from command line to 'None'
[1.095s] Level 5:colcon.colcon_core.verb:set package 'robot_app' build argument 'cmake_target' from command line to 'None'
[1.095s] Level 5:colcon.colcon_core.verb:set package 'robot_app' build argument 'cmake_target_skip_unavailable' from command line to 'False'
[1.095s] Level 5:colcon.colcon_core.verb:set package 'robot_app' build argument 'cmake_clean_cache' from command line to 'False'
[1.095s] Level 5:colcon.colcon_core.verb:set package 'robot_app' build argument 'cmake_clean_first' from command line to 'False'
[1.095s] Level 5:colcon.colcon_core.verb:set package 'robot_app' build argument 'cmake_force_configure' from command line to 'False'
[1.095s] Level 5:colcon.colcon_core.verb:set package 'robot_app' build argument 'ament_cmake_args' from command line to 'None'
[1.096s] Level 5:colcon.colcon_core.verb:set package 'robot_app' build argument 'catkin_cmake_args' from command line to 'None'
[1.096s] Level 5:colcon.colcon_core.verb:set package 'robot_app' build argument 'catkin_skip_building_tests' from command line to 'False'
[1.096s] DEBUG:colcon.colcon_core.verb:Building package 'robot_app' with the following arguments: {'ament_cmake_args': None, 'build_base': '/home/jetson/ANI717_Robotics/robot_ws/build/robot_app', 'catkin_cmake_args': None, 'catkin_skip_building_tests': False, 'cmake_args': None, 'cmake_clean_cache': False, 'cmake_clean_first': False, 'cmake_force_configure': False, 'cmake_target': None, 'cmake_target_skip_unavailable': False, 'install_base': '/home/jetson/ANI717_Robotics/robot_ws/install/robot_app', 'merge_install': False, 'path': '/home/jetson/ANI717_Robotics/robot_ws/src/robot_app', 'symlink_install': True, 'test_result_base': None}
[1.097s] INFO:colcon.colcon_core.executor:Executing jobs using 'parallel' executor
[1.109s] DEBUG:colcon.colcon_parallel_executor.executor.parallel:run_until_complete
[1.111s] INFO:colcon.colcon_ros.task.ament_python.build:Building ROS package in '/home/jetson/ANI717_Robotics/robot_ws/src/ros2_csi_camera_publish' with build type 'ament_python'
[1.112s] Level 1:colcon.colcon_core.shell:create_environment_hook('ros2_csi_camera_publish', 'ament_prefix_path')
[1.126s] INFO:colcon.colcon_core.plugin_system:Skipping extension 'colcon_core.shell.bat': Not used on non-Windows systems
[1.127s] INFO:colcon.colcon_core.shell:Creating environment hook '/home/jetson/ANI717_Robotics/robot_ws/install/ros2_csi_camera_publish/share/ros2_csi_camera_publish/hook/ament_prefix_path.ps1'
[1.130s] INFO:colcon.colcon_core.shell:Creating environment descriptor '/home/jetson/ANI717_Robotics/robot_ws/install/ros2_csi_camera_publish/share/ros2_csi_camera_publish/hook/ament_prefix_path.dsv'
[1.132s] INFO:colcon.colcon_core.shell:Creating environment hook '/home/jetson/ANI717_Robotics/robot_ws/install/ros2_csi_camera_publish/share/ros2_csi_camera_publish/hook/ament_prefix_path.sh'
[1.136s] INFO:colcon.colcon_core.shell:Skip shell extension 'powershell' for command environment: Not usable outside of PowerShell
[1.137s] DEBUG:colcon.colcon_core.shell:Skip shell extension 'dsv' for command environment
[1.185s] INFO:colcon.colcon_ros.task.ament_python.build:Building ROS package in '/home/jetson/ANI717_Robotics/robot_ws/src/ros2_deep_learning_to_twist_message' with build type 'ament_python'
[1.186s] Level 1:colcon.colcon_core.shell:create_environment_hook('ros2_deep_learning_to_twist_message', 'ament_prefix_path')
[1.189s] INFO:colcon.colcon_core.shell:Creating environment hook '/home/jetson/ANI717_Robotics/robot_ws/install/ros2_deep_learning_to_twist_message/share/ros2_deep_learning_to_twist_message/hook/ament_prefix_path.ps1'
[1.192s] INFO:colcon.colcon_core.shell:Creating environment descriptor '/home/jetson/ANI717_Robotics/robot_ws/install/ros2_deep_learning_to_twist_message/share/ros2_deep_learning_to_twist_message/hook/ament_prefix_path.dsv'
[1.193s] INFO:colcon.colcon_core.shell:Creating environment hook '/home/jetson/ANI717_Robotics/robot_ws/install/ros2_deep_learning_to_twist_message/share/ros2_deep_learning_to_twist_message/hook/ament_prefix_path.sh'
[1.197s] INFO:colcon.colcon_core.shell:Skip shell extension 'powershell' for command environment: Not usable outside of PowerShell
[1.197s] DEBUG:colcon.colcon_core.shell:Skip shell extension 'dsv' for command environment
[1.242s] INFO:colcon.colcon_ros.task.ament_python.build:Building ROS package in '/home/jetson/ANI717_Robotics/robot_ws/src/ros2_gamepad_to_twist_message' with build type 'ament_python'
[1.243s] Level 1:colcon.colcon_core.shell:create_environment_hook('ros2_gamepad_to_twist_message', 'ament_prefix_path')
[1.247s] INFO:colcon.colcon_core.shell:Creating environment hook '/home/jetson/ANI717_Robotics/robot_ws/install/ros2_gamepad_to_twist_message/share/ros2_gamepad_to_twist_message/hook/ament_prefix_path.ps1'
[1.249s] INFO:colcon.colcon_core.shell:Creating environment descriptor '/home/jetson/ANI717_Robotics/robot_ws/install/ros2_gamepad_to_twist_message/share/ros2_gamepad_to_twist_message/hook/ament_prefix_path.dsv'
[1.250s] INFO:colcon.colcon_core.shell:Creating environment hook '/home/jetson/ANI717_Robotics/robot_ws/install/ros2_gamepad_to_twist_message/share/ros2_gamepad_to_twist_message/hook/ament_prefix_path.sh'
[1.254s] INFO:colcon.colcon_core.shell:Skip shell extension 'powershell' for command environment: Not usable outside of PowerShell
[1.254s] DEBUG:colcon.colcon_core.shell:Skip shell extension 'dsv' for command environment
[1.300s] INFO:colcon.colcon_ros.task.ament_python.build:Building ROS package in '/home/jetson/ANI717_Robotics/robot_ws/src/ros2_save_camera_image' with build type 'ament_python'
[1.301s] Level 1:colcon.colcon_core.shell:create_environment_hook('ros2_save_camera_image', 'ament_prefix_path')
[1.304s] INFO:colcon.colcon_core.shell:Creating environment hook '/home/jetson/ANI717_Robotics/robot_ws/install/ros2_save_camera_image/share/ros2_save_camera_image/hook/ament_prefix_path.ps1'
[1.308s] INFO:colcon.colcon_core.shell:Creating environment descriptor '/home/jetson/ANI717_Robotics/robot_ws/install/ros2_save_camera_image/share/ros2_save_camera_image/hook/ament_prefix_path.dsv'
[1.309s] INFO:colcon.colcon_core.shell:Creating environment hook '/home/jetson/ANI717_Robotics/robot_ws/install/ros2_save_camera_image/share/ros2_save_camera_image/hook/ament_prefix_path.sh'
[1.313s] INFO:colcon.colcon_core.shell:Skip shell extension 'powershell' for command environment: Not usable outside of PowerShell
[1.314s] DEBUG:colcon.colcon_core.shell:Skip shell extension 'dsv' for command environment
[2.796s] INFO:colcon.colcon_core.task.python.build:Building Python package in '/home/jetson/ANI717_Robotics/robot_ws/src/ros2_csi_camera_publish'
[2.800s] INFO:colcon.colcon_core.shell:Skip shell extension 'powershell' for command environment: Not usable outside of PowerShell
[2.801s] DEBUG:colcon.colcon_core.shell:Skip shell extension 'dsv' for command environment
[4.330s] INFO:colcon.colcon_core.task.python.build:Building Python package in '/home/jetson/ANI717_Robotics/robot_ws/src/ros2_deep_learning_to_twist_message'
[4.333s] INFO:colcon.colcon_core.shell:Skip shell extension 'powershell' for command environment: Not usable outside of PowerShell
[4.334s] DEBUG:colcon.colcon_core.shell:Skip shell extension 'dsv' for command environment
[5.878s] INFO:colcon.colcon_core.task.python.build:Building Python package in '/home/jetson/ANI717_Robotics/robot_ws/src/ros2_gamepad_to_twist_message'
[5.882s] INFO:colcon.colcon_core.shell:Skip shell extension 'powershell' for command environment: Not usable outside of PowerShell
[5.882s] DEBUG:colcon.colcon_core.shell:Skip shell extension 'dsv' for command environment
[7.147s] INFO:colcon.colcon_core.task.python.build:Building Python package in '/home/jetson/ANI717_Robotics/robot_ws/src/ros2_save_camera_image'
[7.150s] INFO:colcon.colcon_core.shell:Skip shell extension 'powershell' for command environment: Not usable outside of PowerShell
[7.150s] DEBUG:colcon.colcon_core.shell:Skip shell extension 'dsv' for command environment
[9.359s] DEBUG:colcon.colcon_core.event_handler.log_command:Invoking command in '/home/jetson/ANI717_Robotics/robot_ws/build/ros2_gamepad_to_twist_message': PYTHONPATH=/home/jetson/ANI717_Robotics/robot_ws/install/ros2_gamepad_to_twist_message/lib/python3.8/site-packages:${PYTHONPATH} /usr/bin/python3 setup.py develop --prefix /home/jetson/ANI717_Robotics/robot_ws/install/ros2_gamepad_to_twist_message --editable --build-directory /home/jetson/ANI717_Robotics/robot_ws/build/ros2_gamepad_to_twist_message/build --no-deps install_data --install-dir /home/jetson/ANI717_Robotics/robot_ws/install/ros2_gamepad_to_twist_message
[9.384s] DEBUG:colcon.colcon_core.event_handler.log_command:Invoking command in '/home/jetson/ANI717_Robotics/robot_ws/build/ros2_deep_learning_to_twist_message': PYTHONPATH=/home/jetson/ANI717_Robotics/robot_ws/install/ros2_deep_learning_to_twist_message/lib/python3.8/site-packages:${PYTHONPATH} /usr/bin/python3 setup.py develop --prefix /home/jetson/ANI717_Robotics/robot_ws/install/ros2_deep_learning_to_twist_message --editable --build-directory /home/jetson/ANI717_Robotics/robot_ws/build/ros2_deep_learning_to_twist_message/build --no-deps install_data --install-dir /home/jetson/ANI717_Robotics/robot_ws/install/ros2_deep_learning_to_twist_message
[9.424s] DEBUG:colcon.colcon_core.event_handler.log_command:Invoking command in '/home/jetson/ANI717_Robotics/robot_ws/build/ros2_save_camera_image': PYTHONPATH=/home/jetson/ANI717_Robotics/robot_ws/install/ros2_save_camera_image/lib/python3.8/site-packages:${PYTHONPATH} /usr/bin/python3 setup.py develop --prefix /home/jetson/ANI717_Robotics/robot_ws/install/ros2_save_camera_image --editable --build-directory /home/jetson/ANI717_Robotics/robot_ws/build/ros2_save_camera_image/build --no-deps install_data --install-dir /home/jetson/ANI717_Robotics/robot_ws/install/ros2_save_camera_image
[9.512s] DEBUG:colcon.colcon_core.event_handler.log_command:Invoking command in '/home/jetson/ANI717_Robotics/robot_ws/build/ros2_csi_camera_publish': PYTHONPATH=/home/jetson/ANI717_Robotics/robot_ws/install/ros2_csi_camera_publish/lib/python3.8/site-packages:${PYTHONPATH} /usr/bin/python3 setup.py develop --prefix /home/jetson/ANI717_Robotics/robot_ws/install/ros2_csi_camera_publish --editable --build-directory /home/jetson/ANI717_Robotics/robot_ws/build/ros2_csi_camera_publish/build --no-deps install_data --install-dir /home/jetson/ANI717_Robotics/robot_ws/install/ros2_csi_camera_publish
[12.024s] Level 1:colcon.colcon_core.shell:create_environment_hook('ros2_deep_learning_to_twist_message', 'pythonpath_develop')
[12.028s] INFO:colcon.colcon_core.shell:Creating environment hook '/home/jetson/ANI717_Robotics/robot_ws/build/ros2_deep_learning_to_twist_message/share/ros2_deep_learning_to_twist_message/hook/pythonpath_develop.ps1'
[12.030s] DEBUG:colcon.colcon_core.event_handler.log_command:Invoked command in '/home/jetson/ANI717_Robotics/robot_ws/build/ros2_deep_learning_to_twist_message' returned '0': PYTHONPATH=/home/jetson/ANI717_Robotics/robot_ws/install/ros2_deep_learning_to_twist_message/lib/python3.8/site-packages:${PYTHONPATH} /usr/bin/python3 setup.py develop --prefix /home/jetson/ANI717_Robotics/robot_ws/install/ros2_deep_learning_to_twist_message --editable --build-directory /home/jetson/ANI717_Robotics/robot_ws/build/ros2_deep_learning_to_twist_message/build --no-deps install_data --install-dir /home/jetson/ANI717_Robotics/robot_ws/install/ros2_deep_learning_to_twist_message
[12.034s] INFO:colcon.colcon_core.shell:Creating environment descriptor '/home/jetson/ANI717_Robotics/robot_ws/build/ros2_deep_learning_to_twist_message/share/ros2_deep_learning_to_twist_message/hook/pythonpath_develop.dsv'
[12.036s] INFO:colcon.colcon_core.shell:Creating environment hook '/home/jetson/ANI717_Robotics/robot_ws/build/ros2_deep_learning_to_twist_message/share/ros2_deep_learning_to_twist_message/hook/pythonpath_develop.sh'
[12.061s] Level 1:colcon.colcon_core.environment:checking '/home/jetson/ANI717_Robotics/robot_ws/install/ros2_deep_learning_to_twist_message' for CMake module files
[12.064s] Level 1:colcon.colcon_core.environment:checking '/home/jetson/ANI717_Robotics/robot_ws/install/ros2_deep_learning_to_twist_message' for CMake config files
[12.068s] Level 1:colcon.colcon_core.environment:checking '/home/jetson/ANI717_Robotics/robot_ws/install/ros2_deep_learning_to_twist_message/lib'
[12.069s] Level 1:colcon.colcon_core.environment:checking '/home/jetson/ANI717_Robotics/robot_ws/install/ros2_deep_learning_to_twist_message/bin'
[12.069s] Level 1:colcon.colcon_core.environment:checking '/home/jetson/ANI717_Robotics/robot_ws/install/ros2_deep_learning_to_twist_message/lib/pkgconfig/ros2_deep_learning_to_twist_message.pc'
[12.070s] Level 1:colcon.colcon_core.environment:checking '/home/jetson/ANI717_Robotics/robot_ws/install/ros2_deep_learning_to_twist_message/lib/python3.8/site-packages'
[12.070s] Level 1:colcon.colcon_core.shell:create_environment_hook('ros2_deep_learning_to_twist_message', 'pythonpath')
[12.073s] INFO:colcon.colcon_core.shell:Creating environment hook '/home/jetson/ANI717_Robotics/robot_ws/install/ros2_deep_learning_to_twist_message/share/ros2_deep_learning_to_twist_message/hook/pythonpath.ps1'
[12.075s] INFO:colcon.colcon_core.shell:Creating environment descriptor '/home/jetson/ANI717_Robotics/robot_ws/install/ros2_deep_learning_to_twist_message/share/ros2_deep_learning_to_twist_message/hook/pythonpath.dsv'
[12.077s] INFO:colcon.colcon_core.shell:Creating environment hook '/home/jetson/ANI717_Robotics/robot_ws/install/ros2_deep_learning_to_twist_message/share/ros2_deep_learning_to_twist_message/hook/pythonpath.sh'
[12.079s] Level 1:colcon.colcon_core.environment:checking '/home/jetson/ANI717_Robotics/robot_ws/install/ros2_deep_learning_to_twist_message/bin'
[12.080s] Level 1:colcon.colcon_core.environment:create_environment_scripts_only(ros2_deep_learning_to_twist_message)
[12.084s] INFO:colcon.colcon_core.shell:Creating package script '/home/jetson/ANI717_Robotics/robot_ws/install/ros2_deep_learning_to_twist_message/share/ros2_deep_learning_to_twist_message/package.ps1'
[12.088s] INFO:colcon.colcon_core.shell:Creating package descriptor '/home/jetson/ANI717_Robotics/robot_ws/install/ros2_deep_learning_to_twist_message/share/ros2_deep_learning_to_twist_message/package.dsv'
[12.091s] INFO:colcon.colcon_core.shell:Creating package script '/home/jetson/ANI717_Robotics/robot_ws/install/ros2_deep_learning_to_twist_message/share/ros2_deep_learning_to_twist_message/package.sh'
[12.095s] INFO:colcon.colcon_core.shell:Creating package script '/home/jetson/ANI717_Robotics/robot_ws/install/ros2_deep_learning_to_twist_message/share/ros2_deep_learning_to_twist_message/package.bash'
[12.099s] INFO:colcon.colcon_core.shell:Creating package script '/home/jetson/ANI717_Robotics/robot_ws/install/ros2_deep_learning_to_twist_message/share/ros2_deep_learning_to_twist_message/package.zsh'
[12.102s] Level 1:colcon.colcon_core.environment:create_file_with_runtime_dependencies(/home/jetson/ANI717_Robotics/robot_ws/install/ros2_deep_learning_to_twist_message/share/colcon-core/packages/ros2_deep_learning_to_twist_message)
[12.106s] INFO:colcon.colcon_ros.task.ament_python.build:Building ROS package in '/home/jetson/ANI717_Robotics/robot_ws/src/ros2_twist_message_to_robot_motion' with build type 'ament_python'
[12.106s] Level 1:colcon.colcon_core.shell:create_environment_hook('ros2_twist_message_to_robot_motion', 'ament_prefix_path')
[12.110s] INFO:colcon.colcon_core.shell:Creating environment hook '/home/jetson/ANI717_Robotics/robot_ws/install/ros2_twist_message_to_robot_motion/share/ros2_twist_message_to_robot_motion/hook/ament_prefix_path.ps1'
[12.113s] INFO:colcon.colcon_core.shell:Creating environment descriptor '/home/jetson/ANI717_Robotics/robot_ws/install/ros2_twist_message_to_robot_motion/share/ros2_twist_message_to_robot_motion/hook/ament_prefix_path.dsv'
[12.116s] INFO:colcon.colcon_core.shell:Creating environment hook '/home/jetson/ANI717_Robotics/robot_ws/install/ros2_twist_message_to_robot_motion/share/ros2_twist_message_to_robot_motion/hook/ament_prefix_path.sh'
[12.120s] INFO:colcon.colcon_core.shell:Skip shell extension 'powershell' for command environment: Not usable outside of PowerShell
[12.121s] DEBUG:colcon.colcon_core.shell:Skip shell extension 'dsv' for command environment
[12.174s] Level 1:colcon.colcon_core.shell:create_environment_hook('ros2_save_camera_image', 'pythonpath_develop')
[12.178s] INFO:colcon.colcon_core.shell:Creating environment hook '/home/jetson/ANI717_Robotics/robot_ws/build/ros2_save_camera_image/share/ros2_save_camera_image/hook/pythonpath_develop.ps1'
[12.182s] DEBUG:colcon.colcon_core.event_handler.log_command:Invoked command in '/home/jetson/ANI717_Robotics/robot_ws/build/ros2_save_camera_image' returned '0': PYTHONPATH=/home/jetson/ANI717_Robotics/robot_ws/install/ros2_save_camera_image/lib/python3.8/site-packages:${PYTHONPATH} /usr/bin/python3 setup.py develop --prefix /home/jetson/ANI717_Robotics/robot_ws/install/ros2_save_camera_image --editable --build-directory /home/jetson/ANI717_Robotics/robot_ws/build/ros2_save_camera_image/build --no-deps install_data --install-dir /home/jetson/ANI717_Robotics/robot_ws/install/ros2_save_camera_image
[12.184s] INFO:colcon.colcon_core.shell:Creating environment descriptor '/home/jetson/ANI717_Robotics/robot_ws/build/ros2_save_camera_image/share/ros2_save_camera_image/hook/pythonpath_develop.dsv'
[12.187s] INFO:colcon.colcon_core.shell:Creating environment hook '/home/jetson/ANI717_Robotics/robot_ws/build/ros2_save_camera_image/share/ros2_save_camera_image/hook/pythonpath_develop.sh'
[12.195s] Level 1:colcon.colcon_core.environment:checking '/home/jetson/ANI717_Robotics/robot_ws/install/ros2_save_camera_image' for CMake module files
[12.200s] Level 1:colcon.colcon_core.environment:checking '/home/jetson/ANI717_Robotics/robot_ws/install/ros2_save_camera_image' for CMake config files
[12.203s] Level 1:colcon.colcon_core.environment:checking '/home/jetson/ANI717_Robotics/robot_ws/install/ros2_save_camera_image/lib'
[12.203s] Level 1:colcon.colcon_core.environment:checking '/home/jetson/ANI717_Robotics/robot_ws/install/ros2_save_camera_image/bin'
[12.204s] Level 1:colcon.colcon_core.environment:checking '/home/jetson/ANI717_Robotics/robot_ws/install/ros2_save_camera_image/lib/pkgconfig/ros2_save_camera_image.pc'
[12.205s] Level 1:colcon.colcon_core.environment:checking '/home/jetson/ANI717_Robotics/robot_ws/install/ros2_save_camera_image/lib/python3.8/site-packages'
[12.205s] Level 1:colcon.colcon_core.shell:create_environment_hook('ros2_save_camera_image', 'pythonpath')
[12.208s] INFO:colcon.colcon_core.shell:Creating environment hook '/home/jetson/ANI717_Robotics/robot_ws/install/ros2_save_camera_image/share/ros2_save_camera_image/hook/pythonpath.ps1'
[12.210s] INFO:colcon.colcon_core.shell:Creating environment descriptor '/home/jetson/ANI717_Robotics/robot_ws/install/ros2_save_camera_image/share/ros2_save_camera_image/hook/pythonpath.dsv'
[12.212s] INFO:colcon.colcon_core.shell:Creating environment hook '/home/jetson/ANI717_Robotics/robot_ws/install/ros2_save_camera_image/share/ros2_save_camera_image/hook/pythonpath.sh'
[12.215s] Level 1:colcon.colcon_core.environment:checking '/home/jetson/ANI717_Robotics/robot_ws/install/ros2_save_camera_image/bin'
[12.216s] Level 1:colcon.colcon_core.environment:create_environment_scripts_only(ros2_save_camera_image)
[12.220s] INFO:colcon.colcon_core.shell:Creating package script '/home/jetson/ANI717_Robotics/robot_ws/install/ros2_save_camera_image/share/ros2_save_camera_image/package.ps1'
[12.223s] INFO:colcon.colcon_core.shell:Creating package descriptor '/home/jetson/ANI717_Robotics/robot_ws/install/ros2_save_camera_image/share/ros2_save_camera_image/package.dsv'
[12.226s] INFO:colcon.colcon_core.shell:Creating package script '/home/jetson/ANI717_Robotics/robot_ws/install/ros2_save_camera_image/share/ros2_save_camera_image/package.sh'
[12.229s] INFO:colcon.colcon_core.shell:Creating package script '/home/jetson/ANI717_Robotics/robot_ws/install/ros2_save_camera_image/share/ros2_save_camera_image/package.bash'
[12.231s] INFO:colcon.colcon_core.shell:Creating package script '/home/jetson/ANI717_Robotics/robot_ws/install/ros2_save_camera_image/share/ros2_save_camera_image/package.zsh'
[12.232s] Level 1:colcon.colcon_core.environment:create_file_with_runtime_dependencies(/home/jetson/ANI717_Robotics/robot_ws/install/ros2_save_camera_image/share/colcon-core/packages/ros2_save_camera_image)
[12.237s] Level 1:colcon.colcon_core.shell:create_environment_hook('ros2_gamepad_to_twist_message', 'pythonpath_develop')
[12.240s] INFO:colcon.colcon_core.shell:Creating environment hook '/home/jetson/ANI717_Robotics/robot_ws/build/ros2_gamepad_to_twist_message/share/ros2_gamepad_to_twist_message/hook/pythonpath_develop.ps1'
[12.243s] INFO:colcon.colcon_core.shell:Creating environment descriptor '/home/jetson/ANI717_Robotics/robot_ws/build/ros2_gamepad_to_twist_message/share/ros2_gamepad_to_twist_message/hook/pythonpath_develop.dsv'
[12.246s] DEBUG:colcon.colcon_core.event_handler.log_command:Invoked command in '/home/jetson/ANI717_Robotics/robot_ws/build/ros2_gamepad_to_twist_message' returned '0': PYTHONPATH=/home/jetson/ANI717_Robotics/robot_ws/install/ros2_gamepad_to_twist_message/lib/python3.8/site-packages:${PYTHONPATH} /usr/bin/python3 setup.py develop --prefix /home/jetson/ANI717_Robotics/robot_ws/install/ros2_gamepad_to_twist_message --editable --build-directory /home/jetson/ANI717_Robotics/robot_ws/build/ros2_gamepad_to_twist_message/build --no-deps install_data --install-dir /home/jetson/ANI717_Robotics/robot_ws/install/ros2_gamepad_to_twist_message
[12.249s] INFO:colcon.colcon_core.shell:Creating environment hook '/home/jetson/ANI717_Robotics/robot_ws/build/ros2_gamepad_to_twist_message/share/ros2_gamepad_to_twist_message/hook/pythonpath_develop.sh'
[12.257s] Level 1:colcon.colcon_core.environment:checking '/home/jetson/ANI717_Robotics/robot_ws/install/ros2_gamepad_to_twist_message' for CMake module files
[12.259s] Level 1:colcon.colcon_core.environment:checking '/home/jetson/ANI717_Robotics/robot_ws/install/ros2_gamepad_to_twist_message' for CMake config files
[12.262s] Level 1:colcon.colcon_core.environment:checking '/home/jetson/ANI717_Robotics/robot_ws/install/ros2_gamepad_to_twist_message/lib'
[12.263s] Level 1:colcon.colcon_core.environment:checking '/home/jetson/ANI717_Robotics/robot_ws/install/ros2_gamepad_to_twist_message/bin'
[12.263s] Level 1:colcon.colcon_core.environment:checking '/home/jetson/ANI717_Robotics/robot_ws/install/ros2_gamepad_to_twist_message/lib/pkgconfig/ros2_gamepad_to_twist_message.pc'
[12.264s] Level 1:colcon.colcon_core.environment:checking '/home/jetson/ANI717_Robotics/robot_ws/install/ros2_gamepad_to_twist_message/lib/python3.8/site-packages'
[12.264s] Level 1:colcon.colcon_core.shell:create_environment_hook('ros2_gamepad_to_twist_message', 'pythonpath')
[12.268s] INFO:colcon.colcon_core.shell:Creating environment hook '/home/jetson/ANI717_Robotics/robot_ws/install/ros2_gamepad_to_twist_message/share/ros2_gamepad_to_twist_message/hook/pythonpath.ps1'
[12.270s] INFO:colcon.colcon_core.shell:Creating environment descriptor '/home/jetson/ANI717_Robotics/robot_ws/install/ros2_gamepad_to_twist_message/share/ros2_gamepad_to_twist_message/hook/pythonpath.dsv'
[12.272s] INFO:colcon.colcon_core.shell:Creating environment hook '/home/jetson/ANI717_Robotics/robot_ws/install/ros2_gamepad_to_twist_message/share/ros2_gamepad_to_twist_message/hook/pythonpath.sh'
[12.275s] Level 1:colcon.colcon_core.environment:checking '/home/jetson/ANI717_Robotics/robot_ws/install/ros2_gamepad_to_twist_message/bin'
[12.276s] Level 1:colcon.colcon_core.environment:create_environment_scripts_only(ros2_gamepad_to_twist_message)
[12.280s] INFO:colcon.colcon_core.shell:Creating package script '/home/jetson/ANI717_Robotics/robot_ws/install/ros2_gamepad_to_twist_message/share/ros2_gamepad_to_twist_message/package.ps1'
[12.283s] INFO:colcon.colcon_core.shell:Creating package descriptor '/home/jetson/ANI717_Robotics/robot_ws/install/ros2_gamepad_to_twist_message/share/ros2_gamepad_to_twist_message/package.dsv'
[12.286s] INFO:colcon.colcon_core.shell:Creating package script '/home/jetson/ANI717_Robotics/robot_ws/install/ros2_gamepad_to_twist_message/share/ros2_gamepad_to_twist_message/package.sh'
[12.289s] INFO:colcon.colcon_core.shell:Creating package script '/home/jetson/ANI717_Robotics/robot_ws/install/ros2_gamepad_to_twist_message/share/ros2_gamepad_to_twist_message/package.bash'
[12.291s] INFO:colcon.colcon_core.shell:Creating package script '/home/jetson/ANI717_Robotics/robot_ws/install/ros2_gamepad_to_twist_message/share/ros2_gamepad_to_twist_message/package.zsh'
[12.293s] Level 1:colcon.colcon_core.environment:create_file_with_runtime_dependencies(/home/jetson/ANI717_Robotics/robot_ws/install/ros2_gamepad_to_twist_message/share/colcon-core/packages/ros2_gamepad_to_twist_message)
[13.679s] INFO:colcon.colcon_core.task.python.build:Building Python package in '/home/jetson/ANI717_Robotics/robot_ws/src/ros2_twist_message_to_robot_motion'
[13.682s] INFO:colcon.colcon_core.shell:Skip shell extension 'powershell' for command environment: Not usable outside of PowerShell
[13.683s] DEBUG:colcon.colcon_core.shell:Skip shell extension 'dsv' for command environment
[13.738s] Level 1:colcon.colcon_core.shell:create_environment_hook('ros2_csi_camera_publish', 'pythonpath_develop')
[13.742s] INFO:colcon.colcon_core.shell:Creating environment hook '/home/jetson/ANI717_Robotics/robot_ws/build/ros2_csi_camera_publish/share/ros2_csi_camera_publish/hook/pythonpath_develop.ps1'
[13.744s] DEBUG:colcon.colcon_core.event_handler.log_command:Invoked command in '/home/jetson/ANI717_Robotics/robot_ws/build/ros2_csi_camera_publish' returned '0': PYTHONPATH=/home/jetson/ANI717_Robotics/robot_ws/install/ros2_csi_camera_publish/lib/python3.8/site-packages:${PYTHONPATH} /usr/bin/python3 setup.py develop --prefix /home/jetson/ANI717_Robotics/robot_ws/install/ros2_csi_camera_publish --editable --build-directory /home/jetson/ANI717_Robotics/robot_ws/build/ros2_csi_camera_publish/build --no-deps install_data --install-dir /home/jetson/ANI717_Robotics/robot_ws/install/ros2_csi_camera_publish
[13.745s] INFO:colcon.colcon_core.shell:Creating environment descriptor '/home/jetson/ANI717_Robotics/robot_ws/build/ros2_csi_camera_publish/share/ros2_csi_camera_publish/hook/pythonpath_develop.dsv'
[13.747s] INFO:colcon.colcon_core.shell:Creating environment hook '/home/jetson/ANI717_Robotics/robot_ws/build/ros2_csi_camera_publish/share/ros2_csi_camera_publish/hook/pythonpath_develop.sh'
[13.753s] Level 1:colcon.colcon_core.environment:checking '/home/jetson/ANI717_Robotics/robot_ws/install/ros2_csi_camera_publish' for CMake module files
[13.755s] Level 1:colcon.colcon_core.environment:checking '/home/jetson/ANI717_Robotics/robot_ws/install/ros2_csi_camera_publish' for CMake config files
[13.758s] Level 1:colcon.colcon_core.environment:checking '/home/jetson/ANI717_Robotics/robot_ws/install/ros2_csi_camera_publish/lib'
[13.758s] Level 1:colcon.colcon_core.environment:checking '/home/jetson/ANI717_Robotics/robot_ws/install/ros2_csi_camera_publish/bin'
[13.758s] Level 1:colcon.colcon_core.environment:checking '/home/jetson/ANI717_Robotics/robot_ws/install/ros2_csi_camera_publish/lib/pkgconfig/ros2_csi_camera_publish.pc'
[13.759s] Level 1:colcon.colcon_core.environment:checking '/home/jetson/ANI717_Robotics/robot_ws/install/ros2_csi_camera_publish/lib/python3.8/site-packages'
[13.760s] Level 1:colcon.colcon_core.shell:create_environment_hook('ros2_csi_camera_publish', 'pythonpath')
[13.762s] INFO:colcon.colcon_core.shell:Creating environment hook '/home/jetson/ANI717_Robotics/robot_ws/install/ros2_csi_camera_publish/share/ros2_csi_camera_publish/hook/pythonpath.ps1'
[13.764s] INFO:colcon.colcon_core.shell:Creating environment descriptor '/home/jetson/ANI717_Robotics/robot_ws/install/ros2_csi_camera_publish/share/ros2_csi_camera_publish/hook/pythonpath.dsv'
[13.766s] INFO:colcon.colcon_core.shell:Creating environment hook '/home/jetson/ANI717_Robotics/robot_ws/install/ros2_csi_camera_publish/share/ros2_csi_camera_publish/hook/pythonpath.sh'
[13.768s] Level 1:colcon.colcon_core.environment:checking '/home/jetson/ANI717_Robotics/robot_ws/install/ros2_csi_camera_publish/bin'
[13.768s] Level 1:colcon.colcon_core.environment:create_environment_scripts_only(ros2_csi_camera_publish)
[13.772s] INFO:colcon.colcon_core.shell:Creating package script '/home/jetson/ANI717_Robotics/robot_ws/install/ros2_csi_camera_publish/share/ros2_csi_camera_publish/package.ps1'
[13.774s] INFO:colcon.colcon_core.shell:Creating package descriptor '/home/jetson/ANI717_Robotics/robot_ws/install/ros2_csi_camera_publish/share/ros2_csi_camera_publish/package.dsv'
[13.776s] INFO:colcon.colcon_core.shell:Creating package script '/home/jetson/ANI717_Robotics/robot_ws/install/ros2_csi_camera_publish/share/ros2_csi_camera_publish/package.sh'
[13.779s] INFO:colcon.colcon_core.shell:Creating package script '/home/jetson/ANI717_Robotics/robot_ws/install/ros2_csi_camera_publish/share/ros2_csi_camera_publish/package.bash'
[13.780s] INFO:colcon.colcon_core.shell:Creating package script '/home/jetson/ANI717_Robotics/robot_ws/install/ros2_csi_camera_publish/share/ros2_csi_camera_publish/package.zsh'
[13.782s] Level 1:colcon.colcon_core.environment:create_file_with_runtime_dependencies(/home/jetson/ANI717_Robotics/robot_ws/install/ros2_csi_camera_publish/share/colcon-core/packages/ros2_csi_camera_publish)
[15.862s] DEBUG:colcon.colcon_core.event_handler.log_command:Invoking command in '/home/jetson/ANI717_Robotics/robot_ws/build/ros2_twist_message_to_robot_motion': PYTHONPATH=/home/jetson/ANI717_Robotics/robot_ws/install/ros2_twist_message_to_robot_motion/lib/python3.8/site-packages:${PYTHONPATH} /usr/bin/python3 setup.py develop --prefix /home/jetson/ANI717_Robotics/robot_ws/install/ros2_twist_message_to_robot_motion --editable --build-directory /home/jetson/ANI717_Robotics/robot_ws/build/ros2_twist_message_to_robot_motion/build --no-deps install_data --install-dir /home/jetson/ANI717_Robotics/robot_ws/install/ros2_twist_message_to_robot_motion
[18.140s] Level 1:colcon.colcon_core.shell:create_environment_hook('ros2_twist_message_to_robot_motion', 'pythonpath_develop')
[18.143s] INFO:colcon.colcon_core.shell:Creating environment hook '/home/jetson/ANI717_Robotics/robot_ws/build/ros2_twist_message_to_robot_motion/share/ros2_twist_message_to_robot_motion/hook/pythonpath_develop.ps1'
[18.145s] DEBUG:colcon.colcon_core.event_handler.log_command:Invoked command in '/home/jetson/ANI717_Robotics/robot_ws/build/ros2_twist_message_to_robot_motion' returned '0': PYTHONPATH=/home/jetson/ANI717_Robotics/robot_ws/install/ros2_twist_message_to_robot_motion/lib/python3.8/site-packages:${PYTHONPATH} /usr/bin/python3 setup.py develop --prefix /home/jetson/ANI717_Robotics/robot_ws/install/ros2_twist_message_to_robot_motion --editable --build-directory /home/jetson/ANI717_Robotics/robot_ws/build/ros2_twist_message_to_robot_motion/build --no-deps install_data --install-dir /home/jetson/ANI717_Robotics/robot_ws/install/ros2_twist_message_to_robot_motion
[18.146s] INFO:colcon.colcon_core.shell:Creating environment descriptor '/home/jetson/ANI717_Robotics/robot_ws/build/ros2_twist_message_to_robot_motion/share/ros2_twist_message_to_robot_motion/hook/pythonpath_develop.dsv'
[18.148s] INFO:colcon.colcon_core.shell:Creating environment hook '/home/jetson/ANI717_Robotics/robot_ws/build/ros2_twist_message_to_robot_motion/share/ros2_twist_message_to_robot_motion/hook/pythonpath_develop.sh'
[18.153s] Level 1:colcon.colcon_core.environment:checking '/home/jetson/ANI717_Robotics/robot_ws/install/ros2_twist_message_to_robot_motion' for CMake module files
[18.156s] Level 1:colcon.colcon_core.environment:checking '/home/jetson/ANI717_Robotics/robot_ws/install/ros2_twist_message_to_robot_motion' for CMake config files
[18.159s] Level 1:colcon.colcon_core.environment:checking '/home/jetson/ANI717_Robotics/robot_ws/install/ros2_twist_message_to_robot_motion/lib'
[18.159s] Level 1:colcon.colcon_core.environment:checking '/home/jetson/ANI717_Robotics/robot_ws/install/ros2_twist_message_to_robot_motion/bin'
[18.159s] Level 1:colcon.colcon_core.environment:checking '/home/jetson/ANI717_Robotics/robot_ws/install/ros2_twist_message_to_robot_motion/lib/pkgconfig/ros2_twist_message_to_robot_motion.pc'
[18.160s] Level 1:colcon.colcon_core.environment:checking '/home/jetson/ANI717_Robotics/robot_ws/install/ros2_twist_message_to_robot_motion/lib/python3.8/site-packages'
[18.161s] Level 1:colcon.colcon_core.shell:create_environment_hook('ros2_twist_message_to_robot_motion', 'pythonpath')
[18.163s] INFO:colcon.colcon_core.shell:Creating environment hook '/home/jetson/ANI717_Robotics/robot_ws/install/ros2_twist_message_to_robot_motion/share/ros2_twist_message_to_robot_motion/hook/pythonpath.ps1'
[18.165s] INFO:colcon.colcon_core.shell:Creating environment descriptor '/home/jetson/ANI717_Robotics/robot_ws/install/ros2_twist_message_to_robot_motion/share/ros2_twist_message_to_robot_motion/hook/pythonpath.dsv'
[18.166s] INFO:colcon.colcon_core.shell:Creating environment hook '/home/jetson/ANI717_Robotics/robot_ws/install/ros2_twist_message_to_robot_motion/share/ros2_twist_message_to_robot_motion/hook/pythonpath.sh'
[18.168s] Level 1:colcon.colcon_core.environment:checking '/home/jetson/ANI717_Robotics/robot_ws/install/ros2_twist_message_to_robot_motion/bin'
[18.168s] Level 1:colcon.colcon_core.environment:create_environment_scripts_only(ros2_twist_message_to_robot_motion)
[18.171s] INFO:colcon.colcon_core.shell:Creating package script '/home/jetson/ANI717_Robotics/robot_ws/install/ros2_twist_message_to_robot_motion/share/ros2_twist_message_to_robot_motion/package.ps1'
[18.173s] INFO:colcon.colcon_core.shell:Creating package descriptor '/home/jetson/ANI717_Robotics/robot_ws/install/ros2_twist_message_to_robot_motion/share/ros2_twist_message_to_robot_motion/package.dsv'
[18.175s] INFO:colcon.colcon_core.shell:Creating package script '/home/jetson/ANI717_Robotics/robot_ws/install/ros2_twist_message_to_robot_motion/share/ros2_twist_message_to_robot_motion/package.sh'
[18.177s] INFO:colcon.colcon_core.shell:Creating package script '/home/jetson/ANI717_Robotics/robot_ws/install/ros2_twist_message_to_robot_motion/share/ros2_twist_message_to_robot_motion/package.bash'
[18.178s] INFO:colcon.colcon_core.shell:Creating package script '/home/jetson/ANI717_Robotics/robot_ws/install/ros2_twist_message_to_robot_motion/share/ros2_twist_message_to_robot_motion/package.zsh'
[18.180s] Level 1:colcon.colcon_core.environment:create_file_with_runtime_dependencies(/home/jetson/ANI717_Robotics/robot_ws/install/ros2_twist_message_to_robot_motion/share/colcon-core/packages/ros2_twist_message_to_robot_motion)
[18.181s] INFO:colcon.colcon_ros.task.ament_python.build:Building ROS package in '/home/jetson/ANI717_Robotics/robot_ws/src/robot_app' with build type 'ament_python'
[18.182s] Level 1:colcon.colcon_core.shell:create_environment_hook('robot_app', 'ament_prefix_path')
[18.184s] INFO:colcon.colcon_core.shell:Creating environment hook '/home/jetson/ANI717_Robotics/robot_ws/install/robot_app/share/robot_app/hook/ament_prefix_path.ps1'
[18.187s] INFO:colcon.colcon_core.shell:Creating environment descriptor '/home/jetson/ANI717_Robotics/robot_ws/install/robot_app/share/robot_app/hook/ament_prefix_path.dsv'
[18.189s] INFO:colcon.colcon_core.shell:Creating environment hook '/home/jetson/ANI717_Robotics/robot_ws/install/robot_app/share/robot_app/hook/ament_prefix_path.sh'
[18.193s] INFO:colcon.colcon_core.shell:Skip shell extension 'powershell' for command environment: Not usable outside of PowerShell
[18.194s] DEBUG:colcon.colcon_core.shell:Skip shell extension 'dsv' for command environment
[19.482s] INFO:colcon.colcon_core.task.python.build:Building Python package in '/home/jetson/ANI717_Robotics/robot_ws/src/robot_app'
[19.487s] INFO:colcon.colcon_core.shell:Skip shell extension 'powershell' for command environment: Not usable outside of PowerShell
[19.487s] DEBUG:colcon.colcon_core.shell:Skip shell extension 'dsv' for command environment
[21.396s] DEBUG:colcon.colcon_core.event_handler.log_command:Invoking command in '/home/jetson/ANI717_Robotics/robot_ws/build/robot_app': AMENT_PREFIX_PATH=/home/jetson/ANI717_Robotics/robot_ws/install/ros2_twist_message_to_robot_motion:/home/jetson/ANI717_Robotics/robot_ws/install/ros2_save_camera_image:/home/jetson/ANI717_Robotics/robot_ws/install/ros2_gamepad_to_twist_message:/home/jetson/ANI717_Robotics/robot_ws/install/ros2_deep_learning_to_twist_message:/home/jetson/ANI717_Robotics/robot_ws/install/ros2_csi_camera_publish:/home/jetson/ANI717_Robotics/robot_ws/install/robot_app:/home/jetson/ros2_foxy/ros2-linux PYTHONPATH=/home/jetson/ANI717_Robotics/robot_ws/install/robot_app/lib/python3.8/site-packages:/home/jetson/ANI717_Robotics/robot_ws/build/ros2_twist_message_to_robot_motion:/home/jetson/ANI717_Robotics/robot_ws/install/ros2_twist_message_to_robot_motion/lib/python3.8/site-packages:/home/jetson/ANI717_Robotics/robot_ws/build/ros2_save_camera_image:/home/jetson/ANI717_Robotics/robot_ws/install/ros2_save_camera_image/lib/python3.8/site-packages:/home/jetson/ANI717_Robotics/robot_ws/build/ros2_gamepad_to_twist_message:/home/jetson/ANI717_Robotics/robot_ws/install/ros2_gamepad_to_twist_message/lib/python3.8/site-packages:/home/jetson/ANI717_Robotics/robot_ws/build/ros2_deep_learning_to_twist_message:/home/jetson/ANI717_Robotics/robot_ws/install/ros2_deep_learning_to_twist_message/lib/python3.8/site-packages:/home/jetson/ANI717_Robotics/robot_ws/build/ros2_csi_camera_publish:/home/jetson/ANI717_Robotics/robot_ws/install/ros2_csi_camera_publish/lib/python3.8/site-packages:/home/jetson/ANI717_Robotics/robot_ws/build/robot_app:/home/jetson/ANI717_Robotics/robot_ws/install/robot_app/lib/python3.8/site-packages:/home/jetson/ros2_foxy/ros2-linux/lib/python3.8/site-packages /usr/bin/python3 setup.py develop --prefix /home/jetson/ANI717_Robotics/robot_ws/install/robot_app --editable --build-directory /home/jetson/ANI717_Robotics/robot_ws/build/robot_app/build --no-deps install_data --install-dir /home/jetson/ANI717_Robotics/robot_ws/install/robot_app
[23.670s] Level 1:colcon.colcon_core.shell:create_environment_hook('robot_app', 'pythonpath_develop')
[23.677s] INFO:colcon.colcon_core.shell:Creating environment hook '/home/jetson/ANI717_Robotics/robot_ws/build/robot_app/share/robot_app/hook/pythonpath_develop.ps1'
[23.678s] DEBUG:colcon.colcon_core.event_handler.log_command:Invoked command in '/home/jetson/ANI717_Robotics/robot_ws/build/robot_app' returned '0': AMENT_PREFIX_PATH=/home/jetson/ANI717_Robotics/robot_ws/install/ros2_twist_message_to_robot_motion:/home/jetson/ANI717_Robotics/robot_ws/install/ros2_save_camera_image:/home/jetson/ANI717_Robotics/robot_ws/install/ros2_gamepad_to_twist_message:/home/jetson/ANI717_Robotics/robot_ws/install/ros2_deep_learning_to_twist_message:/home/jetson/ANI717_Robotics/robot_ws/install/ros2_csi_camera_publish:/home/jetson/ANI717_Robotics/robot_ws/install/robot_app:/home/jetson/ros2_foxy/ros2-linux PYTHONPATH=/home/jetson/ANI717_Robotics/robot_ws/install/robot_app/lib/python3.8/site-packages:/home/jetson/ANI717_Robotics/robot_ws/build/ros2_twist_message_to_robot_motion:/home/jetson/ANI717_Robotics/robot_ws/install/ros2_twist_message_to_robot_motion/lib/python3.8/site-packages:/home/jetson/ANI717_Robotics/robot_ws/build/ros2_save_camera_image:/home/jetson/ANI717_Robotics/robot_ws/install/ros2_save_camera_image/lib/python3.8/site-packages:/home/jetson/ANI717_Robotics/robot_ws/build/ros2_gamepad_to_twist_message:/home/jetson/ANI717_Robotics/robot_ws/install/ros2_gamepad_to_twist_message/lib/python3.8/site-packages:/home/jetson/ANI717_Robotics/robot_ws/build/ros2_deep_learning_to_twist_message:/home/jetson/ANI717_Robotics/robot_ws/install/ros2_deep_learning_to_twist_message/lib/python3.8/site-packages:/home/jetson/ANI717_Robotics/robot_ws/build/ros2_csi_camera_publish:/home/jetson/ANI717_Robotics/robot_ws/install/ros2_csi_camera_publish/lib/python3.8/site-packages:/home/jetson/ANI717_Robotics/robot_ws/build/robot_app:/home/jetson/ANI717_Robotics/robot_ws/install/robot_app/lib/python3.8/site-packages:/home/jetson/ros2_foxy/ros2-linux/lib/python3.8/site-packages /usr/bin/python3 setup.py develop --prefix /home/jetson/ANI717_Robotics/robot_ws/install/robot_app --editable --build-directory /home/jetson/ANI717_Robotics/robot_ws/build/robot_app/build --no-deps install_data --install-dir /home/jetson/ANI717_Robotics/robot_ws/install/robot_app
[23.680s] INFO:colcon.colcon_core.shell:Creating environment descriptor '/home/jetson/ANI717_Robotics/robot_ws/build/robot_app/share/robot_app/hook/pythonpath_develop.dsv'
[23.681s] INFO:colcon.colcon_core.shell:Creating environment hook '/home/jetson/ANI717_Robotics/robot_ws/build/robot_app/share/robot_app/hook/pythonpath_develop.sh'
[23.687s] Level 1:colcon.colcon_core.environment:checking '/home/jetson/ANI717_Robotics/robot_ws/install/robot_app' for CMake module files
[23.689s] Level 1:colcon.colcon_core.environment:checking '/home/jetson/ANI717_Robotics/robot_ws/install/robot_app' for CMake config files
[23.691s] Level 1:colcon.colcon_core.environment:checking '/home/jetson/ANI717_Robotics/robot_ws/install/robot_app/lib'
[23.691s] Level 1:colcon.colcon_core.environment:checking '/home/jetson/ANI717_Robotics/robot_ws/install/robot_app/bin'
[23.692s] Level 1:colcon.colcon_core.environment:checking '/home/jetson/ANI717_Robotics/robot_ws/install/robot_app/lib/pkgconfig/robot_app.pc'
[23.692s] Level 1:colcon.colcon_core.environment:checking '/home/jetson/ANI717_Robotics/robot_ws/install/robot_app/lib/python3.8/site-packages'
[23.693s] Level 1:colcon.colcon_core.shell:create_environment_hook('robot_app', 'pythonpath')
[23.695s] INFO:colcon.colcon_core.shell:Creating environment hook '/home/jetson/ANI717_Robotics/robot_ws/install/robot_app/share/robot_app/hook/pythonpath.ps1'
[23.697s] INFO:colcon.colcon_core.shell:Creating environment descriptor '/home/jetson/ANI717_Robotics/robot_ws/install/robot_app/share/robot_app/hook/pythonpath.dsv'
[23.699s] INFO:colcon.colcon_core.shell:Creating environment hook '/home/jetson/ANI717_Robotics/robot_ws/install/robot_app/share/robot_app/hook/pythonpath.sh'
[23.701s] Level 1:colcon.colcon_core.environment:checking '/home/jetson/ANI717_Robotics/robot_ws/install/robot_app/bin'
[23.701s] Level 1:colcon.colcon_core.environment:create_environment_scripts_only(robot_app)
[23.704s] INFO:colcon.colcon_core.shell:Creating package script '/home/jetson/ANI717_Robotics/robot_ws/install/robot_app/share/robot_app/package.ps1'
[23.707s] INFO:colcon.colcon_core.shell:Creating package descriptor '/home/jetson/ANI717_Robotics/robot_ws/install/robot_app/share/robot_app/package.dsv'
[23.708s] INFO:colcon.colcon_core.shell:Creating package script '/home/jetson/ANI717_Robotics/robot_ws/install/robot_app/share/robot_app/package.sh'
[23.710s] INFO:colcon.colcon_core.shell:Creating package script '/home/jetson/ANI717_Robotics/robot_ws/install/robot_app/share/robot_app/package.bash'
[23.711s] INFO:colcon.colcon_core.shell:Creating package script '/home/jetson/ANI717_Robotics/robot_ws/install/robot_app/share/robot_app/package.zsh'
[23.713s] Level 1:colcon.colcon_core.environment:create_file_with_runtime_dependencies(/home/jetson/ANI717_Robotics/robot_ws/install/robot_app/share/colcon-core/packages/robot_app)
[23.714s] DEBUG:colcon.colcon_parallel_executor.executor.parallel:closing loop
[23.715s] DEBUG:colcon.colcon_parallel_executor.executor.parallel:loop closed
[23.716s] DEBUG:colcon.colcon_parallel_executor.executor.parallel:run_until_complete finished with '0'
[23.716s] DEBUG:colcon.colcon_core.event_reactor:joining thread
[23.741s] INFO:colcon.colcon_core.plugin_system:Skipping extension 'colcon_notification.desktop_notification.terminal_notifier': Not used on non-Darwin systems
[23.742s] INFO:colcon.colcon_core.plugin_system:Skipping extension 'colcon_notification.desktop_notification.win32': Not used on non-Windows systems
[23.742s] INFO:colcon.colcon_notification.desktop_notification:Sending desktop notification using 'notify2'
[23.762s] DEBUG:colcon.colcon_core.event_reactor:joined thread
[23.765s] INFO:colcon.colcon_core.shell:Creating prefix script '/home/jetson/ANI717_Robotics/robot_ws/install/local_setup.ps1'
[23.770s] INFO:colcon.colcon_core.shell:Creating prefix util module '/home/jetson/ANI717_Robotics/robot_ws/install/_local_setup_util_ps1.py'
[23.776s] INFO:colcon.colcon_core.shell:Creating prefix chain script '/home/jetson/ANI717_Robotics/robot_ws/install/setup.ps1'
[23.781s] INFO:colcon.colcon_core.shell:Creating prefix script '/home/jetson/ANI717_Robotics/robot_ws/install/local_setup.sh'
[23.783s] INFO:colcon.colcon_core.shell:Creating prefix util module '/home/jetson/ANI717_Robotics/robot_ws/install/_local_setup_util_sh.py'
[23.785s] INFO:colcon.colcon_core.shell:Creating prefix chain script '/home/jetson/ANI717_Robotics/robot_ws/install/setup.sh'
[23.791s] INFO:colcon.colcon_core.shell:Creating prefix script '/home/jetson/ANI717_Robotics/robot_ws/install/local_setup.bash'
[23.793s] INFO:colcon.colcon_core.shell:Creating prefix chain script '/home/jetson/ANI717_Robotics/robot_ws/install/setup.bash'
[23.798s] INFO:colcon.colcon_core.shell:Creating prefix script '/home/jetson/ANI717_Robotics/robot_ws/install/local_setup.zsh'
[23.800s] INFO:colcon.colcon_core.shell:Creating prefix chain script '/home/jetson/ANI717_Robotics/robot_ws/install/setup.zsh'
