running develop
running egg_info
creating ros2_save_camera_image.egg-info
writing ros2_save_camera_image.egg-info/PKG-INFO
writing dependency_links to ros2_save_camera_image.egg-info/dependency_links.txt
writing entry points to ros2_save_camera_image.egg-info/entry_points.txt
writing requirements to ros2_save_camera_image.egg-info/requires.txt
writing top-level names to ros2_save_camera_image.egg-info/top_level.txt
writing manifest file 'ros2_save_camera_image.egg-info/SOURCES.txt'
reading manifest file 'ros2_save_camera_image.egg-info/SOURCES.txt'
writing manifest file 'ros2_save_camera_image.egg-info/SOURCES.txt'
running build_ext
Creating /home/jetson/ANI717_Robotics/robot_ws/install/ros2_save_camera_image/lib/python3.8/site-packages/ros2-save-camera-image.egg-link (link to .)
Installing execute script to /home/jetson/ANI717_Robotics/robot_ws/install/ros2_save_camera_image/lib/ros2_save_camera_image

Installed /home/jetson/ANI717_Robotics/robot_ws/build/ros2_save_camera_image
running install_data
creating /home/jetson/ANI717_Robotics/robot_ws/install/ros2_save_camera_image/share/ament_index
creating /home/jetson/ANI717_Robotics/robot_ws/install/ros2_save_camera_image/share/ament_index/resource_index
creating /home/jetson/ANI717_Robotics/robot_ws/install/ros2_save_camera_image/share/ament_index/resource_index/packages
copying resource/ros2_save_camera_image -> /home/jetson/ANI717_Robotics/robot_ws/install/ros2_save_camera_image/share/ament_index/resource_index/packages
copying package.xml -> /home/jetson/ANI717_Robotics/robot_ws/install/ros2_save_camera_image/share/ros2_save_camera_image
copying settings.json -> /home/jetson/ANI717_Robotics/robot_ws/install/ros2_save_camera_image/share/ros2_save_camera_image
creating /home/jetson/ANI717_Robotics/robot_ws/install/ros2_save_camera_image/share/ros2_save_camera_image/launch
copying launch/launch.py -> /home/jetson/ANI717_Robotics/robot_ws/install/ros2_save_camera_image/share/ros2_save_camera_image/launch
