[7.064s] Invoking command in '/home/jetson/ANI717_Robotics/robot_ws/build/ros2_save_camera_image': PYTHONPATH=/home/jetson/ANI717_Robotics/robot_ws/install/ros2_save_camera_image/lib/python3.8/site-packages:${PYTHONPATH} /usr/bin/python3 setup.py develop --prefix /home/jetson/ANI717_Robotics/robot_ws/install/ros2_save_camera_image --editable --build-directory /home/jetson/ANI717_Robotics/robot_ws/build/ros2_save_camera_image/build --no-deps install_data --install-dir /home/jetson/ANI717_Robotics/robot_ws/install/ros2_save_camera_image
[8.374s] running develop
[9.130s] running egg_info
[9.131s] creating ros2_save_camera_image.egg-info
[9.132s] writing ros2_save_camera_image.egg-info/PKG-INFO
[9.134s] writing dependency_links to ros2_save_camera_image.egg-info/dependency_links.txt
[9.135s] writing entry points to ros2_save_camera_image.egg-info/entry_points.txt
[9.136s] writing requirements to ros2_save_camera_image.egg-info/requires.txt
[9.137s] writing top-level names to ros2_save_camera_image.egg-info/top_level.txt
[9.143s] writing manifest file 'ros2_save_camera_image.egg-info/SOURCES.txt'
[9.150s] reading manifest file 'ros2_save_camera_image.egg-info/SOURCES.txt'
[9.154s] writing manifest file 'ros2_save_camera_image.egg-info/SOURCES.txt'
[9.335s] running build_ext
[9.337s] Creating /home/jetson/ANI717_Robotics/robot_ws/install/ros2_save_camera_image/lib/python3.8/site-packages/ros2-save-camera-image.egg-link (link to .)
[9.342s] Installing execute script to /home/jetson/ANI717_Robotics/robot_ws/install/ros2_save_camera_image/lib/ros2_save_camera_image
[9.344s] 
[9.345s] Installed /home/jetson/ANI717_Robotics/robot_ws/build/ros2_save_camera_image
[9.346s] running install_data
[9.348s] creating /home/jetson/ANI717_Robotics/robot_ws/install/ros2_save_camera_image/share/ament_index
[9.349s] creating /home/jetson/ANI717_Robotics/robot_ws/install/ros2_save_camera_image/share/ament_index/resource_index
[9.351s] creating /home/jetson/ANI717_Robotics/robot_ws/install/ros2_save_camera_image/share/ament_index/resource_index/packages
[9.352s] copying resource/ros2_save_camera_image -> /home/jetson/ANI717_Robotics/robot_ws/install/ros2_save_camera_image/share/ament_index/resource_index/packages
[9.354s] copying package.xml -> /home/jetson/ANI717_Robotics/robot_ws/install/ros2_save_camera_image/share/ros2_save_camera_image
[9.356s] copying settings.json -> /home/jetson/ANI717_Robotics/robot_ws/install/ros2_save_camera_image/share/ros2_save_camera_image
[9.358s] creating /home/jetson/ANI717_Robotics/robot_ws/install/ros2_save_camera_image/share/ros2_save_camera_image/launch
[9.359s] copying launch/launch.py -> /home/jetson/ANI717_Robotics/robot_ws/install/ros2_save_camera_image/share/ros2_save_camera_image/launch
[9.601s] Invoked command in '/home/jetson/ANI717_Robotics/robot_ws/build/ros2_save_camera_image' returned '0': PYTHONPATH=/home/jetson/ANI717_Robotics/robot_ws/install/ros2_save_camera_image/lib/python3.8/site-packages:${PYTHONPATH} /usr/bin/python3 setup.py develop --prefix /home/jetson/ANI717_Robotics/robot_ws/install/ros2_save_camera_image --editable --build-directory /home/jetson/ANI717_Robotics/robot_ws/build/ros2_save_camera_image/build --no-deps install_data --install-dir /home/jetson/ANI717_Robotics/robot_ws/install/ros2_save_camera_image
