[0.841s] DEBUG:colcon:Command line arguments: ['/usr/bin/colcon', 'build', '--symlink-install']
[0.841s] DEBUG:colcon:Parsed command line arguments: Namespace(allow_overriding=[], ament_cmake_args=None, base_paths=['.'], build_base='build', catkin_cmake_args=None, catkin_skip_building_tests=False, cmake_args=None, cmake_clean_cache=False, cmake_clean_first=False, cmake_force_configure=False, cmake_target=None, cmake_target_skip_unavailable=False, continue_on_error=False, event_handlers=None, executor='parallel', ignore_user_meta=False, install_base='install', log_base=None, log_level=None, main=<bound method BuildVerb.main of <colcon_core.verb.build.BuildVerb object at 0x7f82017c40>>, merge_install=False, metas=['./colcon.meta'], packages_above=None, packages_above_and_dependencies=None, packages_above_depth=None, packages_end=None, packages_ignore=None, packages_ignore_regex=None, packages_select=None, packages_select_build_failed=False, packages_select_by_dep=None, packages_select_regex=None, packages_select_test_failures=False, packages_skip=None, packages_skip_build_finished=False, packages_skip_by_dep=None, packages_skip_regex=None, packages_skip_test_passed=False, packages_skip_up_to=None, packages_start=None, packages_up_to=None, packages_up_to_regex=None, parallel_workers=4, paths=None, symlink_install=True, test_result_base=None, verb_extension=<colcon_core.verb.build.BuildVerb object at 0x7f82017c40>, verb_name='build', verb_parser=<colcon_defaults.argument_parser.defaults.DefaultArgumentsDecorator object at 0x7f820221f0>)
[0.962s] Level 1:colcon.colcon_core.package_discovery:discover_packages(colcon_meta) check parameters
[0.963s] Level 1:colcon.colcon_core.package_discovery:discover_packages(recursive) check parameters
[0.963s] Level 1:colcon.colcon_core.package_discovery:discover_packages(ignore) check parameters
[0.963s] Level 1:colcon.colcon_core.package_discovery:discover_packages(path) check parameters
[0.963s] Level 1:colcon.colcon_core.package_discovery:discover_packages(colcon_meta) discover
[0.963s] Level 1:colcon.colcon_core.package_discovery:discover_packages(recursive) discover
[0.964s] INFO:colcon.colcon_core.package_discovery:Crawling recursively for packages in '/home/jetson/ANI717_Robotics/robot_ws'
[0.964s] Level 1:colcon.colcon_core.package_identification:_identify(.) by extensions ['ignore', 'ignore_ament_install']
[0.964s] Level 1:colcon.colcon_core.package_identification:_identify(.) by extension 'ignore'
[0.965s] Level 1:colcon.colcon_core.package_identification:_identify(.) by extension 'ignore_ament_install'
[0.965s] Level 1:colcon.colcon_core.package_identification:_identify(.) by extensions ['colcon_pkg']
[0.965s] Level 1:colcon.colcon_core.package_identification:_identify(.) by extension 'colcon_pkg'
[0.965s] Level 1:colcon.colcon_core.package_identification:_identify(.) by extensions ['colcon_meta']
[0.965s] Level 1:colcon.colcon_core.package_identification:_identify(.) by extension 'colcon_meta'
[0.965s] Level 1:colcon.colcon_core.package_identification:_identify(.) by extensions ['ros']
[0.966s] Level 1:colcon.colcon_core.package_identification:_identify(.) by extension 'ros'
[1.022s] Level 1:colcon.colcon_core.package_identification:_identify(.) by extensions ['cmake', 'python']
[1.022s] Level 1:colcon.colcon_core.package_identification:_identify(.) by extension 'cmake'
[1.023s] Level 1:colcon.colcon_core.package_identification:_identify(.) by extension 'python'
[1.023s] Level 1:colcon.colcon_core.package_identification:_identify(.) by extensions ['python_setup_py']
[1.023s] Level 1:colcon.colcon_core.package_identification:_identify(.) by extension 'python_setup_py'
[1.024s] Level 1:colcon.colcon_core.package_identification:_identify(build) by extensions ['ignore', 'ignore_ament_install']
[1.024s] Level 1:colcon.colcon_core.package_identification:_identify(build) by extension 'ignore'
[1.024s] Level 1:colcon.colcon_core.package_identification:_identify(build) ignored
[1.025s] Level 1:colcon.colcon_core.package_identification:_identify(install) by extensions ['ignore', 'ignore_ament_install']
[1.025s] Level 1:colcon.colcon_core.package_identification:_identify(install) by extension 'ignore'
[1.025s] Level 1:colcon.colcon_core.package_identification:_identify(install) ignored
[1.026s] Level 1:colcon.colcon_core.package_identification:_identify(log) by extensions ['ignore', 'ignore_ament_install']
[1.026s] Level 1:colcon.colcon_core.package_identification:_identify(log) by extension 'ignore'
[1.026s] Level 1:colcon.colcon_core.package_identification:_identify(log) ignored
[1.027s] Level 1:colcon.colcon_core.package_identification:_identify(src) by extensions ['ignore', 'ignore_ament_install']
[1.027s] Level 1:colcon.colcon_core.package_identification:_identify(src) by extension 'ignore'
[1.027s] Level 1:colcon.colcon_core.package_identification:_identify(src) by extension 'ignore_ament_install'
[1.027s] Level 1:colcon.colcon_core.package_identification:_identify(src) by extensions ['colcon_pkg']
[1.028s] Level 1:colcon.colcon_core.package_identification:_identify(src) by extension 'colcon_pkg'
[1.028s] Level 1:colcon.colcon_core.package_identification:_identify(src) by extensions ['colcon_meta']
[1.028s] Level 1:colcon.colcon_core.package_identification:_identify(src) by extension 'colcon_meta'
[1.028s] Level 1:colcon.colcon_core.package_identification:_identify(src) by extensions ['ros']
[1.028s] Level 1:colcon.colcon_core.package_identification:_identify(src) by extension 'ros'
[1.029s] Level 1:colcon.colcon_core.package_identification:_identify(src) by extensions ['cmake', 'python']
[1.029s] Level 1:colcon.colcon_core.package_identification:_identify(src) by extension 'cmake'
[1.029s] Level 1:colcon.colcon_core.package_identification:_identify(src) by extension 'python'
[1.029s] Level 1:colcon.colcon_core.package_identification:_identify(src) by extensions ['python_setup_py']
[1.029s] Level 1:colcon.colcon_core.package_identification:_identify(src) by extension 'python_setup_py'
[1.030s] Level 1:colcon.colcon_core.package_identification:_identify(src/robot_app) by extensions ['ignore', 'ignore_ament_install']
[1.030s] Level 1:colcon.colcon_core.package_identification:_identify(src/robot_app) by extension 'ignore'
[1.030s] Level 1:colcon.colcon_core.package_identification:_identify(src/robot_app) by extension 'ignore_ament_install'
[1.030s] Level 1:colcon.colcon_core.package_identification:_identify(src/robot_app) by extensions ['colcon_pkg']
[1.031s] Level 1:colcon.colcon_core.package_identification:_identify(src/robot_app) by extension 'colcon_pkg'
[1.031s] Level 1:colcon.colcon_core.package_identification:_identify(src/robot_app) by extensions ['colcon_meta']
[1.031s] Level 1:colcon.colcon_core.package_identification:_identify(src/robot_app) by extension 'colcon_meta'
[1.031s] Level 1:colcon.colcon_core.package_identification:_identify(src/robot_app) by extensions ['ros']
[1.031s] Level 1:colcon.colcon_core.package_identification:_identify(src/robot_app) by extension 'ros'
[1.048s] DEBUG:colcon.colcon_core.package_identification:Package 'src/robot_app' with type 'ros.ament_python' and name 'robot_app'
[1.048s] Level 1:colcon.colcon_core.package_identification:_identify(src/ros2_csi_camera_publish) by extensions ['ignore', 'ignore_ament_install']
[1.049s] Level 1:colcon.colcon_core.package_identification:_identify(src/ros2_csi_camera_publish) by extension 'ignore'
[1.049s] Level 1:colcon.colcon_core.package_identification:_identify(src/ros2_csi_camera_publish) by extension 'ignore_ament_install'
[1.049s] Level 1:colcon.colcon_core.package_identification:_identify(src/ros2_csi_camera_publish) by extensions ['colcon_pkg']
[1.050s] Level 1:colcon.colcon_core.package_identification:_identify(src/ros2_csi_camera_publish) by extension 'colcon_pkg'
[1.050s] Level 1:colcon.colcon_core.package_identification:_identify(src/ros2_csi_camera_publish) by extensions ['colcon_meta']
[1.050s] Level 1:colcon.colcon_core.package_identification:_identify(src/ros2_csi_camera_publish) by extension 'colcon_meta'
[1.050s] Level 1:colcon.colcon_core.package_identification:_identify(src/ros2_csi_camera_publish) by extensions ['ros']
[1.051s] Level 1:colcon.colcon_core.package_identification:_identify(src/ros2_csi_camera_publish) by extension 'ros'
[1.054s] DEBUG:colcon.colcon_core.package_identification:Package 'src/ros2_csi_camera_publish' with type 'ros.ament_python' and name 'ros2_csi_camera_publish'
[1.055s] Level 1:colcon.colcon_core.package_identification:_identify(src/ros2_deep_learning_to_twist_message) by extensions ['ignore', 'ignore_ament_install']
[1.055s] Level 1:colcon.colcon_core.package_identification:_identify(src/ros2_deep_learning_to_twist_message) by extension 'ignore'
[1.055s] Level 1:colcon.colcon_core.package_identification:_identify(src/ros2_deep_learning_to_twist_message) by extension 'ignore_ament_install'
[1.056s] Level 1:colcon.colcon_core.package_identification:_identify(src/ros2_deep_learning_to_twist_message) by extensions ['colcon_pkg']
[1.056s] Level 1:colcon.colcon_core.package_identification:_identify(src/ros2_deep_learning_to_twist_message) by extension 'colcon_pkg'
[1.056s] Level 1:colcon.colcon_core.package_identification:_identify(src/ros2_deep_learning_to_twist_message) by extensions ['colcon_meta']
[1.056s] Level 1:colcon.colcon_core.package_identification:_identify(src/ros2_deep_learning_to_twist_message) by extension 'colcon_meta'
[1.057s] Level 1:colcon.colcon_core.package_identification:_identify(src/ros2_deep_learning_to_twist_message) by extensions ['ros']
[1.057s] Level 1:colcon.colcon_core.package_identification:_identify(src/ros2_deep_learning_to_twist_message) by extension 'ros'
[1.061s] DEBUG:colcon.colcon_core.package_identification:Package 'src/ros2_deep_learning_to_twist_message' with type 'ros.ament_python' and name 'ros2_deep_learning_to_twist_message'
[1.062s] Level 1:colcon.colcon_core.package_identification:_identify(src/ros2_gamepad_to_twist_message) by extensions ['ignore', 'ignore_ament_install']
[1.062s] Level 1:colcon.colcon_core.package_identification:_identify(src/ros2_gamepad_to_twist_message) by extension 'ignore'
[1.062s] Level 1:colcon.colcon_core.package_identification:_identify(src/ros2_gamepad_to_twist_message) by extension 'ignore_ament_install'
[1.062s] Level 1:colcon.colcon_core.package_identification:_identify(src/ros2_gamepad_to_twist_message) by extensions ['colcon_pkg']
[1.063s] Level 1:colcon.colcon_core.package_identification:_identify(src/ros2_gamepad_to_twist_message) by extension 'colcon_pkg'
[1.063s] Level 1:colcon.colcon_core.package_identification:_identify(src/ros2_gamepad_to_twist_message) by extensions ['colcon_meta']
[1.063s] Level 1:colcon.colcon_core.package_identification:_identify(src/ros2_gamepad_to_twist_message) by extension 'colcon_meta'
[1.063s] Level 1:colcon.colcon_core.package_identification:_identify(src/ros2_gamepad_to_twist_message) by extensions ['ros']
[1.063s] Level 1:colcon.colcon_core.package_identification:_identify(src/ros2_gamepad_to_twist_message) by extension 'ros'
[1.067s] DEBUG:colcon.colcon_core.package_identification:Package 'src/ros2_gamepad_to_twist_message' with type 'ros.ament_python' and name 'ros2_gamepad_to_twist_message'
[1.067s] Level 1:colcon.colcon_core.package_identification:_identify(src/ros2_save_camera_image) by extensions ['ignore', 'ignore_ament_install']
[1.067s] Level 1:colcon.colcon_core.package_identification:_identify(src/ros2_save_camera_image) by extension 'ignore'
[1.068s] Level 1:colcon.colcon_core.package_identification:_identify(src/ros2_save_camera_image) by extension 'ignore_ament_install'
[1.068s] Level 1:colcon.colcon_core.package_identification:_identify(src/ros2_save_camera_image) by extensions ['colcon_pkg']
[1.068s] Level 1:colcon.colcon_core.package_identification:_identify(src/ros2_save_camera_image) by extension 'colcon_pkg'
[1.068s] Level 1:colcon.colcon_core.package_identification:_identify(src/ros2_save_camera_image) by extensions ['colcon_meta']
[1.068s] Level 1:colcon.colcon_core.package_identification:_identify(src/ros2_save_camera_image) by extension 'colcon_meta'
[1.069s] Level 1:colcon.colcon_core.package_identification:_identify(src/ros2_save_camera_image) by extensions ['ros']
[1.069s] Level 1:colcon.colcon_core.package_identification:_identify(src/ros2_save_camera_image) by extension 'ros'
[1.072s] DEBUG:colcon.colcon_core.package_identification:Package 'src/ros2_save_camera_image' with type 'ros.ament_python' and name 'ros2_save_camera_image'
[1.073s] Level 1:colcon.colcon_core.package_identification:_identify(src/ros2_twist_message_to_robot_motion) by extensions ['ignore', 'ignore_ament_install']
[1.073s] Level 1:colcon.colcon_core.package_identification:_identify(src/ros2_twist_message_to_robot_motion) by extension 'ignore'
[1.073s] Level 1:colcon.colcon_core.package_identification:_identify(src/ros2_twist_message_to_robot_motion) by extension 'ignore_ament_install'
[1.074s] Level 1:colcon.colcon_core.package_identification:_identify(src/ros2_twist_message_to_robot_motion) by extensions ['colcon_pkg']
[1.074s] Level 1:colcon.colcon_core.package_identification:_identify(src/ros2_twist_message_to_robot_motion) by extension 'colcon_pkg'
[1.074s] Level 1:colcon.colcon_core.package_identification:_identify(src/ros2_twist_message_to_robot_motion) by extensions ['colcon_meta']
[1.074s] Level 1:colcon.colcon_core.package_identification:_identify(src/ros2_twist_message_to_robot_motion) by extension 'colcon_meta'
[1.074s] Level 1:colcon.colcon_core.package_identification:_identify(src/ros2_twist_message_to_robot_motion) by extensions ['ros']
[1.074s] Level 1:colcon.colcon_core.package_identification:_identify(src/ros2_twist_message_to_robot_motion) by extension 'ros'
[1.078s] DEBUG:colcon.colcon_core.package_identification:Package 'src/ros2_twist_message_to_robot_motion' with type 'ros.ament_python' and name 'ros2_twist_message_to_robot_motion'
[1.078s] Level 1:colcon.colcon_core.package_discovery:discover_packages(recursive) using defaults
[1.078s] Level 1:colcon.colcon_core.package_discovery:discover_packages(ignore) discover
[1.078s] Level 1:colcon.colcon_core.package_discovery:discover_packages(ignore) using defaults
[1.078s] Level 1:colcon.colcon_core.package_discovery:discover_packages(path) discover
[1.078s] Level 1:colcon.colcon_core.package_discovery:discover_packages(path) using defaults
[1.176s] Level 1:colcon.colcon_core.package_discovery:discover_packages(prefix_path) check parameters
[1.176s] Level 1:colcon.colcon_core.package_discovery:discover_packages(prefix_path) discover
[1.216s] DEBUG:colcon.colcon_installed_package_information.package_discovery:Found 306 installed packages in /home/jetson/ros2_foxy/ros2-linux
[1.266s] Level 1:colcon.colcon_core.package_discovery:discover_packages(prefix_path) using defaults
[1.432s] Level 5:colcon.colcon_core.verb:set package 'ros2_csi_camera_publish' build argument 'cmake_args' from command line to 'None'
[1.432s] Level 5:colcon.colcon_core.verb:set package 'ros2_csi_camera_publish' build argument 'cmake_target' from command line to 'None'
[1.432s] Level 5:colcon.colcon_core.verb:set package 'ros2_csi_camera_publish' build argument 'cmake_target_skip_unavailable' from command line to 'False'
[1.432s] Level 5:colcon.colcon_core.verb:set package 'ros2_csi_camera_publish' build argument 'cmake_clean_cache' from command line to 'False'
[1.432s] Level 5:colcon.colcon_core.verb:set package 'ros2_csi_camera_publish' build argument 'cmake_clean_first' from command line to 'False'
[1.433s] Level 5:colcon.colcon_core.verb:set package 'ros2_csi_camera_publish' build argument 'cmake_force_configure' from command line to 'False'
[1.433s] Level 5:colcon.colcon_core.verb:set package 'ros2_csi_camera_publish' build argument 'ament_cmake_args' from command line to 'None'
[1.433s] Level 5:colcon.colcon_core.verb:set package 'ros2_csi_camera_publish' build argument 'catkin_cmake_args' from command line to 'None'
[1.433s] Level 5:colcon.colcon_core.verb:set package 'ros2_csi_camera_publish' build argument 'catkin_skip_building_tests' from command line to 'False'
[1.433s] DEBUG:colcon.colcon_core.verb:Building package 'ros2_csi_camera_publish' with the following arguments: {'ament_cmake_args': None, 'build_base': '/home/jetson/ANI717_Robotics/robot_ws/build/ros2_csi_camera_publish', 'catkin_cmake_args': None, 'catkin_skip_building_tests': False, 'cmake_args': None, 'cmake_clean_cache': False, 'cmake_clean_first': False, 'cmake_force_configure': False, 'cmake_target': None, 'cmake_target_skip_unavailable': False, 'install_base': '/home/jetson/ANI717_Robotics/robot_ws/install/ros2_csi_camera_publish', 'merge_install': False, 'path': '/home/jetson/ANI717_Robotics/robot_ws/src/ros2_csi_camera_publish', 'symlink_install': True, 'test_result_base': None}
[1.437s] Level 5:colcon.colcon_core.verb:set package 'ros2_deep_learning_to_twist_message' build argument 'cmake_args' from command line to 'None'
[1.437s] Level 5:colcon.colcon_core.verb:set package 'ros2_deep_learning_to_twist_message' build argument 'cmake_target' from command line to 'None'
[1.437s] Level 5:colcon.colcon_core.verb:set package 'ros2_deep_learning_to_twist_message' build argument 'cmake_target_skip_unavailable' from command line to 'False'
[1.437s] Level 5:colcon.colcon_core.verb:set package 'ros2_deep_learning_to_twist_message' build argument 'cmake_clean_cache' from command line to 'False'
[1.437s] Level 5:colcon.colcon_core.verb:set package 'ros2_deep_learning_to_twist_message' build argument 'cmake_clean_first' from command line to 'False'
[1.437s] Level 5:colcon.colcon_core.verb:set package 'ros2_deep_learning_to_twist_message' build argument 'cmake_force_configure' from command line to 'False'
[1.437s] Level 5:colcon.colcon_core.verb:set package 'ros2_deep_learning_to_twist_message' build argument 'ament_cmake_args' from command line to 'None'
[1.438s] Level 5:colcon.colcon_core.verb:set package 'ros2_deep_learning_to_twist_message' build argument 'catkin_cmake_args' from command line to 'None'
[1.438s] Level 5:colcon.colcon_core.verb:set package 'ros2_deep_learning_to_twist_message' build argument 'catkin_skip_building_tests' from command line to 'False'
[1.438s] DEBUG:colcon.colcon_core.verb:Building package 'ros2_deep_learning_to_twist_message' with the following arguments: {'ament_cmake_args': None, 'build_base': '/home/jetson/ANI717_Robotics/robot_ws/build/ros2_deep_learning_to_twist_message', 'catkin_cmake_args': None, 'catkin_skip_building_tests': False, 'cmake_args': None, 'cmake_clean_cache': False, 'cmake_clean_first': False, 'cmake_force_configure': False, 'cmake_target': None, 'cmake_target_skip_unavailable': False, 'install_base': '/home/jetson/ANI717_Robotics/robot_ws/install/ros2_deep_learning_to_twist_message', 'merge_install': False, 'path': '/home/jetson/ANI717_Robotics/robot_ws/src/ros2_deep_learning_to_twist_message', 'symlink_install': True, 'test_result_base': None}
[1.441s] Level 5:colcon.colcon_core.verb:set package 'ros2_gamepad_to_twist_message' build argument 'cmake_args' from command line to 'None'
[1.441s] Level 5:colcon.colcon_core.verb:set package 'ros2_gamepad_to_twist_message' build argument 'cmake_target' from command line to 'None'
[1.441s] Level 5:colcon.colcon_core.verb:set package 'ros2_gamepad_to_twist_message' build argument 'cmake_target_skip_unavailable' from command line to 'False'
[1.442s] Level 5:colcon.colcon_core.verb:set package 'ros2_gamepad_to_twist_message' build argument 'cmake_clean_cache' from command line to 'False'
[1.442s] Level 5:colcon.colcon_core.verb:set package 'ros2_gamepad_to_twist_message' build argument 'cmake_clean_first' from command line to 'False'
[1.442s] Level 5:colcon.colcon_core.verb:set package 'ros2_gamepad_to_twist_message' build argument 'cmake_force_configure' from command line to 'False'
[1.442s] Level 5:colcon.colcon_core.verb:set package 'ros2_gamepad_to_twist_message' build argument 'ament_cmake_args' from command line to 'None'
[1.442s] Level 5:colcon.colcon_core.verb:set package 'ros2_gamepad_to_twist_message' build argument 'catkin_cmake_args' from command line to 'None'
[1.442s] Level 5:colcon.colcon_core.verb:set package 'ros2_gamepad_to_twist_message' build argument 'catkin_skip_building_tests' from command line to 'False'
[1.442s] DEBUG:colcon.colcon_core.verb:Building package 'ros2_gamepad_to_twist_message' with the following arguments: {'ament_cmake_args': None, 'build_base': '/home/jetson/ANI717_Robotics/robot_ws/build/ros2_gamepad_to_twist_message', 'catkin_cmake_args': None, 'catkin_skip_building_tests': False, 'cmake_args': None, 'cmake_clean_cache': False, 'cmake_clean_first': False, 'cmake_force_configure': False, 'cmake_target': None, 'cmake_target_skip_unavailable': False, 'install_base': '/home/jetson/ANI717_Robotics/robot_ws/install/ros2_gamepad_to_twist_message', 'merge_install': False, 'path': '/home/jetson/ANI717_Robotics/robot_ws/src/ros2_gamepad_to_twist_message', 'symlink_install': True, 'test_result_base': None}
[1.446s] Level 5:colcon.colcon_core.verb:set package 'ros2_save_camera_image' build argument 'cmake_args' from command line to 'None'
[1.446s] Level 5:colcon.colcon_core.verb:set package 'ros2_save_camera_image' build argument 'cmake_target' from command line to 'None'
[1.446s] Level 5:colcon.colcon_core.verb:set package 'ros2_save_camera_image' build argument 'cmake_target_skip_unavailable' from command line to 'False'
[1.446s] Level 5:colcon.colcon_core.verb:set package 'ros2_save_camera_image' build argument 'cmake_clean_cache' from command line to 'False'
[1.446s] Level 5:colcon.colcon_core.verb:set package 'ros2_save_camera_image' build argument 'cmake_clean_first' from command line to 'False'
[1.446s] Level 5:colcon.colcon_core.verb:set package 'ros2_save_camera_image' build argument 'cmake_force_configure' from command line to 'False'
[1.446s] Level 5:colcon.colcon_core.verb:set package 'ros2_save_camera_image' build argument 'ament_cmake_args' from command line to 'None'
[1.447s] Level 5:colcon.colcon_core.verb:set package 'ros2_save_camera_image' build argument 'catkin_cmake_args' from command line to 'None'
[1.447s] Level 5:colcon.colcon_core.verb:set package 'ros2_save_camera_image' build argument 'catkin_skip_building_tests' from command line to 'False'
[1.447s] DEBUG:colcon.colcon_core.verb:Building package 'ros2_save_camera_image' with the following arguments: {'ament_cmake_args': None, 'build_base': '/home/jetson/ANI717_Robotics/robot_ws/build/ros2_save_camera_image', 'catkin_cmake_args': None, 'catkin_skip_building_tests': False, 'cmake_args': None, 'cmake_clean_cache': False, 'cmake_clean_first': False, 'cmake_force_configure': False, 'cmake_target': None, 'cmake_target_skip_unavailable': False, 'install_base': '/home/jetson/ANI717_Robotics/robot_ws/install/ros2_save_camera_image', 'merge_install': False, 'path': '/home/jetson/ANI717_Robotics/robot_ws/src/ros2_save_camera_image', 'symlink_install': True, 'test_result_base': None}
[1.450s] Level 5:colcon.colcon_core.verb:set package 'ros2_twist_message_to_robot_motion' build argument 'cmake_args' from command line to 'None'
[1.450s] Level 5:colcon.colcon_core.verb:set package 'ros2_twist_message_to_robot_motion' build argument 'cmake_target' from command line to 'None'
[1.450s] Level 5:colcon.colcon_core.verb:set package 'ros2_twist_message_to_robot_motion' build argument 'cmake_target_skip_unavailable' from command line to 'False'
[1.450s] Level 5:colcon.colcon_core.verb:set package 'ros2_twist_message_to_robot_motion' build argument 'cmake_clean_cache' from command line to 'False'
[1.450s] Level 5:colcon.colcon_core.verb:set package 'ros2_twist_message_to_robot_motion' build argument 'cmake_clean_first' from command line to 'False'
[1.451s] Level 5:colcon.colcon_core.verb:set package 'ros2_twist_message_to_robot_motion' build argument 'cmake_force_configure' from command line to 'False'
[1.451s] Level 5:colcon.colcon_core.verb:set package 'ros2_twist_message_to_robot_motion' build argument 'ament_cmake_args' from command line to 'None'
[1.451s] Level 5:colcon.colcon_core.verb:set package 'ros2_twist_message_to_robot_motion' build argument 'catkin_cmake_args' from command line to 'None'
[1.451s] Level 5:colcon.colcon_core.verb:set package 'ros2_twist_message_to_robot_motion' build argument 'catkin_skip_building_tests' from command line to 'False'
[1.451s] DEBUG:colcon.colcon_core.verb:Building package 'ros2_twist_message_to_robot_motion' with the following arguments: {'ament_cmake_args': None, 'build_base': '/home/jetson/ANI717_Robotics/robot_ws/build/ros2_twist_message_to_robot_motion', 'catkin_cmake_args': None, 'catkin_skip_building_tests': False, 'cmake_args': None, 'cmake_clean_cache': False, 'cmake_clean_first': False, 'cmake_force_configure': False, 'cmake_target': None, 'cmake_target_skip_unavailable': False, 'install_base': '/home/jetson/ANI717_Robotics/robot_ws/install/ros2_twist_message_to_robot_motion', 'merge_install': False, 'path': '/home/jetson/ANI717_Robotics/robot_ws/src/ros2_twist_message_to_robot_motion', 'symlink_install': True, 'test_result_base': None}
[1.454s] Level 5:colcon.colcon_core.verb:set package 'robot_app' build argument 'cmake_args' from command line to 'None'
[1.454s] Level 5:colcon.colcon_core.verb:set package 'robot_app' build argument 'cmake_target' from command line to 'None'
[1.455s] Level 5:colcon.colcon_core.verb:set package 'robot_app' build argument 'cmake_target_skip_unavailable' from command line to 'False'
[1.455s] Level 5:colcon.colcon_core.verb:set package 'robot_app' build argument 'cmake_clean_cache' from command line to 'False'
[1.455s] Level 5:colcon.colcon_core.verb:set package 'robot_app' build argument 'cmake_clean_first' from command line to 'False'
[1.455s] Level 5:colcon.colcon_core.verb:set package 'robot_app' build argument 'cmake_force_configure' from command line to 'False'
[1.455s] Level 5:colcon.colcon_core.verb:set package 'robot_app' build argument 'ament_cmake_args' from command line to 'None'
[1.455s] Level 5:colcon.colcon_core.verb:set package 'robot_app' build argument 'catkin_cmake_args' from command line to 'None'
[1.455s] Level 5:colcon.colcon_core.verb:set package 'robot_app' build argument 'catkin_skip_building_tests' from command line to 'False'
[1.455s] DEBUG:colcon.colcon_core.verb:Building package 'robot_app' with the following arguments: {'ament_cmake_args': None, 'build_base': '/home/jetson/ANI717_Robotics/robot_ws/build/robot_app', 'catkin_cmake_args': None, 'catkin_skip_building_tests': False, 'cmake_args': None, 'cmake_clean_cache': False, 'cmake_clean_first': False, 'cmake_force_configure': False, 'cmake_target': None, 'cmake_target_skip_unavailable': False, 'install_base': '/home/jetson/ANI717_Robotics/robot_ws/install/robot_app', 'merge_install': False, 'path': '/home/jetson/ANI717_Robotics/robot_ws/src/robot_app', 'symlink_install': True, 'test_result_base': None}
[1.457s] INFO:colcon.colcon_core.executor:Executing jobs using 'parallel' executor
[1.466s] DEBUG:colcon.colcon_parallel_executor.executor.parallel:run_until_complete
[1.467s] INFO:colcon.colcon_ros.task.ament_python.build:Building ROS package in '/home/jetson/ANI717_Robotics/robot_ws/src/ros2_csi_camera_publish' with build type 'ament_python'
[1.467s] Level 1:colcon.colcon_core.shell:create_environment_hook('ros2_csi_camera_publish', 'ament_prefix_path')
[1.485s] INFO:colcon.colcon_core.plugin_system:Skipping extension 'colcon_core.shell.bat': Not used on non-Windows systems
[1.486s] INFO:colcon.colcon_core.shell:Creating environment hook '/home/jetson/ANI717_Robotics/robot_ws/install/ros2_csi_camera_publish/share/ros2_csi_camera_publish/hook/ament_prefix_path.ps1'
[1.490s] INFO:colcon.colcon_core.shell:Creating environment descriptor '/home/jetson/ANI717_Robotics/robot_ws/install/ros2_csi_camera_publish/share/ros2_csi_camera_publish/hook/ament_prefix_path.dsv'
[1.492s] INFO:colcon.colcon_core.shell:Creating environment hook '/home/jetson/ANI717_Robotics/robot_ws/install/ros2_csi_camera_publish/share/ros2_csi_camera_publish/hook/ament_prefix_path.sh'
[1.497s] INFO:colcon.colcon_core.shell:Skip shell extension 'powershell' for command environment: Not usable outside of PowerShell
[1.497s] DEBUG:colcon.colcon_core.shell:Skip shell extension 'dsv' for command environment
[1.540s] INFO:colcon.colcon_ros.task.ament_python.build:Building ROS package in '/home/jetson/ANI717_Robotics/robot_ws/src/ros2_deep_learning_to_twist_message' with build type 'ament_python'
[1.541s] Level 1:colcon.colcon_core.shell:create_environment_hook('ros2_deep_learning_to_twist_message', 'ament_prefix_path')
[1.544s] INFO:colcon.colcon_core.shell:Creating environment hook '/home/jetson/ANI717_Robotics/robot_ws/install/ros2_deep_learning_to_twist_message/share/ros2_deep_learning_to_twist_message/hook/ament_prefix_path.ps1'
[1.547s] INFO:colcon.colcon_core.shell:Creating environment descriptor '/home/jetson/ANI717_Robotics/robot_ws/install/ros2_deep_learning_to_twist_message/share/ros2_deep_learning_to_twist_message/hook/ament_prefix_path.dsv'
[1.549s] INFO:colcon.colcon_core.shell:Creating environment hook '/home/jetson/ANI717_Robotics/robot_ws/install/ros2_deep_learning_to_twist_message/share/ros2_deep_learning_to_twist_message/hook/ament_prefix_path.sh'
[1.553s] INFO:colcon.colcon_core.shell:Skip shell extension 'powershell' for command environment: Not usable outside of PowerShell
[1.553s] DEBUG:colcon.colcon_core.shell:Skip shell extension 'dsv' for command environment
[1.596s] INFO:colcon.colcon_ros.task.ament_python.build:Building ROS package in '/home/jetson/ANI717_Robotics/robot_ws/src/ros2_gamepad_to_twist_message' with build type 'ament_python'
[1.597s] Level 1:colcon.colcon_core.shell:create_environment_hook('ros2_gamepad_to_twist_message', 'ament_prefix_path')
[1.600s] INFO:colcon.colcon_core.shell:Creating environment hook '/home/jetson/ANI717_Robotics/robot_ws/install/ros2_gamepad_to_twist_message/share/ros2_gamepad_to_twist_message/hook/ament_prefix_path.ps1'
[1.603s] INFO:colcon.colcon_core.shell:Creating environment descriptor '/home/jetson/ANI717_Robotics/robot_ws/install/ros2_gamepad_to_twist_message/share/ros2_gamepad_to_twist_message/hook/ament_prefix_path.dsv'
[1.604s] INFO:colcon.colcon_core.shell:Creating environment hook '/home/jetson/ANI717_Robotics/robot_ws/install/ros2_gamepad_to_twist_message/share/ros2_gamepad_to_twist_message/hook/ament_prefix_path.sh'
[1.608s] INFO:colcon.colcon_core.shell:Skip shell extension 'powershell' for command environment: Not usable outside of PowerShell
[1.609s] DEBUG:colcon.colcon_core.shell:Skip shell extension 'dsv' for command environment
[1.652s] INFO:colcon.colcon_ros.task.ament_python.build:Building ROS package in '/home/jetson/ANI717_Robotics/robot_ws/src/ros2_save_camera_image' with build type 'ament_python'
[1.653s] Level 1:colcon.colcon_core.shell:create_environment_hook('ros2_save_camera_image', 'ament_prefix_path')
[1.657s] INFO:colcon.colcon_core.shell:Creating environment hook '/home/jetson/ANI717_Robotics/robot_ws/install/ros2_save_camera_image/share/ros2_save_camera_image/hook/ament_prefix_path.ps1'
[1.659s] INFO:colcon.colcon_core.shell:Creating environment descriptor '/home/jetson/ANI717_Robotics/robot_ws/install/ros2_save_camera_image/share/ros2_save_camera_image/hook/ament_prefix_path.dsv'
[1.661s] INFO:colcon.colcon_core.shell:Creating environment hook '/home/jetson/ANI717_Robotics/robot_ws/install/ros2_save_camera_image/share/ros2_save_camera_image/hook/ament_prefix_path.sh'
[1.665s] INFO:colcon.colcon_core.shell:Skip shell extension 'powershell' for command environment: Not usable outside of PowerShell
[1.665s] DEBUG:colcon.colcon_core.shell:Skip shell extension 'dsv' for command environment
[3.051s] INFO:colcon.colcon_core.task.python.build:Building Python package in '/home/jetson/ANI717_Robotics/robot_ws/src/ros2_csi_camera_publish'
[3.055s] INFO:colcon.colcon_core.shell:Skip shell extension 'powershell' for command environment: Not usable outside of PowerShell
[3.055s] DEBUG:colcon.colcon_core.shell:Skip shell extension 'dsv' for command environment
[4.475s] INFO:colcon.colcon_core.task.python.build:Building Python package in '/home/jetson/ANI717_Robotics/robot_ws/src/ros2_deep_learning_to_twist_message'
[4.479s] INFO:colcon.colcon_core.shell:Skip shell extension 'powershell' for command environment: Not usable outside of PowerShell
[4.479s] DEBUG:colcon.colcon_core.shell:Skip shell extension 'dsv' for command environment
[5.837s] INFO:colcon.colcon_core.task.python.build:Building Python package in '/home/jetson/ANI717_Robotics/robot_ws/src/ros2_gamepad_to_twist_message'
[5.841s] INFO:colcon.colcon_core.shell:Skip shell extension 'powershell' for command environment: Not usable outside of PowerShell
[5.841s] DEBUG:colcon.colcon_core.shell:Skip shell extension 'dsv' for command environment
[7.057s] INFO:colcon.colcon_core.task.python.build:Building Python package in '/home/jetson/ANI717_Robotics/robot_ws/src/ros2_save_camera_image'
[7.060s] INFO:colcon.colcon_core.shell:Skip shell extension 'powershell' for command environment: Not usable outside of PowerShell
[7.061s] DEBUG:colcon.colcon_core.shell:Skip shell extension 'dsv' for command environment
[9.285s] DEBUG:colcon.colcon_core.event_handler.log_command:Invoking command in '/home/jetson/ANI717_Robotics/robot_ws/build/ros2_csi_camera_publish': PYTHONPATH=/home/jetson/ANI717_Robotics/robot_ws/install/ros2_csi_camera_publish/lib/python3.8/site-packages:${PYTHONPATH} /usr/bin/python3 setup.py develop --prefix /home/jetson/ANI717_Robotics/robot_ws/install/ros2_csi_camera_publish --editable --build-directory /home/jetson/ANI717_Robotics/robot_ws/build/ros2_csi_camera_publish/build --no-deps install_data --install-dir /home/jetson/ANI717_Robotics/robot_ws/install/ros2_csi_camera_publish
[9.310s] DEBUG:colcon.colcon_core.event_handler.log_command:Invoking command in '/home/jetson/ANI717_Robotics/robot_ws/build/ros2_gamepad_to_twist_message': PYTHONPATH=/home/jetson/ANI717_Robotics/robot_ws/install/ros2_gamepad_to_twist_message/lib/python3.8/site-packages:${PYTHONPATH} /usr/bin/python3 setup.py develop --prefix /home/jetson/ANI717_Robotics/robot_ws/install/ros2_gamepad_to_twist_message --editable --build-directory /home/jetson/ANI717_Robotics/robot_ws/build/ros2_gamepad_to_twist_message/build --no-deps install_data --install-dir /home/jetson/ANI717_Robotics/robot_ws/install/ros2_gamepad_to_twist_message
[9.321s] DEBUG:colcon.colcon_core.event_handler.log_command:Invoking command in '/home/jetson/ANI717_Robotics/robot_ws/build/ros2_save_camera_image': PYTHONPATH=/home/jetson/ANI717_Robotics/robot_ws/install/ros2_save_camera_image/lib/python3.8/site-packages:${PYTHONPATH} /usr/bin/python3 setup.py develop --prefix /home/jetson/ANI717_Robotics/robot_ws/install/ros2_save_camera_image --editable --build-directory /home/jetson/ANI717_Robotics/robot_ws/build/ros2_save_camera_image/build --no-deps install_data --install-dir /home/jetson/ANI717_Robotics/robot_ws/install/ros2_save_camera_image
[9.339s] DEBUG:colcon.colcon_core.event_handler.log_command:Invoking command in '/home/jetson/ANI717_Robotics/robot_ws/build/ros2_deep_learning_to_twist_message': PYTHONPATH=/home/jetson/ANI717_Robotics/robot_ws/install/ros2_deep_learning_to_twist_message/lib/python3.8/site-packages:${PYTHONPATH} /usr/bin/python3 setup.py develop --prefix /home/jetson/ANI717_Robotics/robot_ws/install/ros2_deep_learning_to_twist_message --editable --build-directory /home/jetson/ANI717_Robotics/robot_ws/build/ros2_deep_learning_to_twist_message/build --no-deps install_data --install-dir /home/jetson/ANI717_Robotics/robot_ws/install/ros2_deep_learning_to_twist_message
[11.853s] Level 1:colcon.colcon_core.shell:create_environment_hook('ros2_save_camera_image', 'pythonpath_develop')
[11.857s] INFO:colcon.colcon_core.shell:Creating environment hook '/home/jetson/ANI717_Robotics/robot_ws/build/ros2_save_camera_image/share/ros2_save_camera_image/hook/pythonpath_develop.ps1'
[11.861s] DEBUG:colcon.colcon_core.event_handler.log_command:Invoked command in '/home/jetson/ANI717_Robotics/robot_ws/build/ros2_save_camera_image' returned '0': PYTHONPATH=/home/jetson/ANI717_Robotics/robot_ws/install/ros2_save_camera_image/lib/python3.8/site-packages:${PYTHONPATH} /usr/bin/python3 setup.py develop --prefix /home/jetson/ANI717_Robotics/robot_ws/install/ros2_save_camera_image --editable --build-directory /home/jetson/ANI717_Robotics/robot_ws/build/ros2_save_camera_image/build --no-deps install_data --install-dir /home/jetson/ANI717_Robotics/robot_ws/install/ros2_save_camera_image
[11.863s] INFO:colcon.colcon_core.shell:Creating environment descriptor '/home/jetson/ANI717_Robotics/robot_ws/build/ros2_save_camera_image/share/ros2_save_camera_image/hook/pythonpath_develop.dsv'
[11.865s] INFO:colcon.colcon_core.shell:Creating environment hook '/home/jetson/ANI717_Robotics/robot_ws/build/ros2_save_camera_image/share/ros2_save_camera_image/hook/pythonpath_develop.sh'
[11.898s] Level 1:colcon.colcon_core.environment:checking '/home/jetson/ANI717_Robotics/robot_ws/install/ros2_save_camera_image' for CMake module files
[11.902s] Level 1:colcon.colcon_core.environment:checking '/home/jetson/ANI717_Robotics/robot_ws/install/ros2_save_camera_image' for CMake config files
[11.906s] Level 1:colcon.colcon_core.environment:checking '/home/jetson/ANI717_Robotics/robot_ws/install/ros2_save_camera_image/lib'
[11.908s] Level 1:colcon.colcon_core.environment:checking '/home/jetson/ANI717_Robotics/robot_ws/install/ros2_save_camera_image/bin'
[11.908s] Level 1:colcon.colcon_core.environment:checking '/home/jetson/ANI717_Robotics/robot_ws/install/ros2_save_camera_image/lib/pkgconfig/ros2_save_camera_image.pc'
[11.910s] Level 1:colcon.colcon_core.environment:checking '/home/jetson/ANI717_Robotics/robot_ws/install/ros2_save_camera_image/lib/python3.8/site-packages'
[11.910s] Level 1:colcon.colcon_core.shell:create_environment_hook('ros2_save_camera_image', 'pythonpath')
[11.914s] INFO:colcon.colcon_core.shell:Creating environment hook '/home/jetson/ANI717_Robotics/robot_ws/install/ros2_save_camera_image/share/ros2_save_camera_image/hook/pythonpath.ps1'
[11.918s] INFO:colcon.colcon_core.shell:Creating environment descriptor '/home/jetson/ANI717_Robotics/robot_ws/install/ros2_save_camera_image/share/ros2_save_camera_image/hook/pythonpath.dsv'
[11.933s] INFO:colcon.colcon_core.shell:Creating environment hook '/home/jetson/ANI717_Robotics/robot_ws/install/ros2_save_camera_image/share/ros2_save_camera_image/hook/pythonpath.sh'
[11.944s] Level 1:colcon.colcon_core.environment:checking '/home/jetson/ANI717_Robotics/robot_ws/install/ros2_save_camera_image/bin'
[11.945s] Level 1:colcon.colcon_core.environment:create_environment_scripts_only(ros2_save_camera_image)
[11.949s] INFO:colcon.colcon_core.shell:Creating package script '/home/jetson/ANI717_Robotics/robot_ws/install/ros2_save_camera_image/share/ros2_save_camera_image/package.ps1'
[11.955s] INFO:colcon.colcon_core.shell:Creating package descriptor '/home/jetson/ANI717_Robotics/robot_ws/install/ros2_save_camera_image/share/ros2_save_camera_image/package.dsv'
[11.959s] INFO:colcon.colcon_core.shell:Creating package script '/home/jetson/ANI717_Robotics/robot_ws/install/ros2_save_camera_image/share/ros2_save_camera_image/package.sh'
[11.964s] INFO:colcon.colcon_core.shell:Creating package script '/home/jetson/ANI717_Robotics/robot_ws/install/ros2_save_camera_image/share/ros2_save_camera_image/package.bash'
[11.968s] INFO:colcon.colcon_core.shell:Creating package script '/home/jetson/ANI717_Robotics/robot_ws/install/ros2_save_camera_image/share/ros2_save_camera_image/package.zsh'
[11.973s] Level 1:colcon.colcon_core.environment:create_file_with_runtime_dependencies(/home/jetson/ANI717_Robotics/robot_ws/install/ros2_save_camera_image/share/colcon-core/packages/ros2_save_camera_image)
[11.978s] INFO:colcon.colcon_ros.task.ament_python.build:Building ROS package in '/home/jetson/ANI717_Robotics/robot_ws/src/ros2_twist_message_to_robot_motion' with build type 'ament_python'
[11.979s] Level 1:colcon.colcon_core.shell:create_environment_hook('ros2_twist_message_to_robot_motion', 'ament_prefix_path')
[11.982s] INFO:colcon.colcon_core.shell:Creating environment hook '/home/jetson/ANI717_Robotics/robot_ws/install/ros2_twist_message_to_robot_motion/share/ros2_twist_message_to_robot_motion/hook/ament_prefix_path.ps1'
[11.984s] INFO:colcon.colcon_core.shell:Creating environment descriptor '/home/jetson/ANI717_Robotics/robot_ws/install/ros2_twist_message_to_robot_motion/share/ros2_twist_message_to_robot_motion/hook/ament_prefix_path.dsv'
[11.986s] INFO:colcon.colcon_core.shell:Creating environment hook '/home/jetson/ANI717_Robotics/robot_ws/install/ros2_twist_message_to_robot_motion/share/ros2_twist_message_to_robot_motion/hook/ament_prefix_path.sh'
[11.990s] INFO:colcon.colcon_core.shell:Skip shell extension 'powershell' for command environment: Not usable outside of PowerShell
[11.991s] DEBUG:colcon.colcon_core.shell:Skip shell extension 'dsv' for command environment
[12.037s] Level 1:colcon.colcon_core.shell:create_environment_hook('ros2_csi_camera_publish', 'pythonpath_develop')
[12.041s] INFO:colcon.colcon_core.shell:Creating environment hook '/home/jetson/ANI717_Robotics/robot_ws/build/ros2_csi_camera_publish/share/ros2_csi_camera_publish/hook/pythonpath_develop.ps1'
[12.042s] DEBUG:colcon.colcon_core.event_handler.log_command:Invoked command in '/home/jetson/ANI717_Robotics/robot_ws/build/ros2_csi_camera_publish' returned '0': PYTHONPATH=/home/jetson/ANI717_Robotics/robot_ws/install/ros2_csi_camera_publish/lib/python3.8/site-packages:${PYTHONPATH} /usr/bin/python3 setup.py develop --prefix /home/jetson/ANI717_Robotics/robot_ws/install/ros2_csi_camera_publish --editable --build-directory /home/jetson/ANI717_Robotics/robot_ws/build/ros2_csi_camera_publish/build --no-deps install_data --install-dir /home/jetson/ANI717_Robotics/robot_ws/install/ros2_csi_camera_publish
[12.045s] INFO:colcon.colcon_core.shell:Creating environment descriptor '/home/jetson/ANI717_Robotics/robot_ws/build/ros2_csi_camera_publish/share/ros2_csi_camera_publish/hook/pythonpath_develop.dsv'
[12.047s] INFO:colcon.colcon_core.shell:Creating environment hook '/home/jetson/ANI717_Robotics/robot_ws/build/ros2_csi_camera_publish/share/ros2_csi_camera_publish/hook/pythonpath_develop.sh'
[12.055s] Level 1:colcon.colcon_core.environment:checking '/home/jetson/ANI717_Robotics/robot_ws/install/ros2_csi_camera_publish' for CMake module files
[12.057s] Level 1:colcon.colcon_core.environment:checking '/home/jetson/ANI717_Robotics/robot_ws/install/ros2_csi_camera_publish' for CMake config files
[12.060s] Level 1:colcon.colcon_core.environment:checking '/home/jetson/ANI717_Robotics/robot_ws/install/ros2_csi_camera_publish/lib'
[12.061s] Level 1:colcon.colcon_core.environment:checking '/home/jetson/ANI717_Robotics/robot_ws/install/ros2_csi_camera_publish/bin'
[12.061s] Level 1:colcon.colcon_core.environment:checking '/home/jetson/ANI717_Robotics/robot_ws/install/ros2_csi_camera_publish/lib/pkgconfig/ros2_csi_camera_publish.pc'
[12.062s] Level 1:colcon.colcon_core.environment:checking '/home/jetson/ANI717_Robotics/robot_ws/install/ros2_csi_camera_publish/lib/python3.8/site-packages'
[12.063s] Level 1:colcon.colcon_core.shell:create_environment_hook('ros2_csi_camera_publish', 'pythonpath')
[12.066s] INFO:colcon.colcon_core.shell:Creating environment hook '/home/jetson/ANI717_Robotics/robot_ws/install/ros2_csi_camera_publish/share/ros2_csi_camera_publish/hook/pythonpath.ps1'
[12.068s] INFO:colcon.colcon_core.shell:Creating environment descriptor '/home/jetson/ANI717_Robotics/robot_ws/install/ros2_csi_camera_publish/share/ros2_csi_camera_publish/hook/pythonpath.dsv'
[12.070s] INFO:colcon.colcon_core.shell:Creating environment hook '/home/jetson/ANI717_Robotics/robot_ws/install/ros2_csi_camera_publish/share/ros2_csi_camera_publish/hook/pythonpath.sh'
[12.073s] Level 1:colcon.colcon_core.environment:checking '/home/jetson/ANI717_Robotics/robot_ws/install/ros2_csi_camera_publish/bin'
[12.073s] Level 1:colcon.colcon_core.environment:create_environment_scripts_only(ros2_csi_camera_publish)
[12.077s] INFO:colcon.colcon_core.shell:Creating package script '/home/jetson/ANI717_Robotics/robot_ws/install/ros2_csi_camera_publish/share/ros2_csi_camera_publish/package.ps1'
[12.080s] INFO:colcon.colcon_core.shell:Creating package descriptor '/home/jetson/ANI717_Robotics/robot_ws/install/ros2_csi_camera_publish/share/ros2_csi_camera_publish/package.dsv'
[12.082s] INFO:colcon.colcon_core.shell:Creating package script '/home/jetson/ANI717_Robotics/robot_ws/install/ros2_csi_camera_publish/share/ros2_csi_camera_publish/package.sh'
[12.085s] INFO:colcon.colcon_core.shell:Creating package script '/home/jetson/ANI717_Robotics/robot_ws/install/ros2_csi_camera_publish/share/ros2_csi_camera_publish/package.bash'
[12.086s] INFO:colcon.colcon_core.shell:Creating package script '/home/jetson/ANI717_Robotics/robot_ws/install/ros2_csi_camera_publish/share/ros2_csi_camera_publish/package.zsh'
[12.088s] Level 1:colcon.colcon_core.environment:create_file_with_runtime_dependencies(/home/jetson/ANI717_Robotics/robot_ws/install/ros2_csi_camera_publish/share/colcon-core/packages/ros2_csi_camera_publish)
[12.090s] Level 1:colcon.colcon_core.shell:create_environment_hook('ros2_deep_learning_to_twist_message', 'pythonpath_develop')
[12.093s] INFO:colcon.colcon_core.shell:Creating environment hook '/home/jetson/ANI717_Robotics/robot_ws/build/ros2_deep_learning_to_twist_message/share/ros2_deep_learning_to_twist_message/hook/pythonpath_develop.ps1'
[12.102s] INFO:colcon.colcon_core.shell:Creating environment descriptor '/home/jetson/ANI717_Robotics/robot_ws/build/ros2_deep_learning_to_twist_message/share/ros2_deep_learning_to_twist_message/hook/pythonpath_develop.dsv'
[12.103s] DEBUG:colcon.colcon_core.event_handler.log_command:Invoked command in '/home/jetson/ANI717_Robotics/robot_ws/build/ros2_deep_learning_to_twist_message' returned '0': PYTHONPATH=/home/jetson/ANI717_Robotics/robot_ws/install/ros2_deep_learning_to_twist_message/lib/python3.8/site-packages:${PYTHONPATH} /usr/bin/python3 setup.py develop --prefix /home/jetson/ANI717_Robotics/robot_ws/install/ros2_deep_learning_to_twist_message --editable --build-directory /home/jetson/ANI717_Robotics/robot_ws/build/ros2_deep_learning_to_twist_message/build --no-deps install_data --install-dir /home/jetson/ANI717_Robotics/robot_ws/install/ros2_deep_learning_to_twist_message
[12.104s] INFO:colcon.colcon_core.shell:Creating environment hook '/home/jetson/ANI717_Robotics/robot_ws/build/ros2_deep_learning_to_twist_message/share/ros2_deep_learning_to_twist_message/hook/pythonpath_develop.sh'
[12.111s] Level 1:colcon.colcon_core.environment:checking '/home/jetson/ANI717_Robotics/robot_ws/install/ros2_deep_learning_to_twist_message' for CMake module files
[12.113s] Level 1:colcon.colcon_core.environment:checking '/home/jetson/ANI717_Robotics/robot_ws/install/ros2_deep_learning_to_twist_message' for CMake config files
[12.116s] Level 1:colcon.colcon_core.environment:checking '/home/jetson/ANI717_Robotics/robot_ws/install/ros2_deep_learning_to_twist_message/lib'
[12.116s] Level 1:colcon.colcon_core.environment:checking '/home/jetson/ANI717_Robotics/robot_ws/install/ros2_deep_learning_to_twist_message/bin'
[12.117s] Level 1:colcon.colcon_core.environment:checking '/home/jetson/ANI717_Robotics/robot_ws/install/ros2_deep_learning_to_twist_message/lib/pkgconfig/ros2_deep_learning_to_twist_message.pc'
[12.118s] Level 1:colcon.colcon_core.environment:checking '/home/jetson/ANI717_Robotics/robot_ws/install/ros2_deep_learning_to_twist_message/lib/python3.8/site-packages'
[12.118s] Level 1:colcon.colcon_core.shell:create_environment_hook('ros2_deep_learning_to_twist_message', 'pythonpath')
[12.121s] INFO:colcon.colcon_core.shell:Creating environment hook '/home/jetson/ANI717_Robotics/robot_ws/install/ros2_deep_learning_to_twist_message/share/ros2_deep_learning_to_twist_message/hook/pythonpath.ps1'
[12.123s] INFO:colcon.colcon_core.shell:Creating environment descriptor '/home/jetson/ANI717_Robotics/robot_ws/install/ros2_deep_learning_to_twist_message/share/ros2_deep_learning_to_twist_message/hook/pythonpath.dsv'
[12.125s] INFO:colcon.colcon_core.shell:Creating environment hook '/home/jetson/ANI717_Robotics/robot_ws/install/ros2_deep_learning_to_twist_message/share/ros2_deep_learning_to_twist_message/hook/pythonpath.sh'
[12.127s] Level 1:colcon.colcon_core.environment:checking '/home/jetson/ANI717_Robotics/robot_ws/install/ros2_deep_learning_to_twist_message/bin'
[12.127s] Level 1:colcon.colcon_core.environment:create_environment_scripts_only(ros2_deep_learning_to_twist_message)
[12.131s] INFO:colcon.colcon_core.shell:Creating package script '/home/jetson/ANI717_Robotics/robot_ws/install/ros2_deep_learning_to_twist_message/share/ros2_deep_learning_to_twist_message/package.ps1'
[12.134s] INFO:colcon.colcon_core.shell:Creating package descriptor '/home/jetson/ANI717_Robotics/robot_ws/install/ros2_deep_learning_to_twist_message/share/ros2_deep_learning_to_twist_message/package.dsv'
[12.137s] INFO:colcon.colcon_core.shell:Creating package script '/home/jetson/ANI717_Robotics/robot_ws/install/ros2_deep_learning_to_twist_message/share/ros2_deep_learning_to_twist_message/package.sh'
[12.139s] INFO:colcon.colcon_core.shell:Creating package script '/home/jetson/ANI717_Robotics/robot_ws/install/ros2_deep_learning_to_twist_message/share/ros2_deep_learning_to_twist_message/package.bash'
[12.141s] INFO:colcon.colcon_core.shell:Creating package script '/home/jetson/ANI717_Robotics/robot_ws/install/ros2_deep_learning_to_twist_message/share/ros2_deep_learning_to_twist_message/package.zsh'
[12.142s] Level 1:colcon.colcon_core.environment:create_file_with_runtime_dependencies(/home/jetson/ANI717_Robotics/robot_ws/install/ros2_deep_learning_to_twist_message/share/colcon-core/packages/ros2_deep_learning_to_twist_message)
[12.143s] Level 1:colcon.colcon_core.shell:create_environment_hook('ros2_gamepad_to_twist_message', 'pythonpath_develop')
[12.146s] INFO:colcon.colcon_core.shell:Creating environment hook '/home/jetson/ANI717_Robotics/robot_ws/build/ros2_gamepad_to_twist_message/share/ros2_gamepad_to_twist_message/hook/pythonpath_develop.ps1'
[12.149s] INFO:colcon.colcon_core.shell:Creating environment descriptor '/home/jetson/ANI717_Robotics/robot_ws/build/ros2_gamepad_to_twist_message/share/ros2_gamepad_to_twist_message/hook/pythonpath_develop.dsv'
[12.152s] DEBUG:colcon.colcon_core.event_handler.log_command:Invoked command in '/home/jetson/ANI717_Robotics/robot_ws/build/ros2_gamepad_to_twist_message' returned '0': PYTHONPATH=/home/jetson/ANI717_Robotics/robot_ws/install/ros2_gamepad_to_twist_message/lib/python3.8/site-packages:${PYTHONPATH} /usr/bin/python3 setup.py develop --prefix /home/jetson/ANI717_Robotics/robot_ws/install/ros2_gamepad_to_twist_message --editable --build-directory /home/jetson/ANI717_Robotics/robot_ws/build/ros2_gamepad_to_twist_message/build --no-deps install_data --install-dir /home/jetson/ANI717_Robotics/robot_ws/install/ros2_gamepad_to_twist_message
[12.153s] INFO:colcon.colcon_core.shell:Creating environment hook '/home/jetson/ANI717_Robotics/robot_ws/build/ros2_gamepad_to_twist_message/share/ros2_gamepad_to_twist_message/hook/pythonpath_develop.sh'
[12.159s] Level 1:colcon.colcon_core.environment:checking '/home/jetson/ANI717_Robotics/robot_ws/install/ros2_gamepad_to_twist_message' for CMake module files
[12.161s] Level 1:colcon.colcon_core.environment:checking '/home/jetson/ANI717_Robotics/robot_ws/install/ros2_gamepad_to_twist_message' for CMake config files
[12.164s] Level 1:colcon.colcon_core.environment:checking '/home/jetson/ANI717_Robotics/robot_ws/install/ros2_gamepad_to_twist_message/lib'
[12.164s] Level 1:colcon.colcon_core.environment:checking '/home/jetson/ANI717_Robotics/robot_ws/install/ros2_gamepad_to_twist_message/bin'
[12.165s] Level 1:colcon.colcon_core.environment:checking '/home/jetson/ANI717_Robotics/robot_ws/install/ros2_gamepad_to_twist_message/lib/pkgconfig/ros2_gamepad_to_twist_message.pc'
[12.166s] Level 1:colcon.colcon_core.environment:checking '/home/jetson/ANI717_Robotics/robot_ws/install/ros2_gamepad_to_twist_message/lib/python3.8/site-packages'
[12.166s] Level 1:colcon.colcon_core.shell:create_environment_hook('ros2_gamepad_to_twist_message', 'pythonpath')
[12.169s] INFO:colcon.colcon_core.shell:Creating environment hook '/home/jetson/ANI717_Robotics/robot_ws/install/ros2_gamepad_to_twist_message/share/ros2_gamepad_to_twist_message/hook/pythonpath.ps1'
[12.171s] INFO:colcon.colcon_core.shell:Creating environment descriptor '/home/jetson/ANI717_Robotics/robot_ws/install/ros2_gamepad_to_twist_message/share/ros2_gamepad_to_twist_message/hook/pythonpath.dsv'
[12.173s] INFO:colcon.colcon_core.shell:Creating environment hook '/home/jetson/ANI717_Robotics/robot_ws/install/ros2_gamepad_to_twist_message/share/ros2_gamepad_to_twist_message/hook/pythonpath.sh'
[12.175s] Level 1:colcon.colcon_core.environment:checking '/home/jetson/ANI717_Robotics/robot_ws/install/ros2_gamepad_to_twist_message/bin'
[12.175s] Level 1:colcon.colcon_core.environment:create_environment_scripts_only(ros2_gamepad_to_twist_message)
[12.180s] INFO:colcon.colcon_core.shell:Creating package script '/home/jetson/ANI717_Robotics/robot_ws/install/ros2_gamepad_to_twist_message/share/ros2_gamepad_to_twist_message/package.ps1'
[12.182s] INFO:colcon.colcon_core.shell:Creating package descriptor '/home/jetson/ANI717_Robotics/robot_ws/install/ros2_gamepad_to_twist_message/share/ros2_gamepad_to_twist_message/package.dsv'
[12.184s] INFO:colcon.colcon_core.shell:Creating package script '/home/jetson/ANI717_Robotics/robot_ws/install/ros2_gamepad_to_twist_message/share/ros2_gamepad_to_twist_message/package.sh'
[12.186s] INFO:colcon.colcon_core.shell:Creating package script '/home/jetson/ANI717_Robotics/robot_ws/install/ros2_gamepad_to_twist_message/share/ros2_gamepad_to_twist_message/package.bash'
[12.187s] INFO:colcon.colcon_core.shell:Creating package script '/home/jetson/ANI717_Robotics/robot_ws/install/ros2_gamepad_to_twist_message/share/ros2_gamepad_to_twist_message/package.zsh'
[12.189s] Level 1:colcon.colcon_core.environment:create_file_with_runtime_dependencies(/home/jetson/ANI717_Robotics/robot_ws/install/ros2_gamepad_to_twist_message/share/colcon-core/packages/ros2_gamepad_to_twist_message)
[13.502s] INFO:colcon.colcon_core.task.python.build:Building Python package in '/home/jetson/ANI717_Robotics/robot_ws/src/ros2_twist_message_to_robot_motion'
[13.506s] INFO:colcon.colcon_core.shell:Skip shell extension 'powershell' for command environment: Not usable outside of PowerShell
[13.506s] DEBUG:colcon.colcon_core.shell:Skip shell extension 'dsv' for command environment
[15.548s] DEBUG:colcon.colcon_core.event_handler.log_command:Invoking command in '/home/jetson/ANI717_Robotics/robot_ws/build/ros2_twist_message_to_robot_motion': PYTHONPATH=/home/jetson/ANI717_Robotics/robot_ws/install/ros2_twist_message_to_robot_motion/lib/python3.8/site-packages:${PYTHONPATH} /usr/bin/python3 setup.py develop --prefix /home/jetson/ANI717_Robotics/robot_ws/install/ros2_twist_message_to_robot_motion --editable --build-directory /home/jetson/ANI717_Robotics/robot_ws/build/ros2_twist_message_to_robot_motion/build --no-deps install_data --install-dir /home/jetson/ANI717_Robotics/robot_ws/install/ros2_twist_message_to_robot_motion
[17.764s] Level 1:colcon.colcon_core.shell:create_environment_hook('ros2_twist_message_to_robot_motion', 'pythonpath_develop')
[17.770s] INFO:colcon.colcon_core.shell:Creating environment hook '/home/jetson/ANI717_Robotics/robot_ws/build/ros2_twist_message_to_robot_motion/share/ros2_twist_message_to_robot_motion/hook/pythonpath_develop.ps1'
[17.771s] DEBUG:colcon.colcon_core.event_handler.log_command:Invoked command in '/home/jetson/ANI717_Robotics/robot_ws/build/ros2_twist_message_to_robot_motion' returned '0': PYTHONPATH=/home/jetson/ANI717_Robotics/robot_ws/install/ros2_twist_message_to_robot_motion/lib/python3.8/site-packages:${PYTHONPATH} /usr/bin/python3 setup.py develop --prefix /home/jetson/ANI717_Robotics/robot_ws/install/ros2_twist_message_to_robot_motion --editable --build-directory /home/jetson/ANI717_Robotics/robot_ws/build/ros2_twist_message_to_robot_motion/build --no-deps install_data --install-dir /home/jetson/ANI717_Robotics/robot_ws/install/ros2_twist_message_to_robot_motion
[17.774s] INFO:colcon.colcon_core.shell:Creating environment descriptor '/home/jetson/ANI717_Robotics/robot_ws/build/ros2_twist_message_to_robot_motion/share/ros2_twist_message_to_robot_motion/hook/pythonpath_develop.dsv'
[17.776s] INFO:colcon.colcon_core.shell:Creating environment hook '/home/jetson/ANI717_Robotics/robot_ws/build/ros2_twist_message_to_robot_motion/share/ros2_twist_message_to_robot_motion/hook/pythonpath_develop.sh'
[17.781s] Level 1:colcon.colcon_core.environment:checking '/home/jetson/ANI717_Robotics/robot_ws/install/ros2_twist_message_to_robot_motion' for CMake module files
[17.784s] Level 1:colcon.colcon_core.environment:checking '/home/jetson/ANI717_Robotics/robot_ws/install/ros2_twist_message_to_robot_motion' for CMake config files
[17.786s] Level 1:colcon.colcon_core.environment:checking '/home/jetson/ANI717_Robotics/robot_ws/install/ros2_twist_message_to_robot_motion/lib'
[17.786s] Level 1:colcon.colcon_core.environment:checking '/home/jetson/ANI717_Robotics/robot_ws/install/ros2_twist_message_to_robot_motion/bin'
[17.786s] Level 1:colcon.colcon_core.environment:checking '/home/jetson/ANI717_Robotics/robot_ws/install/ros2_twist_message_to_robot_motion/lib/pkgconfig/ros2_twist_message_to_robot_motion.pc'
[17.787s] Level 1:colcon.colcon_core.environment:checking '/home/jetson/ANI717_Robotics/robot_ws/install/ros2_twist_message_to_robot_motion/lib/python3.8/site-packages'
[17.787s] Level 1:colcon.colcon_core.shell:create_environment_hook('ros2_twist_message_to_robot_motion', 'pythonpath')
[17.790s] INFO:colcon.colcon_core.shell:Creating environment hook '/home/jetson/ANI717_Robotics/robot_ws/install/ros2_twist_message_to_robot_motion/share/ros2_twist_message_to_robot_motion/hook/pythonpath.ps1'
[17.791s] INFO:colcon.colcon_core.shell:Creating environment descriptor '/home/jetson/ANI717_Robotics/robot_ws/install/ros2_twist_message_to_robot_motion/share/ros2_twist_message_to_robot_motion/hook/pythonpath.dsv'
[17.793s] INFO:colcon.colcon_core.shell:Creating environment hook '/home/jetson/ANI717_Robotics/robot_ws/install/ros2_twist_message_to_robot_motion/share/ros2_twist_message_to_robot_motion/hook/pythonpath.sh'
[17.794s] Level 1:colcon.colcon_core.environment:checking '/home/jetson/ANI717_Robotics/robot_ws/install/ros2_twist_message_to_robot_motion/bin'
[17.795s] Level 1:colcon.colcon_core.environment:create_environment_scripts_only(ros2_twist_message_to_robot_motion)
[17.798s] INFO:colcon.colcon_core.shell:Creating package script '/home/jetson/ANI717_Robotics/robot_ws/install/ros2_twist_message_to_robot_motion/share/ros2_twist_message_to_robot_motion/package.ps1'
[17.800s] INFO:colcon.colcon_core.shell:Creating package descriptor '/home/jetson/ANI717_Robotics/robot_ws/install/ros2_twist_message_to_robot_motion/share/ros2_twist_message_to_robot_motion/package.dsv'
[17.802s] INFO:colcon.colcon_core.shell:Creating package script '/home/jetson/ANI717_Robotics/robot_ws/install/ros2_twist_message_to_robot_motion/share/ros2_twist_message_to_robot_motion/package.sh'
[17.804s] INFO:colcon.colcon_core.shell:Creating package script '/home/jetson/ANI717_Robotics/robot_ws/install/ros2_twist_message_to_robot_motion/share/ros2_twist_message_to_robot_motion/package.bash'
[17.805s] INFO:colcon.colcon_core.shell:Creating package script '/home/jetson/ANI717_Robotics/robot_ws/install/ros2_twist_message_to_robot_motion/share/ros2_twist_message_to_robot_motion/package.zsh'
[17.806s] Level 1:colcon.colcon_core.environment:create_file_with_runtime_dependencies(/home/jetson/ANI717_Robotics/robot_ws/install/ros2_twist_message_to_robot_motion/share/colcon-core/packages/ros2_twist_message_to_robot_motion)
[17.808s] INFO:colcon.colcon_ros.task.ament_python.build:Building ROS package in '/home/jetson/ANI717_Robotics/robot_ws/src/robot_app' with build type 'ament_python'
[17.808s] Level 1:colcon.colcon_core.shell:create_environment_hook('robot_app', 'ament_prefix_path')
[17.812s] INFO:colcon.colcon_core.shell:Creating environment hook '/home/jetson/ANI717_Robotics/robot_ws/install/robot_app/share/robot_app/hook/ament_prefix_path.ps1'
[17.815s] INFO:colcon.colcon_core.shell:Creating environment descriptor '/home/jetson/ANI717_Robotics/robot_ws/install/robot_app/share/robot_app/hook/ament_prefix_path.dsv'
[17.816s] INFO:colcon.colcon_core.shell:Creating environment hook '/home/jetson/ANI717_Robotics/robot_ws/install/robot_app/share/robot_app/hook/ament_prefix_path.sh'
[17.820s] INFO:colcon.colcon_core.shell:Skip shell extension 'powershell' for command environment: Not usable outside of PowerShell
[17.820s] DEBUG:colcon.colcon_core.shell:Skip shell extension 'dsv' for command environment
[19.231s] INFO:colcon.colcon_core.task.python.build:Building Python package in '/home/jetson/ANI717_Robotics/robot_ws/src/robot_app'
[19.235s] INFO:colcon.colcon_core.shell:Skip shell extension 'powershell' for command environment: Not usable outside of PowerShell
[19.236s] DEBUG:colcon.colcon_core.shell:Skip shell extension 'dsv' for command environment
[21.420s] DEBUG:colcon.colcon_core.event_handler.log_command:Invoking command in '/home/jetson/ANI717_Robotics/robot_ws/build/robot_app': AMENT_PREFIX_PATH=/home/jetson/ANI717_Robotics/robot_ws/install/ros2_twist_message_to_robot_motion:/home/jetson/ANI717_Robotics/robot_ws/install/ros2_save_camera_image:/home/jetson/ANI717_Robotics/robot_ws/install/ros2_gamepad_to_twist_message:/home/jetson/ANI717_Robotics/robot_ws/install/ros2_deep_learning_to_twist_message:/home/jetson/ANI717_Robotics/robot_ws/install/ros2_csi_camera_publish:${AMENT_PREFIX_PATH} PYTHONPATH=/home/jetson/ANI717_Robotics/robot_ws/install/robot_app/lib/python3.8/site-packages:/home/jetson/ANI717_Robotics/robot_ws/build/ros2_twist_message_to_robot_motion:/home/jetson/ANI717_Robotics/robot_ws/install/ros2_twist_message_to_robot_motion/lib/python3.8/site-packages:/home/jetson/ANI717_Robotics/robot_ws/build/ros2_save_camera_image:/home/jetson/ANI717_Robotics/robot_ws/install/ros2_save_camera_image/lib/python3.8/site-packages:/home/jetson/ANI717_Robotics/robot_ws/build/ros2_gamepad_to_twist_message:/home/jetson/ANI717_Robotics/robot_ws/install/ros2_gamepad_to_twist_message/lib/python3.8/site-packages:/home/jetson/ANI717_Robotics/robot_ws/build/ros2_deep_learning_to_twist_message:/home/jetson/ANI717_Robotics/robot_ws/install/ros2_deep_learning_to_twist_message/lib/python3.8/site-packages:/home/jetson/ANI717_Robotics/robot_ws/build/ros2_csi_camera_publish:/home/jetson/ANI717_Robotics/robot_ws/install/ros2_csi_camera_publish/lib/python3.8/site-packages:${PYTHONPATH} /usr/bin/python3 setup.py develop --prefix /home/jetson/ANI717_Robotics/robot_ws/install/robot_app --editable --build-directory /home/jetson/ANI717_Robotics/robot_ws/build/robot_app/build --no-deps install_data --install-dir /home/jetson/ANI717_Robotics/robot_ws/install/robot_app
[23.714s] Level 1:colcon.colcon_core.shell:create_environment_hook('robot_app', 'pythonpath_develop')
[23.717s] INFO:colcon.colcon_core.shell:Creating environment hook '/home/jetson/ANI717_Robotics/robot_ws/build/robot_app/share/robot_app/hook/pythonpath_develop.ps1'
[23.720s] DEBUG:colcon.colcon_core.event_handler.log_command:Invoked command in '/home/jetson/ANI717_Robotics/robot_ws/build/robot_app' returned '0': AMENT_PREFIX_PATH=/home/jetson/ANI717_Robotics/robot_ws/install/ros2_twist_message_to_robot_motion:/home/jetson/ANI717_Robotics/robot_ws/install/ros2_save_camera_image:/home/jetson/ANI717_Robotics/robot_ws/install/ros2_gamepad_to_twist_message:/home/jetson/ANI717_Robotics/robot_ws/install/ros2_deep_learning_to_twist_message:/home/jetson/ANI717_Robotics/robot_ws/install/ros2_csi_camera_publish:${AMENT_PREFIX_PATH} PYTHONPATH=/home/jetson/ANI717_Robotics/robot_ws/install/robot_app/lib/python3.8/site-packages:/home/jetson/ANI717_Robotics/robot_ws/build/ros2_twist_message_to_robot_motion:/home/jetson/ANI717_Robotics/robot_ws/install/ros2_twist_message_to_robot_motion/lib/python3.8/site-packages:/home/jetson/ANI717_Robotics/robot_ws/build/ros2_save_camera_image:/home/jetson/ANI717_Robotics/robot_ws/install/ros2_save_camera_image/lib/python3.8/site-packages:/home/jetson/ANI717_Robotics/robot_ws/build/ros2_gamepad_to_twist_message:/home/jetson/ANI717_Robotics/robot_ws/install/ros2_gamepad_to_twist_message/lib/python3.8/site-packages:/home/jetson/ANI717_Robotics/robot_ws/build/ros2_deep_learning_to_twist_message:/home/jetson/ANI717_Robotics/robot_ws/install/ros2_deep_learning_to_twist_message/lib/python3.8/site-packages:/home/jetson/ANI717_Robotics/robot_ws/build/ros2_csi_camera_publish:/home/jetson/ANI717_Robotics/robot_ws/install/ros2_csi_camera_publish/lib/python3.8/site-packages:${PYTHONPATH} /usr/bin/python3 setup.py develop --prefix /home/jetson/ANI717_Robotics/robot_ws/install/robot_app --editable --build-directory /home/jetson/ANI717_Robotics/robot_ws/build/robot_app/build --no-deps install_data --install-dir /home/jetson/ANI717_Robotics/robot_ws/install/robot_app
[23.721s] INFO:colcon.colcon_core.shell:Creating environment descriptor '/home/jetson/ANI717_Robotics/robot_ws/build/robot_app/share/robot_app/hook/pythonpath_develop.dsv'
[23.722s] INFO:colcon.colcon_core.shell:Creating environment hook '/home/jetson/ANI717_Robotics/robot_ws/build/robot_app/share/robot_app/hook/pythonpath_develop.sh'
[23.727s] Level 1:colcon.colcon_core.environment:checking '/home/jetson/ANI717_Robotics/robot_ws/install/robot_app' for CMake module files
[23.730s] Level 1:colcon.colcon_core.environment:checking '/home/jetson/ANI717_Robotics/robot_ws/install/robot_app' for CMake config files
[23.732s] Level 1:colcon.colcon_core.environment:checking '/home/jetson/ANI717_Robotics/robot_ws/install/robot_app/lib'
[23.732s] Level 1:colcon.colcon_core.environment:checking '/home/jetson/ANI717_Robotics/robot_ws/install/robot_app/bin'
[23.732s] Level 1:colcon.colcon_core.environment:checking '/home/jetson/ANI717_Robotics/robot_ws/install/robot_app/lib/pkgconfig/robot_app.pc'
[23.733s] Level 1:colcon.colcon_core.environment:checking '/home/jetson/ANI717_Robotics/robot_ws/install/robot_app/lib/python3.8/site-packages'
[23.733s] Level 1:colcon.colcon_core.shell:create_environment_hook('robot_app', 'pythonpath')
[23.736s] INFO:colcon.colcon_core.shell:Creating environment hook '/home/jetson/ANI717_Robotics/robot_ws/install/robot_app/share/robot_app/hook/pythonpath.ps1'
[23.737s] INFO:colcon.colcon_core.shell:Creating environment descriptor '/home/jetson/ANI717_Robotics/robot_ws/install/robot_app/share/robot_app/hook/pythonpath.dsv'
[23.738s] INFO:colcon.colcon_core.shell:Creating environment hook '/home/jetson/ANI717_Robotics/robot_ws/install/robot_app/share/robot_app/hook/pythonpath.sh'
[23.740s] Level 1:colcon.colcon_core.environment:checking '/home/jetson/ANI717_Robotics/robot_ws/install/robot_app/bin'
[23.740s] Level 1:colcon.colcon_core.environment:create_environment_scripts_only(robot_app)
[23.744s] INFO:colcon.colcon_core.shell:Creating package script '/home/jetson/ANI717_Robotics/robot_ws/install/robot_app/share/robot_app/package.ps1'
[23.746s] INFO:colcon.colcon_core.shell:Creating package descriptor '/home/jetson/ANI717_Robotics/robot_ws/install/robot_app/share/robot_app/package.dsv'
[23.748s] INFO:colcon.colcon_core.shell:Creating package script '/home/jetson/ANI717_Robotics/robot_ws/install/robot_app/share/robot_app/package.sh'
[23.749s] INFO:colcon.colcon_core.shell:Creating package script '/home/jetson/ANI717_Robotics/robot_ws/install/robot_app/share/robot_app/package.bash'
[23.750s] INFO:colcon.colcon_core.shell:Creating package script '/home/jetson/ANI717_Robotics/robot_ws/install/robot_app/share/robot_app/package.zsh'
[23.752s] Level 1:colcon.colcon_core.environment:create_file_with_runtime_dependencies(/home/jetson/ANI717_Robotics/robot_ws/install/robot_app/share/colcon-core/packages/robot_app)
[23.753s] DEBUG:colcon.colcon_parallel_executor.executor.parallel:closing loop
[23.754s] DEBUG:colcon.colcon_parallel_executor.executor.parallel:loop closed
[23.754s] DEBUG:colcon.colcon_parallel_executor.executor.parallel:run_until_complete finished with '0'
[23.755s] DEBUG:colcon.colcon_core.event_reactor:joining thread
[23.781s] INFO:colcon.colcon_core.plugin_system:Skipping extension 'colcon_notification.desktop_notification.terminal_notifier': Not used on non-Darwin systems
[23.781s] INFO:colcon.colcon_core.plugin_system:Skipping extension 'colcon_notification.desktop_notification.win32': Not used on non-Windows systems
[23.781s] INFO:colcon.colcon_notification.desktop_notification:Sending desktop notification using 'notify2'
[24.289s] DEBUG:colcon.colcon_core.event_reactor:joined thread
[24.292s] INFO:colcon.colcon_core.shell:Creating prefix script '/home/jetson/ANI717_Robotics/robot_ws/install/local_setup.ps1'
[24.300s] INFO:colcon.colcon_core.shell:Creating prefix util module '/home/jetson/ANI717_Robotics/robot_ws/install/_local_setup_util_ps1.py'
[24.310s] INFO:colcon.colcon_core.shell:Creating prefix chain script '/home/jetson/ANI717_Robotics/robot_ws/install/setup.ps1'
[24.315s] INFO:colcon.colcon_core.shell:Creating prefix script '/home/jetson/ANI717_Robotics/robot_ws/install/local_setup.sh'
[24.319s] INFO:colcon.colcon_core.shell:Creating prefix util module '/home/jetson/ANI717_Robotics/robot_ws/install/_local_setup_util_sh.py'
[24.321s] INFO:colcon.colcon_core.shell:Creating prefix chain script '/home/jetson/ANI717_Robotics/robot_ws/install/setup.sh'
[24.328s] INFO:colcon.colcon_core.shell:Creating prefix script '/home/jetson/ANI717_Robotics/robot_ws/install/local_setup.bash'
[24.331s] INFO:colcon.colcon_core.shell:Creating prefix chain script '/home/jetson/ANI717_Robotics/robot_ws/install/setup.bash'
[24.336s] INFO:colcon.colcon_core.shell:Creating prefix script '/home/jetson/ANI717_Robotics/robot_ws/install/local_setup.zsh'
[24.339s] INFO:colcon.colcon_core.shell:Creating prefix chain script '/home/jetson/ANI717_Robotics/robot_ws/install/setup.zsh'
