[0.591s] DEBUG:colcon:Command line arguments: ['/usr/bin/colcon', 'build', '--symlink-install']
[0.591s] DEBUG:colcon:Parsed command line arguments: Namespace(allow_overriding=[], ament_cmake_args=None, base_paths=['.'], build_base='build', catkin_cmake_args=None, catkin_skip_building_tests=False, cmake_args=None, cmake_clean_cache=False, cmake_clean_first=False, cmake_force_configure=False, cmake_target=None, cmake_target_skip_unavailable=False, continue_on_error=False, event_handlers=None, executor='parallel', ignore_user_meta=False, install_base='install', log_base=None, log_level=None, main=<bound method BuildVerb.main of <colcon_core.verb.build.BuildVerb object at 0x7f9c2119d0>>, merge_install=False, metas=['./colcon.meta'], packages_above=None, packages_above_and_dependencies=None, packages_above_depth=None, packages_end=None, packages_ignore=None, packages_ignore_regex=None, packages_select=None, packages_select_build_failed=False, packages_select_by_dep=None, packages_select_regex=None, packages_select_test_failures=False, packages_skip=None, packages_skip_build_finished=False, packages_skip_by_dep=None, packages_skip_regex=None, packages_skip_test_passed=False, packages_skip_up_to=None, packages_start=None, packages_up_to=None, packages_up_to_regex=None, parallel_workers=4, paths=None, symlink_install=True, test_result_base=None, verb_extension=<colcon_core.verb.build.BuildVerb object at 0x7f9c2119d0>, verb_name='build', verb_parser=<colcon_defaults.argument_parser.defaults.DefaultArgumentsDecorator object at 0x7f9c211f40>)
[0.678s] Level 1:colcon.colcon_core.package_discovery:discover_packages(colcon_meta) check parameters
[0.679s] Level 1:colcon.colcon_core.package_discovery:discover_packages(recursive) check parameters
[0.679s] Level 1:colcon.colcon_core.package_discovery:discover_packages(ignore) check parameters
[0.679s] Level 1:colcon.colcon_core.package_discovery:discover_packages(path) check parameters
[0.679s] Level 1:colcon.colcon_core.package_discovery:discover_packages(colcon_meta) discover
[0.680s] Level 1:colcon.colcon_core.package_discovery:discover_packages(recursive) discover
[0.680s] INFO:colcon.colcon_core.package_discovery:Crawling recursively for packages in '/home/jetson/ANI717_Robotics/robot_ws'
[0.680s] Level 1:colcon.colcon_core.package_identification:_identify(.) by extensions ['ignore', 'ignore_ament_install']
[0.681s] Level 1:colcon.colcon_core.package_identification:_identify(.) by extension 'ignore'
[0.681s] Level 1:colcon.colcon_core.package_identification:_identify(.) by extension 'ignore_ament_install'
[0.681s] Level 1:colcon.colcon_core.package_identification:_identify(.) by extensions ['colcon_pkg']
[0.681s] Level 1:colcon.colcon_core.package_identification:_identify(.) by extension 'colcon_pkg'
[0.681s] Level 1:colcon.colcon_core.package_identification:_identify(.) by extensions ['colcon_meta']
[0.682s] Level 1:colcon.colcon_core.package_identification:_identify(.) by extension 'colcon_meta'
[0.682s] Level 1:colcon.colcon_core.package_identification:_identify(.) by extensions ['ros']
[0.682s] Level 1:colcon.colcon_core.package_identification:_identify(.) by extension 'ros'
[0.729s] Level 1:colcon.colcon_core.package_identification:_identify(.) by extensions ['cmake', 'python']
[0.730s] Level 1:colcon.colcon_core.package_identification:_identify(.) by extension 'cmake'
[0.730s] Level 1:colcon.colcon_core.package_identification:_identify(.) by extension 'python'
[0.730s] Level 1:colcon.colcon_core.package_identification:_identify(.) by extensions ['python_setup_py']
[0.730s] Level 1:colcon.colcon_core.package_identification:_identify(.) by extension 'python_setup_py'
[0.731s] Level 1:colcon.colcon_core.package_identification:_identify(build) by extensions ['ignore', 'ignore_ament_install']
[0.731s] Level 1:colcon.colcon_core.package_identification:_identify(build) by extension 'ignore'
[0.731s] Level 1:colcon.colcon_core.package_identification:_identify(build) ignored
[0.732s] Level 1:colcon.colcon_core.package_identification:_identify(install) by extensions ['ignore', 'ignore_ament_install']
[0.732s] Level 1:colcon.colcon_core.package_identification:_identify(install) by extension 'ignore'
[0.733s] Level 1:colcon.colcon_core.package_identification:_identify(install) ignored
[0.733s] Level 1:colcon.colcon_core.package_identification:_identify(log) by extensions ['ignore', 'ignore_ament_install']
[0.733s] Level 1:colcon.colcon_core.package_identification:_identify(log) by extension 'ignore'
[0.734s] Level 1:colcon.colcon_core.package_identification:_identify(log) ignored
[0.734s] Level 1:colcon.colcon_core.package_identification:_identify(src) by extensions ['ignore', 'ignore_ament_install']
[0.734s] Level 1:colcon.colcon_core.package_identification:_identify(src) by extension 'ignore'
[0.734s] Level 1:colcon.colcon_core.package_identification:_identify(src) by extension 'ignore_ament_install'
[0.735s] Level 1:colcon.colcon_core.package_identification:_identify(src) by extensions ['colcon_pkg']
[0.735s] Level 1:colcon.colcon_core.package_identification:_identify(src) by extension 'colcon_pkg'
[0.735s] Level 1:colcon.colcon_core.package_identification:_identify(src) by extensions ['colcon_meta']
[0.735s] Level 1:colcon.colcon_core.package_identification:_identify(src) by extension 'colcon_meta'
[0.735s] Level 1:colcon.colcon_core.package_identification:_identify(src) by extensions ['ros']
[0.735s] Level 1:colcon.colcon_core.package_identification:_identify(src) by extension 'ros'
[0.736s] Level 1:colcon.colcon_core.package_identification:_identify(src) by extensions ['cmake', 'python']
[0.736s] Level 1:colcon.colcon_core.package_identification:_identify(src) by extension 'cmake'
[0.736s] Level 1:colcon.colcon_core.package_identification:_identify(src) by extension 'python'
[0.736s] Level 1:colcon.colcon_core.package_identification:_identify(src) by extensions ['python_setup_py']
[0.737s] Level 1:colcon.colcon_core.package_identification:_identify(src) by extension 'python_setup_py'
[0.737s] Level 1:colcon.colcon_core.package_identification:_identify(src/robot_app) by extensions ['ignore', 'ignore_ament_install']
[0.737s] Level 1:colcon.colcon_core.package_identification:_identify(src/robot_app) by extension 'ignore'
[0.737s] Level 1:colcon.colcon_core.package_identification:_identify(src/robot_app) by extension 'ignore_ament_install'
[0.738s] Level 1:colcon.colcon_core.package_identification:_identify(src/robot_app) by extensions ['colcon_pkg']
[0.738s] Level 1:colcon.colcon_core.package_identification:_identify(src/robot_app) by extension 'colcon_pkg'
[0.738s] Level 1:colcon.colcon_core.package_identification:_identify(src/robot_app) by extensions ['colcon_meta']
[0.738s] Level 1:colcon.colcon_core.package_identification:_identify(src/robot_app) by extension 'colcon_meta'
[0.738s] Level 1:colcon.colcon_core.package_identification:_identify(src/robot_app) by extensions ['ros']
[0.738s] Level 1:colcon.colcon_core.package_identification:_identify(src/robot_app) by extension 'ros'
[0.750s] DEBUG:colcon.colcon_core.package_identification:Package 'src/robot_app' with type 'ros.ament_python' and name 'robot_app'
[0.751s] Level 1:colcon.colcon_core.package_identification:_identify(src/ros2_csi_camera_publish) by extensions ['ignore', 'ignore_ament_install']
[0.751s] Level 1:colcon.colcon_core.package_identification:_identify(src/ros2_csi_camera_publish) by extension 'ignore'
[0.751s] Level 1:colcon.colcon_core.package_identification:_identify(src/ros2_csi_camera_publish) by extension 'ignore_ament_install'
[0.751s] Level 1:colcon.colcon_core.package_identification:_identify(src/ros2_csi_camera_publish) by extensions ['colcon_pkg']
[0.752s] Level 1:colcon.colcon_core.package_identification:_identify(src/ros2_csi_camera_publish) by extension 'colcon_pkg'
[0.752s] Level 1:colcon.colcon_core.package_identification:_identify(src/ros2_csi_camera_publish) by extensions ['colcon_meta']
[0.752s] Level 1:colcon.colcon_core.package_identification:_identify(src/ros2_csi_camera_publish) by extension 'colcon_meta'
[0.752s] Level 1:colcon.colcon_core.package_identification:_identify(src/ros2_csi_camera_publish) by extensions ['ros']
[0.752s] Level 1:colcon.colcon_core.package_identification:_identify(src/ros2_csi_camera_publish) by extension 'ros'
[0.756s] DEBUG:colcon.colcon_core.package_identification:Package 'src/ros2_csi_camera_publish' with type 'ros.ament_python' and name 'ros2_csi_camera_publish'
[0.756s] Level 1:colcon.colcon_core.package_identification:_identify(src/ros2_deep_learning_to_twist_message) by extensions ['ignore', 'ignore_ament_install']
[0.757s] Level 1:colcon.colcon_core.package_identification:_identify(src/ros2_deep_learning_to_twist_message) by extension 'ignore'
[0.757s] Level 1:colcon.colcon_core.package_identification:_identify(src/ros2_deep_learning_to_twist_message) by extension 'ignore_ament_install'
[0.757s] Level 1:colcon.colcon_core.package_identification:_identify(src/ros2_deep_learning_to_twist_message) by extensions ['colcon_pkg']
[0.757s] Level 1:colcon.colcon_core.package_identification:_identify(src/ros2_deep_learning_to_twist_message) by extension 'colcon_pkg'
[0.757s] Level 1:colcon.colcon_core.package_identification:_identify(src/ros2_deep_learning_to_twist_message) by extensions ['colcon_meta']
[0.758s] Level 1:colcon.colcon_core.package_identification:_identify(src/ros2_deep_learning_to_twist_message) by extension 'colcon_meta'
[0.758s] Level 1:colcon.colcon_core.package_identification:_identify(src/ros2_deep_learning_to_twist_message) by extensions ['ros']
[0.758s] Level 1:colcon.colcon_core.package_identification:_identify(src/ros2_deep_learning_to_twist_message) by extension 'ros'
[0.761s] DEBUG:colcon.colcon_core.package_identification:Package 'src/ros2_deep_learning_to_twist_message' with type 'ros.ament_python' and name 'ros2_deep_learning_to_twist_message'
[0.762s] Level 1:colcon.colcon_core.package_identification:_identify(src/ros2_gamepad_to_twist_message) by extensions ['ignore', 'ignore_ament_install']
[0.762s] Level 1:colcon.colcon_core.package_identification:_identify(src/ros2_gamepad_to_twist_message) by extension 'ignore'
[0.762s] Level 1:colcon.colcon_core.package_identification:_identify(src/ros2_gamepad_to_twist_message) by extension 'ignore_ament_install'
[0.763s] Level 1:colcon.colcon_core.package_identification:_identify(src/ros2_gamepad_to_twist_message) by extensions ['colcon_pkg']
[0.763s] Level 1:colcon.colcon_core.package_identification:_identify(src/ros2_gamepad_to_twist_message) by extension 'colcon_pkg'
[0.763s] Level 1:colcon.colcon_core.package_identification:_identify(src/ros2_gamepad_to_twist_message) by extensions ['colcon_meta']
[0.763s] Level 1:colcon.colcon_core.package_identification:_identify(src/ros2_gamepad_to_twist_message) by extension 'colcon_meta'
[0.763s] Level 1:colcon.colcon_core.package_identification:_identify(src/ros2_gamepad_to_twist_message) by extensions ['ros']
[0.763s] Level 1:colcon.colcon_core.package_identification:_identify(src/ros2_gamepad_to_twist_message) by extension 'ros'
[0.766s] DEBUG:colcon.colcon_core.package_identification:Package 'src/ros2_gamepad_to_twist_message' with type 'ros.ament_python' and name 'ros2_gamepad_to_twist_message'
[0.767s] Level 1:colcon.colcon_core.package_identification:_identify(src/ros2_save_camera_image) by extensions ['ignore', 'ignore_ament_install']
[0.767s] Level 1:colcon.colcon_core.package_identification:_identify(src/ros2_save_camera_image) by extension 'ignore'
[0.767s] Level 1:colcon.colcon_core.package_identification:_identify(src/ros2_save_camera_image) by extension 'ignore_ament_install'
[0.768s] Level 1:colcon.colcon_core.package_identification:_identify(src/ros2_save_camera_image) by extensions ['colcon_pkg']
[0.768s] Level 1:colcon.colcon_core.package_identification:_identify(src/ros2_save_camera_image) by extension 'colcon_pkg'
[0.768s] Level 1:colcon.colcon_core.package_identification:_identify(src/ros2_save_camera_image) by extensions ['colcon_meta']
[0.768s] Level 1:colcon.colcon_core.package_identification:_identify(src/ros2_save_camera_image) by extension 'colcon_meta'
[0.768s] Level 1:colcon.colcon_core.package_identification:_identify(src/ros2_save_camera_image) by extensions ['ros']
[0.769s] Level 1:colcon.colcon_core.package_identification:_identify(src/ros2_save_camera_image) by extension 'ros'
[0.772s] DEBUG:colcon.colcon_core.package_identification:Package 'src/ros2_save_camera_image' with type 'ros.ament_python' and name 'ros2_save_camera_image'
[0.772s] Level 1:colcon.colcon_core.package_identification:_identify(src/ros2_twist_message_to_robot_motion) by extensions ['ignore', 'ignore_ament_install']
[0.773s] Level 1:colcon.colcon_core.package_identification:_identify(src/ros2_twist_message_to_robot_motion) by extension 'ignore'
[0.773s] Level 1:colcon.colcon_core.package_identification:_identify(src/ros2_twist_message_to_robot_motion) by extension 'ignore_ament_install'
[0.773s] Level 1:colcon.colcon_core.package_identification:_identify(src/ros2_twist_message_to_robot_motion) by extensions ['colcon_pkg']
[0.773s] Level 1:colcon.colcon_core.package_identification:_identify(src/ros2_twist_message_to_robot_motion) by extension 'colcon_pkg'
[0.773s] Level 1:colcon.colcon_core.package_identification:_identify(src/ros2_twist_message_to_robot_motion) by extensions ['colcon_meta']
[0.774s] Level 1:colcon.colcon_core.package_identification:_identify(src/ros2_twist_message_to_robot_motion) by extension 'colcon_meta'
[0.774s] Level 1:colcon.colcon_core.package_identification:_identify(src/ros2_twist_message_to_robot_motion) by extensions ['ros']
[0.774s] Level 1:colcon.colcon_core.package_identification:_identify(src/ros2_twist_message_to_robot_motion) by extension 'ros'
[0.777s] DEBUG:colcon.colcon_core.package_identification:Package 'src/ros2_twist_message_to_robot_motion' with type 'ros.ament_python' and name 'ros2_twist_message_to_robot_motion'
[0.777s] Level 1:colcon.colcon_core.package_discovery:discover_packages(recursive) using defaults
[0.778s] Level 1:colcon.colcon_core.package_discovery:discover_packages(ignore) discover
[0.778s] Level 1:colcon.colcon_core.package_discovery:discover_packages(ignore) using defaults
[0.778s] Level 1:colcon.colcon_core.package_discovery:discover_packages(path) discover
[0.778s] Level 1:colcon.colcon_core.package_discovery:discover_packages(path) using defaults
[0.874s] Level 1:colcon.colcon_core.package_discovery:discover_packages(prefix_path) check parameters
[0.874s] Level 1:colcon.colcon_core.package_discovery:discover_packages(prefix_path) discover
[0.884s] DEBUG:colcon.colcon_installed_package_information.package_discovery:Found 6 installed packages in /home/jetson/ANI717_Robotics/robot_ws/install
[0.915s] DEBUG:colcon.colcon_installed_package_information.package_discovery:Found 306 installed packages in /home/jetson/ros2_foxy/ros2-linux
[0.965s] Level 1:colcon.colcon_core.package_discovery:discover_packages(prefix_path) using defaults
[1.069s] Level 5:colcon.colcon_core.verb:set package 'ros2_csi_camera_publish' build argument 'cmake_args' from command line to 'None'
[1.070s] Level 5:colcon.colcon_core.verb:set package 'ros2_csi_camera_publish' build argument 'cmake_target' from command line to 'None'
[1.070s] Level 5:colcon.colcon_core.verb:set package 'ros2_csi_camera_publish' build argument 'cmake_target_skip_unavailable' from command line to 'False'
[1.070s] Level 5:colcon.colcon_core.verb:set package 'ros2_csi_camera_publish' build argument 'cmake_clean_cache' from command line to 'False'
[1.070s] Level 5:colcon.colcon_core.verb:set package 'ros2_csi_camera_publish' build argument 'cmake_clean_first' from command line to 'False'
[1.070s] Level 5:colcon.colcon_core.verb:set package 'ros2_csi_camera_publish' build argument 'cmake_force_configure' from command line to 'False'
[1.070s] Level 5:colcon.colcon_core.verb:set package 'ros2_csi_camera_publish' build argument 'ament_cmake_args' from command line to 'None'
[1.070s] Level 5:colcon.colcon_core.verb:set package 'ros2_csi_camera_publish' build argument 'catkin_cmake_args' from command line to 'None'
[1.070s] Level 5:colcon.colcon_core.verb:set package 'ros2_csi_camera_publish' build argument 'catkin_skip_building_tests' from command line to 'False'
[1.071s] DEBUG:colcon.colcon_core.verb:Building package 'ros2_csi_camera_publish' with the following arguments: {'ament_cmake_args': None, 'build_base': '/home/jetson/ANI717_Robotics/robot_ws/build/ros2_csi_camera_publish', 'catkin_cmake_args': None, 'catkin_skip_building_tests': False, 'cmake_args': None, 'cmake_clean_cache': False, 'cmake_clean_first': False, 'cmake_force_configure': False, 'cmake_target': None, 'cmake_target_skip_unavailable': False, 'install_base': '/home/jetson/ANI717_Robotics/robot_ws/install/ros2_csi_camera_publish', 'merge_install': False, 'path': '/home/jetson/ANI717_Robotics/robot_ws/src/ros2_csi_camera_publish', 'symlink_install': True, 'test_result_base': None}
[1.074s] Level 5:colcon.colcon_core.verb:set package 'ros2_deep_learning_to_twist_message' build argument 'cmake_args' from command line to 'None'
[1.074s] Level 5:colcon.colcon_core.verb:set package 'ros2_deep_learning_to_twist_message' build argument 'cmake_target' from command line to 'None'
[1.075s] Level 5:colcon.colcon_core.verb:set package 'ros2_deep_learning_to_twist_message' build argument 'cmake_target_skip_unavailable' from command line to 'False'
[1.075s] Level 5:colcon.colcon_core.verb:set package 'ros2_deep_learning_to_twist_message' build argument 'cmake_clean_cache' from command line to 'False'
[1.075s] Level 5:colcon.colcon_core.verb:set package 'ros2_deep_learning_to_twist_message' build argument 'cmake_clean_first' from command line to 'False'
[1.075s] Level 5:colcon.colcon_core.verb:set package 'ros2_deep_learning_to_twist_message' build argument 'cmake_force_configure' from command line to 'False'
[1.075s] Level 5:colcon.colcon_core.verb:set package 'ros2_deep_learning_to_twist_message' build argument 'ament_cmake_args' from command line to 'None'
[1.075s] Level 5:colcon.colcon_core.verb:set package 'ros2_deep_learning_to_twist_message' build argument 'catkin_cmake_args' from command line to 'None'
[1.076s] Level 5:colcon.colcon_core.verb:set package 'ros2_deep_learning_to_twist_message' build argument 'catkin_skip_building_tests' from command line to 'False'
[1.076s] DEBUG:colcon.colcon_core.verb:Building package 'ros2_deep_learning_to_twist_message' with the following arguments: {'ament_cmake_args': None, 'build_base': '/home/jetson/ANI717_Robotics/robot_ws/build/ros2_deep_learning_to_twist_message', 'catkin_cmake_args': None, 'catkin_skip_building_tests': False, 'cmake_args': None, 'cmake_clean_cache': False, 'cmake_clean_first': False, 'cmake_force_configure': False, 'cmake_target': None, 'cmake_target_skip_unavailable': False, 'install_base': '/home/jetson/ANI717_Robotics/robot_ws/install/ros2_deep_learning_to_twist_message', 'merge_install': False, 'path': '/home/jetson/ANI717_Robotics/robot_ws/src/ros2_deep_learning_to_twist_message', 'symlink_install': True, 'test_result_base': None}
[1.079s] Level 5:colcon.colcon_core.verb:set package 'ros2_gamepad_to_twist_message' build argument 'cmake_args' from command line to 'None'
[1.079s] Level 5:colcon.colcon_core.verb:set package 'ros2_gamepad_to_twist_message' build argument 'cmake_target' from command line to 'None'
[1.079s] Level 5:colcon.colcon_core.verb:set package 'ros2_gamepad_to_twist_message' build argument 'cmake_target_skip_unavailable' from command line to 'False'
[1.080s] Level 5:colcon.colcon_core.verb:set package 'ros2_gamepad_to_twist_message' build argument 'cmake_clean_cache' from command line to 'False'
[1.080s] Level 5:colcon.colcon_core.verb:set package 'ros2_gamepad_to_twist_message' build argument 'cmake_clean_first' from command line to 'False'
[1.080s] Level 5:colcon.colcon_core.verb:set package 'ros2_gamepad_to_twist_message' build argument 'cmake_force_configure' from command line to 'False'
[1.080s] Level 5:colcon.colcon_core.verb:set package 'ros2_gamepad_to_twist_message' build argument 'ament_cmake_args' from command line to 'None'
[1.080s] Level 5:colcon.colcon_core.verb:set package 'ros2_gamepad_to_twist_message' build argument 'catkin_cmake_args' from command line to 'None'
[1.080s] Level 5:colcon.colcon_core.verb:set package 'ros2_gamepad_to_twist_message' build argument 'catkin_skip_building_tests' from command line to 'False'
[1.080s] DEBUG:colcon.colcon_core.verb:Building package 'ros2_gamepad_to_twist_message' with the following arguments: {'ament_cmake_args': None, 'build_base': '/home/jetson/ANI717_Robotics/robot_ws/build/ros2_gamepad_to_twist_message', 'catkin_cmake_args': None, 'catkin_skip_building_tests': False, 'cmake_args': None, 'cmake_clean_cache': False, 'cmake_clean_first': False, 'cmake_force_configure': False, 'cmake_target': None, 'cmake_target_skip_unavailable': False, 'install_base': '/home/jetson/ANI717_Robotics/robot_ws/install/ros2_gamepad_to_twist_message', 'merge_install': False, 'path': '/home/jetson/ANI717_Robotics/robot_ws/src/ros2_gamepad_to_twist_message', 'symlink_install': True, 'test_result_base': None}
[1.084s] Level 5:colcon.colcon_core.verb:set package 'ros2_save_camera_image' build argument 'cmake_args' from command line to 'None'
[1.084s] Level 5:colcon.colcon_core.verb:set package 'ros2_save_camera_image' build argument 'cmake_target' from command line to 'None'
[1.084s] Level 5:colcon.colcon_core.verb:set package 'ros2_save_camera_image' build argument 'cmake_target_skip_unavailable' from command line to 'False'
[1.084s] Level 5:colcon.colcon_core.verb:set package 'ros2_save_camera_image' build argument 'cmake_clean_cache' from command line to 'False'
[1.084s] Level 5:colcon.colcon_core.verb:set package 'ros2_save_camera_image' build argument 'cmake_clean_first' from command line to 'False'
[1.084s] Level 5:colcon.colcon_core.verb:set package 'ros2_save_camera_image' build argument 'cmake_force_configure' from command line to 'False'
[1.084s] Level 5:colcon.colcon_core.verb:set package 'ros2_save_camera_image' build argument 'ament_cmake_args' from command line to 'None'
[1.085s] Level 5:colcon.colcon_core.verb:set package 'ros2_save_camera_image' build argument 'catkin_cmake_args' from command line to 'None'
[1.085s] Level 5:colcon.colcon_core.verb:set package 'ros2_save_camera_image' build argument 'catkin_skip_building_tests' from command line to 'False'
[1.085s] DEBUG:colcon.colcon_core.verb:Building package 'ros2_save_camera_image' with the following arguments: {'ament_cmake_args': None, 'build_base': '/home/jetson/ANI717_Robotics/robot_ws/build/ros2_save_camera_image', 'catkin_cmake_args': None, 'catkin_skip_building_tests': False, 'cmake_args': None, 'cmake_clean_cache': False, 'cmake_clean_first': False, 'cmake_force_configure': False, 'cmake_target': None, 'cmake_target_skip_unavailable': False, 'install_base': '/home/jetson/ANI717_Robotics/robot_ws/install/ros2_save_camera_image', 'merge_install': False, 'path': '/home/jetson/ANI717_Robotics/robot_ws/src/ros2_save_camera_image', 'symlink_install': True, 'test_result_base': None}
[1.088s] Level 5:colcon.colcon_core.verb:set package 'ros2_twist_message_to_robot_motion' build argument 'cmake_args' from command line to 'None'
[1.088s] Level 5:colcon.colcon_core.verb:set package 'ros2_twist_message_to_robot_motion' build argument 'cmake_target' from command line to 'None'
[1.088s] Level 5:colcon.colcon_core.verb:set package 'ros2_twist_message_to_robot_motion' build argument 'cmake_target_skip_unavailable' from command line to 'False'
[1.089s] Level 5:colcon.colcon_core.verb:set package 'ros2_twist_message_to_robot_motion' build argument 'cmake_clean_cache' from command line to 'False'
[1.089s] Level 5:colcon.colcon_core.verb:set package 'ros2_twist_message_to_robot_motion' build argument 'cmake_clean_first' from command line to 'False'
[1.089s] Level 5:colcon.colcon_core.verb:set package 'ros2_twist_message_to_robot_motion' build argument 'cmake_force_configure' from command line to 'False'
[1.089s] Level 5:colcon.colcon_core.verb:set package 'ros2_twist_message_to_robot_motion' build argument 'ament_cmake_args' from command line to 'None'
[1.089s] Level 5:colcon.colcon_core.verb:set package 'ros2_twist_message_to_robot_motion' build argument 'catkin_cmake_args' from command line to 'None'
[1.089s] Level 5:colcon.colcon_core.verb:set package 'ros2_twist_message_to_robot_motion' build argument 'catkin_skip_building_tests' from command line to 'False'
[1.089s] DEBUG:colcon.colcon_core.verb:Building package 'ros2_twist_message_to_robot_motion' with the following arguments: {'ament_cmake_args': None, 'build_base': '/home/jetson/ANI717_Robotics/robot_ws/build/ros2_twist_message_to_robot_motion', 'catkin_cmake_args': None, 'catkin_skip_building_tests': False, 'cmake_args': None, 'cmake_clean_cache': False, 'cmake_clean_first': False, 'cmake_force_configure': False, 'cmake_target': None, 'cmake_target_skip_unavailable': False, 'install_base': '/home/jetson/ANI717_Robotics/robot_ws/install/ros2_twist_message_to_robot_motion', 'merge_install': False, 'path': '/home/jetson/ANI717_Robotics/robot_ws/src/ros2_twist_message_to_robot_motion', 'symlink_install': True, 'test_result_base': None}
[1.093s] Level 5:colcon.colcon_core.verb:set package 'robot_app' build argument 'cmake_args' from command line to 'None'
[1.093s] Level 5:colcon.colcon_core.verb:set package 'robot_app' build argument 'cmake_target' from command line to 'None'
[1.093s] Level 5:colcon.colcon_core.verb:set package 'robot_app' build argument 'cmake_target_skip_unavailable' from command line to 'False'
[1.093s] Level 5:colcon.colcon_core.verb:set package 'robot_app' build argument 'cmake_clean_cache' from command line to 'False'
[1.093s] Level 5:colcon.colcon_core.verb:set package 'robot_app' build argument 'cmake_clean_first' from command line to 'False'
[1.093s] Level 5:colcon.colcon_core.verb:set package 'robot_app' build argument 'cmake_force_configure' from command line to 'False'
[1.093s] Level 5:colcon.colcon_core.verb:set package 'robot_app' build argument 'ament_cmake_args' from command line to 'None'
[1.094s] Level 5:colcon.colcon_core.verb:set package 'robot_app' build argument 'catkin_cmake_args' from command line to 'None'
[1.094s] Level 5:colcon.colcon_core.verb:set package 'robot_app' build argument 'catkin_skip_building_tests' from command line to 'False'
[1.094s] DEBUG:colcon.colcon_core.verb:Building package 'robot_app' with the following arguments: {'ament_cmake_args': None, 'build_base': '/home/jetson/ANI717_Robotics/robot_ws/build/robot_app', 'catkin_cmake_args': None, 'catkin_skip_building_tests': False, 'cmake_args': None, 'cmake_clean_cache': False, 'cmake_clean_first': False, 'cmake_force_configure': False, 'cmake_target': None, 'cmake_target_skip_unavailable': False, 'install_base': '/home/jetson/ANI717_Robotics/robot_ws/install/robot_app', 'merge_install': False, 'path': '/home/jetson/ANI717_Robotics/robot_ws/src/robot_app', 'symlink_install': True, 'test_result_base': None}
[1.095s] INFO:colcon.colcon_core.executor:Executing jobs using 'parallel' executor
[1.104s] DEBUG:colcon.colcon_parallel_executor.executor.parallel:run_until_complete
[1.105s] INFO:colcon.colcon_ros.task.ament_python.build:Building ROS package in '/home/jetson/ANI717_Robotics/robot_ws/src/ros2_csi_camera_publish' with build type 'ament_python'
[1.105s] Level 1:colcon.colcon_core.shell:create_environment_hook('ros2_csi_camera_publish', 'ament_prefix_path')
[1.121s] INFO:colcon.colcon_core.plugin_system:Skipping extension 'colcon_core.shell.bat': Not used on non-Windows systems
[1.122s] INFO:colcon.colcon_core.shell:Creating environment hook '/home/jetson/ANI717_Robotics/robot_ws/install/ros2_csi_camera_publish/share/ros2_csi_camera_publish/hook/ament_prefix_path.ps1'
[1.125s] INFO:colcon.colcon_core.shell:Creating environment descriptor '/home/jetson/ANI717_Robotics/robot_ws/install/ros2_csi_camera_publish/share/ros2_csi_camera_publish/hook/ament_prefix_path.dsv'
[1.127s] INFO:colcon.colcon_core.shell:Creating environment hook '/home/jetson/ANI717_Robotics/robot_ws/install/ros2_csi_camera_publish/share/ros2_csi_camera_publish/hook/ament_prefix_path.sh'
[1.132s] INFO:colcon.colcon_core.shell:Skip shell extension 'powershell' for command environment: Not usable outside of PowerShell
[1.132s] DEBUG:colcon.colcon_core.shell:Skip shell extension 'dsv' for command environment
[1.180s] INFO:colcon.colcon_ros.task.ament_python.build:Building ROS package in '/home/jetson/ANI717_Robotics/robot_ws/src/ros2_deep_learning_to_twist_message' with build type 'ament_python'
[1.182s] Level 1:colcon.colcon_core.shell:create_environment_hook('ros2_deep_learning_to_twist_message', 'ament_prefix_path')
[1.185s] INFO:colcon.colcon_core.shell:Creating environment hook '/home/jetson/ANI717_Robotics/robot_ws/install/ros2_deep_learning_to_twist_message/share/ros2_deep_learning_to_twist_message/hook/ament_prefix_path.ps1'
[1.188s] INFO:colcon.colcon_core.shell:Creating environment descriptor '/home/jetson/ANI717_Robotics/robot_ws/install/ros2_deep_learning_to_twist_message/share/ros2_deep_learning_to_twist_message/hook/ament_prefix_path.dsv'
[1.190s] INFO:colcon.colcon_core.shell:Creating environment hook '/home/jetson/ANI717_Robotics/robot_ws/install/ros2_deep_learning_to_twist_message/share/ros2_deep_learning_to_twist_message/hook/ament_prefix_path.sh'
[1.194s] INFO:colcon.colcon_core.shell:Skip shell extension 'powershell' for command environment: Not usable outside of PowerShell
[1.194s] DEBUG:colcon.colcon_core.shell:Skip shell extension 'dsv' for command environment
[1.240s] INFO:colcon.colcon_ros.task.ament_python.build:Building ROS package in '/home/jetson/ANI717_Robotics/robot_ws/src/ros2_gamepad_to_twist_message' with build type 'ament_python'
[1.241s] Level 1:colcon.colcon_core.shell:create_environment_hook('ros2_gamepad_to_twist_message', 'ament_prefix_path')
[1.245s] INFO:colcon.colcon_core.shell:Creating environment hook '/home/jetson/ANI717_Robotics/robot_ws/install/ros2_gamepad_to_twist_message/share/ros2_gamepad_to_twist_message/hook/ament_prefix_path.ps1'
[1.248s] INFO:colcon.colcon_core.shell:Creating environment descriptor '/home/jetson/ANI717_Robotics/robot_ws/install/ros2_gamepad_to_twist_message/share/ros2_gamepad_to_twist_message/hook/ament_prefix_path.dsv'
[1.250s] INFO:colcon.colcon_core.shell:Creating environment hook '/home/jetson/ANI717_Robotics/robot_ws/install/ros2_gamepad_to_twist_message/share/ros2_gamepad_to_twist_message/hook/ament_prefix_path.sh'
[1.254s] INFO:colcon.colcon_core.shell:Skip shell extension 'powershell' for command environment: Not usable outside of PowerShell
[1.254s] DEBUG:colcon.colcon_core.shell:Skip shell extension 'dsv' for command environment
[1.298s] INFO:colcon.colcon_ros.task.ament_python.build:Building ROS package in '/home/jetson/ANI717_Robotics/robot_ws/src/ros2_save_camera_image' with build type 'ament_python'
[1.299s] Level 1:colcon.colcon_core.shell:create_environment_hook('ros2_save_camera_image', 'ament_prefix_path')
[1.303s] INFO:colcon.colcon_core.shell:Creating environment hook '/home/jetson/ANI717_Robotics/robot_ws/install/ros2_save_camera_image/share/ros2_save_camera_image/hook/ament_prefix_path.ps1'
[1.307s] INFO:colcon.colcon_core.shell:Creating environment descriptor '/home/jetson/ANI717_Robotics/robot_ws/install/ros2_save_camera_image/share/ros2_save_camera_image/hook/ament_prefix_path.dsv'
[1.309s] INFO:colcon.colcon_core.shell:Creating environment hook '/home/jetson/ANI717_Robotics/robot_ws/install/ros2_save_camera_image/share/ros2_save_camera_image/hook/ament_prefix_path.sh'
[1.313s] INFO:colcon.colcon_core.shell:Skip shell extension 'powershell' for command environment: Not usable outside of PowerShell
[1.313s] DEBUG:colcon.colcon_core.shell:Skip shell extension 'dsv' for command environment
[2.742s] INFO:colcon.colcon_core.task.python.build:Building Python package in '/home/jetson/ANI717_Robotics/robot_ws/src/ros2_csi_camera_publish'
[2.746s] INFO:colcon.colcon_core.shell:Skip shell extension 'powershell' for command environment: Not usable outside of PowerShell
[2.746s] DEBUG:colcon.colcon_core.shell:Skip shell extension 'dsv' for command environment
[4.260s] INFO:colcon.colcon_core.task.python.build:Building Python package in '/home/jetson/ANI717_Robotics/robot_ws/src/ros2_deep_learning_to_twist_message'
[4.264s] INFO:colcon.colcon_core.shell:Skip shell extension 'powershell' for command environment: Not usable outside of PowerShell
[4.265s] DEBUG:colcon.colcon_core.shell:Skip shell extension 'dsv' for command environment
[5.782s] INFO:colcon.colcon_core.task.python.build:Building Python package in '/home/jetson/ANI717_Robotics/robot_ws/src/ros2_gamepad_to_twist_message'
[5.786s] INFO:colcon.colcon_core.shell:Skip shell extension 'powershell' for command environment: Not usable outside of PowerShell
[5.787s] DEBUG:colcon.colcon_core.shell:Skip shell extension 'dsv' for command environment
[7.097s] INFO:colcon.colcon_core.task.python.build:Building Python package in '/home/jetson/ANI717_Robotics/robot_ws/src/ros2_save_camera_image'
[7.100s] INFO:colcon.colcon_core.shell:Skip shell extension 'powershell' for command environment: Not usable outside of PowerShell
[7.100s] DEBUG:colcon.colcon_core.shell:Skip shell extension 'dsv' for command environment
[9.297s] DEBUG:colcon.colcon_core.event_handler.log_command:Invoking command in '/home/jetson/ANI717_Robotics/robot_ws/build/ros2_csi_camera_publish': PYTHONPATH=/home/jetson/ANI717_Robotics/robot_ws/install/ros2_csi_camera_publish/lib/python3.8/site-packages:${PYTHONPATH} /usr/bin/python3 setup.py develop --prefix /home/jetson/ANI717_Robotics/robot_ws/install/ros2_csi_camera_publish --editable --build-directory /home/jetson/ANI717_Robotics/robot_ws/build/ros2_csi_camera_publish/build --no-deps install_data --install-dir /home/jetson/ANI717_Robotics/robot_ws/install/ros2_csi_camera_publish
[9.353s] DEBUG:colcon.colcon_core.event_handler.log_command:Invoking command in '/home/jetson/ANI717_Robotics/robot_ws/build/ros2_gamepad_to_twist_message': PYTHONPATH=/home/jetson/ANI717_Robotics/robot_ws/install/ros2_gamepad_to_twist_message/lib/python3.8/site-packages:${PYTHONPATH} /usr/bin/python3 setup.py develop --prefix /home/jetson/ANI717_Robotics/robot_ws/install/ros2_gamepad_to_twist_message --editable --build-directory /home/jetson/ANI717_Robotics/robot_ws/build/ros2_gamepad_to_twist_message/build --no-deps install_data --install-dir /home/jetson/ANI717_Robotics/robot_ws/install/ros2_gamepad_to_twist_message
[9.422s] DEBUG:colcon.colcon_core.event_handler.log_command:Invoking command in '/home/jetson/ANI717_Robotics/robot_ws/build/ros2_deep_learning_to_twist_message': PYTHONPATH=/home/jetson/ANI717_Robotics/robot_ws/install/ros2_deep_learning_to_twist_message/lib/python3.8/site-packages:${PYTHONPATH} /usr/bin/python3 setup.py develop --prefix /home/jetson/ANI717_Robotics/robot_ws/install/ros2_deep_learning_to_twist_message --editable --build-directory /home/jetson/ANI717_Robotics/robot_ws/build/ros2_deep_learning_to_twist_message/build --no-deps install_data --install-dir /home/jetson/ANI717_Robotics/robot_ws/install/ros2_deep_learning_to_twist_message
[9.490s] DEBUG:colcon.colcon_core.event_handler.log_command:Invoking command in '/home/jetson/ANI717_Robotics/robot_ws/build/ros2_save_camera_image': PYTHONPATH=/home/jetson/ANI717_Robotics/robot_ws/install/ros2_save_camera_image/lib/python3.8/site-packages:${PYTHONPATH} /usr/bin/python3 setup.py develop --prefix /home/jetson/ANI717_Robotics/robot_ws/install/ros2_save_camera_image --editable --build-directory /home/jetson/ANI717_Robotics/robot_ws/build/ros2_save_camera_image/build --no-deps install_data --install-dir /home/jetson/ANI717_Robotics/robot_ws/install/ros2_save_camera_image
[11.972s] Level 1:colcon.colcon_core.shell:create_environment_hook('ros2_csi_camera_publish', 'pythonpath_develop')
[11.976s] INFO:colcon.colcon_core.shell:Creating environment hook '/home/jetson/ANI717_Robotics/robot_ws/build/ros2_csi_camera_publish/share/ros2_csi_camera_publish/hook/pythonpath_develop.ps1'
[11.978s] DEBUG:colcon.colcon_core.event_handler.log_command:Invoked command in '/home/jetson/ANI717_Robotics/robot_ws/build/ros2_csi_camera_publish' returned '0': PYTHONPATH=/home/jetson/ANI717_Robotics/robot_ws/install/ros2_csi_camera_publish/lib/python3.8/site-packages:${PYTHONPATH} /usr/bin/python3 setup.py develop --prefix /home/jetson/ANI717_Robotics/robot_ws/install/ros2_csi_camera_publish --editable --build-directory /home/jetson/ANI717_Robotics/robot_ws/build/ros2_csi_camera_publish/build --no-deps install_data --install-dir /home/jetson/ANI717_Robotics/robot_ws/install/ros2_csi_camera_publish
[11.983s] INFO:colcon.colcon_core.shell:Creating environment descriptor '/home/jetson/ANI717_Robotics/robot_ws/build/ros2_csi_camera_publish/share/ros2_csi_camera_publish/hook/pythonpath_develop.dsv'
[11.986s] INFO:colcon.colcon_core.shell:Creating environment hook '/home/jetson/ANI717_Robotics/robot_ws/build/ros2_csi_camera_publish/share/ros2_csi_camera_publish/hook/pythonpath_develop.sh'
[12.018s] Level 1:colcon.colcon_core.environment:checking '/home/jetson/ANI717_Robotics/robot_ws/install/ros2_csi_camera_publish' for CMake module files
[12.021s] Level 1:colcon.colcon_core.environment:checking '/home/jetson/ANI717_Robotics/robot_ws/install/ros2_csi_camera_publish' for CMake config files
[12.024s] Level 1:colcon.colcon_core.environment:checking '/home/jetson/ANI717_Robotics/robot_ws/install/ros2_csi_camera_publish/lib'
[12.025s] Level 1:colcon.colcon_core.environment:checking '/home/jetson/ANI717_Robotics/robot_ws/install/ros2_csi_camera_publish/bin'
[12.026s] Level 1:colcon.colcon_core.environment:checking '/home/jetson/ANI717_Robotics/robot_ws/install/ros2_csi_camera_publish/lib/pkgconfig/ros2_csi_camera_publish.pc'
[12.027s] Level 1:colcon.colcon_core.environment:checking '/home/jetson/ANI717_Robotics/robot_ws/install/ros2_csi_camera_publish/lib/python3.8/site-packages'
[12.028s] Level 1:colcon.colcon_core.shell:create_environment_hook('ros2_csi_camera_publish', 'pythonpath')
[12.031s] INFO:colcon.colcon_core.shell:Creating environment hook '/home/jetson/ANI717_Robotics/robot_ws/install/ros2_csi_camera_publish/share/ros2_csi_camera_publish/hook/pythonpath.ps1'
[12.033s] INFO:colcon.colcon_core.shell:Creating environment descriptor '/home/jetson/ANI717_Robotics/robot_ws/install/ros2_csi_camera_publish/share/ros2_csi_camera_publish/hook/pythonpath.dsv'
[12.034s] INFO:colcon.colcon_core.shell:Creating environment hook '/home/jetson/ANI717_Robotics/robot_ws/install/ros2_csi_camera_publish/share/ros2_csi_camera_publish/hook/pythonpath.sh'
[12.036s] Level 1:colcon.colcon_core.environment:checking '/home/jetson/ANI717_Robotics/robot_ws/install/ros2_csi_camera_publish/bin'
[12.037s] Level 1:colcon.colcon_core.environment:create_environment_scripts_only(ros2_csi_camera_publish)
[12.041s] INFO:colcon.colcon_core.shell:Creating package script '/home/jetson/ANI717_Robotics/robot_ws/install/ros2_csi_camera_publish/share/ros2_csi_camera_publish/package.ps1'
[12.045s] INFO:colcon.colcon_core.shell:Creating package descriptor '/home/jetson/ANI717_Robotics/robot_ws/install/ros2_csi_camera_publish/share/ros2_csi_camera_publish/package.dsv'
[12.048s] INFO:colcon.colcon_core.shell:Creating package script '/home/jetson/ANI717_Robotics/robot_ws/install/ros2_csi_camera_publish/share/ros2_csi_camera_publish/package.sh'
[12.052s] INFO:colcon.colcon_core.shell:Creating package script '/home/jetson/ANI717_Robotics/robot_ws/install/ros2_csi_camera_publish/share/ros2_csi_camera_publish/package.bash'
[12.055s] INFO:colcon.colcon_core.shell:Creating package script '/home/jetson/ANI717_Robotics/robot_ws/install/ros2_csi_camera_publish/share/ros2_csi_camera_publish/package.zsh'
[12.058s] Level 1:colcon.colcon_core.environment:create_file_with_runtime_dependencies(/home/jetson/ANI717_Robotics/robot_ws/install/ros2_csi_camera_publish/share/colcon-core/packages/ros2_csi_camera_publish)
[12.062s] INFO:colcon.colcon_ros.task.ament_python.build:Building ROS package in '/home/jetson/ANI717_Robotics/robot_ws/src/ros2_twist_message_to_robot_motion' with build type 'ament_python'
[12.063s] Level 1:colcon.colcon_core.shell:create_environment_hook('ros2_twist_message_to_robot_motion', 'ament_prefix_path')
[12.066s] INFO:colcon.colcon_core.shell:Creating environment hook '/home/jetson/ANI717_Robotics/robot_ws/install/ros2_twist_message_to_robot_motion/share/ros2_twist_message_to_robot_motion/hook/ament_prefix_path.ps1'
[12.071s] INFO:colcon.colcon_core.shell:Creating environment descriptor '/home/jetson/ANI717_Robotics/robot_ws/install/ros2_twist_message_to_robot_motion/share/ros2_twist_message_to_robot_motion/hook/ament_prefix_path.dsv'
[12.074s] INFO:colcon.colcon_core.shell:Creating environment hook '/home/jetson/ANI717_Robotics/robot_ws/install/ros2_twist_message_to_robot_motion/share/ros2_twist_message_to_robot_motion/hook/ament_prefix_path.sh'
[12.080s] INFO:colcon.colcon_core.shell:Skip shell extension 'powershell' for command environment: Not usable outside of PowerShell
[12.081s] DEBUG:colcon.colcon_core.shell:Skip shell extension 'dsv' for command environment
[12.145s] Level 1:colcon.colcon_core.shell:create_environment_hook('ros2_gamepad_to_twist_message', 'pythonpath_develop')
[12.149s] INFO:colcon.colcon_core.shell:Creating environment hook '/home/jetson/ANI717_Robotics/robot_ws/build/ros2_gamepad_to_twist_message/share/ros2_gamepad_to_twist_message/hook/pythonpath_develop.ps1'
[12.153s] DEBUG:colcon.colcon_core.event_handler.log_command:Invoked command in '/home/jetson/ANI717_Robotics/robot_ws/build/ros2_gamepad_to_twist_message' returned '0': PYTHONPATH=/home/jetson/ANI717_Robotics/robot_ws/install/ros2_gamepad_to_twist_message/lib/python3.8/site-packages:${PYTHONPATH} /usr/bin/python3 setup.py develop --prefix /home/jetson/ANI717_Robotics/robot_ws/install/ros2_gamepad_to_twist_message --editable --build-directory /home/jetson/ANI717_Robotics/robot_ws/build/ros2_gamepad_to_twist_message/build --no-deps install_data --install-dir /home/jetson/ANI717_Robotics/robot_ws/install/ros2_gamepad_to_twist_message
[12.155s] INFO:colcon.colcon_core.shell:Creating environment descriptor '/home/jetson/ANI717_Robotics/robot_ws/build/ros2_gamepad_to_twist_message/share/ros2_gamepad_to_twist_message/hook/pythonpath_develop.dsv'
[12.157s] INFO:colcon.colcon_core.shell:Creating environment hook '/home/jetson/ANI717_Robotics/robot_ws/build/ros2_gamepad_to_twist_message/share/ros2_gamepad_to_twist_message/hook/pythonpath_develop.sh'
[12.164s] Level 1:colcon.colcon_core.environment:checking '/home/jetson/ANI717_Robotics/robot_ws/install/ros2_gamepad_to_twist_message' for CMake module files
[12.167s] Level 1:colcon.colcon_core.environment:checking '/home/jetson/ANI717_Robotics/robot_ws/install/ros2_gamepad_to_twist_message' for CMake config files
[12.170s] Level 1:colcon.colcon_core.environment:checking '/home/jetson/ANI717_Robotics/robot_ws/install/ros2_gamepad_to_twist_message/lib'
[12.171s] Level 1:colcon.colcon_core.environment:checking '/home/jetson/ANI717_Robotics/robot_ws/install/ros2_gamepad_to_twist_message/bin'
[12.171s] Level 1:colcon.colcon_core.environment:checking '/home/jetson/ANI717_Robotics/robot_ws/install/ros2_gamepad_to_twist_message/lib/pkgconfig/ros2_gamepad_to_twist_message.pc'
[12.173s] Level 1:colcon.colcon_core.environment:checking '/home/jetson/ANI717_Robotics/robot_ws/install/ros2_gamepad_to_twist_message/lib/python3.8/site-packages'
[12.173s] Level 1:colcon.colcon_core.shell:create_environment_hook('ros2_gamepad_to_twist_message', 'pythonpath')
[12.176s] INFO:colcon.colcon_core.shell:Creating environment hook '/home/jetson/ANI717_Robotics/robot_ws/install/ros2_gamepad_to_twist_message/share/ros2_gamepad_to_twist_message/hook/pythonpath.ps1'
[12.178s] INFO:colcon.colcon_core.shell:Creating environment descriptor '/home/jetson/ANI717_Robotics/robot_ws/install/ros2_gamepad_to_twist_message/share/ros2_gamepad_to_twist_message/hook/pythonpath.dsv'
[12.180s] INFO:colcon.colcon_core.shell:Creating environment hook '/home/jetson/ANI717_Robotics/robot_ws/install/ros2_gamepad_to_twist_message/share/ros2_gamepad_to_twist_message/hook/pythonpath.sh'
[12.183s] Level 1:colcon.colcon_core.environment:checking '/home/jetson/ANI717_Robotics/robot_ws/install/ros2_gamepad_to_twist_message/bin'
[12.184s] Level 1:colcon.colcon_core.environment:create_environment_scripts_only(ros2_gamepad_to_twist_message)
[12.188s] INFO:colcon.colcon_core.shell:Creating package script '/home/jetson/ANI717_Robotics/robot_ws/install/ros2_gamepad_to_twist_message/share/ros2_gamepad_to_twist_message/package.ps1'
[12.191s] INFO:colcon.colcon_core.shell:Creating package descriptor '/home/jetson/ANI717_Robotics/robot_ws/install/ros2_gamepad_to_twist_message/share/ros2_gamepad_to_twist_message/package.dsv'
[12.194s] INFO:colcon.colcon_core.shell:Creating package script '/home/jetson/ANI717_Robotics/robot_ws/install/ros2_gamepad_to_twist_message/share/ros2_gamepad_to_twist_message/package.sh'
[12.197s] INFO:colcon.colcon_core.shell:Creating package script '/home/jetson/ANI717_Robotics/robot_ws/install/ros2_gamepad_to_twist_message/share/ros2_gamepad_to_twist_message/package.bash'
[12.199s] INFO:colcon.colcon_core.shell:Creating package script '/home/jetson/ANI717_Robotics/robot_ws/install/ros2_gamepad_to_twist_message/share/ros2_gamepad_to_twist_message/package.zsh'
[12.201s] Level 1:colcon.colcon_core.environment:create_file_with_runtime_dependencies(/home/jetson/ANI717_Robotics/robot_ws/install/ros2_gamepad_to_twist_message/share/colcon-core/packages/ros2_gamepad_to_twist_message)
[13.557s] INFO:colcon.colcon_core.task.python.build:Building Python package in '/home/jetson/ANI717_Robotics/robot_ws/src/ros2_twist_message_to_robot_motion'
[13.561s] INFO:colcon.colcon_core.shell:Skip shell extension 'powershell' for command environment: Not usable outside of PowerShell
[13.561s] DEBUG:colcon.colcon_core.shell:Skip shell extension 'dsv' for command environment
[13.617s] Level 1:colcon.colcon_core.shell:create_environment_hook('ros2_deep_learning_to_twist_message', 'pythonpath_develop')
[13.621s] INFO:colcon.colcon_core.shell:Creating environment hook '/home/jetson/ANI717_Robotics/robot_ws/build/ros2_deep_learning_to_twist_message/share/ros2_deep_learning_to_twist_message/hook/pythonpath_develop.ps1'
[13.622s] DEBUG:colcon.colcon_core.event_handler.log_command:Invoked command in '/home/jetson/ANI717_Robotics/robot_ws/build/ros2_deep_learning_to_twist_message' returned '0': PYTHONPATH=/home/jetson/ANI717_Robotics/robot_ws/install/ros2_deep_learning_to_twist_message/lib/python3.8/site-packages:${PYTHONPATH} /usr/bin/python3 setup.py develop --prefix /home/jetson/ANI717_Robotics/robot_ws/install/ros2_deep_learning_to_twist_message --editable --build-directory /home/jetson/ANI717_Robotics/robot_ws/build/ros2_deep_learning_to_twist_message/build --no-deps install_data --install-dir /home/jetson/ANI717_Robotics/robot_ws/install/ros2_deep_learning_to_twist_message
[13.624s] INFO:colcon.colcon_core.shell:Creating environment descriptor '/home/jetson/ANI717_Robotics/robot_ws/build/ros2_deep_learning_to_twist_message/share/ros2_deep_learning_to_twist_message/hook/pythonpath_develop.dsv'
[13.626s] INFO:colcon.colcon_core.shell:Creating environment hook '/home/jetson/ANI717_Robotics/robot_ws/build/ros2_deep_learning_to_twist_message/share/ros2_deep_learning_to_twist_message/hook/pythonpath_develop.sh'
[13.633s] Level 1:colcon.colcon_core.environment:checking '/home/jetson/ANI717_Robotics/robot_ws/install/ros2_deep_learning_to_twist_message' for CMake module files
[13.635s] Level 1:colcon.colcon_core.environment:checking '/home/jetson/ANI717_Robotics/robot_ws/install/ros2_deep_learning_to_twist_message' for CMake config files
[13.638s] Level 1:colcon.colcon_core.environment:checking '/home/jetson/ANI717_Robotics/robot_ws/install/ros2_deep_learning_to_twist_message/lib'
[13.639s] Level 1:colcon.colcon_core.environment:checking '/home/jetson/ANI717_Robotics/robot_ws/install/ros2_deep_learning_to_twist_message/bin'
[13.639s] Level 1:colcon.colcon_core.environment:checking '/home/jetson/ANI717_Robotics/robot_ws/install/ros2_deep_learning_to_twist_message/lib/pkgconfig/ros2_deep_learning_to_twist_message.pc'
[13.640s] Level 1:colcon.colcon_core.environment:checking '/home/jetson/ANI717_Robotics/robot_ws/install/ros2_deep_learning_to_twist_message/lib/python3.8/site-packages'
[13.641s] Level 1:colcon.colcon_core.shell:create_environment_hook('ros2_deep_learning_to_twist_message', 'pythonpath')
[13.644s] INFO:colcon.colcon_core.shell:Creating environment hook '/home/jetson/ANI717_Robotics/robot_ws/install/ros2_deep_learning_to_twist_message/share/ros2_deep_learning_to_twist_message/hook/pythonpath.ps1'
[13.645s] INFO:colcon.colcon_core.shell:Creating environment descriptor '/home/jetson/ANI717_Robotics/robot_ws/install/ros2_deep_learning_to_twist_message/share/ros2_deep_learning_to_twist_message/hook/pythonpath.dsv'
[13.647s] INFO:colcon.colcon_core.shell:Creating environment hook '/home/jetson/ANI717_Robotics/robot_ws/install/ros2_deep_learning_to_twist_message/share/ros2_deep_learning_to_twist_message/hook/pythonpath.sh'
[13.650s] Level 1:colcon.colcon_core.environment:checking '/home/jetson/ANI717_Robotics/robot_ws/install/ros2_deep_learning_to_twist_message/bin'
[13.650s] Level 1:colcon.colcon_core.environment:create_environment_scripts_only(ros2_deep_learning_to_twist_message)
[13.654s] INFO:colcon.colcon_core.shell:Creating package script '/home/jetson/ANI717_Robotics/robot_ws/install/ros2_deep_learning_to_twist_message/share/ros2_deep_learning_to_twist_message/package.ps1'
[13.656s] INFO:colcon.colcon_core.shell:Creating package descriptor '/home/jetson/ANI717_Robotics/robot_ws/install/ros2_deep_learning_to_twist_message/share/ros2_deep_learning_to_twist_message/package.dsv'
[13.659s] INFO:colcon.colcon_core.shell:Creating package script '/home/jetson/ANI717_Robotics/robot_ws/install/ros2_deep_learning_to_twist_message/share/ros2_deep_learning_to_twist_message/package.sh'
[13.661s] INFO:colcon.colcon_core.shell:Creating package script '/home/jetson/ANI717_Robotics/robot_ws/install/ros2_deep_learning_to_twist_message/share/ros2_deep_learning_to_twist_message/package.bash'
[13.663s] INFO:colcon.colcon_core.shell:Creating package script '/home/jetson/ANI717_Robotics/robot_ws/install/ros2_deep_learning_to_twist_message/share/ros2_deep_learning_to_twist_message/package.zsh'
[13.665s] Level 1:colcon.colcon_core.environment:create_file_with_runtime_dependencies(/home/jetson/ANI717_Robotics/robot_ws/install/ros2_deep_learning_to_twist_message/share/colcon-core/packages/ros2_deep_learning_to_twist_message)
[13.667s] Level 1:colcon.colcon_core.shell:create_environment_hook('ros2_save_camera_image', 'pythonpath_develop')
[13.670s] INFO:colcon.colcon_core.shell:Creating environment hook '/home/jetson/ANI717_Robotics/robot_ws/build/ros2_save_camera_image/share/ros2_save_camera_image/hook/pythonpath_develop.ps1'
[13.674s] INFO:colcon.colcon_core.shell:Creating environment descriptor '/home/jetson/ANI717_Robotics/robot_ws/build/ros2_save_camera_image/share/ros2_save_camera_image/hook/pythonpath_develop.dsv'
[13.676s] DEBUG:colcon.colcon_core.event_handler.log_command:Invoked command in '/home/jetson/ANI717_Robotics/robot_ws/build/ros2_save_camera_image' returned '0': PYTHONPATH=/home/jetson/ANI717_Robotics/robot_ws/install/ros2_save_camera_image/lib/python3.8/site-packages:${PYTHONPATH} /usr/bin/python3 setup.py develop --prefix /home/jetson/ANI717_Robotics/robot_ws/install/ros2_save_camera_image --editable --build-directory /home/jetson/ANI717_Robotics/robot_ws/build/ros2_save_camera_image/build --no-deps install_data --install-dir /home/jetson/ANI717_Robotics/robot_ws/install/ros2_save_camera_image
[13.677s] INFO:colcon.colcon_core.shell:Creating environment hook '/home/jetson/ANI717_Robotics/robot_ws/build/ros2_save_camera_image/share/ros2_save_camera_image/hook/pythonpath_develop.sh'
[13.684s] Level 1:colcon.colcon_core.environment:checking '/home/jetson/ANI717_Robotics/robot_ws/install/ros2_save_camera_image' for CMake module files
[13.686s] Level 1:colcon.colcon_core.environment:checking '/home/jetson/ANI717_Robotics/robot_ws/install/ros2_save_camera_image' for CMake config files
[13.689s] Level 1:colcon.colcon_core.environment:checking '/home/jetson/ANI717_Robotics/robot_ws/install/ros2_save_camera_image/lib'
[13.689s] Level 1:colcon.colcon_core.environment:checking '/home/jetson/ANI717_Robotics/robot_ws/install/ros2_save_camera_image/bin'
[13.690s] Level 1:colcon.colcon_core.environment:checking '/home/jetson/ANI717_Robotics/robot_ws/install/ros2_save_camera_image/lib/pkgconfig/ros2_save_camera_image.pc'
[13.690s] Level 1:colcon.colcon_core.environment:checking '/home/jetson/ANI717_Robotics/robot_ws/install/ros2_save_camera_image/lib/python3.8/site-packages'
[13.691s] Level 1:colcon.colcon_core.shell:create_environment_hook('ros2_save_camera_image', 'pythonpath')
[13.694s] INFO:colcon.colcon_core.shell:Creating environment hook '/home/jetson/ANI717_Robotics/robot_ws/install/ros2_save_camera_image/share/ros2_save_camera_image/hook/pythonpath.ps1'
[13.696s] INFO:colcon.colcon_core.shell:Creating environment descriptor '/home/jetson/ANI717_Robotics/robot_ws/install/ros2_save_camera_image/share/ros2_save_camera_image/hook/pythonpath.dsv'
[13.698s] INFO:colcon.colcon_core.shell:Creating environment hook '/home/jetson/ANI717_Robotics/robot_ws/install/ros2_save_camera_image/share/ros2_save_camera_image/hook/pythonpath.sh'
[13.700s] Level 1:colcon.colcon_core.environment:checking '/home/jetson/ANI717_Robotics/robot_ws/install/ros2_save_camera_image/bin'
[13.701s] Level 1:colcon.colcon_core.environment:create_environment_scripts_only(ros2_save_camera_image)
[13.705s] INFO:colcon.colcon_core.shell:Creating package script '/home/jetson/ANI717_Robotics/robot_ws/install/ros2_save_camera_image/share/ros2_save_camera_image/package.ps1'
[13.708s] INFO:colcon.colcon_core.shell:Creating package descriptor '/home/jetson/ANI717_Robotics/robot_ws/install/ros2_save_camera_image/share/ros2_save_camera_image/package.dsv'
[13.711s] INFO:colcon.colcon_core.shell:Creating package script '/home/jetson/ANI717_Robotics/robot_ws/install/ros2_save_camera_image/share/ros2_save_camera_image/package.sh'
[13.713s] INFO:colcon.colcon_core.shell:Creating package script '/home/jetson/ANI717_Robotics/robot_ws/install/ros2_save_camera_image/share/ros2_save_camera_image/package.bash'
[13.715s] INFO:colcon.colcon_core.shell:Creating package script '/home/jetson/ANI717_Robotics/robot_ws/install/ros2_save_camera_image/share/ros2_save_camera_image/package.zsh'
[13.716s] Level 1:colcon.colcon_core.environment:create_file_with_runtime_dependencies(/home/jetson/ANI717_Robotics/robot_ws/install/ros2_save_camera_image/share/colcon-core/packages/ros2_save_camera_image)
[15.899s] DEBUG:colcon.colcon_core.event_handler.log_command:Invoking command in '/home/jetson/ANI717_Robotics/robot_ws/build/ros2_twist_message_to_robot_motion': PYTHONPATH=/home/jetson/ANI717_Robotics/robot_ws/install/ros2_twist_message_to_robot_motion/lib/python3.8/site-packages:${PYTHONPATH} /usr/bin/python3 setup.py develop --prefix /home/jetson/ANI717_Robotics/robot_ws/install/ros2_twist_message_to_robot_motion --editable --build-directory /home/jetson/ANI717_Robotics/robot_ws/build/ros2_twist_message_to_robot_motion/build --no-deps install_data --install-dir /home/jetson/ANI717_Robotics/robot_ws/install/ros2_twist_message_to_robot_motion
[18.226s] Level 1:colcon.colcon_core.shell:create_environment_hook('ros2_twist_message_to_robot_motion', 'pythonpath_develop')
[18.230s] INFO:colcon.colcon_core.shell:Creating environment hook '/home/jetson/ANI717_Robotics/robot_ws/build/ros2_twist_message_to_robot_motion/share/ros2_twist_message_to_robot_motion/hook/pythonpath_develop.ps1'
[18.232s] DEBUG:colcon.colcon_core.event_handler.log_command:Invoked command in '/home/jetson/ANI717_Robotics/robot_ws/build/ros2_twist_message_to_robot_motion' returned '0': PYTHONPATH=/home/jetson/ANI717_Robotics/robot_ws/install/ros2_twist_message_to_robot_motion/lib/python3.8/site-packages:${PYTHONPATH} /usr/bin/python3 setup.py develop --prefix /home/jetson/ANI717_Robotics/robot_ws/install/ros2_twist_message_to_robot_motion --editable --build-directory /home/jetson/ANI717_Robotics/robot_ws/build/ros2_twist_message_to_robot_motion/build --no-deps install_data --install-dir /home/jetson/ANI717_Robotics/robot_ws/install/ros2_twist_message_to_robot_motion
[18.234s] INFO:colcon.colcon_core.shell:Creating environment descriptor '/home/jetson/ANI717_Robotics/robot_ws/build/ros2_twist_message_to_robot_motion/share/ros2_twist_message_to_robot_motion/hook/pythonpath_develop.dsv'
[18.236s] INFO:colcon.colcon_core.shell:Creating environment hook '/home/jetson/ANI717_Robotics/robot_ws/build/ros2_twist_message_to_robot_motion/share/ros2_twist_message_to_robot_motion/hook/pythonpath_develop.sh'
[18.242s] Level 1:colcon.colcon_core.environment:checking '/home/jetson/ANI717_Robotics/robot_ws/install/ros2_twist_message_to_robot_motion' for CMake module files
[18.244s] Level 1:colcon.colcon_core.environment:checking '/home/jetson/ANI717_Robotics/robot_ws/install/ros2_twist_message_to_robot_motion' for CMake config files
[18.246s] Level 1:colcon.colcon_core.environment:checking '/home/jetson/ANI717_Robotics/robot_ws/install/ros2_twist_message_to_robot_motion/lib'
[18.246s] Level 1:colcon.colcon_core.environment:checking '/home/jetson/ANI717_Robotics/robot_ws/install/ros2_twist_message_to_robot_motion/bin'
[18.247s] Level 1:colcon.colcon_core.environment:checking '/home/jetson/ANI717_Robotics/robot_ws/install/ros2_twist_message_to_robot_motion/lib/pkgconfig/ros2_twist_message_to_robot_motion.pc'
[18.247s] Level 1:colcon.colcon_core.environment:checking '/home/jetson/ANI717_Robotics/robot_ws/install/ros2_twist_message_to_robot_motion/lib/python3.8/site-packages'
[18.248s] Level 1:colcon.colcon_core.shell:create_environment_hook('ros2_twist_message_to_robot_motion', 'pythonpath')
[18.250s] INFO:colcon.colcon_core.shell:Creating environment hook '/home/jetson/ANI717_Robotics/robot_ws/install/ros2_twist_message_to_robot_motion/share/ros2_twist_message_to_robot_motion/hook/pythonpath.ps1'
[18.252s] INFO:colcon.colcon_core.shell:Creating environment descriptor '/home/jetson/ANI717_Robotics/robot_ws/install/ros2_twist_message_to_robot_motion/share/ros2_twist_message_to_robot_motion/hook/pythonpath.dsv'
[18.253s] INFO:colcon.colcon_core.shell:Creating environment hook '/home/jetson/ANI717_Robotics/robot_ws/install/ros2_twist_message_to_robot_motion/share/ros2_twist_message_to_robot_motion/hook/pythonpath.sh'
[18.255s] Level 1:colcon.colcon_core.environment:checking '/home/jetson/ANI717_Robotics/robot_ws/install/ros2_twist_message_to_robot_motion/bin'
[18.255s] Level 1:colcon.colcon_core.environment:create_environment_scripts_only(ros2_twist_message_to_robot_motion)
[18.258s] INFO:colcon.colcon_core.shell:Creating package script '/home/jetson/ANI717_Robotics/robot_ws/install/ros2_twist_message_to_robot_motion/share/ros2_twist_message_to_robot_motion/package.ps1'
[18.260s] INFO:colcon.colcon_core.shell:Creating package descriptor '/home/jetson/ANI717_Robotics/robot_ws/install/ros2_twist_message_to_robot_motion/share/ros2_twist_message_to_robot_motion/package.dsv'
[18.262s] INFO:colcon.colcon_core.shell:Creating package script '/home/jetson/ANI717_Robotics/robot_ws/install/ros2_twist_message_to_robot_motion/share/ros2_twist_message_to_robot_motion/package.sh'
[18.264s] INFO:colcon.colcon_core.shell:Creating package script '/home/jetson/ANI717_Robotics/robot_ws/install/ros2_twist_message_to_robot_motion/share/ros2_twist_message_to_robot_motion/package.bash'
[18.265s] INFO:colcon.colcon_core.shell:Creating package script '/home/jetson/ANI717_Robotics/robot_ws/install/ros2_twist_message_to_robot_motion/share/ros2_twist_message_to_robot_motion/package.zsh'
[18.266s] Level 1:colcon.colcon_core.environment:create_file_with_runtime_dependencies(/home/jetson/ANI717_Robotics/robot_ws/install/ros2_twist_message_to_robot_motion/share/colcon-core/packages/ros2_twist_message_to_robot_motion)
[18.268s] INFO:colcon.colcon_ros.task.ament_python.build:Building ROS package in '/home/jetson/ANI717_Robotics/robot_ws/src/robot_app' with build type 'ament_python'
[18.269s] Level 1:colcon.colcon_core.shell:create_environment_hook('robot_app', 'ament_prefix_path')
[18.271s] INFO:colcon.colcon_core.shell:Creating environment hook '/home/jetson/ANI717_Robotics/robot_ws/install/robot_app/share/robot_app/hook/ament_prefix_path.ps1'
[18.274s] INFO:colcon.colcon_core.shell:Creating environment descriptor '/home/jetson/ANI717_Robotics/robot_ws/install/robot_app/share/robot_app/hook/ament_prefix_path.dsv'
[18.277s] INFO:colcon.colcon_core.shell:Creating environment hook '/home/jetson/ANI717_Robotics/robot_ws/install/robot_app/share/robot_app/hook/ament_prefix_path.sh'
[18.281s] INFO:colcon.colcon_core.shell:Skip shell extension 'powershell' for command environment: Not usable outside of PowerShell
[18.281s] DEBUG:colcon.colcon_core.shell:Skip shell extension 'dsv' for command environment
[19.574s] INFO:colcon.colcon_core.task.python.build:Building Python package in '/home/jetson/ANI717_Robotics/robot_ws/src/robot_app'
[19.578s] INFO:colcon.colcon_core.shell:Skip shell extension 'powershell' for command environment: Not usable outside of PowerShell
[19.578s] DEBUG:colcon.colcon_core.shell:Skip shell extension 'dsv' for command environment
[21.538s] DEBUG:colcon.colcon_core.event_handler.log_command:Invoking command in '/home/jetson/ANI717_Robotics/robot_ws/build/robot_app': AMENT_PREFIX_PATH=/home/jetson/ANI717_Robotics/robot_ws/install/ros2_twist_message_to_robot_motion:/home/jetson/ANI717_Robotics/robot_ws/install/ros2_save_camera_image:/home/jetson/ANI717_Robotics/robot_ws/install/ros2_gamepad_to_twist_message:/home/jetson/ANI717_Robotics/robot_ws/install/ros2_deep_learning_to_twist_message:/home/jetson/ANI717_Robotics/robot_ws/install/ros2_csi_camera_publish:/home/jetson/ANI717_Robotics/robot_ws/install/robot_app:/home/jetson/ros2_foxy/ros2-linux PYTHONPATH=/home/jetson/ANI717_Robotics/robot_ws/install/robot_app/lib/python3.8/site-packages:/home/jetson/ANI717_Robotics/robot_ws/build/ros2_twist_message_to_robot_motion:/home/jetson/ANI717_Robotics/robot_ws/install/ros2_twist_message_to_robot_motion/lib/python3.8/site-packages:/home/jetson/ANI717_Robotics/robot_ws/build/ros2_save_camera_image:/home/jetson/ANI717_Robotics/robot_ws/install/ros2_save_camera_image/lib/python3.8/site-packages:/home/jetson/ANI717_Robotics/robot_ws/build/ros2_gamepad_to_twist_message:/home/jetson/ANI717_Robotics/robot_ws/install/ros2_gamepad_to_twist_message/lib/python3.8/site-packages:/home/jetson/ANI717_Robotics/robot_ws/build/ros2_deep_learning_to_twist_message:/home/jetson/ANI717_Robotics/robot_ws/install/ros2_deep_learning_to_twist_message/lib/python3.8/site-packages:/home/jetson/ANI717_Robotics/robot_ws/build/ros2_csi_camera_publish:/home/jetson/ANI717_Robotics/robot_ws/install/ros2_csi_camera_publish/lib/python3.8/site-packages:/home/jetson/ANI717_Robotics/robot_ws/build/robot_app:/home/jetson/ANI717_Robotics/robot_ws/install/robot_app/lib/python3.8/site-packages:/home/jetson/ros2_foxy/ros2-linux/lib/python3.8/site-packages /usr/bin/python3 setup.py develop --prefix /home/jetson/ANI717_Robotics/robot_ws/install/robot_app --editable --build-directory /home/jetson/ANI717_Robotics/robot_ws/build/robot_app/build --no-deps install_data --install-dir /home/jetson/ANI717_Robotics/robot_ws/install/robot_app
[23.937s] Level 1:colcon.colcon_core.shell:create_environment_hook('robot_app', 'pythonpath_develop')
[23.941s] INFO:colcon.colcon_core.shell:Creating environment hook '/home/jetson/ANI717_Robotics/robot_ws/build/robot_app/share/robot_app/hook/pythonpath_develop.ps1'
[23.943s] DEBUG:colcon.colcon_core.event_handler.log_command:Invoked command in '/home/jetson/ANI717_Robotics/robot_ws/build/robot_app' returned '0': AMENT_PREFIX_PATH=/home/jetson/ANI717_Robotics/robot_ws/install/ros2_twist_message_to_robot_motion:/home/jetson/ANI717_Robotics/robot_ws/install/ros2_save_camera_image:/home/jetson/ANI717_Robotics/robot_ws/install/ros2_gamepad_to_twist_message:/home/jetson/ANI717_Robotics/robot_ws/install/ros2_deep_learning_to_twist_message:/home/jetson/ANI717_Robotics/robot_ws/install/ros2_csi_camera_publish:/home/jetson/ANI717_Robotics/robot_ws/install/robot_app:/home/jetson/ros2_foxy/ros2-linux PYTHONPATH=/home/jetson/ANI717_Robotics/robot_ws/install/robot_app/lib/python3.8/site-packages:/home/jetson/ANI717_Robotics/robot_ws/build/ros2_twist_message_to_robot_motion:/home/jetson/ANI717_Robotics/robot_ws/install/ros2_twist_message_to_robot_motion/lib/python3.8/site-packages:/home/jetson/ANI717_Robotics/robot_ws/build/ros2_save_camera_image:/home/jetson/ANI717_Robotics/robot_ws/install/ros2_save_camera_image/lib/python3.8/site-packages:/home/jetson/ANI717_Robotics/robot_ws/build/ros2_gamepad_to_twist_message:/home/jetson/ANI717_Robotics/robot_ws/install/ros2_gamepad_to_twist_message/lib/python3.8/site-packages:/home/jetson/ANI717_Robotics/robot_ws/build/ros2_deep_learning_to_twist_message:/home/jetson/ANI717_Robotics/robot_ws/install/ros2_deep_learning_to_twist_message/lib/python3.8/site-packages:/home/jetson/ANI717_Robotics/robot_ws/build/ros2_csi_camera_publish:/home/jetson/ANI717_Robotics/robot_ws/install/ros2_csi_camera_publish/lib/python3.8/site-packages:/home/jetson/ANI717_Robotics/robot_ws/build/robot_app:/home/jetson/ANI717_Robotics/robot_ws/install/robot_app/lib/python3.8/site-packages:/home/jetson/ros2_foxy/ros2-linux/lib/python3.8/site-packages /usr/bin/python3 setup.py develop --prefix /home/jetson/ANI717_Robotics/robot_ws/install/robot_app --editable --build-directory /home/jetson/ANI717_Robotics/robot_ws/build/robot_app/build --no-deps install_data --install-dir /home/jetson/ANI717_Robotics/robot_ws/install/robot_app
[23.944s] INFO:colcon.colcon_core.shell:Creating environment descriptor '/home/jetson/ANI717_Robotics/robot_ws/build/robot_app/share/robot_app/hook/pythonpath_develop.dsv'
[23.945s] INFO:colcon.colcon_core.shell:Creating environment hook '/home/jetson/ANI717_Robotics/robot_ws/build/robot_app/share/robot_app/hook/pythonpath_develop.sh'
[23.951s] Level 1:colcon.colcon_core.environment:checking '/home/jetson/ANI717_Robotics/robot_ws/install/robot_app' for CMake module files
[23.953s] Level 1:colcon.colcon_core.environment:checking '/home/jetson/ANI717_Robotics/robot_ws/install/robot_app' for CMake config files
[23.955s] Level 1:colcon.colcon_core.environment:checking '/home/jetson/ANI717_Robotics/robot_ws/install/robot_app/lib'
[23.955s] Level 1:colcon.colcon_core.environment:checking '/home/jetson/ANI717_Robotics/robot_ws/install/robot_app/bin'
[23.955s] Level 1:colcon.colcon_core.environment:checking '/home/jetson/ANI717_Robotics/robot_ws/install/robot_app/lib/pkgconfig/robot_app.pc'
[23.956s] Level 1:colcon.colcon_core.environment:checking '/home/jetson/ANI717_Robotics/robot_ws/install/robot_app/lib/python3.8/site-packages'
[23.957s] Level 1:colcon.colcon_core.shell:create_environment_hook('robot_app', 'pythonpath')
[23.959s] INFO:colcon.colcon_core.shell:Creating environment hook '/home/jetson/ANI717_Robotics/robot_ws/install/robot_app/share/robot_app/hook/pythonpath.ps1'
[23.961s] INFO:colcon.colcon_core.shell:Creating environment descriptor '/home/jetson/ANI717_Robotics/robot_ws/install/robot_app/share/robot_app/hook/pythonpath.dsv'
[23.962s] INFO:colcon.colcon_core.shell:Creating environment hook '/home/jetson/ANI717_Robotics/robot_ws/install/robot_app/share/robot_app/hook/pythonpath.sh'
[23.964s] Level 1:colcon.colcon_core.environment:checking '/home/jetson/ANI717_Robotics/robot_ws/install/robot_app/bin'
[23.964s] Level 1:colcon.colcon_core.environment:create_environment_scripts_only(robot_app)
[23.967s] INFO:colcon.colcon_core.shell:Creating package script '/home/jetson/ANI717_Robotics/robot_ws/install/robot_app/share/robot_app/package.ps1'
[23.969s] INFO:colcon.colcon_core.shell:Creating package descriptor '/home/jetson/ANI717_Robotics/robot_ws/install/robot_app/share/robot_app/package.dsv'
[23.971s] INFO:colcon.colcon_core.shell:Creating package script '/home/jetson/ANI717_Robotics/robot_ws/install/robot_app/share/robot_app/package.sh'
[23.973s] INFO:colcon.colcon_core.shell:Creating package script '/home/jetson/ANI717_Robotics/robot_ws/install/robot_app/share/robot_app/package.bash'
[23.974s] INFO:colcon.colcon_core.shell:Creating package script '/home/jetson/ANI717_Robotics/robot_ws/install/robot_app/share/robot_app/package.zsh'
[23.975s] Level 1:colcon.colcon_core.environment:create_file_with_runtime_dependencies(/home/jetson/ANI717_Robotics/robot_ws/install/robot_app/share/colcon-core/packages/robot_app)
[23.976s] DEBUG:colcon.colcon_parallel_executor.executor.parallel:closing loop
[23.977s] DEBUG:colcon.colcon_parallel_executor.executor.parallel:loop closed
[23.977s] DEBUG:colcon.colcon_parallel_executor.executor.parallel:run_until_complete finished with '0'
[23.978s] DEBUG:colcon.colcon_core.event_reactor:joining thread
[24.003s] INFO:colcon.colcon_core.plugin_system:Skipping extension 'colcon_notification.desktop_notification.terminal_notifier': Not used on non-Darwin systems
[24.003s] INFO:colcon.colcon_core.plugin_system:Skipping extension 'colcon_notification.desktop_notification.win32': Not used on non-Windows systems
[24.004s] INFO:colcon.colcon_notification.desktop_notification:Sending desktop notification using 'notify2'
[24.022s] DEBUG:colcon.colcon_core.event_reactor:joined thread
[24.025s] INFO:colcon.colcon_core.shell:Creating prefix script '/home/jetson/ANI717_Robotics/robot_ws/install/local_setup.ps1'
[24.029s] INFO:colcon.colcon_core.shell:Creating prefix util module '/home/jetson/ANI717_Robotics/robot_ws/install/_local_setup_util_ps1.py'
[24.035s] INFO:colcon.colcon_core.shell:Creating prefix chain script '/home/jetson/ANI717_Robotics/robot_ws/install/setup.ps1'
[24.041s] INFO:colcon.colcon_core.shell:Creating prefix script '/home/jetson/ANI717_Robotics/robot_ws/install/local_setup.sh'
[24.043s] INFO:colcon.colcon_core.shell:Creating prefix util module '/home/jetson/ANI717_Robotics/robot_ws/install/_local_setup_util_sh.py'
[24.045s] INFO:colcon.colcon_core.shell:Creating prefix chain script '/home/jetson/ANI717_Robotics/robot_ws/install/setup.sh'
[24.051s] INFO:colcon.colcon_core.shell:Creating prefix script '/home/jetson/ANI717_Robotics/robot_ws/install/local_setup.bash'
[24.053s] INFO:colcon.colcon_core.shell:Creating prefix chain script '/home/jetson/ANI717_Robotics/robot_ws/install/setup.bash'
[24.058s] INFO:colcon.colcon_core.shell:Creating prefix script '/home/jetson/ANI717_Robotics/robot_ws/install/local_setup.zsh'
[24.060s] INFO:colcon.colcon_core.shell:Creating prefix chain script '/home/jetson/ANI717_Robotics/robot_ws/install/setup.zsh'
