[0.593s] DEBUG:colcon:Command line arguments: ['/usr/bin/colcon', 'build', '--symlink-install']
[0.594s] DEBUG:colcon:Parsed command line arguments: Namespace(allow_overriding=[], ament_cmake_args=None, base_paths=['.'], build_base='build', catkin_cmake_args=None, catkin_skip_building_tests=False, cmake_args=None, cmake_clean_cache=False, cmake_clean_first=False, cmake_force_configure=False, cmake_target=None, cmake_target_skip_unavailable=False, continue_on_error=False, event_handlers=None, executor='parallel', ignore_user_meta=False, install_base='install', log_base=None, log_level=None, main=<bound method BuildVerb.main of <colcon_core.verb.build.BuildVerb object at 0x7f967ab7f0>>, merge_install=False, metas=['./colcon.meta'], packages_above=None, packages_above_and_dependencies=None, packages_above_depth=None, packages_end=None, packages_ignore=None, packages_ignore_regex=None, packages_select=None, packages_select_build_failed=False, packages_select_by_dep=None, packages_select_regex=None, packages_select_test_failures=False, packages_skip=None, packages_skip_build_finished=False, packages_skip_by_dep=None, packages_skip_regex=None, packages_skip_test_passed=False, packages_skip_up_to=None, packages_start=None, packages_up_to=None, packages_up_to_regex=None, parallel_workers=4, paths=None, symlink_install=True, test_result_base=None, verb_extension=<colcon_core.verb.build.BuildVerb object at 0x7f967ab7f0>, verb_name='build', verb_parser=<colcon_defaults.argument_parser.defaults.DefaultArgumentsDecorator object at 0x7f967abd60>)
[0.681s] Level 1:colcon.colcon_core.package_discovery:discover_packages(colcon_meta) check parameters
[0.681s] Level 1:colcon.colcon_core.package_discovery:discover_packages(recursive) check parameters
[0.682s] Level 1:colcon.colcon_core.package_discovery:discover_packages(ignore) check parameters
[0.682s] Level 1:colcon.colcon_core.package_discovery:discover_packages(path) check parameters
[0.682s] Level 1:colcon.colcon_core.package_discovery:discover_packages(colcon_meta) discover
[0.682s] Level 1:colcon.colcon_core.package_discovery:discover_packages(recursive) discover
[0.683s] INFO:colcon.colcon_core.package_discovery:Crawling recursively for packages in '/home/jetson/ANI717_Robotics/robot_ws'
[0.683s] Level 1:colcon.colcon_core.package_identification:_identify(.) by extensions ['ignore', 'ignore_ament_install']
[0.683s] Level 1:colcon.colcon_core.package_identification:_identify(.) by extension 'ignore'
[0.684s] Level 1:colcon.colcon_core.package_identification:_identify(.) by extension 'ignore_ament_install'
[0.684s] Level 1:colcon.colcon_core.package_identification:_identify(.) by extensions ['colcon_pkg']
[0.684s] Level 1:colcon.colcon_core.package_identification:_identify(.) by extension 'colcon_pkg'
[0.685s] Level 1:colcon.colcon_core.package_identification:_identify(.) by extensions ['colcon_meta']
[0.685s] Level 1:colcon.colcon_core.package_identification:_identify(.) by extension 'colcon_meta'
[0.685s] Level 1:colcon.colcon_core.package_identification:_identify(.) by extensions ['ros']
[0.685s] Level 1:colcon.colcon_core.package_identification:_identify(.) by extension 'ros'
[0.733s] Level 1:colcon.colcon_core.package_identification:_identify(.) by extensions ['cmake', 'python']
[0.734s] Level 1:colcon.colcon_core.package_identification:_identify(.) by extension 'cmake'
[0.734s] Level 1:colcon.colcon_core.package_identification:_identify(.) by extension 'python'
[0.734s] Level 1:colcon.colcon_core.package_identification:_identify(.) by extensions ['python_setup_py']
[0.734s] Level 1:colcon.colcon_core.package_identification:_identify(.) by extension 'python_setup_py'
[0.735s] Level 1:colcon.colcon_core.package_identification:_identify(build) by extensions ['ignore', 'ignore_ament_install']
[0.735s] Level 1:colcon.colcon_core.package_identification:_identify(build) by extension 'ignore'
[0.735s] Level 1:colcon.colcon_core.package_identification:_identify(build) ignored
[0.736s] Level 1:colcon.colcon_core.package_identification:_identify(install) by extensions ['ignore', 'ignore_ament_install']
[0.736s] Level 1:colcon.colcon_core.package_identification:_identify(install) by extension 'ignore'
[0.737s] Level 1:colcon.colcon_core.package_identification:_identify(install) ignored
[0.737s] Level 1:colcon.colcon_core.package_identification:_identify(log) by extensions ['ignore', 'ignore_ament_install']
[0.737s] Level 1:colcon.colcon_core.package_identification:_identify(log) by extension 'ignore'
[0.737s] Level 1:colcon.colcon_core.package_identification:_identify(log) ignored
[0.738s] Level 1:colcon.colcon_core.package_identification:_identify(src) by extensions ['ignore', 'ignore_ament_install']
[0.738s] Level 1:colcon.colcon_core.package_identification:_identify(src) by extension 'ignore'
[0.738s] Level 1:colcon.colcon_core.package_identification:_identify(src) by extension 'ignore_ament_install'
[0.739s] Level 1:colcon.colcon_core.package_identification:_identify(src) by extensions ['colcon_pkg']
[0.739s] Level 1:colcon.colcon_core.package_identification:_identify(src) by extension 'colcon_pkg'
[0.739s] Level 1:colcon.colcon_core.package_identification:_identify(src) by extensions ['colcon_meta']
[0.739s] Level 1:colcon.colcon_core.package_identification:_identify(src) by extension 'colcon_meta'
[0.739s] Level 1:colcon.colcon_core.package_identification:_identify(src) by extensions ['ros']
[0.739s] Level 1:colcon.colcon_core.package_identification:_identify(src) by extension 'ros'
[0.740s] Level 1:colcon.colcon_core.package_identification:_identify(src) by extensions ['cmake', 'python']
[0.740s] Level 1:colcon.colcon_core.package_identification:_identify(src) by extension 'cmake'
[0.740s] Level 1:colcon.colcon_core.package_identification:_identify(src) by extension 'python'
[0.740s] Level 1:colcon.colcon_core.package_identification:_identify(src) by extensions ['python_setup_py']
[0.740s] Level 1:colcon.colcon_core.package_identification:_identify(src) by extension 'python_setup_py'
[0.741s] Level 1:colcon.colcon_core.package_identification:_identify(src/robot_app) by extensions ['ignore', 'ignore_ament_install']
[0.741s] Level 1:colcon.colcon_core.package_identification:_identify(src/robot_app) by extension 'ignore'
[0.741s] Level 1:colcon.colcon_core.package_identification:_identify(src/robot_app) by extension 'ignore_ament_install'
[0.742s] Level 1:colcon.colcon_core.package_identification:_identify(src/robot_app) by extensions ['colcon_pkg']
[0.742s] Level 1:colcon.colcon_core.package_identification:_identify(src/robot_app) by extension 'colcon_pkg'
[0.742s] Level 1:colcon.colcon_core.package_identification:_identify(src/robot_app) by extensions ['colcon_meta']
[0.742s] Level 1:colcon.colcon_core.package_identification:_identify(src/robot_app) by extension 'colcon_meta'
[0.742s] Level 1:colcon.colcon_core.package_identification:_identify(src/robot_app) by extensions ['ros']
[0.742s] Level 1:colcon.colcon_core.package_identification:_identify(src/robot_app) by extension 'ros'
[0.754s] DEBUG:colcon.colcon_core.package_identification:Package 'src/robot_app' with type 'ros.ament_python' and name 'robot_app'
[0.755s] Level 1:colcon.colcon_core.package_identification:_identify(src/ros2_csi_camera_publish) by extensions ['ignore', 'ignore_ament_install']
[0.755s] Level 1:colcon.colcon_core.package_identification:_identify(src/ros2_csi_camera_publish) by extension 'ignore'
[0.755s] Level 1:colcon.colcon_core.package_identification:_identify(src/ros2_csi_camera_publish) by extension 'ignore_ament_install'
[0.756s] Level 1:colcon.colcon_core.package_identification:_identify(src/ros2_csi_camera_publish) by extensions ['colcon_pkg']
[0.756s] Level 1:colcon.colcon_core.package_identification:_identify(src/ros2_csi_camera_publish) by extension 'colcon_pkg'
[0.756s] Level 1:colcon.colcon_core.package_identification:_identify(src/ros2_csi_camera_publish) by extensions ['colcon_meta']
[0.756s] Level 1:colcon.colcon_core.package_identification:_identify(src/ros2_csi_camera_publish) by extension 'colcon_meta'
[0.756s] Level 1:colcon.colcon_core.package_identification:_identify(src/ros2_csi_camera_publish) by extensions ['ros']
[0.756s] Level 1:colcon.colcon_core.package_identification:_identify(src/ros2_csi_camera_publish) by extension 'ros'
[0.760s] DEBUG:colcon.colcon_core.package_identification:Package 'src/ros2_csi_camera_publish' with type 'ros.ament_python' and name 'ros2_csi_camera_publish'
[0.760s] Level 1:colcon.colcon_core.package_identification:_identify(src/ros2_deep_learning_to_twist_message) by extensions ['ignore', 'ignore_ament_install']
[0.761s] Level 1:colcon.colcon_core.package_identification:_identify(src/ros2_deep_learning_to_twist_message) by extension 'ignore'
[0.761s] Level 1:colcon.colcon_core.package_identification:_identify(src/ros2_deep_learning_to_twist_message) by extension 'ignore_ament_install'
[0.761s] Level 1:colcon.colcon_core.package_identification:_identify(src/ros2_deep_learning_to_twist_message) by extensions ['colcon_pkg']
[0.761s] Level 1:colcon.colcon_core.package_identification:_identify(src/ros2_deep_learning_to_twist_message) by extension 'colcon_pkg'
[0.761s] Level 1:colcon.colcon_core.package_identification:_identify(src/ros2_deep_learning_to_twist_message) by extensions ['colcon_meta']
[0.762s] Level 1:colcon.colcon_core.package_identification:_identify(src/ros2_deep_learning_to_twist_message) by extension 'colcon_meta'
[0.762s] Level 1:colcon.colcon_core.package_identification:_identify(src/ros2_deep_learning_to_twist_message) by extensions ['ros']
[0.762s] Level 1:colcon.colcon_core.package_identification:_identify(src/ros2_deep_learning_to_twist_message) by extension 'ros'
[0.765s] DEBUG:colcon.colcon_core.package_identification:Package 'src/ros2_deep_learning_to_twist_message' with type 'ros.ament_python' and name 'ros2_deep_learning_to_twist_message'
[0.766s] Level 1:colcon.colcon_core.package_identification:_identify(src/ros2_gamepad_to_twist_message) by extensions ['ignore', 'ignore_ament_install']
[0.766s] Level 1:colcon.colcon_core.package_identification:_identify(src/ros2_gamepad_to_twist_message) by extension 'ignore'
[0.766s] Level 1:colcon.colcon_core.package_identification:_identify(src/ros2_gamepad_to_twist_message) by extension 'ignore_ament_install'
[0.767s] Level 1:colcon.colcon_core.package_identification:_identify(src/ros2_gamepad_to_twist_message) by extensions ['colcon_pkg']
[0.767s] Level 1:colcon.colcon_core.package_identification:_identify(src/ros2_gamepad_to_twist_message) by extension 'colcon_pkg'
[0.767s] Level 1:colcon.colcon_core.package_identification:_identify(src/ros2_gamepad_to_twist_message) by extensions ['colcon_meta']
[0.767s] Level 1:colcon.colcon_core.package_identification:_identify(src/ros2_gamepad_to_twist_message) by extension 'colcon_meta'
[0.767s] Level 1:colcon.colcon_core.package_identification:_identify(src/ros2_gamepad_to_twist_message) by extensions ['ros']
[0.768s] Level 1:colcon.colcon_core.package_identification:_identify(src/ros2_gamepad_to_twist_message) by extension 'ros'
[0.770s] DEBUG:colcon.colcon_core.package_identification:Package 'src/ros2_gamepad_to_twist_message' with type 'ros.ament_python' and name 'ros2_gamepad_to_twist_message'
[0.771s] Level 1:colcon.colcon_core.package_identification:_identify(src/ros2_save_camera_image) by extensions ['ignore', 'ignore_ament_install']
[0.771s] Level 1:colcon.colcon_core.package_identification:_identify(src/ros2_save_camera_image) by extension 'ignore'
[0.772s] Level 1:colcon.colcon_core.package_identification:_identify(src/ros2_save_camera_image) by extension 'ignore_ament_install'
[0.772s] Level 1:colcon.colcon_core.package_identification:_identify(src/ros2_save_camera_image) by extensions ['colcon_pkg']
[0.772s] Level 1:colcon.colcon_core.package_identification:_identify(src/ros2_save_camera_image) by extension 'colcon_pkg'
[0.772s] Level 1:colcon.colcon_core.package_identification:_identify(src/ros2_save_camera_image) by extensions ['colcon_meta']
[0.772s] Level 1:colcon.colcon_core.package_identification:_identify(src/ros2_save_camera_image) by extension 'colcon_meta'
[0.773s] Level 1:colcon.colcon_core.package_identification:_identify(src/ros2_save_camera_image) by extensions ['ros']
[0.773s] Level 1:colcon.colcon_core.package_identification:_identify(src/ros2_save_camera_image) by extension 'ros'
[0.776s] DEBUG:colcon.colcon_core.package_identification:Package 'src/ros2_save_camera_image' with type 'ros.ament_python' and name 'ros2_save_camera_image'
[0.776s] Level 1:colcon.colcon_core.package_identification:_identify(src/ros2_twist_message_to_robot_motion) by extensions ['ignore', 'ignore_ament_install']
[0.777s] Level 1:colcon.colcon_core.package_identification:_identify(src/ros2_twist_message_to_robot_motion) by extension 'ignore'
[0.777s] Level 1:colcon.colcon_core.package_identification:_identify(src/ros2_twist_message_to_robot_motion) by extension 'ignore_ament_install'
[0.777s] Level 1:colcon.colcon_core.package_identification:_identify(src/ros2_twist_message_to_robot_motion) by extensions ['colcon_pkg']
[0.777s] Level 1:colcon.colcon_core.package_identification:_identify(src/ros2_twist_message_to_robot_motion) by extension 'colcon_pkg'
[0.778s] Level 1:colcon.colcon_core.package_identification:_identify(src/ros2_twist_message_to_robot_motion) by extensions ['colcon_meta']
[0.778s] Level 1:colcon.colcon_core.package_identification:_identify(src/ros2_twist_message_to_robot_motion) by extension 'colcon_meta'
[0.778s] Level 1:colcon.colcon_core.package_identification:_identify(src/ros2_twist_message_to_robot_motion) by extensions ['ros']
[0.778s] Level 1:colcon.colcon_core.package_identification:_identify(src/ros2_twist_message_to_robot_motion) by extension 'ros'
[0.781s] DEBUG:colcon.colcon_core.package_identification:Package 'src/ros2_twist_message_to_robot_motion' with type 'ros.ament_python' and name 'ros2_twist_message_to_robot_motion'
[0.782s] Level 1:colcon.colcon_core.package_discovery:discover_packages(recursive) using defaults
[0.782s] Level 1:colcon.colcon_core.package_discovery:discover_packages(ignore) discover
[0.782s] Level 1:colcon.colcon_core.package_discovery:discover_packages(ignore) using defaults
[0.782s] Level 1:colcon.colcon_core.package_discovery:discover_packages(path) discover
[0.782s] Level 1:colcon.colcon_core.package_discovery:discover_packages(path) using defaults
[0.879s] Level 1:colcon.colcon_core.package_discovery:discover_packages(prefix_path) check parameters
[0.879s] Level 1:colcon.colcon_core.package_discovery:discover_packages(prefix_path) discover
[0.889s] DEBUG:colcon.colcon_installed_package_information.package_discovery:Found 6 installed packages in /home/jetson/ANI717_Robotics/robot_ws/install
[0.920s] DEBUG:colcon.colcon_installed_package_information.package_discovery:Found 306 installed packages in /home/jetson/ros2_foxy/ros2-linux
[0.970s] Level 1:colcon.colcon_core.package_discovery:discover_packages(prefix_path) using defaults
[1.073s] Level 5:colcon.colcon_core.verb:set package 'ros2_csi_camera_publish' build argument 'cmake_args' from command line to 'None'
[1.073s] Level 5:colcon.colcon_core.verb:set package 'ros2_csi_camera_publish' build argument 'cmake_target' from command line to 'None'
[1.074s] Level 5:colcon.colcon_core.verb:set package 'ros2_csi_camera_publish' build argument 'cmake_target_skip_unavailable' from command line to 'False'
[1.074s] Level 5:colcon.colcon_core.verb:set package 'ros2_csi_camera_publish' build argument 'cmake_clean_cache' from command line to 'False'
[1.074s] Level 5:colcon.colcon_core.verb:set package 'ros2_csi_camera_publish' build argument 'cmake_clean_first' from command line to 'False'
[1.074s] Level 5:colcon.colcon_core.verb:set package 'ros2_csi_camera_publish' build argument 'cmake_force_configure' from command line to 'False'
[1.074s] Level 5:colcon.colcon_core.verb:set package 'ros2_csi_camera_publish' build argument 'ament_cmake_args' from command line to 'None'
[1.074s] Level 5:colcon.colcon_core.verb:set package 'ros2_csi_camera_publish' build argument 'catkin_cmake_args' from command line to 'None'
[1.074s] Level 5:colcon.colcon_core.verb:set package 'ros2_csi_camera_publish' build argument 'catkin_skip_building_tests' from command line to 'False'
[1.075s] DEBUG:colcon.colcon_core.verb:Building package 'ros2_csi_camera_publish' with the following arguments: {'ament_cmake_args': None, 'build_base': '/home/jetson/ANI717_Robotics/robot_ws/build/ros2_csi_camera_publish', 'catkin_cmake_args': None, 'catkin_skip_building_tests': False, 'cmake_args': None, 'cmake_clean_cache': False, 'cmake_clean_first': False, 'cmake_force_configure': False, 'cmake_target': None, 'cmake_target_skip_unavailable': False, 'install_base': '/home/jetson/ANI717_Robotics/robot_ws/install/ros2_csi_camera_publish', 'merge_install': False, 'path': '/home/jetson/ANI717_Robotics/robot_ws/src/ros2_csi_camera_publish', 'symlink_install': True, 'test_result_base': None}
[1.078s] Level 5:colcon.colcon_core.verb:set package 'ros2_deep_learning_to_twist_message' build argument 'cmake_args' from command line to 'None'
[1.078s] Level 5:colcon.colcon_core.verb:set package 'ros2_deep_learning_to_twist_message' build argument 'cmake_target' from command line to 'None'
[1.079s] Level 5:colcon.colcon_core.verb:set package 'ros2_deep_learning_to_twist_message' build argument 'cmake_target_skip_unavailable' from command line to 'False'
[1.079s] Level 5:colcon.colcon_core.verb:set package 'ros2_deep_learning_to_twist_message' build argument 'cmake_clean_cache' from command line to 'False'
[1.079s] Level 5:colcon.colcon_core.verb:set package 'ros2_deep_learning_to_twist_message' build argument 'cmake_clean_first' from command line to 'False'
[1.079s] Level 5:colcon.colcon_core.verb:set package 'ros2_deep_learning_to_twist_message' build argument 'cmake_force_configure' from command line to 'False'
[1.079s] Level 5:colcon.colcon_core.verb:set package 'ros2_deep_learning_to_twist_message' build argument 'ament_cmake_args' from command line to 'None'
[1.079s] Level 5:colcon.colcon_core.verb:set package 'ros2_deep_learning_to_twist_message' build argument 'catkin_cmake_args' from command line to 'None'
[1.079s] Level 5:colcon.colcon_core.verb:set package 'ros2_deep_learning_to_twist_message' build argument 'catkin_skip_building_tests' from command line to 'False'
[1.080s] DEBUG:colcon.colcon_core.verb:Building package 'ros2_deep_learning_to_twist_message' with the following arguments: {'ament_cmake_args': None, 'build_base': '/home/jetson/ANI717_Robotics/robot_ws/build/ros2_deep_learning_to_twist_message', 'catkin_cmake_args': None, 'catkin_skip_building_tests': False, 'cmake_args': None, 'cmake_clean_cache': False, 'cmake_clean_first': False, 'cmake_force_configure': False, 'cmake_target': None, 'cmake_target_skip_unavailable': False, 'install_base': '/home/jetson/ANI717_Robotics/robot_ws/install/ros2_deep_learning_to_twist_message', 'merge_install': False, 'path': '/home/jetson/ANI717_Robotics/robot_ws/src/ros2_deep_learning_to_twist_message', 'symlink_install': True, 'test_result_base': None}
[1.083s] Level 5:colcon.colcon_core.verb:set package 'ros2_gamepad_to_twist_message' build argument 'cmake_args' from command line to 'None'
[1.083s] Level 5:colcon.colcon_core.verb:set package 'ros2_gamepad_to_twist_message' build argument 'cmake_target' from command line to 'None'
[1.083s] Level 5:colcon.colcon_core.verb:set package 'ros2_gamepad_to_twist_message' build argument 'cmake_target_skip_unavailable' from command line to 'False'
[1.084s] Level 5:colcon.colcon_core.verb:set package 'ros2_gamepad_to_twist_message' build argument 'cmake_clean_cache' from command line to 'False'
[1.084s] Level 5:colcon.colcon_core.verb:set package 'ros2_gamepad_to_twist_message' build argument 'cmake_clean_first' from command line to 'False'
[1.084s] Level 5:colcon.colcon_core.verb:set package 'ros2_gamepad_to_twist_message' build argument 'cmake_force_configure' from command line to 'False'
[1.084s] Level 5:colcon.colcon_core.verb:set package 'ros2_gamepad_to_twist_message' build argument 'ament_cmake_args' from command line to 'None'
[1.084s] Level 5:colcon.colcon_core.verb:set package 'ros2_gamepad_to_twist_message' build argument 'catkin_cmake_args' from command line to 'None'
[1.084s] Level 5:colcon.colcon_core.verb:set package 'ros2_gamepad_to_twist_message' build argument 'catkin_skip_building_tests' from command line to 'False'
[1.084s] DEBUG:colcon.colcon_core.verb:Building package 'ros2_gamepad_to_twist_message' with the following arguments: {'ament_cmake_args': None, 'build_base': '/home/jetson/ANI717_Robotics/robot_ws/build/ros2_gamepad_to_twist_message', 'catkin_cmake_args': None, 'catkin_skip_building_tests': False, 'cmake_args': None, 'cmake_clean_cache': False, 'cmake_clean_first': False, 'cmake_force_configure': False, 'cmake_target': None, 'cmake_target_skip_unavailable': False, 'install_base': '/home/jetson/ANI717_Robotics/robot_ws/install/ros2_gamepad_to_twist_message', 'merge_install': False, 'path': '/home/jetson/ANI717_Robotics/robot_ws/src/ros2_gamepad_to_twist_message', 'symlink_install': True, 'test_result_base': None}
[1.089s] Level 5:colcon.colcon_core.verb:set package 'ros2_save_camera_image' build argument 'cmake_args' from command line to 'None'
[1.090s] Level 5:colcon.colcon_core.verb:set package 'ros2_save_camera_image' build argument 'cmake_target' from command line to 'None'
[1.090s] Level 5:colcon.colcon_core.verb:set package 'ros2_save_camera_image' build argument 'cmake_target_skip_unavailable' from command line to 'False'
[1.090s] Level 5:colcon.colcon_core.verb:set package 'ros2_save_camera_image' build argument 'cmake_clean_cache' from command line to 'False'
[1.090s] Level 5:colcon.colcon_core.verb:set package 'ros2_save_camera_image' build argument 'cmake_clean_first' from command line to 'False'
[1.090s] Level 5:colcon.colcon_core.verb:set package 'ros2_save_camera_image' build argument 'cmake_force_configure' from command line to 'False'
[1.090s] Level 5:colcon.colcon_core.verb:set package 'ros2_save_camera_image' build argument 'ament_cmake_args' from command line to 'None'
[1.091s] Level 5:colcon.colcon_core.verb:set package 'ros2_save_camera_image' build argument 'catkin_cmake_args' from command line to 'None'
[1.091s] Level 5:colcon.colcon_core.verb:set package 'ros2_save_camera_image' build argument 'catkin_skip_building_tests' from command line to 'False'
[1.091s] DEBUG:colcon.colcon_core.verb:Building package 'ros2_save_camera_image' with the following arguments: {'ament_cmake_args': None, 'build_base': '/home/jetson/ANI717_Robotics/robot_ws/build/ros2_save_camera_image', 'catkin_cmake_args': None, 'catkin_skip_building_tests': False, 'cmake_args': None, 'cmake_clean_cache': False, 'cmake_clean_first': False, 'cmake_force_configure': False, 'cmake_target': None, 'cmake_target_skip_unavailable': False, 'install_base': '/home/jetson/ANI717_Robotics/robot_ws/install/ros2_save_camera_image', 'merge_install': False, 'path': '/home/jetson/ANI717_Robotics/robot_ws/src/ros2_save_camera_image', 'symlink_install': True, 'test_result_base': None}
[1.094s] Level 5:colcon.colcon_core.verb:set package 'ros2_twist_message_to_robot_motion' build argument 'cmake_args' from command line to 'None'
[1.095s] Level 5:colcon.colcon_core.verb:set package 'ros2_twist_message_to_robot_motion' build argument 'cmake_target' from command line to 'None'
[1.095s] Level 5:colcon.colcon_core.verb:set package 'ros2_twist_message_to_robot_motion' build argument 'cmake_target_skip_unavailable' from command line to 'False'
[1.095s] Level 5:colcon.colcon_core.verb:set package 'ros2_twist_message_to_robot_motion' build argument 'cmake_clean_cache' from command line to 'False'
[1.095s] Level 5:colcon.colcon_core.verb:set package 'ros2_twist_message_to_robot_motion' build argument 'cmake_clean_first' from command line to 'False'
[1.095s] Level 5:colcon.colcon_core.verb:set package 'ros2_twist_message_to_robot_motion' build argument 'cmake_force_configure' from command line to 'False'
[1.095s] Level 5:colcon.colcon_core.verb:set package 'ros2_twist_message_to_robot_motion' build argument 'ament_cmake_args' from command line to 'None'
[1.095s] Level 5:colcon.colcon_core.verb:set package 'ros2_twist_message_to_robot_motion' build argument 'catkin_cmake_args' from command line to 'None'
[1.095s] Level 5:colcon.colcon_core.verb:set package 'ros2_twist_message_to_robot_motion' build argument 'catkin_skip_building_tests' from command line to 'False'
[1.096s] DEBUG:colcon.colcon_core.verb:Building package 'ros2_twist_message_to_robot_motion' with the following arguments: {'ament_cmake_args': None, 'build_base': '/home/jetson/ANI717_Robotics/robot_ws/build/ros2_twist_message_to_robot_motion', 'catkin_cmake_args': None, 'catkin_skip_building_tests': False, 'cmake_args': None, 'cmake_clean_cache': False, 'cmake_clean_first': False, 'cmake_force_configure': False, 'cmake_target': None, 'cmake_target_skip_unavailable': False, 'install_base': '/home/jetson/ANI717_Robotics/robot_ws/install/ros2_twist_message_to_robot_motion', 'merge_install': False, 'path': '/home/jetson/ANI717_Robotics/robot_ws/src/ros2_twist_message_to_robot_motion', 'symlink_install': True, 'test_result_base': None}
[1.099s] Level 5:colcon.colcon_core.verb:set package 'robot_app' build argument 'cmake_args' from command line to 'None'
[1.099s] Level 5:colcon.colcon_core.verb:set package 'robot_app' build argument 'cmake_target' from command line to 'None'
[1.099s] Level 5:colcon.colcon_core.verb:set package 'robot_app' build argument 'cmake_target_skip_unavailable' from command line to 'False'
[1.100s] Level 5:colcon.colcon_core.verb:set package 'robot_app' build argument 'cmake_clean_cache' from command line to 'False'
[1.100s] Level 5:colcon.colcon_core.verb:set package 'robot_app' build argument 'cmake_clean_first' from command line to 'False'
[1.100s] Level 5:colcon.colcon_core.verb:set package 'robot_app' build argument 'cmake_force_configure' from command line to 'False'
[1.100s] Level 5:colcon.colcon_core.verb:set package 'robot_app' build argument 'ament_cmake_args' from command line to 'None'
[1.100s] Level 5:colcon.colcon_core.verb:set package 'robot_app' build argument 'catkin_cmake_args' from command line to 'None'
[1.100s] Level 5:colcon.colcon_core.verb:set package 'robot_app' build argument 'catkin_skip_building_tests' from command line to 'False'
[1.100s] DEBUG:colcon.colcon_core.verb:Building package 'robot_app' with the following arguments: {'ament_cmake_args': None, 'build_base': '/home/jetson/ANI717_Robotics/robot_ws/build/robot_app', 'catkin_cmake_args': None, 'catkin_skip_building_tests': False, 'cmake_args': None, 'cmake_clean_cache': False, 'cmake_clean_first': False, 'cmake_force_configure': False, 'cmake_target': None, 'cmake_target_skip_unavailable': False, 'install_base': '/home/jetson/ANI717_Robotics/robot_ws/install/robot_app', 'merge_install': False, 'path': '/home/jetson/ANI717_Robotics/robot_ws/src/robot_app', 'symlink_install': True, 'test_result_base': None}
[1.102s] INFO:colcon.colcon_core.executor:Executing jobs using 'parallel' executor
[1.112s] DEBUG:colcon.colcon_parallel_executor.executor.parallel:run_until_complete
[1.114s] INFO:colcon.colcon_ros.task.ament_python.build:Building ROS package in '/home/jetson/ANI717_Robotics/robot_ws/src/ros2_csi_camera_publish' with build type 'ament_python'
[1.115s] Level 1:colcon.colcon_core.shell:create_environment_hook('ros2_csi_camera_publish', 'ament_prefix_path')
[1.129s] INFO:colcon.colcon_core.plugin_system:Skipping extension 'colcon_core.shell.bat': Not used on non-Windows systems
[1.130s] INFO:colcon.colcon_core.shell:Creating environment hook '/home/jetson/ANI717_Robotics/robot_ws/install/ros2_csi_camera_publish/share/ros2_csi_camera_publish/hook/ament_prefix_path.ps1'
[1.133s] INFO:colcon.colcon_core.shell:Creating environment descriptor '/home/jetson/ANI717_Robotics/robot_ws/install/ros2_csi_camera_publish/share/ros2_csi_camera_publish/hook/ament_prefix_path.dsv'
[1.135s] INFO:colcon.colcon_core.shell:Creating environment hook '/home/jetson/ANI717_Robotics/robot_ws/install/ros2_csi_camera_publish/share/ros2_csi_camera_publish/hook/ament_prefix_path.sh'
[1.140s] INFO:colcon.colcon_core.shell:Skip shell extension 'powershell' for command environment: Not usable outside of PowerShell
[1.140s] DEBUG:colcon.colcon_core.shell:Skip shell extension 'dsv' for command environment
[1.185s] INFO:colcon.colcon_ros.task.ament_python.build:Building ROS package in '/home/jetson/ANI717_Robotics/robot_ws/src/ros2_deep_learning_to_twist_message' with build type 'ament_python'
[1.186s] Level 1:colcon.colcon_core.shell:create_environment_hook('ros2_deep_learning_to_twist_message', 'ament_prefix_path')
[1.190s] INFO:colcon.colcon_core.shell:Creating environment hook '/home/jetson/ANI717_Robotics/robot_ws/install/ros2_deep_learning_to_twist_message/share/ros2_deep_learning_to_twist_message/hook/ament_prefix_path.ps1'
[1.193s] INFO:colcon.colcon_core.shell:Creating environment descriptor '/home/jetson/ANI717_Robotics/robot_ws/install/ros2_deep_learning_to_twist_message/share/ros2_deep_learning_to_twist_message/hook/ament_prefix_path.dsv'
[1.194s] INFO:colcon.colcon_core.shell:Creating environment hook '/home/jetson/ANI717_Robotics/robot_ws/install/ros2_deep_learning_to_twist_message/share/ros2_deep_learning_to_twist_message/hook/ament_prefix_path.sh'
[1.198s] INFO:colcon.colcon_core.shell:Skip shell extension 'powershell' for command environment: Not usable outside of PowerShell
[1.198s] DEBUG:colcon.colcon_core.shell:Skip shell extension 'dsv' for command environment
[1.244s] INFO:colcon.colcon_ros.task.ament_python.build:Building ROS package in '/home/jetson/ANI717_Robotics/robot_ws/src/ros2_gamepad_to_twist_message' with build type 'ament_python'
[1.245s] Level 1:colcon.colcon_core.shell:create_environment_hook('ros2_gamepad_to_twist_message', 'ament_prefix_path')
[1.249s] INFO:colcon.colcon_core.shell:Creating environment hook '/home/jetson/ANI717_Robotics/robot_ws/install/ros2_gamepad_to_twist_message/share/ros2_gamepad_to_twist_message/hook/ament_prefix_path.ps1'
[1.252s] INFO:colcon.colcon_core.shell:Creating environment descriptor '/home/jetson/ANI717_Robotics/robot_ws/install/ros2_gamepad_to_twist_message/share/ros2_gamepad_to_twist_message/hook/ament_prefix_path.dsv'
[1.253s] INFO:colcon.colcon_core.shell:Creating environment hook '/home/jetson/ANI717_Robotics/robot_ws/install/ros2_gamepad_to_twist_message/share/ros2_gamepad_to_twist_message/hook/ament_prefix_path.sh'
[1.257s] INFO:colcon.colcon_core.shell:Skip shell extension 'powershell' for command environment: Not usable outside of PowerShell
[1.257s] DEBUG:colcon.colcon_core.shell:Skip shell extension 'dsv' for command environment
[1.315s] INFO:colcon.colcon_ros.task.ament_python.build:Building ROS package in '/home/jetson/ANI717_Robotics/robot_ws/src/ros2_save_camera_image' with build type 'ament_python'
[1.316s] Level 1:colcon.colcon_core.shell:create_environment_hook('ros2_save_camera_image', 'ament_prefix_path')
[1.320s] INFO:colcon.colcon_core.shell:Creating environment hook '/home/jetson/ANI717_Robotics/robot_ws/install/ros2_save_camera_image/share/ros2_save_camera_image/hook/ament_prefix_path.ps1'
[1.323s] INFO:colcon.colcon_core.shell:Creating environment descriptor '/home/jetson/ANI717_Robotics/robot_ws/install/ros2_save_camera_image/share/ros2_save_camera_image/hook/ament_prefix_path.dsv'
[1.324s] INFO:colcon.colcon_core.shell:Creating environment hook '/home/jetson/ANI717_Robotics/robot_ws/install/ros2_save_camera_image/share/ros2_save_camera_image/hook/ament_prefix_path.sh'
[1.329s] INFO:colcon.colcon_core.shell:Skip shell extension 'powershell' for command environment: Not usable outside of PowerShell
[1.329s] DEBUG:colcon.colcon_core.shell:Skip shell extension 'dsv' for command environment
[2.803s] INFO:colcon.colcon_core.task.python.build:Building Python package in '/home/jetson/ANI717_Robotics/robot_ws/src/ros2_csi_camera_publish'
[2.807s] INFO:colcon.colcon_core.shell:Skip shell extension 'powershell' for command environment: Not usable outside of PowerShell
[2.807s] DEBUG:colcon.colcon_core.shell:Skip shell extension 'dsv' for command environment
[4.280s] INFO:colcon.colcon_core.task.python.build:Building Python package in '/home/jetson/ANI717_Robotics/robot_ws/src/ros2_deep_learning_to_twist_message'
[4.284s] INFO:colcon.colcon_core.shell:Skip shell extension 'powershell' for command environment: Not usable outside of PowerShell
[4.284s] DEBUG:colcon.colcon_core.shell:Skip shell extension 'dsv' for command environment
[5.888s] INFO:colcon.colcon_core.task.python.build:Building Python package in '/home/jetson/ANI717_Robotics/robot_ws/src/ros2_gamepad_to_twist_message'
[5.892s] INFO:colcon.colcon_core.shell:Skip shell extension 'powershell' for command environment: Not usable outside of PowerShell
[5.892s] DEBUG:colcon.colcon_core.shell:Skip shell extension 'dsv' for command environment
[7.176s] INFO:colcon.colcon_core.task.python.build:Building Python package in '/home/jetson/ANI717_Robotics/robot_ws/src/ros2_save_camera_image'
[7.179s] INFO:colcon.colcon_core.shell:Skip shell extension 'powershell' for command environment: Not usable outside of PowerShell
[7.180s] DEBUG:colcon.colcon_core.shell:Skip shell extension 'dsv' for command environment
[9.366s] DEBUG:colcon.colcon_core.event_handler.log_command:Invoking command in '/home/jetson/ANI717_Robotics/robot_ws/build/ros2_csi_camera_publish': PYTHONPATH=/home/jetson/ANI717_Robotics/robot_ws/install/ros2_csi_camera_publish/lib/python3.8/site-packages:${PYTHONPATH} /usr/bin/python3 setup.py develop --prefix /home/jetson/ANI717_Robotics/robot_ws/install/ros2_csi_camera_publish --editable --build-directory /home/jetson/ANI717_Robotics/robot_ws/build/ros2_csi_camera_publish/build --no-deps install_data --install-dir /home/jetson/ANI717_Robotics/robot_ws/install/ros2_csi_camera_publish
[9.433s] DEBUG:colcon.colcon_core.event_handler.log_command:Invoking command in '/home/jetson/ANI717_Robotics/robot_ws/build/ros2_save_camera_image': PYTHONPATH=/home/jetson/ANI717_Robotics/robot_ws/install/ros2_save_camera_image/lib/python3.8/site-packages:${PYTHONPATH} /usr/bin/python3 setup.py develop --prefix /home/jetson/ANI717_Robotics/robot_ws/install/ros2_save_camera_image --editable --build-directory /home/jetson/ANI717_Robotics/robot_ws/build/ros2_save_camera_image/build --no-deps install_data --install-dir /home/jetson/ANI717_Robotics/robot_ws/install/ros2_save_camera_image
[9.465s] DEBUG:colcon.colcon_core.event_handler.log_command:Invoking command in '/home/jetson/ANI717_Robotics/robot_ws/build/ros2_deep_learning_to_twist_message': PYTHONPATH=/home/jetson/ANI717_Robotics/robot_ws/install/ros2_deep_learning_to_twist_message/lib/python3.8/site-packages:${PYTHONPATH} /usr/bin/python3 setup.py develop --prefix /home/jetson/ANI717_Robotics/robot_ws/install/ros2_deep_learning_to_twist_message --editable --build-directory /home/jetson/ANI717_Robotics/robot_ws/build/ros2_deep_learning_to_twist_message/build --no-deps install_data --install-dir /home/jetson/ANI717_Robotics/robot_ws/install/ros2_deep_learning_to_twist_message
[9.495s] DEBUG:colcon.colcon_core.event_handler.log_command:Invoking command in '/home/jetson/ANI717_Robotics/robot_ws/build/ros2_gamepad_to_twist_message': PYTHONPATH=/home/jetson/ANI717_Robotics/robot_ws/install/ros2_gamepad_to_twist_message/lib/python3.8/site-packages:${PYTHONPATH} /usr/bin/python3 setup.py develop --prefix /home/jetson/ANI717_Robotics/robot_ws/install/ros2_gamepad_to_twist_message --editable --build-directory /home/jetson/ANI717_Robotics/robot_ws/build/ros2_gamepad_to_twist_message/build --no-deps install_data --install-dir /home/jetson/ANI717_Robotics/robot_ws/install/ros2_gamepad_to_twist_message
[12.075s] Level 1:colcon.colcon_core.shell:create_environment_hook('ros2_csi_camera_publish', 'pythonpath_develop')
[12.079s] INFO:colcon.colcon_core.shell:Creating environment hook '/home/jetson/ANI717_Robotics/robot_ws/build/ros2_csi_camera_publish/share/ros2_csi_camera_publish/hook/pythonpath_develop.ps1'
[12.081s] DEBUG:colcon.colcon_core.event_handler.log_command:Invoked command in '/home/jetson/ANI717_Robotics/robot_ws/build/ros2_csi_camera_publish' returned '0': PYTHONPATH=/home/jetson/ANI717_Robotics/robot_ws/install/ros2_csi_camera_publish/lib/python3.8/site-packages:${PYTHONPATH} /usr/bin/python3 setup.py develop --prefix /home/jetson/ANI717_Robotics/robot_ws/install/ros2_csi_camera_publish --editable --build-directory /home/jetson/ANI717_Robotics/robot_ws/build/ros2_csi_camera_publish/build --no-deps install_data --install-dir /home/jetson/ANI717_Robotics/robot_ws/install/ros2_csi_camera_publish
[12.085s] INFO:colcon.colcon_core.shell:Creating environment descriptor '/home/jetson/ANI717_Robotics/robot_ws/build/ros2_csi_camera_publish/share/ros2_csi_camera_publish/hook/pythonpath_develop.dsv'
[12.087s] INFO:colcon.colcon_core.shell:Creating environment hook '/home/jetson/ANI717_Robotics/robot_ws/build/ros2_csi_camera_publish/share/ros2_csi_camera_publish/hook/pythonpath_develop.sh'
[12.109s] Level 1:colcon.colcon_core.environment:checking '/home/jetson/ANI717_Robotics/robot_ws/install/ros2_csi_camera_publish' for CMake module files
[12.112s] Level 1:colcon.colcon_core.environment:checking '/home/jetson/ANI717_Robotics/robot_ws/install/ros2_csi_camera_publish' for CMake config files
[12.115s] Level 1:colcon.colcon_core.environment:checking '/home/jetson/ANI717_Robotics/robot_ws/install/ros2_csi_camera_publish/lib'
[12.116s] Level 1:colcon.colcon_core.environment:checking '/home/jetson/ANI717_Robotics/robot_ws/install/ros2_csi_camera_publish/bin'
[12.116s] Level 1:colcon.colcon_core.environment:checking '/home/jetson/ANI717_Robotics/robot_ws/install/ros2_csi_camera_publish/lib/pkgconfig/ros2_csi_camera_publish.pc'
[12.117s] Level 1:colcon.colcon_core.environment:checking '/home/jetson/ANI717_Robotics/robot_ws/install/ros2_csi_camera_publish/lib/python3.8/site-packages'
[12.117s] Level 1:colcon.colcon_core.shell:create_environment_hook('ros2_csi_camera_publish', 'pythonpath')
[12.120s] INFO:colcon.colcon_core.shell:Creating environment hook '/home/jetson/ANI717_Robotics/robot_ws/install/ros2_csi_camera_publish/share/ros2_csi_camera_publish/hook/pythonpath.ps1'
[12.124s] INFO:colcon.colcon_core.shell:Creating environment descriptor '/home/jetson/ANI717_Robotics/robot_ws/install/ros2_csi_camera_publish/share/ros2_csi_camera_publish/hook/pythonpath.dsv'
[12.128s] INFO:colcon.colcon_core.shell:Creating environment hook '/home/jetson/ANI717_Robotics/robot_ws/install/ros2_csi_camera_publish/share/ros2_csi_camera_publish/hook/pythonpath.sh'
[12.131s] Level 1:colcon.colcon_core.environment:checking '/home/jetson/ANI717_Robotics/robot_ws/install/ros2_csi_camera_publish/bin'
[12.131s] Level 1:colcon.colcon_core.environment:create_environment_scripts_only(ros2_csi_camera_publish)
[12.135s] INFO:colcon.colcon_core.shell:Creating package script '/home/jetson/ANI717_Robotics/robot_ws/install/ros2_csi_camera_publish/share/ros2_csi_camera_publish/package.ps1'
[12.140s] INFO:colcon.colcon_core.shell:Creating package descriptor '/home/jetson/ANI717_Robotics/robot_ws/install/ros2_csi_camera_publish/share/ros2_csi_camera_publish/package.dsv'
[12.144s] INFO:colcon.colcon_core.shell:Creating package script '/home/jetson/ANI717_Robotics/robot_ws/install/ros2_csi_camera_publish/share/ros2_csi_camera_publish/package.sh'
[12.148s] INFO:colcon.colcon_core.shell:Creating package script '/home/jetson/ANI717_Robotics/robot_ws/install/ros2_csi_camera_publish/share/ros2_csi_camera_publish/package.bash'
[12.152s] INFO:colcon.colcon_core.shell:Creating package script '/home/jetson/ANI717_Robotics/robot_ws/install/ros2_csi_camera_publish/share/ros2_csi_camera_publish/package.zsh'
[12.155s] Level 1:colcon.colcon_core.environment:create_file_with_runtime_dependencies(/home/jetson/ANI717_Robotics/robot_ws/install/ros2_csi_camera_publish/share/colcon-core/packages/ros2_csi_camera_publish)
[12.160s] INFO:colcon.colcon_ros.task.ament_python.build:Building ROS package in '/home/jetson/ANI717_Robotics/robot_ws/src/ros2_twist_message_to_robot_motion' with build type 'ament_python'
[12.161s] Level 1:colcon.colcon_core.shell:create_environment_hook('ros2_twist_message_to_robot_motion', 'ament_prefix_path')
[12.164s] INFO:colcon.colcon_core.shell:Creating environment hook '/home/jetson/ANI717_Robotics/robot_ws/install/ros2_twist_message_to_robot_motion/share/ros2_twist_message_to_robot_motion/hook/ament_prefix_path.ps1'
[12.167s] INFO:colcon.colcon_core.shell:Creating environment descriptor '/home/jetson/ANI717_Robotics/robot_ws/install/ros2_twist_message_to_robot_motion/share/ros2_twist_message_to_robot_motion/hook/ament_prefix_path.dsv'
[12.169s] INFO:colcon.colcon_core.shell:Creating environment hook '/home/jetson/ANI717_Robotics/robot_ws/install/ros2_twist_message_to_robot_motion/share/ros2_twist_message_to_robot_motion/hook/ament_prefix_path.sh'
[12.174s] INFO:colcon.colcon_core.shell:Skip shell extension 'powershell' for command environment: Not usable outside of PowerShell
[12.174s] DEBUG:colcon.colcon_core.shell:Skip shell extension 'dsv' for command environment
[12.229s] Level 1:colcon.colcon_core.shell:create_environment_hook('ros2_save_camera_image', 'pythonpath_develop')
[12.233s] INFO:colcon.colcon_core.shell:Creating environment hook '/home/jetson/ANI717_Robotics/robot_ws/build/ros2_save_camera_image/share/ros2_save_camera_image/hook/pythonpath_develop.ps1'
[12.235s] DEBUG:colcon.colcon_core.event_handler.log_command:Invoked command in '/home/jetson/ANI717_Robotics/robot_ws/build/ros2_save_camera_image' returned '0': PYTHONPATH=/home/jetson/ANI717_Robotics/robot_ws/install/ros2_save_camera_image/lib/python3.8/site-packages:${PYTHONPATH} /usr/bin/python3 setup.py develop --prefix /home/jetson/ANI717_Robotics/robot_ws/install/ros2_save_camera_image --editable --build-directory /home/jetson/ANI717_Robotics/robot_ws/build/ros2_save_camera_image/build --no-deps install_data --install-dir /home/jetson/ANI717_Robotics/robot_ws/install/ros2_save_camera_image
[12.237s] INFO:colcon.colcon_core.shell:Creating environment descriptor '/home/jetson/ANI717_Robotics/robot_ws/build/ros2_save_camera_image/share/ros2_save_camera_image/hook/pythonpath_develop.dsv'
[12.239s] INFO:colcon.colcon_core.shell:Creating environment hook '/home/jetson/ANI717_Robotics/robot_ws/build/ros2_save_camera_image/share/ros2_save_camera_image/hook/pythonpath_develop.sh'
[12.247s] Level 1:colcon.colcon_core.environment:checking '/home/jetson/ANI717_Robotics/robot_ws/install/ros2_save_camera_image' for CMake module files
[12.249s] Level 1:colcon.colcon_core.environment:checking '/home/jetson/ANI717_Robotics/robot_ws/install/ros2_save_camera_image' for CMake config files
[12.252s] Level 1:colcon.colcon_core.environment:checking '/home/jetson/ANI717_Robotics/robot_ws/install/ros2_save_camera_image/lib'
[12.252s] Level 1:colcon.colcon_core.environment:checking '/home/jetson/ANI717_Robotics/robot_ws/install/ros2_save_camera_image/bin'
[12.253s] Level 1:colcon.colcon_core.environment:checking '/home/jetson/ANI717_Robotics/robot_ws/install/ros2_save_camera_image/lib/pkgconfig/ros2_save_camera_image.pc'
[12.254s] Level 1:colcon.colcon_core.environment:checking '/home/jetson/ANI717_Robotics/robot_ws/install/ros2_save_camera_image/lib/python3.8/site-packages'
[12.254s] Level 1:colcon.colcon_core.shell:create_environment_hook('ros2_save_camera_image', 'pythonpath')
[12.257s] INFO:colcon.colcon_core.shell:Creating environment hook '/home/jetson/ANI717_Robotics/robot_ws/install/ros2_save_camera_image/share/ros2_save_camera_image/hook/pythonpath.ps1'
[12.258s] INFO:colcon.colcon_core.shell:Creating environment descriptor '/home/jetson/ANI717_Robotics/robot_ws/install/ros2_save_camera_image/share/ros2_save_camera_image/hook/pythonpath.dsv'
[12.259s] INFO:colcon.colcon_core.shell:Creating environment hook '/home/jetson/ANI717_Robotics/robot_ws/install/ros2_save_camera_image/share/ros2_save_camera_image/hook/pythonpath.sh'
[12.261s] Level 1:colcon.colcon_core.environment:checking '/home/jetson/ANI717_Robotics/robot_ws/install/ros2_save_camera_image/bin'
[12.262s] Level 1:colcon.colcon_core.environment:create_environment_scripts_only(ros2_save_camera_image)
[12.265s] INFO:colcon.colcon_core.shell:Creating package script '/home/jetson/ANI717_Robotics/robot_ws/install/ros2_save_camera_image/share/ros2_save_camera_image/package.ps1'
[12.267s] INFO:colcon.colcon_core.shell:Creating package descriptor '/home/jetson/ANI717_Robotics/robot_ws/install/ros2_save_camera_image/share/ros2_save_camera_image/package.dsv'
[12.269s] INFO:colcon.colcon_core.shell:Creating package script '/home/jetson/ANI717_Robotics/robot_ws/install/ros2_save_camera_image/share/ros2_save_camera_image/package.sh'
[12.270s] INFO:colcon.colcon_core.shell:Creating package script '/home/jetson/ANI717_Robotics/robot_ws/install/ros2_save_camera_image/share/ros2_save_camera_image/package.bash'
[12.272s] INFO:colcon.colcon_core.shell:Creating package script '/home/jetson/ANI717_Robotics/robot_ws/install/ros2_save_camera_image/share/ros2_save_camera_image/package.zsh'
[12.273s] Level 1:colcon.colcon_core.environment:create_file_with_runtime_dependencies(/home/jetson/ANI717_Robotics/robot_ws/install/ros2_save_camera_image/share/colcon-core/packages/ros2_save_camera_image)
[12.274s] Level 1:colcon.colcon_core.shell:create_environment_hook('ros2_deep_learning_to_twist_message', 'pythonpath_develop')
[12.277s] INFO:colcon.colcon_core.shell:Creating environment hook '/home/jetson/ANI717_Robotics/robot_ws/build/ros2_deep_learning_to_twist_message/share/ros2_deep_learning_to_twist_message/hook/pythonpath_develop.ps1'
[12.280s] INFO:colcon.colcon_core.shell:Creating environment descriptor '/home/jetson/ANI717_Robotics/robot_ws/build/ros2_deep_learning_to_twist_message/share/ros2_deep_learning_to_twist_message/hook/pythonpath_develop.dsv'
[12.282s] DEBUG:colcon.colcon_core.event_handler.log_command:Invoked command in '/home/jetson/ANI717_Robotics/robot_ws/build/ros2_deep_learning_to_twist_message' returned '0': PYTHONPATH=/home/jetson/ANI717_Robotics/robot_ws/install/ros2_deep_learning_to_twist_message/lib/python3.8/site-packages:${PYTHONPATH} /usr/bin/python3 setup.py develop --prefix /home/jetson/ANI717_Robotics/robot_ws/install/ros2_deep_learning_to_twist_message --editable --build-directory /home/jetson/ANI717_Robotics/robot_ws/build/ros2_deep_learning_to_twist_message/build --no-deps install_data --install-dir /home/jetson/ANI717_Robotics/robot_ws/install/ros2_deep_learning_to_twist_message
[12.283s] INFO:colcon.colcon_core.shell:Creating environment hook '/home/jetson/ANI717_Robotics/robot_ws/build/ros2_deep_learning_to_twist_message/share/ros2_deep_learning_to_twist_message/hook/pythonpath_develop.sh'
[12.289s] Level 1:colcon.colcon_core.environment:checking '/home/jetson/ANI717_Robotics/robot_ws/install/ros2_deep_learning_to_twist_message' for CMake module files
[12.291s] Level 1:colcon.colcon_core.environment:checking '/home/jetson/ANI717_Robotics/robot_ws/install/ros2_deep_learning_to_twist_message' for CMake config files
[12.294s] Level 1:colcon.colcon_core.environment:checking '/home/jetson/ANI717_Robotics/robot_ws/install/ros2_deep_learning_to_twist_message/lib'
[12.294s] Level 1:colcon.colcon_core.environment:checking '/home/jetson/ANI717_Robotics/robot_ws/install/ros2_deep_learning_to_twist_message/bin'
[12.294s] Level 1:colcon.colcon_core.environment:checking '/home/jetson/ANI717_Robotics/robot_ws/install/ros2_deep_learning_to_twist_message/lib/pkgconfig/ros2_deep_learning_to_twist_message.pc'
[12.295s] Level 1:colcon.colcon_core.environment:checking '/home/jetson/ANI717_Robotics/robot_ws/install/ros2_deep_learning_to_twist_message/lib/python3.8/site-packages'
[12.295s] Level 1:colcon.colcon_core.shell:create_environment_hook('ros2_deep_learning_to_twist_message', 'pythonpath')
[12.298s] INFO:colcon.colcon_core.shell:Creating environment hook '/home/jetson/ANI717_Robotics/robot_ws/install/ros2_deep_learning_to_twist_message/share/ros2_deep_learning_to_twist_message/hook/pythonpath.ps1'
[12.300s] INFO:colcon.colcon_core.shell:Creating environment descriptor '/home/jetson/ANI717_Robotics/robot_ws/install/ros2_deep_learning_to_twist_message/share/ros2_deep_learning_to_twist_message/hook/pythonpath.dsv'
[12.302s] INFO:colcon.colcon_core.shell:Creating environment hook '/home/jetson/ANI717_Robotics/robot_ws/install/ros2_deep_learning_to_twist_message/share/ros2_deep_learning_to_twist_message/hook/pythonpath.sh'
[12.304s] Level 1:colcon.colcon_core.environment:checking '/home/jetson/ANI717_Robotics/robot_ws/install/ros2_deep_learning_to_twist_message/bin'
[12.304s] Level 1:colcon.colcon_core.environment:create_environment_scripts_only(ros2_deep_learning_to_twist_message)
[12.308s] INFO:colcon.colcon_core.shell:Creating package script '/home/jetson/ANI717_Robotics/robot_ws/install/ros2_deep_learning_to_twist_message/share/ros2_deep_learning_to_twist_message/package.ps1'
[12.311s] INFO:colcon.colcon_core.shell:Creating package descriptor '/home/jetson/ANI717_Robotics/robot_ws/install/ros2_deep_learning_to_twist_message/share/ros2_deep_learning_to_twist_message/package.dsv'
[12.313s] INFO:colcon.colcon_core.shell:Creating package script '/home/jetson/ANI717_Robotics/robot_ws/install/ros2_deep_learning_to_twist_message/share/ros2_deep_learning_to_twist_message/package.sh'
[12.315s] INFO:colcon.colcon_core.shell:Creating package script '/home/jetson/ANI717_Robotics/robot_ws/install/ros2_deep_learning_to_twist_message/share/ros2_deep_learning_to_twist_message/package.bash'
[12.318s] INFO:colcon.colcon_core.shell:Creating package script '/home/jetson/ANI717_Robotics/robot_ws/install/ros2_deep_learning_to_twist_message/share/ros2_deep_learning_to_twist_message/package.zsh'
[12.320s] Level 1:colcon.colcon_core.environment:create_file_with_runtime_dependencies(/home/jetson/ANI717_Robotics/robot_ws/install/ros2_deep_learning_to_twist_message/share/colcon-core/packages/ros2_deep_learning_to_twist_message)
[13.711s] INFO:colcon.colcon_core.task.python.build:Building Python package in '/home/jetson/ANI717_Robotics/robot_ws/src/ros2_twist_message_to_robot_motion'
[13.715s] INFO:colcon.colcon_core.shell:Skip shell extension 'powershell' for command environment: Not usable outside of PowerShell
[13.717s] DEBUG:colcon.colcon_core.shell:Skip shell extension 'dsv' for command environment
[13.769s] Level 1:colcon.colcon_core.shell:create_environment_hook('ros2_gamepad_to_twist_message', 'pythonpath_develop')
[13.773s] INFO:colcon.colcon_core.shell:Creating environment hook '/home/jetson/ANI717_Robotics/robot_ws/build/ros2_gamepad_to_twist_message/share/ros2_gamepad_to_twist_message/hook/pythonpath_develop.ps1'
[13.776s] DEBUG:colcon.colcon_core.event_handler.log_command:Invoked command in '/home/jetson/ANI717_Robotics/robot_ws/build/ros2_gamepad_to_twist_message' returned '0': PYTHONPATH=/home/jetson/ANI717_Robotics/robot_ws/install/ros2_gamepad_to_twist_message/lib/python3.8/site-packages:${PYTHONPATH} /usr/bin/python3 setup.py develop --prefix /home/jetson/ANI717_Robotics/robot_ws/install/ros2_gamepad_to_twist_message --editable --build-directory /home/jetson/ANI717_Robotics/robot_ws/build/ros2_gamepad_to_twist_message/build --no-deps install_data --install-dir /home/jetson/ANI717_Robotics/robot_ws/install/ros2_gamepad_to_twist_message
[13.777s] INFO:colcon.colcon_core.shell:Creating environment descriptor '/home/jetson/ANI717_Robotics/robot_ws/build/ros2_gamepad_to_twist_message/share/ros2_gamepad_to_twist_message/hook/pythonpath_develop.dsv'
[13.779s] INFO:colcon.colcon_core.shell:Creating environment hook '/home/jetson/ANI717_Robotics/robot_ws/build/ros2_gamepad_to_twist_message/share/ros2_gamepad_to_twist_message/hook/pythonpath_develop.sh'
[13.786s] Level 1:colcon.colcon_core.environment:checking '/home/jetson/ANI717_Robotics/robot_ws/install/ros2_gamepad_to_twist_message' for CMake module files
[13.788s] Level 1:colcon.colcon_core.environment:checking '/home/jetson/ANI717_Robotics/robot_ws/install/ros2_gamepad_to_twist_message' for CMake config files
[13.790s] Level 1:colcon.colcon_core.environment:checking '/home/jetson/ANI717_Robotics/robot_ws/install/ros2_gamepad_to_twist_message/lib'
[13.791s] Level 1:colcon.colcon_core.environment:checking '/home/jetson/ANI717_Robotics/robot_ws/install/ros2_gamepad_to_twist_message/bin'
[13.791s] Level 1:colcon.colcon_core.environment:checking '/home/jetson/ANI717_Robotics/robot_ws/install/ros2_gamepad_to_twist_message/lib/pkgconfig/ros2_gamepad_to_twist_message.pc'
[13.792s] Level 1:colcon.colcon_core.environment:checking '/home/jetson/ANI717_Robotics/robot_ws/install/ros2_gamepad_to_twist_message/lib/python3.8/site-packages'
[13.792s] Level 1:colcon.colcon_core.shell:create_environment_hook('ros2_gamepad_to_twist_message', 'pythonpath')
[13.795s] INFO:colcon.colcon_core.shell:Creating environment hook '/home/jetson/ANI717_Robotics/robot_ws/install/ros2_gamepad_to_twist_message/share/ros2_gamepad_to_twist_message/hook/pythonpath.ps1'
[13.797s] INFO:colcon.colcon_core.shell:Creating environment descriptor '/home/jetson/ANI717_Robotics/robot_ws/install/ros2_gamepad_to_twist_message/share/ros2_gamepad_to_twist_message/hook/pythonpath.dsv'
[13.799s] INFO:colcon.colcon_core.shell:Creating environment hook '/home/jetson/ANI717_Robotics/robot_ws/install/ros2_gamepad_to_twist_message/share/ros2_gamepad_to_twist_message/hook/pythonpath.sh'
[13.801s] Level 1:colcon.colcon_core.environment:checking '/home/jetson/ANI717_Robotics/robot_ws/install/ros2_gamepad_to_twist_message/bin'
[13.802s] Level 1:colcon.colcon_core.environment:create_environment_scripts_only(ros2_gamepad_to_twist_message)
[13.805s] INFO:colcon.colcon_core.shell:Creating package script '/home/jetson/ANI717_Robotics/robot_ws/install/ros2_gamepad_to_twist_message/share/ros2_gamepad_to_twist_message/package.ps1'
[13.808s] INFO:colcon.colcon_core.shell:Creating package descriptor '/home/jetson/ANI717_Robotics/robot_ws/install/ros2_gamepad_to_twist_message/share/ros2_gamepad_to_twist_message/package.dsv'
[13.810s] INFO:colcon.colcon_core.shell:Creating package script '/home/jetson/ANI717_Robotics/robot_ws/install/ros2_gamepad_to_twist_message/share/ros2_gamepad_to_twist_message/package.sh'
[13.812s] INFO:colcon.colcon_core.shell:Creating package script '/home/jetson/ANI717_Robotics/robot_ws/install/ros2_gamepad_to_twist_message/share/ros2_gamepad_to_twist_message/package.bash'
[13.815s] INFO:colcon.colcon_core.shell:Creating package script '/home/jetson/ANI717_Robotics/robot_ws/install/ros2_gamepad_to_twist_message/share/ros2_gamepad_to_twist_message/package.zsh'
[13.817s] Level 1:colcon.colcon_core.environment:create_file_with_runtime_dependencies(/home/jetson/ANI717_Robotics/robot_ws/install/ros2_gamepad_to_twist_message/share/colcon-core/packages/ros2_gamepad_to_twist_message)
[15.979s] DEBUG:colcon.colcon_core.event_handler.log_command:Invoking command in '/home/jetson/ANI717_Robotics/robot_ws/build/ros2_twist_message_to_robot_motion': PYTHONPATH=/home/jetson/ANI717_Robotics/robot_ws/install/ros2_twist_message_to_robot_motion/lib/python3.8/site-packages:${PYTHONPATH} /usr/bin/python3 setup.py develop --prefix /home/jetson/ANI717_Robotics/robot_ws/install/ros2_twist_message_to_robot_motion --editable --build-directory /home/jetson/ANI717_Robotics/robot_ws/build/ros2_twist_message_to_robot_motion/build --no-deps install_data --install-dir /home/jetson/ANI717_Robotics/robot_ws/install/ros2_twist_message_to_robot_motion
[18.341s] Level 1:colcon.colcon_core.shell:create_environment_hook('ros2_twist_message_to_robot_motion', 'pythonpath_develop')
[18.345s] INFO:colcon.colcon_core.shell:Creating environment hook '/home/jetson/ANI717_Robotics/robot_ws/build/ros2_twist_message_to_robot_motion/share/ros2_twist_message_to_robot_motion/hook/pythonpath_develop.ps1'
[18.347s] DEBUG:colcon.colcon_core.event_handler.log_command:Invoked command in '/home/jetson/ANI717_Robotics/robot_ws/build/ros2_twist_message_to_robot_motion' returned '0': PYTHONPATH=/home/jetson/ANI717_Robotics/robot_ws/install/ros2_twist_message_to_robot_motion/lib/python3.8/site-packages:${PYTHONPATH} /usr/bin/python3 setup.py develop --prefix /home/jetson/ANI717_Robotics/robot_ws/install/ros2_twist_message_to_robot_motion --editable --build-directory /home/jetson/ANI717_Robotics/robot_ws/build/ros2_twist_message_to_robot_motion/build --no-deps install_data --install-dir /home/jetson/ANI717_Robotics/robot_ws/install/ros2_twist_message_to_robot_motion
[18.348s] INFO:colcon.colcon_core.shell:Creating environment descriptor '/home/jetson/ANI717_Robotics/robot_ws/build/ros2_twist_message_to_robot_motion/share/ros2_twist_message_to_robot_motion/hook/pythonpath_develop.dsv'
[18.349s] INFO:colcon.colcon_core.shell:Creating environment hook '/home/jetson/ANI717_Robotics/robot_ws/build/ros2_twist_message_to_robot_motion/share/ros2_twist_message_to_robot_motion/hook/pythonpath_develop.sh'
[18.355s] Level 1:colcon.colcon_core.environment:checking '/home/jetson/ANI717_Robotics/robot_ws/install/ros2_twist_message_to_robot_motion' for CMake module files
[18.357s] Level 1:colcon.colcon_core.environment:checking '/home/jetson/ANI717_Robotics/robot_ws/install/ros2_twist_message_to_robot_motion' for CMake config files
[18.359s] Level 1:colcon.colcon_core.environment:checking '/home/jetson/ANI717_Robotics/robot_ws/install/ros2_twist_message_to_robot_motion/lib'
[18.360s] Level 1:colcon.colcon_core.environment:checking '/home/jetson/ANI717_Robotics/robot_ws/install/ros2_twist_message_to_robot_motion/bin'
[18.360s] Level 1:colcon.colcon_core.environment:checking '/home/jetson/ANI717_Robotics/robot_ws/install/ros2_twist_message_to_robot_motion/lib/pkgconfig/ros2_twist_message_to_robot_motion.pc'
[18.361s] Level 1:colcon.colcon_core.environment:checking '/home/jetson/ANI717_Robotics/robot_ws/install/ros2_twist_message_to_robot_motion/lib/python3.8/site-packages'
[18.361s] Level 1:colcon.colcon_core.shell:create_environment_hook('ros2_twist_message_to_robot_motion', 'pythonpath')
[18.364s] INFO:colcon.colcon_core.shell:Creating environment hook '/home/jetson/ANI717_Robotics/robot_ws/install/ros2_twist_message_to_robot_motion/share/ros2_twist_message_to_robot_motion/hook/pythonpath.ps1'
[18.365s] INFO:colcon.colcon_core.shell:Creating environment descriptor '/home/jetson/ANI717_Robotics/robot_ws/install/ros2_twist_message_to_robot_motion/share/ros2_twist_message_to_robot_motion/hook/pythonpath.dsv'
[18.366s] INFO:colcon.colcon_core.shell:Creating environment hook '/home/jetson/ANI717_Robotics/robot_ws/install/ros2_twist_message_to_robot_motion/share/ros2_twist_message_to_robot_motion/hook/pythonpath.sh'
[18.368s] Level 1:colcon.colcon_core.environment:checking '/home/jetson/ANI717_Robotics/robot_ws/install/ros2_twist_message_to_robot_motion/bin'
[18.368s] Level 1:colcon.colcon_core.environment:create_environment_scripts_only(ros2_twist_message_to_robot_motion)
[18.372s] INFO:colcon.colcon_core.shell:Creating package script '/home/jetson/ANI717_Robotics/robot_ws/install/ros2_twist_message_to_robot_motion/share/ros2_twist_message_to_robot_motion/package.ps1'
[18.374s] INFO:colcon.colcon_core.shell:Creating package descriptor '/home/jetson/ANI717_Robotics/robot_ws/install/ros2_twist_message_to_robot_motion/share/ros2_twist_message_to_robot_motion/package.dsv'
[18.376s] INFO:colcon.colcon_core.shell:Creating package script '/home/jetson/ANI717_Robotics/robot_ws/install/ros2_twist_message_to_robot_motion/share/ros2_twist_message_to_robot_motion/package.sh'
[18.377s] INFO:colcon.colcon_core.shell:Creating package script '/home/jetson/ANI717_Robotics/robot_ws/install/ros2_twist_message_to_robot_motion/share/ros2_twist_message_to_robot_motion/package.bash'
[18.379s] INFO:colcon.colcon_core.shell:Creating package script '/home/jetson/ANI717_Robotics/robot_ws/install/ros2_twist_message_to_robot_motion/share/ros2_twist_message_to_robot_motion/package.zsh'
[18.380s] Level 1:colcon.colcon_core.environment:create_file_with_runtime_dependencies(/home/jetson/ANI717_Robotics/robot_ws/install/ros2_twist_message_to_robot_motion/share/colcon-core/packages/ros2_twist_message_to_robot_motion)
[18.381s] INFO:colcon.colcon_ros.task.ament_python.build:Building ROS package in '/home/jetson/ANI717_Robotics/robot_ws/src/robot_app' with build type 'ament_python'
[18.382s] Level 1:colcon.colcon_core.shell:create_environment_hook('robot_app', 'ament_prefix_path')
[18.384s] INFO:colcon.colcon_core.shell:Creating environment hook '/home/jetson/ANI717_Robotics/robot_ws/install/robot_app/share/robot_app/hook/ament_prefix_path.ps1'
[18.387s] INFO:colcon.colcon_core.shell:Creating environment descriptor '/home/jetson/ANI717_Robotics/robot_ws/install/robot_app/share/robot_app/hook/ament_prefix_path.dsv'
[18.388s] INFO:colcon.colcon_core.shell:Creating environment hook '/home/jetson/ANI717_Robotics/robot_ws/install/robot_app/share/robot_app/hook/ament_prefix_path.sh'
[18.392s] INFO:colcon.colcon_core.shell:Skip shell extension 'powershell' for command environment: Not usable outside of PowerShell
[18.393s] DEBUG:colcon.colcon_core.shell:Skip shell extension 'dsv' for command environment
[19.817s] INFO:colcon.colcon_core.task.python.build:Building Python package in '/home/jetson/ANI717_Robotics/robot_ws/src/robot_app'
[19.821s] INFO:colcon.colcon_core.shell:Skip shell extension 'powershell' for command environment: Not usable outside of PowerShell
[19.821s] DEBUG:colcon.colcon_core.shell:Skip shell extension 'dsv' for command environment
[21.962s] DEBUG:colcon.colcon_core.event_handler.log_command:Invoking command in '/home/jetson/ANI717_Robotics/robot_ws/build/robot_app': AMENT_PREFIX_PATH=/home/jetson/ANI717_Robotics/robot_ws/install/ros2_twist_message_to_robot_motion:/home/jetson/ANI717_Robotics/robot_ws/install/ros2_save_camera_image:/home/jetson/ANI717_Robotics/robot_ws/install/ros2_gamepad_to_twist_message:/home/jetson/ANI717_Robotics/robot_ws/install/ros2_deep_learning_to_twist_message:/home/jetson/ANI717_Robotics/robot_ws/install/ros2_csi_camera_publish:/home/jetson/ANI717_Robotics/robot_ws/install/robot_app:/home/jetson/ros2_foxy/ros2-linux PYTHONPATH=/home/jetson/ANI717_Robotics/robot_ws/install/robot_app/lib/python3.8/site-packages:/home/jetson/ANI717_Robotics/robot_ws/build/ros2_twist_message_to_robot_motion:/home/jetson/ANI717_Robotics/robot_ws/install/ros2_twist_message_to_robot_motion/lib/python3.8/site-packages:/home/jetson/ANI717_Robotics/robot_ws/build/ros2_save_camera_image:/home/jetson/ANI717_Robotics/robot_ws/install/ros2_save_camera_image/lib/python3.8/site-packages:/home/jetson/ANI717_Robotics/robot_ws/build/ros2_gamepad_to_twist_message:/home/jetson/ANI717_Robotics/robot_ws/install/ros2_gamepad_to_twist_message/lib/python3.8/site-packages:/home/jetson/ANI717_Robotics/robot_ws/build/ros2_deep_learning_to_twist_message:/home/jetson/ANI717_Robotics/robot_ws/install/ros2_deep_learning_to_twist_message/lib/python3.8/site-packages:/home/jetson/ANI717_Robotics/robot_ws/build/ros2_csi_camera_publish:/home/jetson/ANI717_Robotics/robot_ws/install/ros2_csi_camera_publish/lib/python3.8/site-packages:/home/jetson/ANI717_Robotics/robot_ws/build/robot_app:/home/jetson/ANI717_Robotics/robot_ws/install/robot_app/lib/python3.8/site-packages:/home/jetson/ros2_foxy/ros2-linux/lib/python3.8/site-packages /usr/bin/python3 setup.py develop --prefix /home/jetson/ANI717_Robotics/robot_ws/install/robot_app --editable --build-directory /home/jetson/ANI717_Robotics/robot_ws/build/robot_app/build --no-deps install_data --install-dir /home/jetson/ANI717_Robotics/robot_ws/install/robot_app
[24.250s] Level 1:colcon.colcon_core.shell:create_environment_hook('robot_app', 'pythonpath_develop')
[24.254s] INFO:colcon.colcon_core.shell:Creating environment hook '/home/jetson/ANI717_Robotics/robot_ws/build/robot_app/share/robot_app/hook/pythonpath_develop.ps1'
[24.256s] DEBUG:colcon.colcon_core.event_handler.log_command:Invoked command in '/home/jetson/ANI717_Robotics/robot_ws/build/robot_app' returned '0': AMENT_PREFIX_PATH=/home/jetson/ANI717_Robotics/robot_ws/install/ros2_twist_message_to_robot_motion:/home/jetson/ANI717_Robotics/robot_ws/install/ros2_save_camera_image:/home/jetson/ANI717_Robotics/robot_ws/install/ros2_gamepad_to_twist_message:/home/jetson/ANI717_Robotics/robot_ws/install/ros2_deep_learning_to_twist_message:/home/jetson/ANI717_Robotics/robot_ws/install/ros2_csi_camera_publish:/home/jetson/ANI717_Robotics/robot_ws/install/robot_app:/home/jetson/ros2_foxy/ros2-linux PYTHONPATH=/home/jetson/ANI717_Robotics/robot_ws/install/robot_app/lib/python3.8/site-packages:/home/jetson/ANI717_Robotics/robot_ws/build/ros2_twist_message_to_robot_motion:/home/jetson/ANI717_Robotics/robot_ws/install/ros2_twist_message_to_robot_motion/lib/python3.8/site-packages:/home/jetson/ANI717_Robotics/robot_ws/build/ros2_save_camera_image:/home/jetson/ANI717_Robotics/robot_ws/install/ros2_save_camera_image/lib/python3.8/site-packages:/home/jetson/ANI717_Robotics/robot_ws/build/ros2_gamepad_to_twist_message:/home/jetson/ANI717_Robotics/robot_ws/install/ros2_gamepad_to_twist_message/lib/python3.8/site-packages:/home/jetson/ANI717_Robotics/robot_ws/build/ros2_deep_learning_to_twist_message:/home/jetson/ANI717_Robotics/robot_ws/install/ros2_deep_learning_to_twist_message/lib/python3.8/site-packages:/home/jetson/ANI717_Robotics/robot_ws/build/ros2_csi_camera_publish:/home/jetson/ANI717_Robotics/robot_ws/install/ros2_csi_camera_publish/lib/python3.8/site-packages:/home/jetson/ANI717_Robotics/robot_ws/build/robot_app:/home/jetson/ANI717_Robotics/robot_ws/install/robot_app/lib/python3.8/site-packages:/home/jetson/ros2_foxy/ros2-linux/lib/python3.8/site-packages /usr/bin/python3 setup.py develop --prefix /home/jetson/ANI717_Robotics/robot_ws/install/robot_app --editable --build-directory /home/jetson/ANI717_Robotics/robot_ws/build/robot_app/build --no-deps install_data --install-dir /home/jetson/ANI717_Robotics/robot_ws/install/robot_app
[24.258s] INFO:colcon.colcon_core.shell:Creating environment descriptor '/home/jetson/ANI717_Robotics/robot_ws/build/robot_app/share/robot_app/hook/pythonpath_develop.dsv'
[24.260s] INFO:colcon.colcon_core.shell:Creating environment hook '/home/jetson/ANI717_Robotics/robot_ws/build/robot_app/share/robot_app/hook/pythonpath_develop.sh'
[24.265s] Level 1:colcon.colcon_core.environment:checking '/home/jetson/ANI717_Robotics/robot_ws/install/robot_app' for CMake module files
[24.267s] Level 1:colcon.colcon_core.environment:checking '/home/jetson/ANI717_Robotics/robot_ws/install/robot_app' for CMake config files
[24.269s] Level 1:colcon.colcon_core.environment:checking '/home/jetson/ANI717_Robotics/robot_ws/install/robot_app/lib'
[24.269s] Level 1:colcon.colcon_core.environment:checking '/home/jetson/ANI717_Robotics/robot_ws/install/robot_app/bin'
[24.270s] Level 1:colcon.colcon_core.environment:checking '/home/jetson/ANI717_Robotics/robot_ws/install/robot_app/lib/pkgconfig/robot_app.pc'
[24.271s] Level 1:colcon.colcon_core.environment:checking '/home/jetson/ANI717_Robotics/robot_ws/install/robot_app/lib/python3.8/site-packages'
[24.271s] Level 1:colcon.colcon_core.shell:create_environment_hook('robot_app', 'pythonpath')
[24.273s] INFO:colcon.colcon_core.shell:Creating environment hook '/home/jetson/ANI717_Robotics/robot_ws/install/robot_app/share/robot_app/hook/pythonpath.ps1'
[24.275s] INFO:colcon.colcon_core.shell:Creating environment descriptor '/home/jetson/ANI717_Robotics/robot_ws/install/robot_app/share/robot_app/hook/pythonpath.dsv'
[24.276s] INFO:colcon.colcon_core.shell:Creating environment hook '/home/jetson/ANI717_Robotics/robot_ws/install/robot_app/share/robot_app/hook/pythonpath.sh'
[24.278s] Level 1:colcon.colcon_core.environment:checking '/home/jetson/ANI717_Robotics/robot_ws/install/robot_app/bin'
[24.278s] Level 1:colcon.colcon_core.environment:create_environment_scripts_only(robot_app)
[24.281s] INFO:colcon.colcon_core.shell:Creating package script '/home/jetson/ANI717_Robotics/robot_ws/install/robot_app/share/robot_app/package.ps1'
[24.283s] INFO:colcon.colcon_core.shell:Creating package descriptor '/home/jetson/ANI717_Robotics/robot_ws/install/robot_app/share/robot_app/package.dsv'
[24.285s] INFO:colcon.colcon_core.shell:Creating package script '/home/jetson/ANI717_Robotics/robot_ws/install/robot_app/share/robot_app/package.sh'
[24.287s] INFO:colcon.colcon_core.shell:Creating package script '/home/jetson/ANI717_Robotics/robot_ws/install/robot_app/share/robot_app/package.bash'
[24.288s] INFO:colcon.colcon_core.shell:Creating package script '/home/jetson/ANI717_Robotics/robot_ws/install/robot_app/share/robot_app/package.zsh'
[24.289s] Level 1:colcon.colcon_core.environment:create_file_with_runtime_dependencies(/home/jetson/ANI717_Robotics/robot_ws/install/robot_app/share/colcon-core/packages/robot_app)
[24.290s] DEBUG:colcon.colcon_parallel_executor.executor.parallel:closing loop
[24.291s] DEBUG:colcon.colcon_parallel_executor.executor.parallel:loop closed
[24.292s] DEBUG:colcon.colcon_parallel_executor.executor.parallel:run_until_complete finished with '0'
[24.292s] DEBUG:colcon.colcon_core.event_reactor:joining thread
[24.317s] INFO:colcon.colcon_core.plugin_system:Skipping extension 'colcon_notification.desktop_notification.terminal_notifier': Not used on non-Darwin systems
[24.318s] INFO:colcon.colcon_core.plugin_system:Skipping extension 'colcon_notification.desktop_notification.win32': Not used on non-Windows systems
[24.318s] INFO:colcon.colcon_notification.desktop_notification:Sending desktop notification using 'notify2'
[24.338s] DEBUG:colcon.colcon_core.event_reactor:joined thread
[24.341s] INFO:colcon.colcon_core.shell:Creating prefix script '/home/jetson/ANI717_Robotics/robot_ws/install/local_setup.ps1'
[24.346s] INFO:colcon.colcon_core.shell:Creating prefix util module '/home/jetson/ANI717_Robotics/robot_ws/install/_local_setup_util_ps1.py'
[24.352s] INFO:colcon.colcon_core.shell:Creating prefix chain script '/home/jetson/ANI717_Robotics/robot_ws/install/setup.ps1'
[24.358s] INFO:colcon.colcon_core.shell:Creating prefix script '/home/jetson/ANI717_Robotics/robot_ws/install/local_setup.sh'
[24.361s] INFO:colcon.colcon_core.shell:Creating prefix util module '/home/jetson/ANI717_Robotics/robot_ws/install/_local_setup_util_sh.py'
[24.363s] INFO:colcon.colcon_core.shell:Creating prefix chain script '/home/jetson/ANI717_Robotics/robot_ws/install/setup.sh'
[24.369s] INFO:colcon.colcon_core.shell:Creating prefix script '/home/jetson/ANI717_Robotics/robot_ws/install/local_setup.bash'
[24.371s] INFO:colcon.colcon_core.shell:Creating prefix chain script '/home/jetson/ANI717_Robotics/robot_ws/install/setup.bash'
[24.377s] INFO:colcon.colcon_core.shell:Creating prefix script '/home/jetson/ANI717_Robotics/robot_ws/install/local_setup.zsh'
[24.379s] INFO:colcon.colcon_core.shell:Creating prefix chain script '/home/jetson/ANI717_Robotics/robot_ws/install/setup.zsh'
