running develop
running egg_info
creating ros2_deep_learning_to_twist_message.egg-info
writing ros2_deep_learning_to_twist_message.egg-info/PKG-INFO
writing dependency_links to ros2_deep_learning_to_twist_message.egg-info/dependency_links.txt
writing entry points to ros2_deep_learning_to_twist_message.egg-info/entry_points.txt
writing requirements to ros2_deep_learning_to_twist_message.egg-info/requires.txt
writing top-level names to ros2_deep_learning_to_twist_message.egg-info/top_level.txt
writing manifest file 'ros2_deep_learning_to_twist_message.egg-info/SOURCES.txt'
reading manifest file 'ros2_deep_learning_to_twist_message.egg-info/SOURCES.txt'
writing manifest file 'ros2_deep_learning_to_twist_message.egg-info/SOURCES.txt'
running build_ext
Creating /home/jetson/ANI717_Robotics/robot_ws/install/ros2_deep_learning_to_twist_message/lib/python3.8/site-packages/ros2-deep-learning-to-twist-message.egg-link (link to .)
Installing onnx script to /home/jetson/ANI717_Robotics/robot_ws/install/ros2_deep_learning_to_twist_message/lib/ros2_deep_learning_to_twist_message

Installed /home/jetson/ANI717_Robotics/robot_ws/build/ros2_deep_learning_to_twist_message
running install_data
creating /home/jetson/ANI717_Robotics/robot_ws/install/ros2_deep_learning_to_twist_message/share/ament_index
creating /home/jetson/ANI717_Robotics/robot_ws/install/ros2_deep_learning_to_twist_message/share/ament_index/resource_index
creating /home/jetson/ANI717_Robotics/robot_ws/install/ros2_deep_learning_to_twist_message/share/ament_index/resource_index/packages
copying resource/ros2_deep_learning_to_twist_message -> /home/jetson/ANI717_Robotics/robot_ws/install/ros2_deep_learning_to_twist_message/share/ament_index/resource_index/packages
copying package.xml -> /home/jetson/ANI717_Robotics/robot_ws/install/ros2_deep_learning_to_twist_message/share/ros2_deep_learning_to_twist_message
copying settings.json -> /home/jetson/ANI717_Robotics/robot_ws/install/ros2_deep_learning_to_twist_message/share/ros2_deep_learning_to_twist_message
creating /home/jetson/ANI717_Robotics/robot_ws/install/ros2_deep_learning_to_twist_message/share/ros2_deep_learning_to_twist_message/launch
copying launch/launch.py -> /home/jetson/ANI717_Robotics/robot_ws/install/ros2_deep_learning_to_twist_message/share/ros2_deep_learning_to_twist_message/launch
creating /home/jetson/ANI717_Robotics/robot_ws/install/ros2_deep_learning_to_twist_message/share/ros2_deep_learning_to_twist_message/models
copying models/z.onnx -> /home/jetson/ANI717_Robotics/robot_ws/install/ros2_deep_learning_to_twist_message/share/ros2_deep_learning_to_twist_message/models
copying models/x.onnx -> /home/jetson/ANI717_Robotics/robot_ws/install/ros2_deep_learning_to_twist_message/share/ros2_deep_learning_to_twist_message/models
