running develop
running egg_info
creating ros2_twist_message_to_robot_motion.egg-info
writing ros2_twist_message_to_robot_motion.egg-info/PKG-INFO
writing dependency_links to ros2_twist_message_to_robot_motion.egg-info/dependency_links.txt
writing entry points to ros2_twist_message_to_robot_motion.egg-info/entry_points.txt
writing requirements to ros2_twist_message_to_robot_motion.egg-info/requires.txt
writing top-level names to ros2_twist_message_to_robot_motion.egg-info/top_level.txt
writing manifest file 'ros2_twist_message_to_robot_motion.egg-info/SOURCES.txt'
reading manifest file 'ros2_twist_message_to_robot_motion.egg-info/SOURCES.txt'
writing manifest file 'ros2_twist_message_to_robot_motion.egg-info/SOURCES.txt'
running build_ext
Creating /home/jetson/ANI717_Robotics/robot_ws/install/ros2_twist_message_to_robot_motion/lib/python3.8/site-packages/ros2-twist-message-to-robot-motion.egg-link (link to .)
Installing adafruit script to /home/jetson/ANI717_Robotics/robot_ws/install/ros2_twist_message_to_robot_motion/lib/ros2_twist_message_to_robot_motion
Installing jetbot script to /home/jetson/ANI717_Robotics/robot_ws/install/ros2_twist_message_to_robot_motion/lib/ros2_twist_message_to_robot_motion

Installed /home/jetson/ANI717_Robotics/robot_ws/build/ros2_twist_message_to_robot_motion
running install_data
creating /home/jetson/ANI717_Robotics/robot_ws/install/ros2_twist_message_to_robot_motion/share/ament_index
creating /home/jetson/ANI717_Robotics/robot_ws/install/ros2_twist_message_to_robot_motion/share/ament_index/resource_index
creating /home/jetson/ANI717_Robotics/robot_ws/install/ros2_twist_message_to_robot_motion/share/ament_index/resource_index/packages
copying resource/ros2_twist_message_to_robot_motion -> /home/jetson/ANI717_Robotics/robot_ws/install/ros2_twist_message_to_robot_motion/share/ament_index/resource_index/packages
copying package.xml -> /home/jetson/ANI717_Robotics/robot_ws/install/ros2_twist_message_to_robot_motion/share/ros2_twist_message_to_robot_motion
copying settings.json -> /home/jetson/ANI717_Robotics/robot_ws/install/ros2_twist_message_to_robot_motion/share/ros2_twist_message_to_robot_motion
creating /home/jetson/ANI717_Robotics/robot_ws/install/ros2_twist_message_to_robot_motion/share/ros2_twist_message_to_robot_motion/launch
copying launch/launch.py -> /home/jetson/ANI717_Robotics/robot_ws/install/ros2_twist_message_to_robot_motion/share/ros2_twist_message_to_robot_motion/launch
