[0.609s] DEBUG:colcon:Command line arguments: ['/usr/bin/colcon', 'build', '--symlink-install']
[0.610s] DEBUG:colcon:Parsed command line arguments: Namespace(allow_overriding=[], ament_cmake_args=None, base_paths=['.'], build_base='build', catkin_cmake_args=None, catkin_skip_building_tests=False, cmake_args=None, cmake_clean_cache=False, cmake_clean_first=False, cmake_force_configure=False, cmake_target=None, cmake_target_skip_unavailable=False, continue_on_error=False, event_handlers=None, executor='parallel', ignore_user_meta=False, install_base='install', log_base=None, log_level=None, main=<bound method BuildVerb.main of <colcon_core.verb.build.BuildVerb object at 0x7f96aaa8b0>>, merge_install=False, metas=['./colcon.meta'], packages_above=None, packages_above_and_dependencies=None, packages_above_depth=None, packages_end=None, packages_ignore=None, packages_ignore_regex=None, packages_select=None, packages_select_build_failed=False, packages_select_by_dep=None, packages_select_regex=None, packages_select_test_failures=False, packages_skip=None, packages_skip_build_finished=False, packages_skip_by_dep=None, packages_skip_regex=None, packages_skip_test_passed=False, packages_skip_up_to=None, packages_start=None, packages_up_to=None, packages_up_to_regex=None, parallel_workers=4, paths=None, symlink_install=True, test_result_base=None, verb_extension=<colcon_core.verb.build.BuildVerb object at 0x7f96aaa8b0>, verb_name='build', verb_parser=<colcon_defaults.argument_parser.defaults.DefaultArgumentsDecorator object at 0x7f96aaae20>)
[0.707s] Level 1:colcon.colcon_core.package_discovery:discover_packages(colcon_meta) check parameters
[0.707s] Level 1:colcon.colcon_core.package_discovery:discover_packages(recursive) check parameters
[0.707s] Level 1:colcon.colcon_core.package_discovery:discover_packages(ignore) check parameters
[0.707s] Level 1:colcon.colcon_core.package_discovery:discover_packages(path) check parameters
[0.707s] Level 1:colcon.colcon_core.package_discovery:discover_packages(colcon_meta) discover
[0.708s] Level 1:colcon.colcon_core.package_discovery:discover_packages(recursive) discover
[0.708s] INFO:colcon.colcon_core.package_discovery:Crawling recursively for packages in '/home/jetson/ANI717_Robotics/robot_ws'
[0.708s] Level 1:colcon.colcon_core.package_identification:_identify(.) by extensions ['ignore', 'ignore_ament_install']
[0.709s] Level 1:colcon.colcon_core.package_identification:_identify(.) by extension 'ignore'
[0.709s] Level 1:colcon.colcon_core.package_identification:_identify(.) by extension 'ignore_ament_install'
[0.709s] Level 1:colcon.colcon_core.package_identification:_identify(.) by extensions ['colcon_pkg']
[0.709s] Level 1:colcon.colcon_core.package_identification:_identify(.) by extension 'colcon_pkg'
[0.710s] Level 1:colcon.colcon_core.package_identification:_identify(.) by extensions ['colcon_meta']
[0.710s] Level 1:colcon.colcon_core.package_identification:_identify(.) by extension 'colcon_meta'
[0.710s] Level 1:colcon.colcon_core.package_identification:_identify(.) by extensions ['ros']
[0.710s] Level 1:colcon.colcon_core.package_identification:_identify(.) by extension 'ros'
[0.758s] Level 1:colcon.colcon_core.package_identification:_identify(.) by extensions ['cmake', 'python']
[0.759s] Level 1:colcon.colcon_core.package_identification:_identify(.) by extension 'cmake'
[0.759s] Level 1:colcon.colcon_core.package_identification:_identify(.) by extension 'python'
[0.759s] Level 1:colcon.colcon_core.package_identification:_identify(.) by extensions ['python_setup_py']
[0.759s] Level 1:colcon.colcon_core.package_identification:_identify(.) by extension 'python_setup_py'
[0.760s] Level 1:colcon.colcon_core.package_identification:_identify(build) by extensions ['ignore', 'ignore_ament_install']
[0.760s] Level 1:colcon.colcon_core.package_identification:_identify(build) by extension 'ignore'
[0.760s] Level 1:colcon.colcon_core.package_identification:_identify(build) ignored
[0.761s] Level 1:colcon.colcon_core.package_identification:_identify(install) by extensions ['ignore', 'ignore_ament_install']
[0.761s] Level 1:colcon.colcon_core.package_identification:_identify(install) by extension 'ignore'
[0.761s] Level 1:colcon.colcon_core.package_identification:_identify(install) ignored
[0.762s] Level 1:colcon.colcon_core.package_identification:_identify(log) by extensions ['ignore', 'ignore_ament_install']
[0.762s] Level 1:colcon.colcon_core.package_identification:_identify(log) by extension 'ignore'
[0.762s] Level 1:colcon.colcon_core.package_identification:_identify(log) ignored
[0.763s] Level 1:colcon.colcon_core.package_identification:_identify(src) by extensions ['ignore', 'ignore_ament_install']
[0.763s] Level 1:colcon.colcon_core.package_identification:_identify(src) by extension 'ignore'
[0.763s] Level 1:colcon.colcon_core.package_identification:_identify(src) by extension 'ignore_ament_install'
[0.764s] Level 1:colcon.colcon_core.package_identification:_identify(src) by extensions ['colcon_pkg']
[0.764s] Level 1:colcon.colcon_core.package_identification:_identify(src) by extension 'colcon_pkg'
[0.764s] Level 1:colcon.colcon_core.package_identification:_identify(src) by extensions ['colcon_meta']
[0.764s] Level 1:colcon.colcon_core.package_identification:_identify(src) by extension 'colcon_meta'
[0.764s] Level 1:colcon.colcon_core.package_identification:_identify(src) by extensions ['ros']
[0.764s] Level 1:colcon.colcon_core.package_identification:_identify(src) by extension 'ros'
[0.765s] Level 1:colcon.colcon_core.package_identification:_identify(src) by extensions ['cmake', 'python']
[0.765s] Level 1:colcon.colcon_core.package_identification:_identify(src) by extension 'cmake'
[0.765s] Level 1:colcon.colcon_core.package_identification:_identify(src) by extension 'python'
[0.765s] Level 1:colcon.colcon_core.package_identification:_identify(src) by extensions ['python_setup_py']
[0.765s] Level 1:colcon.colcon_core.package_identification:_identify(src) by extension 'python_setup_py'
[0.766s] Level 1:colcon.colcon_core.package_identification:_identify(src/robot_app) by extensions ['ignore', 'ignore_ament_install']
[0.766s] Level 1:colcon.colcon_core.package_identification:_identify(src/robot_app) by extension 'ignore'
[0.766s] Level 1:colcon.colcon_core.package_identification:_identify(src/robot_app) by extension 'ignore_ament_install'
[0.767s] Level 1:colcon.colcon_core.package_identification:_identify(src/robot_app) by extensions ['colcon_pkg']
[0.767s] Level 1:colcon.colcon_core.package_identification:_identify(src/robot_app) by extension 'colcon_pkg'
[0.767s] Level 1:colcon.colcon_core.package_identification:_identify(src/robot_app) by extensions ['colcon_meta']
[0.767s] Level 1:colcon.colcon_core.package_identification:_identify(src/robot_app) by extension 'colcon_meta'
[0.767s] Level 1:colcon.colcon_core.package_identification:_identify(src/robot_app) by extensions ['ros']
[0.767s] Level 1:colcon.colcon_core.package_identification:_identify(src/robot_app) by extension 'ros'
[0.779s] DEBUG:colcon.colcon_core.package_identification:Package 'src/robot_app' with type 'ros.ament_python' and name 'robot_app'
[0.780s] Level 1:colcon.colcon_core.package_identification:_identify(src/ros2_csi_camera_publish) by extensions ['ignore', 'ignore_ament_install']
[0.780s] Level 1:colcon.colcon_core.package_identification:_identify(src/ros2_csi_camera_publish) by extension 'ignore'
[0.780s] Level 1:colcon.colcon_core.package_identification:_identify(src/ros2_csi_camera_publish) by extension 'ignore_ament_install'
[0.781s] Level 1:colcon.colcon_core.package_identification:_identify(src/ros2_csi_camera_publish) by extensions ['colcon_pkg']
[0.781s] Level 1:colcon.colcon_core.package_identification:_identify(src/ros2_csi_camera_publish) by extension 'colcon_pkg'
[0.781s] Level 1:colcon.colcon_core.package_identification:_identify(src/ros2_csi_camera_publish) by extensions ['colcon_meta']
[0.781s] Level 1:colcon.colcon_core.package_identification:_identify(src/ros2_csi_camera_publish) by extension 'colcon_meta'
[0.781s] Level 1:colcon.colcon_core.package_identification:_identify(src/ros2_csi_camera_publish) by extensions ['ros']
[0.781s] Level 1:colcon.colcon_core.package_identification:_identify(src/ros2_csi_camera_publish) by extension 'ros'
[0.785s] DEBUG:colcon.colcon_core.package_identification:Package 'src/ros2_csi_camera_publish' with type 'ros.ament_python' and name 'ros2_csi_camera_publish'
[0.785s] Level 1:colcon.colcon_core.package_identification:_identify(src/ros2_deep_learning_to_twist_message) by extensions ['ignore', 'ignore_ament_install']
[0.786s] Level 1:colcon.colcon_core.package_identification:_identify(src/ros2_deep_learning_to_twist_message) by extension 'ignore'
[0.786s] Level 1:colcon.colcon_core.package_identification:_identify(src/ros2_deep_learning_to_twist_message) by extension 'ignore_ament_install'
[0.786s] Level 1:colcon.colcon_core.package_identification:_identify(src/ros2_deep_learning_to_twist_message) by extensions ['colcon_pkg']
[0.786s] Level 1:colcon.colcon_core.package_identification:_identify(src/ros2_deep_learning_to_twist_message) by extension 'colcon_pkg'
[0.786s] Level 1:colcon.colcon_core.package_identification:_identify(src/ros2_deep_learning_to_twist_message) by extensions ['colcon_meta']
[0.787s] Level 1:colcon.colcon_core.package_identification:_identify(src/ros2_deep_learning_to_twist_message) by extension 'colcon_meta'
[0.787s] Level 1:colcon.colcon_core.package_identification:_identify(src/ros2_deep_learning_to_twist_message) by extensions ['ros']
[0.787s] Level 1:colcon.colcon_core.package_identification:_identify(src/ros2_deep_learning_to_twist_message) by extension 'ros'
[0.790s] DEBUG:colcon.colcon_core.package_identification:Package 'src/ros2_deep_learning_to_twist_message' with type 'ros.ament_python' and name 'ros2_deep_learning_to_twist_message'
[0.791s] Level 1:colcon.colcon_core.package_identification:_identify(src/ros2_gamepad_to_twist_message) by extensions ['ignore', 'ignore_ament_install']
[0.791s] Level 1:colcon.colcon_core.package_identification:_identify(src/ros2_gamepad_to_twist_message) by extension 'ignore'
[0.791s] Level 1:colcon.colcon_core.package_identification:_identify(src/ros2_gamepad_to_twist_message) by extension 'ignore_ament_install'
[0.792s] Level 1:colcon.colcon_core.package_identification:_identify(src/ros2_gamepad_to_twist_message) by extensions ['colcon_pkg']
[0.792s] Level 1:colcon.colcon_core.package_identification:_identify(src/ros2_gamepad_to_twist_message) by extension 'colcon_pkg'
[0.792s] Level 1:colcon.colcon_core.package_identification:_identify(src/ros2_gamepad_to_twist_message) by extensions ['colcon_meta']
[0.792s] Level 1:colcon.colcon_core.package_identification:_identify(src/ros2_gamepad_to_twist_message) by extension 'colcon_meta'
[0.792s] Level 1:colcon.colcon_core.package_identification:_identify(src/ros2_gamepad_to_twist_message) by extensions ['ros']
[0.793s] Level 1:colcon.colcon_core.package_identification:_identify(src/ros2_gamepad_to_twist_message) by extension 'ros'
[0.796s] DEBUG:colcon.colcon_core.package_identification:Package 'src/ros2_gamepad_to_twist_message' with type 'ros.ament_python' and name 'ros2_gamepad_to_twist_message'
[0.796s] Level 1:colcon.colcon_core.package_identification:_identify(src/ros2_save_camera_image) by extensions ['ignore', 'ignore_ament_install']
[0.796s] Level 1:colcon.colcon_core.package_identification:_identify(src/ros2_save_camera_image) by extension 'ignore'
[0.797s] Level 1:colcon.colcon_core.package_identification:_identify(src/ros2_save_camera_image) by extension 'ignore_ament_install'
[0.797s] Level 1:colcon.colcon_core.package_identification:_identify(src/ros2_save_camera_image) by extensions ['colcon_pkg']
[0.797s] Level 1:colcon.colcon_core.package_identification:_identify(src/ros2_save_camera_image) by extension 'colcon_pkg'
[0.797s] Level 1:colcon.colcon_core.package_identification:_identify(src/ros2_save_camera_image) by extensions ['colcon_meta']
[0.797s] Level 1:colcon.colcon_core.package_identification:_identify(src/ros2_save_camera_image) by extension 'colcon_meta'
[0.798s] Level 1:colcon.colcon_core.package_identification:_identify(src/ros2_save_camera_image) by extensions ['ros']
[0.798s] Level 1:colcon.colcon_core.package_identification:_identify(src/ros2_save_camera_image) by extension 'ros'
[0.803s] DEBUG:colcon.colcon_core.package_identification:Package 'src/ros2_save_camera_image' with type 'ros.ament_python' and name 'ros2_save_camera_image'
[0.804s] Level 1:colcon.colcon_core.package_identification:_identify(src/ros2_twist_message_to_robot_motion) by extensions ['ignore', 'ignore_ament_install']
[0.804s] Level 1:colcon.colcon_core.package_identification:_identify(src/ros2_twist_message_to_robot_motion) by extension 'ignore'
[0.805s] Level 1:colcon.colcon_core.package_identification:_identify(src/ros2_twist_message_to_robot_motion) by extension 'ignore_ament_install'
[0.805s] Level 1:colcon.colcon_core.package_identification:_identify(src/ros2_twist_message_to_robot_motion) by extensions ['colcon_pkg']
[0.805s] Level 1:colcon.colcon_core.package_identification:_identify(src/ros2_twist_message_to_robot_motion) by extension 'colcon_pkg'
[0.805s] Level 1:colcon.colcon_core.package_identification:_identify(src/ros2_twist_message_to_robot_motion) by extensions ['colcon_meta']
[0.805s] Level 1:colcon.colcon_core.package_identification:_identify(src/ros2_twist_message_to_robot_motion) by extension 'colcon_meta'
[0.806s] Level 1:colcon.colcon_core.package_identification:_identify(src/ros2_twist_message_to_robot_motion) by extensions ['ros']
[0.806s] Level 1:colcon.colcon_core.package_identification:_identify(src/ros2_twist_message_to_robot_motion) by extension 'ros'
[0.809s] DEBUG:colcon.colcon_core.package_identification:Package 'src/ros2_twist_message_to_robot_motion' with type 'ros.ament_python' and name 'ros2_twist_message_to_robot_motion'
[0.809s] Level 1:colcon.colcon_core.package_discovery:discover_packages(recursive) using defaults
[0.810s] Level 1:colcon.colcon_core.package_discovery:discover_packages(ignore) discover
[0.810s] Level 1:colcon.colcon_core.package_discovery:discover_packages(ignore) using defaults
[0.810s] Level 1:colcon.colcon_core.package_discovery:discover_packages(path) discover
[0.810s] Level 1:colcon.colcon_core.package_discovery:discover_packages(path) using defaults
[0.908s] Level 1:colcon.colcon_core.package_discovery:discover_packages(prefix_path) check parameters
[0.908s] Level 1:colcon.colcon_core.package_discovery:discover_packages(prefix_path) discover
[0.918s] DEBUG:colcon.colcon_installed_package_information.package_discovery:Found 6 installed packages in /home/jetson/ANI717_Robotics/robot_ws/install
[0.951s] DEBUG:colcon.colcon_installed_package_information.package_discovery:Found 306 installed packages in /home/jetson/ros2_foxy/ros2-linux
[1.001s] Level 1:colcon.colcon_core.package_discovery:discover_packages(prefix_path) using defaults
[1.108s] Level 5:colcon.colcon_core.verb:set package 'ros2_csi_camera_publish' build argument 'cmake_args' from command line to 'None'
[1.109s] Level 5:colcon.colcon_core.verb:set package 'ros2_csi_camera_publish' build argument 'cmake_target' from command line to 'None'
[1.109s] Level 5:colcon.colcon_core.verb:set package 'ros2_csi_camera_publish' build argument 'cmake_target_skip_unavailable' from command line to 'False'
[1.109s] Level 5:colcon.colcon_core.verb:set package 'ros2_csi_camera_publish' build argument 'cmake_clean_cache' from command line to 'False'
[1.109s] Level 5:colcon.colcon_core.verb:set package 'ros2_csi_camera_publish' build argument 'cmake_clean_first' from command line to 'False'
[1.109s] Level 5:colcon.colcon_core.verb:set package 'ros2_csi_camera_publish' build argument 'cmake_force_configure' from command line to 'False'
[1.109s] Level 5:colcon.colcon_core.verb:set package 'ros2_csi_camera_publish' build argument 'ament_cmake_args' from command line to 'None'
[1.109s] Level 5:colcon.colcon_core.verb:set package 'ros2_csi_camera_publish' build argument 'catkin_cmake_args' from command line to 'None'
[1.110s] Level 5:colcon.colcon_core.verb:set package 'ros2_csi_camera_publish' build argument 'catkin_skip_building_tests' from command line to 'False'
[1.110s] DEBUG:colcon.colcon_core.verb:Building package 'ros2_csi_camera_publish' with the following arguments: {'ament_cmake_args': None, 'build_base': '/home/jetson/ANI717_Robotics/robot_ws/build/ros2_csi_camera_publish', 'catkin_cmake_args': None, 'catkin_skip_building_tests': False, 'cmake_args': None, 'cmake_clean_cache': False, 'cmake_clean_first': False, 'cmake_force_configure': False, 'cmake_target': None, 'cmake_target_skip_unavailable': False, 'install_base': '/home/jetson/ANI717_Robotics/robot_ws/install/ros2_csi_camera_publish', 'merge_install': False, 'path': '/home/jetson/ANI717_Robotics/robot_ws/src/ros2_csi_camera_publish', 'symlink_install': True, 'test_result_base': None}
[1.113s] Level 5:colcon.colcon_core.verb:set package 'ros2_deep_learning_to_twist_message' build argument 'cmake_args' from command line to 'None'
[1.113s] Level 5:colcon.colcon_core.verb:set package 'ros2_deep_learning_to_twist_message' build argument 'cmake_target' from command line to 'None'
[1.114s] Level 5:colcon.colcon_core.verb:set package 'ros2_deep_learning_to_twist_message' build argument 'cmake_target_skip_unavailable' from command line to 'False'
[1.114s] Level 5:colcon.colcon_core.verb:set package 'ros2_deep_learning_to_twist_message' build argument 'cmake_clean_cache' from command line to 'False'
[1.114s] Level 5:colcon.colcon_core.verb:set package 'ros2_deep_learning_to_twist_message' build argument 'cmake_clean_first' from command line to 'False'
[1.114s] Level 5:colcon.colcon_core.verb:set package 'ros2_deep_learning_to_twist_message' build argument 'cmake_force_configure' from command line to 'False'
[1.114s] Level 5:colcon.colcon_core.verb:set package 'ros2_deep_learning_to_twist_message' build argument 'ament_cmake_args' from command line to 'None'
[1.114s] Level 5:colcon.colcon_core.verb:set package 'ros2_deep_learning_to_twist_message' build argument 'catkin_cmake_args' from command line to 'None'
[1.114s] Level 5:colcon.colcon_core.verb:set package 'ros2_deep_learning_to_twist_message' build argument 'catkin_skip_building_tests' from command line to 'False'
[1.115s] DEBUG:colcon.colcon_core.verb:Building package 'ros2_deep_learning_to_twist_message' with the following arguments: {'ament_cmake_args': None, 'build_base': '/home/jetson/ANI717_Robotics/robot_ws/build/ros2_deep_learning_to_twist_message', 'catkin_cmake_args': None, 'catkin_skip_building_tests': False, 'cmake_args': None, 'cmake_clean_cache': False, 'cmake_clean_first': False, 'cmake_force_configure': False, 'cmake_target': None, 'cmake_target_skip_unavailable': False, 'install_base': '/home/jetson/ANI717_Robotics/robot_ws/install/ros2_deep_learning_to_twist_message', 'merge_install': False, 'path': '/home/jetson/ANI717_Robotics/robot_ws/src/ros2_deep_learning_to_twist_message', 'symlink_install': True, 'test_result_base': None}
[1.118s] Level 5:colcon.colcon_core.verb:set package 'ros2_gamepad_to_twist_message' build argument 'cmake_args' from command line to 'None'
[1.118s] Level 5:colcon.colcon_core.verb:set package 'ros2_gamepad_to_twist_message' build argument 'cmake_target' from command line to 'None'
[1.118s] Level 5:colcon.colcon_core.verb:set package 'ros2_gamepad_to_twist_message' build argument 'cmake_target_skip_unavailable' from command line to 'False'
[1.118s] Level 5:colcon.colcon_core.verb:set package 'ros2_gamepad_to_twist_message' build argument 'cmake_clean_cache' from command line to 'False'
[1.119s] Level 5:colcon.colcon_core.verb:set package 'ros2_gamepad_to_twist_message' build argument 'cmake_clean_first' from command line to 'False'
[1.119s] Level 5:colcon.colcon_core.verb:set package 'ros2_gamepad_to_twist_message' build argument 'cmake_force_configure' from command line to 'False'
[1.119s] Level 5:colcon.colcon_core.verb:set package 'ros2_gamepad_to_twist_message' build argument 'ament_cmake_args' from command line to 'None'
[1.119s] Level 5:colcon.colcon_core.verb:set package 'ros2_gamepad_to_twist_message' build argument 'catkin_cmake_args' from command line to 'None'
[1.119s] Level 5:colcon.colcon_core.verb:set package 'ros2_gamepad_to_twist_message' build argument 'catkin_skip_building_tests' from command line to 'False'
[1.119s] DEBUG:colcon.colcon_core.verb:Building package 'ros2_gamepad_to_twist_message' with the following arguments: {'ament_cmake_args': None, 'build_base': '/home/jetson/ANI717_Robotics/robot_ws/build/ros2_gamepad_to_twist_message', 'catkin_cmake_args': None, 'catkin_skip_building_tests': False, 'cmake_args': None, 'cmake_clean_cache': False, 'cmake_clean_first': False, 'cmake_force_configure': False, 'cmake_target': None, 'cmake_target_skip_unavailable': False, 'install_base': '/home/jetson/ANI717_Robotics/robot_ws/install/ros2_gamepad_to_twist_message', 'merge_install': False, 'path': '/home/jetson/ANI717_Robotics/robot_ws/src/ros2_gamepad_to_twist_message', 'symlink_install': True, 'test_result_base': None}
[1.123s] Level 5:colcon.colcon_core.verb:set package 'ros2_save_camera_image' build argument 'cmake_args' from command line to 'None'
[1.123s] Level 5:colcon.colcon_core.verb:set package 'ros2_save_camera_image' build argument 'cmake_target' from command line to 'None'
[1.123s] Level 5:colcon.colcon_core.verb:set package 'ros2_save_camera_image' build argument 'cmake_target_skip_unavailable' from command line to 'False'
[1.123s] Level 5:colcon.colcon_core.verb:set package 'ros2_save_camera_image' build argument 'cmake_clean_cache' from command line to 'False'
[1.123s] Level 5:colcon.colcon_core.verb:set package 'ros2_save_camera_image' build argument 'cmake_clean_first' from command line to 'False'
[1.123s] Level 5:colcon.colcon_core.verb:set package 'ros2_save_camera_image' build argument 'cmake_force_configure' from command line to 'False'
[1.123s] Level 5:colcon.colcon_core.verb:set package 'ros2_save_camera_image' build argument 'ament_cmake_args' from command line to 'None'
[1.124s] Level 5:colcon.colcon_core.verb:set package 'ros2_save_camera_image' build argument 'catkin_cmake_args' from command line to 'None'
[1.124s] Level 5:colcon.colcon_core.verb:set package 'ros2_save_camera_image' build argument 'catkin_skip_building_tests' from command line to 'False'
[1.124s] DEBUG:colcon.colcon_core.verb:Building package 'ros2_save_camera_image' with the following arguments: {'ament_cmake_args': None, 'build_base': '/home/jetson/ANI717_Robotics/robot_ws/build/ros2_save_camera_image', 'catkin_cmake_args': None, 'catkin_skip_building_tests': False, 'cmake_args': None, 'cmake_clean_cache': False, 'cmake_clean_first': False, 'cmake_force_configure': False, 'cmake_target': None, 'cmake_target_skip_unavailable': False, 'install_base': '/home/jetson/ANI717_Robotics/robot_ws/install/ros2_save_camera_image', 'merge_install': False, 'path': '/home/jetson/ANI717_Robotics/robot_ws/src/ros2_save_camera_image', 'symlink_install': True, 'test_result_base': None}
[1.127s] Level 5:colcon.colcon_core.verb:set package 'ros2_twist_message_to_robot_motion' build argument 'cmake_args' from command line to 'None'
[1.127s] Level 5:colcon.colcon_core.verb:set package 'ros2_twist_message_to_robot_motion' build argument 'cmake_target' from command line to 'None'
[1.127s] Level 5:colcon.colcon_core.verb:set package 'ros2_twist_message_to_robot_motion' build argument 'cmake_target_skip_unavailable' from command line to 'False'
[1.127s] Level 5:colcon.colcon_core.verb:set package 'ros2_twist_message_to_robot_motion' build argument 'cmake_clean_cache' from command line to 'False'
[1.128s] Level 5:colcon.colcon_core.verb:set package 'ros2_twist_message_to_robot_motion' build argument 'cmake_clean_first' from command line to 'False'
[1.128s] Level 5:colcon.colcon_core.verb:set package 'ros2_twist_message_to_robot_motion' build argument 'cmake_force_configure' from command line to 'False'
[1.128s] Level 5:colcon.colcon_core.verb:set package 'ros2_twist_message_to_robot_motion' build argument 'ament_cmake_args' from command line to 'None'
[1.128s] Level 5:colcon.colcon_core.verb:set package 'ros2_twist_message_to_robot_motion' build argument 'catkin_cmake_args' from command line to 'None'
[1.128s] Level 5:colcon.colcon_core.verb:set package 'ros2_twist_message_to_robot_motion' build argument 'catkin_skip_building_tests' from command line to 'False'
[1.128s] DEBUG:colcon.colcon_core.verb:Building package 'ros2_twist_message_to_robot_motion' with the following arguments: {'ament_cmake_args': None, 'build_base': '/home/jetson/ANI717_Robotics/robot_ws/build/ros2_twist_message_to_robot_motion', 'catkin_cmake_args': None, 'catkin_skip_building_tests': False, 'cmake_args': None, 'cmake_clean_cache': False, 'cmake_clean_first': False, 'cmake_force_configure': False, 'cmake_target': None, 'cmake_target_skip_unavailable': False, 'install_base': '/home/jetson/ANI717_Robotics/robot_ws/install/ros2_twist_message_to_robot_motion', 'merge_install': False, 'path': '/home/jetson/ANI717_Robotics/robot_ws/src/ros2_twist_message_to_robot_motion', 'symlink_install': True, 'test_result_base': None}
[1.132s] Level 5:colcon.colcon_core.verb:set package 'robot_app' build argument 'cmake_args' from command line to 'None'
[1.132s] Level 5:colcon.colcon_core.verb:set package 'robot_app' build argument 'cmake_target' from command line to 'None'
[1.132s] Level 5:colcon.colcon_core.verb:set package 'robot_app' build argument 'cmake_target_skip_unavailable' from command line to 'False'
[1.132s] Level 5:colcon.colcon_core.verb:set package 'robot_app' build argument 'cmake_clean_cache' from command line to 'False'
[1.132s] Level 5:colcon.colcon_core.verb:set package 'robot_app' build argument 'cmake_clean_first' from command line to 'False'
[1.132s] Level 5:colcon.colcon_core.verb:set package 'robot_app' build argument 'cmake_force_configure' from command line to 'False'
[1.132s] Level 5:colcon.colcon_core.verb:set package 'robot_app' build argument 'ament_cmake_args' from command line to 'None'
[1.133s] Level 5:colcon.colcon_core.verb:set package 'robot_app' build argument 'catkin_cmake_args' from command line to 'None'
[1.133s] Level 5:colcon.colcon_core.verb:set package 'robot_app' build argument 'catkin_skip_building_tests' from command line to 'False'
[1.133s] DEBUG:colcon.colcon_core.verb:Building package 'robot_app' with the following arguments: {'ament_cmake_args': None, 'build_base': '/home/jetson/ANI717_Robotics/robot_ws/build/robot_app', 'catkin_cmake_args': None, 'catkin_skip_building_tests': False, 'cmake_args': None, 'cmake_clean_cache': False, 'cmake_clean_first': False, 'cmake_force_configure': False, 'cmake_target': None, 'cmake_target_skip_unavailable': False, 'install_base': '/home/jetson/ANI717_Robotics/robot_ws/install/robot_app', 'merge_install': False, 'path': '/home/jetson/ANI717_Robotics/robot_ws/src/robot_app', 'symlink_install': True, 'test_result_base': None}
[1.134s] INFO:colcon.colcon_core.executor:Executing jobs using 'parallel' executor
[1.145s] DEBUG:colcon.colcon_parallel_executor.executor.parallel:run_until_complete
[1.148s] INFO:colcon.colcon_ros.task.ament_python.build:Building ROS package in '/home/jetson/ANI717_Robotics/robot_ws/src/ros2_csi_camera_publish' with build type 'ament_python'
[1.149s] Level 1:colcon.colcon_core.shell:create_environment_hook('ros2_csi_camera_publish', 'ament_prefix_path')
[1.163s] INFO:colcon.colcon_core.plugin_system:Skipping extension 'colcon_core.shell.bat': Not used on non-Windows systems
[1.164s] INFO:colcon.colcon_core.shell:Creating environment hook '/home/jetson/ANI717_Robotics/robot_ws/install/ros2_csi_camera_publish/share/ros2_csi_camera_publish/hook/ament_prefix_path.ps1'
[1.167s] INFO:colcon.colcon_core.shell:Creating environment descriptor '/home/jetson/ANI717_Robotics/robot_ws/install/ros2_csi_camera_publish/share/ros2_csi_camera_publish/hook/ament_prefix_path.dsv'
[1.169s] INFO:colcon.colcon_core.shell:Creating environment hook '/home/jetson/ANI717_Robotics/robot_ws/install/ros2_csi_camera_publish/share/ros2_csi_camera_publish/hook/ament_prefix_path.sh'
[1.173s] INFO:colcon.colcon_core.shell:Skip shell extension 'powershell' for command environment: Not usable outside of PowerShell
[1.174s] DEBUG:colcon.colcon_core.shell:Skip shell extension 'dsv' for command environment
[1.219s] INFO:colcon.colcon_ros.task.ament_python.build:Building ROS package in '/home/jetson/ANI717_Robotics/robot_ws/src/ros2_deep_learning_to_twist_message' with build type 'ament_python'
[1.220s] Level 1:colcon.colcon_core.shell:create_environment_hook('ros2_deep_learning_to_twist_message', 'ament_prefix_path')
[1.223s] INFO:colcon.colcon_core.shell:Creating environment hook '/home/jetson/ANI717_Robotics/robot_ws/install/ros2_deep_learning_to_twist_message/share/ros2_deep_learning_to_twist_message/hook/ament_prefix_path.ps1'
[1.226s] INFO:colcon.colcon_core.shell:Creating environment descriptor '/home/jetson/ANI717_Robotics/robot_ws/install/ros2_deep_learning_to_twist_message/share/ros2_deep_learning_to_twist_message/hook/ament_prefix_path.dsv'
[1.227s] INFO:colcon.colcon_core.shell:Creating environment hook '/home/jetson/ANI717_Robotics/robot_ws/install/ros2_deep_learning_to_twist_message/share/ros2_deep_learning_to_twist_message/hook/ament_prefix_path.sh'
[1.231s] INFO:colcon.colcon_core.shell:Skip shell extension 'powershell' for command environment: Not usable outside of PowerShell
[1.231s] DEBUG:colcon.colcon_core.shell:Skip shell extension 'dsv' for command environment
[1.277s] INFO:colcon.colcon_ros.task.ament_python.build:Building ROS package in '/home/jetson/ANI717_Robotics/robot_ws/src/ros2_gamepad_to_twist_message' with build type 'ament_python'
[1.278s] Level 1:colcon.colcon_core.shell:create_environment_hook('ros2_gamepad_to_twist_message', 'ament_prefix_path')
[1.282s] INFO:colcon.colcon_core.shell:Creating environment hook '/home/jetson/ANI717_Robotics/robot_ws/install/ros2_gamepad_to_twist_message/share/ros2_gamepad_to_twist_message/hook/ament_prefix_path.ps1'
[1.285s] INFO:colcon.colcon_core.shell:Creating environment descriptor '/home/jetson/ANI717_Robotics/robot_ws/install/ros2_gamepad_to_twist_message/share/ros2_gamepad_to_twist_message/hook/ament_prefix_path.dsv'
[1.286s] INFO:colcon.colcon_core.shell:Creating environment hook '/home/jetson/ANI717_Robotics/robot_ws/install/ros2_gamepad_to_twist_message/share/ros2_gamepad_to_twist_message/hook/ament_prefix_path.sh'
[1.291s] INFO:colcon.colcon_core.shell:Skip shell extension 'powershell' for command environment: Not usable outside of PowerShell
[1.291s] DEBUG:colcon.colcon_core.shell:Skip shell extension 'dsv' for command environment
[1.337s] INFO:colcon.colcon_ros.task.ament_python.build:Building ROS package in '/home/jetson/ANI717_Robotics/robot_ws/src/ros2_save_camera_image' with build type 'ament_python'
[1.338s] Level 1:colcon.colcon_core.shell:create_environment_hook('ros2_save_camera_image', 'ament_prefix_path')
[1.342s] INFO:colcon.colcon_core.shell:Creating environment hook '/home/jetson/ANI717_Robotics/robot_ws/install/ros2_save_camera_image/share/ros2_save_camera_image/hook/ament_prefix_path.ps1'
[1.346s] INFO:colcon.colcon_core.shell:Creating environment descriptor '/home/jetson/ANI717_Robotics/robot_ws/install/ros2_save_camera_image/share/ros2_save_camera_image/hook/ament_prefix_path.dsv'
[1.347s] INFO:colcon.colcon_core.shell:Creating environment hook '/home/jetson/ANI717_Robotics/robot_ws/install/ros2_save_camera_image/share/ros2_save_camera_image/hook/ament_prefix_path.sh'
[1.352s] INFO:colcon.colcon_core.shell:Skip shell extension 'powershell' for command environment: Not usable outside of PowerShell
[1.353s] DEBUG:colcon.colcon_core.shell:Skip shell extension 'dsv' for command environment
[2.779s] INFO:colcon.colcon_core.task.python.build:Building Python package in '/home/jetson/ANI717_Robotics/robot_ws/src/ros2_csi_camera_publish'
[2.783s] INFO:colcon.colcon_core.shell:Skip shell extension 'powershell' for command environment: Not usable outside of PowerShell
[2.783s] DEBUG:colcon.colcon_core.shell:Skip shell extension 'dsv' for command environment
[4.234s] INFO:colcon.colcon_core.task.python.build:Building Python package in '/home/jetson/ANI717_Robotics/robot_ws/src/ros2_deep_learning_to_twist_message'
[4.238s] INFO:colcon.colcon_core.shell:Skip shell extension 'powershell' for command environment: Not usable outside of PowerShell
[4.238s] DEBUG:colcon.colcon_core.shell:Skip shell extension 'dsv' for command environment
[5.629s] INFO:colcon.colcon_core.task.python.build:Building Python package in '/home/jetson/ANI717_Robotics/robot_ws/src/ros2_gamepad_to_twist_message'
[5.634s] INFO:colcon.colcon_core.shell:Skip shell extension 'powershell' for command environment: Not usable outside of PowerShell
[5.634s] DEBUG:colcon.colcon_core.shell:Skip shell extension 'dsv' for command environment
[6.938s] INFO:colcon.colcon_core.task.python.build:Building Python package in '/home/jetson/ANI717_Robotics/robot_ws/src/ros2_save_camera_image'
[6.941s] INFO:colcon.colcon_core.shell:Skip shell extension 'powershell' for command environment: Not usable outside of PowerShell
[6.942s] DEBUG:colcon.colcon_core.shell:Skip shell extension 'dsv' for command environment
[9.179s] DEBUG:colcon.colcon_core.event_handler.log_command:Invoking command in '/home/jetson/ANI717_Robotics/robot_ws/build/ros2_deep_learning_to_twist_message': PYTHONPATH=/home/jetson/ANI717_Robotics/robot_ws/install/ros2_deep_learning_to_twist_message/lib/python3.8/site-packages:${PYTHONPATH} /usr/bin/python3 setup.py develop --prefix /home/jetson/ANI717_Robotics/robot_ws/install/ros2_deep_learning_to_twist_message --editable --build-directory /home/jetson/ANI717_Robotics/robot_ws/build/ros2_deep_learning_to_twist_message/build --no-deps install_data --install-dir /home/jetson/ANI717_Robotics/robot_ws/install/ros2_deep_learning_to_twist_message
[9.214s] DEBUG:colcon.colcon_core.event_handler.log_command:Invoking command in '/home/jetson/ANI717_Robotics/robot_ws/build/ros2_csi_camera_publish': PYTHONPATH=/home/jetson/ANI717_Robotics/robot_ws/install/ros2_csi_camera_publish/lib/python3.8/site-packages:${PYTHONPATH} /usr/bin/python3 setup.py develop --prefix /home/jetson/ANI717_Robotics/robot_ws/install/ros2_csi_camera_publish --editable --build-directory /home/jetson/ANI717_Robotics/robot_ws/build/ros2_csi_camera_publish/build --no-deps install_data --install-dir /home/jetson/ANI717_Robotics/robot_ws/install/ros2_csi_camera_publish
[9.227s] DEBUG:colcon.colcon_core.event_handler.log_command:Invoking command in '/home/jetson/ANI717_Robotics/robot_ws/build/ros2_gamepad_to_twist_message': PYTHONPATH=/home/jetson/ANI717_Robotics/robot_ws/install/ros2_gamepad_to_twist_message/lib/python3.8/site-packages:${PYTHONPATH} /usr/bin/python3 setup.py develop --prefix /home/jetson/ANI717_Robotics/robot_ws/install/ros2_gamepad_to_twist_message --editable --build-directory /home/jetson/ANI717_Robotics/robot_ws/build/ros2_gamepad_to_twist_message/build --no-deps install_data --install-dir /home/jetson/ANI717_Robotics/robot_ws/install/ros2_gamepad_to_twist_message
[9.270s] DEBUG:colcon.colcon_core.event_handler.log_command:Invoking command in '/home/jetson/ANI717_Robotics/robot_ws/build/ros2_save_camera_image': PYTHONPATH=/home/jetson/ANI717_Robotics/robot_ws/install/ros2_save_camera_image/lib/python3.8/site-packages:${PYTHONPATH} /usr/bin/python3 setup.py develop --prefix /home/jetson/ANI717_Robotics/robot_ws/install/ros2_save_camera_image --editable --build-directory /home/jetson/ANI717_Robotics/robot_ws/build/ros2_save_camera_image/build --no-deps install_data --install-dir /home/jetson/ANI717_Robotics/robot_ws/install/ros2_save_camera_image
[11.852s] Level 1:colcon.colcon_core.shell:create_environment_hook('ros2_deep_learning_to_twist_message', 'pythonpath_develop')
[11.856s] INFO:colcon.colcon_core.shell:Creating environment hook '/home/jetson/ANI717_Robotics/robot_ws/build/ros2_deep_learning_to_twist_message/share/ros2_deep_learning_to_twist_message/hook/pythonpath_develop.ps1'
[11.858s] DEBUG:colcon.colcon_core.event_handler.log_command:Invoked command in '/home/jetson/ANI717_Robotics/robot_ws/build/ros2_deep_learning_to_twist_message' returned '0': PYTHONPATH=/home/jetson/ANI717_Robotics/robot_ws/install/ros2_deep_learning_to_twist_message/lib/python3.8/site-packages:${PYTHONPATH} /usr/bin/python3 setup.py develop --prefix /home/jetson/ANI717_Robotics/robot_ws/install/ros2_deep_learning_to_twist_message --editable --build-directory /home/jetson/ANI717_Robotics/robot_ws/build/ros2_deep_learning_to_twist_message/build --no-deps install_data --install-dir /home/jetson/ANI717_Robotics/robot_ws/install/ros2_deep_learning_to_twist_message
[11.864s] INFO:colcon.colcon_core.shell:Creating environment descriptor '/home/jetson/ANI717_Robotics/robot_ws/build/ros2_deep_learning_to_twist_message/share/ros2_deep_learning_to_twist_message/hook/pythonpath_develop.dsv'
[11.878s] INFO:colcon.colcon_core.shell:Creating environment hook '/home/jetson/ANI717_Robotics/robot_ws/build/ros2_deep_learning_to_twist_message/share/ros2_deep_learning_to_twist_message/hook/pythonpath_develop.sh'
[11.913s] Level 1:colcon.colcon_core.environment:checking '/home/jetson/ANI717_Robotics/robot_ws/install/ros2_deep_learning_to_twist_message' for CMake module files
[11.916s] Level 1:colcon.colcon_core.environment:checking '/home/jetson/ANI717_Robotics/robot_ws/install/ros2_deep_learning_to_twist_message' for CMake config files
[11.921s] Level 1:colcon.colcon_core.environment:checking '/home/jetson/ANI717_Robotics/robot_ws/install/ros2_deep_learning_to_twist_message/lib'
[11.922s] Level 1:colcon.colcon_core.environment:checking '/home/jetson/ANI717_Robotics/robot_ws/install/ros2_deep_learning_to_twist_message/bin'
[11.923s] Level 1:colcon.colcon_core.environment:checking '/home/jetson/ANI717_Robotics/robot_ws/install/ros2_deep_learning_to_twist_message/lib/pkgconfig/ros2_deep_learning_to_twist_message.pc'
[11.924s] Level 1:colcon.colcon_core.environment:checking '/home/jetson/ANI717_Robotics/robot_ws/install/ros2_deep_learning_to_twist_message/lib/python3.8/site-packages'
[11.925s] Level 1:colcon.colcon_core.shell:create_environment_hook('ros2_deep_learning_to_twist_message', 'pythonpath')
[11.929s] INFO:colcon.colcon_core.shell:Creating environment hook '/home/jetson/ANI717_Robotics/robot_ws/install/ros2_deep_learning_to_twist_message/share/ros2_deep_learning_to_twist_message/hook/pythonpath.ps1'
[11.931s] INFO:colcon.colcon_core.shell:Creating environment descriptor '/home/jetson/ANI717_Robotics/robot_ws/install/ros2_deep_learning_to_twist_message/share/ros2_deep_learning_to_twist_message/hook/pythonpath.dsv'
[11.934s] INFO:colcon.colcon_core.shell:Creating environment hook '/home/jetson/ANI717_Robotics/robot_ws/install/ros2_deep_learning_to_twist_message/share/ros2_deep_learning_to_twist_message/hook/pythonpath.sh'
[11.937s] Level 1:colcon.colcon_core.environment:checking '/home/jetson/ANI717_Robotics/robot_ws/install/ros2_deep_learning_to_twist_message/bin'
[11.938s] Level 1:colcon.colcon_core.environment:create_environment_scripts_only(ros2_deep_learning_to_twist_message)
[11.942s] INFO:colcon.colcon_core.shell:Creating package script '/home/jetson/ANI717_Robotics/robot_ws/install/ros2_deep_learning_to_twist_message/share/ros2_deep_learning_to_twist_message/package.ps1'
[11.948s] INFO:colcon.colcon_core.shell:Creating package descriptor '/home/jetson/ANI717_Robotics/robot_ws/install/ros2_deep_learning_to_twist_message/share/ros2_deep_learning_to_twist_message/package.dsv'
[11.952s] INFO:colcon.colcon_core.shell:Creating package script '/home/jetson/ANI717_Robotics/robot_ws/install/ros2_deep_learning_to_twist_message/share/ros2_deep_learning_to_twist_message/package.sh'
[11.957s] INFO:colcon.colcon_core.shell:Creating package script '/home/jetson/ANI717_Robotics/robot_ws/install/ros2_deep_learning_to_twist_message/share/ros2_deep_learning_to_twist_message/package.bash'
[11.962s] INFO:colcon.colcon_core.shell:Creating package script '/home/jetson/ANI717_Robotics/robot_ws/install/ros2_deep_learning_to_twist_message/share/ros2_deep_learning_to_twist_message/package.zsh'
[11.966s] Level 1:colcon.colcon_core.environment:create_file_with_runtime_dependencies(/home/jetson/ANI717_Robotics/robot_ws/install/ros2_deep_learning_to_twist_message/share/colcon-core/packages/ros2_deep_learning_to_twist_message)
[11.972s] INFO:colcon.colcon_ros.task.ament_python.build:Building ROS package in '/home/jetson/ANI717_Robotics/robot_ws/src/ros2_twist_message_to_robot_motion' with build type 'ament_python'
[11.974s] Level 1:colcon.colcon_core.shell:create_environment_hook('ros2_twist_message_to_robot_motion', 'ament_prefix_path')
[11.978s] INFO:colcon.colcon_core.shell:Creating environment hook '/home/jetson/ANI717_Robotics/robot_ws/install/ros2_twist_message_to_robot_motion/share/ros2_twist_message_to_robot_motion/hook/ament_prefix_path.ps1'
[11.980s] INFO:colcon.colcon_core.shell:Creating environment descriptor '/home/jetson/ANI717_Robotics/robot_ws/install/ros2_twist_message_to_robot_motion/share/ros2_twist_message_to_robot_motion/hook/ament_prefix_path.dsv'
[11.983s] INFO:colcon.colcon_core.shell:Creating environment hook '/home/jetson/ANI717_Robotics/robot_ws/install/ros2_twist_message_to_robot_motion/share/ros2_twist_message_to_robot_motion/hook/ament_prefix_path.sh'
[11.988s] INFO:colcon.colcon_core.shell:Skip shell extension 'powershell' for command environment: Not usable outside of PowerShell
[11.989s] DEBUG:colcon.colcon_core.shell:Skip shell extension 'dsv' for command environment
[12.044s] Level 1:colcon.colcon_core.shell:create_environment_hook('ros2_gamepad_to_twist_message', 'pythonpath_develop')
[12.048s] INFO:colcon.colcon_core.shell:Creating environment hook '/home/jetson/ANI717_Robotics/robot_ws/build/ros2_gamepad_to_twist_message/share/ros2_gamepad_to_twist_message/hook/pythonpath_develop.ps1'
[12.050s] DEBUG:colcon.colcon_core.event_handler.log_command:Invoked command in '/home/jetson/ANI717_Robotics/robot_ws/build/ros2_gamepad_to_twist_message' returned '0': PYTHONPATH=/home/jetson/ANI717_Robotics/robot_ws/install/ros2_gamepad_to_twist_message/lib/python3.8/site-packages:${PYTHONPATH} /usr/bin/python3 setup.py develop --prefix /home/jetson/ANI717_Robotics/robot_ws/install/ros2_gamepad_to_twist_message --editable --build-directory /home/jetson/ANI717_Robotics/robot_ws/build/ros2_gamepad_to_twist_message/build --no-deps install_data --install-dir /home/jetson/ANI717_Robotics/robot_ws/install/ros2_gamepad_to_twist_message
[12.052s] INFO:colcon.colcon_core.shell:Creating environment descriptor '/home/jetson/ANI717_Robotics/robot_ws/build/ros2_gamepad_to_twist_message/share/ros2_gamepad_to_twist_message/hook/pythonpath_develop.dsv'
[12.053s] INFO:colcon.colcon_core.shell:Creating environment hook '/home/jetson/ANI717_Robotics/robot_ws/build/ros2_gamepad_to_twist_message/share/ros2_gamepad_to_twist_message/hook/pythonpath_develop.sh'
[12.059s] Level 1:colcon.colcon_core.environment:checking '/home/jetson/ANI717_Robotics/robot_ws/install/ros2_gamepad_to_twist_message' for CMake module files
[12.062s] Level 1:colcon.colcon_core.environment:checking '/home/jetson/ANI717_Robotics/robot_ws/install/ros2_gamepad_to_twist_message' for CMake config files
[12.064s] Level 1:colcon.colcon_core.environment:checking '/home/jetson/ANI717_Robotics/robot_ws/install/ros2_gamepad_to_twist_message/lib'
[12.064s] Level 1:colcon.colcon_core.environment:checking '/home/jetson/ANI717_Robotics/robot_ws/install/ros2_gamepad_to_twist_message/bin'
[12.065s] Level 1:colcon.colcon_core.environment:checking '/home/jetson/ANI717_Robotics/robot_ws/install/ros2_gamepad_to_twist_message/lib/pkgconfig/ros2_gamepad_to_twist_message.pc'
[12.066s] Level 1:colcon.colcon_core.environment:checking '/home/jetson/ANI717_Robotics/robot_ws/install/ros2_gamepad_to_twist_message/lib/python3.8/site-packages'
[12.066s] Level 1:colcon.colcon_core.shell:create_environment_hook('ros2_gamepad_to_twist_message', 'pythonpath')
[12.069s] INFO:colcon.colcon_core.shell:Creating environment hook '/home/jetson/ANI717_Robotics/robot_ws/install/ros2_gamepad_to_twist_message/share/ros2_gamepad_to_twist_message/hook/pythonpath.ps1'
[12.070s] INFO:colcon.colcon_core.shell:Creating environment descriptor '/home/jetson/ANI717_Robotics/robot_ws/install/ros2_gamepad_to_twist_message/share/ros2_gamepad_to_twist_message/hook/pythonpath.dsv'
[12.072s] INFO:colcon.colcon_core.shell:Creating environment hook '/home/jetson/ANI717_Robotics/robot_ws/install/ros2_gamepad_to_twist_message/share/ros2_gamepad_to_twist_message/hook/pythonpath.sh'
[12.074s] Level 1:colcon.colcon_core.environment:checking '/home/jetson/ANI717_Robotics/robot_ws/install/ros2_gamepad_to_twist_message/bin'
[12.074s] Level 1:colcon.colcon_core.environment:create_environment_scripts_only(ros2_gamepad_to_twist_message)
[12.077s] INFO:colcon.colcon_core.shell:Creating package script '/home/jetson/ANI717_Robotics/robot_ws/install/ros2_gamepad_to_twist_message/share/ros2_gamepad_to_twist_message/package.ps1'
[12.080s] INFO:colcon.colcon_core.shell:Creating package descriptor '/home/jetson/ANI717_Robotics/robot_ws/install/ros2_gamepad_to_twist_message/share/ros2_gamepad_to_twist_message/package.dsv'
[12.082s] INFO:colcon.colcon_core.shell:Creating package script '/home/jetson/ANI717_Robotics/robot_ws/install/ros2_gamepad_to_twist_message/share/ros2_gamepad_to_twist_message/package.sh'
[12.084s] INFO:colcon.colcon_core.shell:Creating package script '/home/jetson/ANI717_Robotics/robot_ws/install/ros2_gamepad_to_twist_message/share/ros2_gamepad_to_twist_message/package.bash'
[12.085s] INFO:colcon.colcon_core.shell:Creating package script '/home/jetson/ANI717_Robotics/robot_ws/install/ros2_gamepad_to_twist_message/share/ros2_gamepad_to_twist_message/package.zsh'
[12.086s] Level 1:colcon.colcon_core.environment:create_file_with_runtime_dependencies(/home/jetson/ANI717_Robotics/robot_ws/install/ros2_gamepad_to_twist_message/share/colcon-core/packages/ros2_gamepad_to_twist_message)
[12.090s] Level 1:colcon.colcon_core.shell:create_environment_hook('ros2_csi_camera_publish', 'pythonpath_develop')
[12.093s] INFO:colcon.colcon_core.shell:Creating environment hook '/home/jetson/ANI717_Robotics/robot_ws/build/ros2_csi_camera_publish/share/ros2_csi_camera_publish/hook/pythonpath_develop.ps1'
[12.105s] DEBUG:colcon.colcon_core.event_handler.log_command:Invoked command in '/home/jetson/ANI717_Robotics/robot_ws/build/ros2_csi_camera_publish' returned '0': PYTHONPATH=/home/jetson/ANI717_Robotics/robot_ws/install/ros2_csi_camera_publish/lib/python3.8/site-packages:${PYTHONPATH} /usr/bin/python3 setup.py develop --prefix /home/jetson/ANI717_Robotics/robot_ws/install/ros2_csi_camera_publish --editable --build-directory /home/jetson/ANI717_Robotics/robot_ws/build/ros2_csi_camera_publish/build --no-deps install_data --install-dir /home/jetson/ANI717_Robotics/robot_ws/install/ros2_csi_camera_publish
[12.105s] INFO:colcon.colcon_core.shell:Creating environment descriptor '/home/jetson/ANI717_Robotics/robot_ws/build/ros2_csi_camera_publish/share/ros2_csi_camera_publish/hook/pythonpath_develop.dsv'
[12.107s] INFO:colcon.colcon_core.shell:Creating environment hook '/home/jetson/ANI717_Robotics/robot_ws/build/ros2_csi_camera_publish/share/ros2_csi_camera_publish/hook/pythonpath_develop.sh'
[12.113s] Level 1:colcon.colcon_core.environment:checking '/home/jetson/ANI717_Robotics/robot_ws/install/ros2_csi_camera_publish' for CMake module files
[12.115s] Level 1:colcon.colcon_core.environment:checking '/home/jetson/ANI717_Robotics/robot_ws/install/ros2_csi_camera_publish' for CMake config files
[12.117s] Level 1:colcon.colcon_core.environment:checking '/home/jetson/ANI717_Robotics/robot_ws/install/ros2_csi_camera_publish/lib'
[12.118s] Level 1:colcon.colcon_core.environment:checking '/home/jetson/ANI717_Robotics/robot_ws/install/ros2_csi_camera_publish/bin'
[12.118s] Level 1:colcon.colcon_core.environment:checking '/home/jetson/ANI717_Robotics/robot_ws/install/ros2_csi_camera_publish/lib/pkgconfig/ros2_csi_camera_publish.pc'
[12.119s] Level 1:colcon.colcon_core.environment:checking '/home/jetson/ANI717_Robotics/robot_ws/install/ros2_csi_camera_publish/lib/python3.8/site-packages'
[12.119s] Level 1:colcon.colcon_core.shell:create_environment_hook('ros2_csi_camera_publish', 'pythonpath')
[12.122s] INFO:colcon.colcon_core.shell:Creating environment hook '/home/jetson/ANI717_Robotics/robot_ws/install/ros2_csi_camera_publish/share/ros2_csi_camera_publish/hook/pythonpath.ps1'
[12.124s] INFO:colcon.colcon_core.shell:Creating environment descriptor '/home/jetson/ANI717_Robotics/robot_ws/install/ros2_csi_camera_publish/share/ros2_csi_camera_publish/hook/pythonpath.dsv'
[12.125s] INFO:colcon.colcon_core.shell:Creating environment hook '/home/jetson/ANI717_Robotics/robot_ws/install/ros2_csi_camera_publish/share/ros2_csi_camera_publish/hook/pythonpath.sh'
[12.128s] Level 1:colcon.colcon_core.environment:checking '/home/jetson/ANI717_Robotics/robot_ws/install/ros2_csi_camera_publish/bin'
[12.128s] Level 1:colcon.colcon_core.environment:create_environment_scripts_only(ros2_csi_camera_publish)
[12.131s] INFO:colcon.colcon_core.shell:Creating package script '/home/jetson/ANI717_Robotics/robot_ws/install/ros2_csi_camera_publish/share/ros2_csi_camera_publish/package.ps1'
[12.134s] INFO:colcon.colcon_core.shell:Creating package descriptor '/home/jetson/ANI717_Robotics/robot_ws/install/ros2_csi_camera_publish/share/ros2_csi_camera_publish/package.dsv'
[12.136s] INFO:colcon.colcon_core.shell:Creating package script '/home/jetson/ANI717_Robotics/robot_ws/install/ros2_csi_camera_publish/share/ros2_csi_camera_publish/package.sh'
[12.138s] INFO:colcon.colcon_core.shell:Creating package script '/home/jetson/ANI717_Robotics/robot_ws/install/ros2_csi_camera_publish/share/ros2_csi_camera_publish/package.bash'
[12.140s] INFO:colcon.colcon_core.shell:Creating package script '/home/jetson/ANI717_Robotics/robot_ws/install/ros2_csi_camera_publish/share/ros2_csi_camera_publish/package.zsh'
[12.141s] Level 1:colcon.colcon_core.environment:create_file_with_runtime_dependencies(/home/jetson/ANI717_Robotics/robot_ws/install/ros2_csi_camera_publish/share/colcon-core/packages/ros2_csi_camera_publish)
[12.142s] Level 1:colcon.colcon_core.shell:create_environment_hook('ros2_save_camera_image', 'pythonpath_develop')
[12.145s] INFO:colcon.colcon_core.shell:Creating environment hook '/home/jetson/ANI717_Robotics/robot_ws/build/ros2_save_camera_image/share/ros2_save_camera_image/hook/pythonpath_develop.ps1'
[12.148s] INFO:colcon.colcon_core.shell:Creating environment descriptor '/home/jetson/ANI717_Robotics/robot_ws/build/ros2_save_camera_image/share/ros2_save_camera_image/hook/pythonpath_develop.dsv'
[12.150s] DEBUG:colcon.colcon_core.event_handler.log_command:Invoked command in '/home/jetson/ANI717_Robotics/robot_ws/build/ros2_save_camera_image' returned '0': PYTHONPATH=/home/jetson/ANI717_Robotics/robot_ws/install/ros2_save_camera_image/lib/python3.8/site-packages:${PYTHONPATH} /usr/bin/python3 setup.py develop --prefix /home/jetson/ANI717_Robotics/robot_ws/install/ros2_save_camera_image --editable --build-directory /home/jetson/ANI717_Robotics/robot_ws/build/ros2_save_camera_image/build --no-deps install_data --install-dir /home/jetson/ANI717_Robotics/robot_ws/install/ros2_save_camera_image
[12.152s] INFO:colcon.colcon_core.shell:Creating environment hook '/home/jetson/ANI717_Robotics/robot_ws/build/ros2_save_camera_image/share/ros2_save_camera_image/hook/pythonpath_develop.sh'
[12.159s] Level 1:colcon.colcon_core.environment:checking '/home/jetson/ANI717_Robotics/robot_ws/install/ros2_save_camera_image' for CMake module files
[12.161s] Level 1:colcon.colcon_core.environment:checking '/home/jetson/ANI717_Robotics/robot_ws/install/ros2_save_camera_image' for CMake config files
[12.163s] Level 1:colcon.colcon_core.environment:checking '/home/jetson/ANI717_Robotics/robot_ws/install/ros2_save_camera_image/lib'
[12.164s] Level 1:colcon.colcon_core.environment:checking '/home/jetson/ANI717_Robotics/robot_ws/install/ros2_save_camera_image/bin'
[12.164s] Level 1:colcon.colcon_core.environment:checking '/home/jetson/ANI717_Robotics/robot_ws/install/ros2_save_camera_image/lib/pkgconfig/ros2_save_camera_image.pc'
[12.165s] Level 1:colcon.colcon_core.environment:checking '/home/jetson/ANI717_Robotics/robot_ws/install/ros2_save_camera_image/lib/python3.8/site-packages'
[12.165s] Level 1:colcon.colcon_core.shell:create_environment_hook('ros2_save_camera_image', 'pythonpath')
[12.168s] INFO:colcon.colcon_core.shell:Creating environment hook '/home/jetson/ANI717_Robotics/robot_ws/install/ros2_save_camera_image/share/ros2_save_camera_image/hook/pythonpath.ps1'
[12.170s] INFO:colcon.colcon_core.shell:Creating environment descriptor '/home/jetson/ANI717_Robotics/robot_ws/install/ros2_save_camera_image/share/ros2_save_camera_image/hook/pythonpath.dsv'
[12.171s] INFO:colcon.colcon_core.shell:Creating environment hook '/home/jetson/ANI717_Robotics/robot_ws/install/ros2_save_camera_image/share/ros2_save_camera_image/hook/pythonpath.sh'
[12.174s] Level 1:colcon.colcon_core.environment:checking '/home/jetson/ANI717_Robotics/robot_ws/install/ros2_save_camera_image/bin'
[12.175s] Level 1:colcon.colcon_core.environment:create_environment_scripts_only(ros2_save_camera_image)
[12.178s] INFO:colcon.colcon_core.shell:Creating package script '/home/jetson/ANI717_Robotics/robot_ws/install/ros2_save_camera_image/share/ros2_save_camera_image/package.ps1'
[12.180s] INFO:colcon.colcon_core.shell:Creating package descriptor '/home/jetson/ANI717_Robotics/robot_ws/install/ros2_save_camera_image/share/ros2_save_camera_image/package.dsv'
[12.183s] INFO:colcon.colcon_core.shell:Creating package script '/home/jetson/ANI717_Robotics/robot_ws/install/ros2_save_camera_image/share/ros2_save_camera_image/package.sh'
[12.185s] INFO:colcon.colcon_core.shell:Creating package script '/home/jetson/ANI717_Robotics/robot_ws/install/ros2_save_camera_image/share/ros2_save_camera_image/package.bash'
[12.186s] INFO:colcon.colcon_core.shell:Creating package script '/home/jetson/ANI717_Robotics/robot_ws/install/ros2_save_camera_image/share/ros2_save_camera_image/package.zsh'
[12.188s] Level 1:colcon.colcon_core.environment:create_file_with_runtime_dependencies(/home/jetson/ANI717_Robotics/robot_ws/install/ros2_save_camera_image/share/colcon-core/packages/ros2_save_camera_image)
[13.556s] INFO:colcon.colcon_core.task.python.build:Building Python package in '/home/jetson/ANI717_Robotics/robot_ws/src/ros2_twist_message_to_robot_motion'
[13.560s] INFO:colcon.colcon_core.shell:Skip shell extension 'powershell' for command environment: Not usable outside of PowerShell
[13.561s] DEBUG:colcon.colcon_core.shell:Skip shell extension 'dsv' for command environment
[15.722s] DEBUG:colcon.colcon_core.event_handler.log_command:Invoking command in '/home/jetson/ANI717_Robotics/robot_ws/build/ros2_twist_message_to_robot_motion': PYTHONPATH=/home/jetson/ANI717_Robotics/robot_ws/install/ros2_twist_message_to_robot_motion/lib/python3.8/site-packages:${PYTHONPATH} /usr/bin/python3 setup.py develop --prefix /home/jetson/ANI717_Robotics/robot_ws/install/ros2_twist_message_to_robot_motion --editable --build-directory /home/jetson/ANI717_Robotics/robot_ws/build/ros2_twist_message_to_robot_motion/build --no-deps install_data --install-dir /home/jetson/ANI717_Robotics/robot_ws/install/ros2_twist_message_to_robot_motion
[18.010s] Level 1:colcon.colcon_core.shell:create_environment_hook('ros2_twist_message_to_robot_motion', 'pythonpath_develop')
[18.014s] INFO:colcon.colcon_core.shell:Creating environment hook '/home/jetson/ANI717_Robotics/robot_ws/build/ros2_twist_message_to_robot_motion/share/ros2_twist_message_to_robot_motion/hook/pythonpath_develop.ps1'
[18.016s] DEBUG:colcon.colcon_core.event_handler.log_command:Invoked command in '/home/jetson/ANI717_Robotics/robot_ws/build/ros2_twist_message_to_robot_motion' returned '0': PYTHONPATH=/home/jetson/ANI717_Robotics/robot_ws/install/ros2_twist_message_to_robot_motion/lib/python3.8/site-packages:${PYTHONPATH} /usr/bin/python3 setup.py develop --prefix /home/jetson/ANI717_Robotics/robot_ws/install/ros2_twist_message_to_robot_motion --editable --build-directory /home/jetson/ANI717_Robotics/robot_ws/build/ros2_twist_message_to_robot_motion/build --no-deps install_data --install-dir /home/jetson/ANI717_Robotics/robot_ws/install/ros2_twist_message_to_robot_motion
[18.018s] INFO:colcon.colcon_core.shell:Creating environment descriptor '/home/jetson/ANI717_Robotics/robot_ws/build/ros2_twist_message_to_robot_motion/share/ros2_twist_message_to_robot_motion/hook/pythonpath_develop.dsv'
[18.019s] INFO:colcon.colcon_core.shell:Creating environment hook '/home/jetson/ANI717_Robotics/robot_ws/build/ros2_twist_message_to_robot_motion/share/ros2_twist_message_to_robot_motion/hook/pythonpath_develop.sh'
[18.025s] Level 1:colcon.colcon_core.environment:checking '/home/jetson/ANI717_Robotics/robot_ws/install/ros2_twist_message_to_robot_motion' for CMake module files
[18.027s] Level 1:colcon.colcon_core.environment:checking '/home/jetson/ANI717_Robotics/robot_ws/install/ros2_twist_message_to_robot_motion' for CMake config files
[18.029s] Level 1:colcon.colcon_core.environment:checking '/home/jetson/ANI717_Robotics/robot_ws/install/ros2_twist_message_to_robot_motion/lib'
[18.030s] Level 1:colcon.colcon_core.environment:checking '/home/jetson/ANI717_Robotics/robot_ws/install/ros2_twist_message_to_robot_motion/bin'
[18.030s] Level 1:colcon.colcon_core.environment:checking '/home/jetson/ANI717_Robotics/robot_ws/install/ros2_twist_message_to_robot_motion/lib/pkgconfig/ros2_twist_message_to_robot_motion.pc'
[18.031s] Level 1:colcon.colcon_core.environment:checking '/home/jetson/ANI717_Robotics/robot_ws/install/ros2_twist_message_to_robot_motion/lib/python3.8/site-packages'
[18.031s] Level 1:colcon.colcon_core.shell:create_environment_hook('ros2_twist_message_to_robot_motion', 'pythonpath')
[18.033s] INFO:colcon.colcon_core.shell:Creating environment hook '/home/jetson/ANI717_Robotics/robot_ws/install/ros2_twist_message_to_robot_motion/share/ros2_twist_message_to_robot_motion/hook/pythonpath.ps1'
[18.035s] INFO:colcon.colcon_core.shell:Creating environment descriptor '/home/jetson/ANI717_Robotics/robot_ws/install/ros2_twist_message_to_robot_motion/share/ros2_twist_message_to_robot_motion/hook/pythonpath.dsv'
[18.036s] INFO:colcon.colcon_core.shell:Creating environment hook '/home/jetson/ANI717_Robotics/robot_ws/install/ros2_twist_message_to_robot_motion/share/ros2_twist_message_to_robot_motion/hook/pythonpath.sh'
[18.038s] Level 1:colcon.colcon_core.environment:checking '/home/jetson/ANI717_Robotics/robot_ws/install/ros2_twist_message_to_robot_motion/bin'
[18.038s] Level 1:colcon.colcon_core.environment:create_environment_scripts_only(ros2_twist_message_to_robot_motion)
[18.041s] INFO:colcon.colcon_core.shell:Creating package script '/home/jetson/ANI717_Robotics/robot_ws/install/ros2_twist_message_to_robot_motion/share/ros2_twist_message_to_robot_motion/package.ps1'
[18.044s] INFO:colcon.colcon_core.shell:Creating package descriptor '/home/jetson/ANI717_Robotics/robot_ws/install/ros2_twist_message_to_robot_motion/share/ros2_twist_message_to_robot_motion/package.dsv'
[18.045s] INFO:colcon.colcon_core.shell:Creating package script '/home/jetson/ANI717_Robotics/robot_ws/install/ros2_twist_message_to_robot_motion/share/ros2_twist_message_to_robot_motion/package.sh'
[18.047s] INFO:colcon.colcon_core.shell:Creating package script '/home/jetson/ANI717_Robotics/robot_ws/install/ros2_twist_message_to_robot_motion/share/ros2_twist_message_to_robot_motion/package.bash'
[18.048s] INFO:colcon.colcon_core.shell:Creating package script '/home/jetson/ANI717_Robotics/robot_ws/install/ros2_twist_message_to_robot_motion/share/ros2_twist_message_to_robot_motion/package.zsh'
[18.049s] Level 1:colcon.colcon_core.environment:create_file_with_runtime_dependencies(/home/jetson/ANI717_Robotics/robot_ws/install/ros2_twist_message_to_robot_motion/share/colcon-core/packages/ros2_twist_message_to_robot_motion)
[18.051s] INFO:colcon.colcon_ros.task.ament_python.build:Building ROS package in '/home/jetson/ANI717_Robotics/robot_ws/src/robot_app' with build type 'ament_python'
[18.051s] Level 1:colcon.colcon_core.shell:create_environment_hook('robot_app', 'ament_prefix_path')
[18.054s] INFO:colcon.colcon_core.shell:Creating environment hook '/home/jetson/ANI717_Robotics/robot_ws/install/robot_app/share/robot_app/hook/ament_prefix_path.ps1'
[18.056s] INFO:colcon.colcon_core.shell:Creating environment descriptor '/home/jetson/ANI717_Robotics/robot_ws/install/robot_app/share/robot_app/hook/ament_prefix_path.dsv'
[18.058s] INFO:colcon.colcon_core.shell:Creating environment hook '/home/jetson/ANI717_Robotics/robot_ws/install/robot_app/share/robot_app/hook/ament_prefix_path.sh'
[18.062s] INFO:colcon.colcon_core.shell:Skip shell extension 'powershell' for command environment: Not usable outside of PowerShell
[18.063s] DEBUG:colcon.colcon_core.shell:Skip shell extension 'dsv' for command environment
[19.361s] INFO:colcon.colcon_core.task.python.build:Building Python package in '/home/jetson/ANI717_Robotics/robot_ws/src/robot_app'
[19.365s] INFO:colcon.colcon_core.shell:Skip shell extension 'powershell' for command environment: Not usable outside of PowerShell
[19.365s] DEBUG:colcon.colcon_core.shell:Skip shell extension 'dsv' for command environment
[21.290s] DEBUG:colcon.colcon_core.event_handler.log_command:Invoking command in '/home/jetson/ANI717_Robotics/robot_ws/build/robot_app': AMENT_PREFIX_PATH=/home/jetson/ANI717_Robotics/robot_ws/install/ros2_twist_message_to_robot_motion:/home/jetson/ANI717_Robotics/robot_ws/install/ros2_save_camera_image:/home/jetson/ANI717_Robotics/robot_ws/install/ros2_gamepad_to_twist_message:/home/jetson/ANI717_Robotics/robot_ws/install/ros2_deep_learning_to_twist_message:/home/jetson/ANI717_Robotics/robot_ws/install/ros2_csi_camera_publish:/home/jetson/ANI717_Robotics/robot_ws/install/robot_app:/home/jetson/ros2_foxy/ros2-linux PYTHONPATH=/home/jetson/ANI717_Robotics/robot_ws/install/robot_app/lib/python3.8/site-packages:/home/jetson/ANI717_Robotics/robot_ws/build/ros2_twist_message_to_robot_motion:/home/jetson/ANI717_Robotics/robot_ws/install/ros2_twist_message_to_robot_motion/lib/python3.8/site-packages:/home/jetson/ANI717_Robotics/robot_ws/build/ros2_save_camera_image:/home/jetson/ANI717_Robotics/robot_ws/install/ros2_save_camera_image/lib/python3.8/site-packages:/home/jetson/ANI717_Robotics/robot_ws/build/ros2_gamepad_to_twist_message:/home/jetson/ANI717_Robotics/robot_ws/install/ros2_gamepad_to_twist_message/lib/python3.8/site-packages:/home/jetson/ANI717_Robotics/robot_ws/build/ros2_deep_learning_to_twist_message:/home/jetson/ANI717_Robotics/robot_ws/install/ros2_deep_learning_to_twist_message/lib/python3.8/site-packages:/home/jetson/ANI717_Robotics/robot_ws/build/ros2_csi_camera_publish:/home/jetson/ANI717_Robotics/robot_ws/install/ros2_csi_camera_publish/lib/python3.8/site-packages:/home/jetson/ANI717_Robotics/robot_ws/build/robot_app:/home/jetson/ANI717_Robotics/robot_ws/install/robot_app/lib/python3.8/site-packages:/home/jetson/ros2_foxy/ros2-linux/lib/python3.8/site-packages /usr/bin/python3 setup.py develop --prefix /home/jetson/ANI717_Robotics/robot_ws/install/robot_app --editable --build-directory /home/jetson/ANI717_Robotics/robot_ws/build/robot_app/build --no-deps install_data --install-dir /home/jetson/ANI717_Robotics/robot_ws/install/robot_app
[23.555s] Level 1:colcon.colcon_core.shell:create_environment_hook('robot_app', 'pythonpath_develop')
[23.559s] INFO:colcon.colcon_core.shell:Creating environment hook '/home/jetson/ANI717_Robotics/robot_ws/build/robot_app/share/robot_app/hook/pythonpath_develop.ps1'
[23.562s] DEBUG:colcon.colcon_core.event_handler.log_command:Invoked command in '/home/jetson/ANI717_Robotics/robot_ws/build/robot_app' returned '0': AMENT_PREFIX_PATH=/home/jetson/ANI717_Robotics/robot_ws/install/ros2_twist_message_to_robot_motion:/home/jetson/ANI717_Robotics/robot_ws/install/ros2_save_camera_image:/home/jetson/ANI717_Robotics/robot_ws/install/ros2_gamepad_to_twist_message:/home/jetson/ANI717_Robotics/robot_ws/install/ros2_deep_learning_to_twist_message:/home/jetson/ANI717_Robotics/robot_ws/install/ros2_csi_camera_publish:/home/jetson/ANI717_Robotics/robot_ws/install/robot_app:/home/jetson/ros2_foxy/ros2-linux PYTHONPATH=/home/jetson/ANI717_Robotics/robot_ws/install/robot_app/lib/python3.8/site-packages:/home/jetson/ANI717_Robotics/robot_ws/build/ros2_twist_message_to_robot_motion:/home/jetson/ANI717_Robotics/robot_ws/install/ros2_twist_message_to_robot_motion/lib/python3.8/site-packages:/home/jetson/ANI717_Robotics/robot_ws/build/ros2_save_camera_image:/home/jetson/ANI717_Robotics/robot_ws/install/ros2_save_camera_image/lib/python3.8/site-packages:/home/jetson/ANI717_Robotics/robot_ws/build/ros2_gamepad_to_twist_message:/home/jetson/ANI717_Robotics/robot_ws/install/ros2_gamepad_to_twist_message/lib/python3.8/site-packages:/home/jetson/ANI717_Robotics/robot_ws/build/ros2_deep_learning_to_twist_message:/home/jetson/ANI717_Robotics/robot_ws/install/ros2_deep_learning_to_twist_message/lib/python3.8/site-packages:/home/jetson/ANI717_Robotics/robot_ws/build/ros2_csi_camera_publish:/home/jetson/ANI717_Robotics/robot_ws/install/ros2_csi_camera_publish/lib/python3.8/site-packages:/home/jetson/ANI717_Robotics/robot_ws/build/robot_app:/home/jetson/ANI717_Robotics/robot_ws/install/robot_app/lib/python3.8/site-packages:/home/jetson/ros2_foxy/ros2-linux/lib/python3.8/site-packages /usr/bin/python3 setup.py develop --prefix /home/jetson/ANI717_Robotics/robot_ws/install/robot_app --editable --build-directory /home/jetson/ANI717_Robotics/robot_ws/build/robot_app/build --no-deps install_data --install-dir /home/jetson/ANI717_Robotics/robot_ws/install/robot_app
[23.562s] INFO:colcon.colcon_core.shell:Creating environment descriptor '/home/jetson/ANI717_Robotics/robot_ws/build/robot_app/share/robot_app/hook/pythonpath_develop.dsv'
[23.564s] INFO:colcon.colcon_core.shell:Creating environment hook '/home/jetson/ANI717_Robotics/robot_ws/build/robot_app/share/robot_app/hook/pythonpath_develop.sh'
[23.569s] Level 1:colcon.colcon_core.environment:checking '/home/jetson/ANI717_Robotics/robot_ws/install/robot_app' for CMake module files
[23.571s] Level 1:colcon.colcon_core.environment:checking '/home/jetson/ANI717_Robotics/robot_ws/install/robot_app' for CMake config files
[23.573s] Level 1:colcon.colcon_core.environment:checking '/home/jetson/ANI717_Robotics/robot_ws/install/robot_app/lib'
[23.574s] Level 1:colcon.colcon_core.environment:checking '/home/jetson/ANI717_Robotics/robot_ws/install/robot_app/bin'
[23.574s] Level 1:colcon.colcon_core.environment:checking '/home/jetson/ANI717_Robotics/robot_ws/install/robot_app/lib/pkgconfig/robot_app.pc'
[23.575s] Level 1:colcon.colcon_core.environment:checking '/home/jetson/ANI717_Robotics/robot_ws/install/robot_app/lib/python3.8/site-packages'
[23.575s] Level 1:colcon.colcon_core.shell:create_environment_hook('robot_app', 'pythonpath')
[23.578s] INFO:colcon.colcon_core.shell:Creating environment hook '/home/jetson/ANI717_Robotics/robot_ws/install/robot_app/share/robot_app/hook/pythonpath.ps1'
[23.579s] INFO:colcon.colcon_core.shell:Creating environment descriptor '/home/jetson/ANI717_Robotics/robot_ws/install/robot_app/share/robot_app/hook/pythonpath.dsv'
[23.580s] INFO:colcon.colcon_core.shell:Creating environment hook '/home/jetson/ANI717_Robotics/robot_ws/install/robot_app/share/robot_app/hook/pythonpath.sh'
[23.582s] Level 1:colcon.colcon_core.environment:checking '/home/jetson/ANI717_Robotics/robot_ws/install/robot_app/bin'
[23.582s] Level 1:colcon.colcon_core.environment:create_environment_scripts_only(robot_app)
[23.586s] INFO:colcon.colcon_core.shell:Creating package script '/home/jetson/ANI717_Robotics/robot_ws/install/robot_app/share/robot_app/package.ps1'
[23.588s] INFO:colcon.colcon_core.shell:Creating package descriptor '/home/jetson/ANI717_Robotics/robot_ws/install/robot_app/share/robot_app/package.dsv'
[23.590s] INFO:colcon.colcon_core.shell:Creating package script '/home/jetson/ANI717_Robotics/robot_ws/install/robot_app/share/robot_app/package.sh'
[23.592s] INFO:colcon.colcon_core.shell:Creating package script '/home/jetson/ANI717_Robotics/robot_ws/install/robot_app/share/robot_app/package.bash'
[23.593s] INFO:colcon.colcon_core.shell:Creating package script '/home/jetson/ANI717_Robotics/robot_ws/install/robot_app/share/robot_app/package.zsh'
[23.594s] Level 1:colcon.colcon_core.environment:create_file_with_runtime_dependencies(/home/jetson/ANI717_Robotics/robot_ws/install/robot_app/share/colcon-core/packages/robot_app)
[23.595s] DEBUG:colcon.colcon_parallel_executor.executor.parallel:closing loop
[23.596s] DEBUG:colcon.colcon_parallel_executor.executor.parallel:loop closed
[23.596s] DEBUG:colcon.colcon_parallel_executor.executor.parallel:run_until_complete finished with '0'
[23.597s] DEBUG:colcon.colcon_core.event_reactor:joining thread
[23.622s] INFO:colcon.colcon_core.plugin_system:Skipping extension 'colcon_notification.desktop_notification.terminal_notifier': Not used on non-Darwin systems
[23.623s] INFO:colcon.colcon_core.plugin_system:Skipping extension 'colcon_notification.desktop_notification.win32': Not used on non-Windows systems
[23.623s] INFO:colcon.colcon_notification.desktop_notification:Sending desktop notification using 'notify2'
[23.643s] DEBUG:colcon.colcon_core.event_reactor:joined thread
[23.646s] INFO:colcon.colcon_core.shell:Creating prefix script '/home/jetson/ANI717_Robotics/robot_ws/install/local_setup.ps1'
[23.650s] INFO:colcon.colcon_core.shell:Creating prefix util module '/home/jetson/ANI717_Robotics/robot_ws/install/_local_setup_util_ps1.py'
[23.656s] INFO:colcon.colcon_core.shell:Creating prefix chain script '/home/jetson/ANI717_Robotics/robot_ws/install/setup.ps1'
[23.662s] INFO:colcon.colcon_core.shell:Creating prefix script '/home/jetson/ANI717_Robotics/robot_ws/install/local_setup.sh'
[23.665s] INFO:colcon.colcon_core.shell:Creating prefix util module '/home/jetson/ANI717_Robotics/robot_ws/install/_local_setup_util_sh.py'
[23.667s] INFO:colcon.colcon_core.shell:Creating prefix chain script '/home/jetson/ANI717_Robotics/robot_ws/install/setup.sh'
[23.673s] INFO:colcon.colcon_core.shell:Creating prefix script '/home/jetson/ANI717_Robotics/robot_ws/install/local_setup.bash'
[23.675s] INFO:colcon.colcon_core.shell:Creating prefix chain script '/home/jetson/ANI717_Robotics/robot_ws/install/setup.bash'
[23.681s] INFO:colcon.colcon_core.shell:Creating prefix script '/home/jetson/ANI717_Robotics/robot_ws/install/local_setup.zsh'
[23.683s] INFO:colcon.colcon_core.shell:Creating prefix chain script '/home/jetson/ANI717_Robotics/robot_ws/install/setup.zsh'
